Calling target program-options parser
[13:05:56.597] [bmv2] [D] [thread 3683] Set default default entry for table 'match_ingress_nat_ip': NoAction - 
[13:05:56.597] [bmv2] [D] [thread 3683] Set default default entry for table 'tbl_act_2': act_2 - 
[13:05:56.598] [bmv2] [D] [thread 3683] Set default default entry for table 'tbl_act_3': act_3 - 
[13:05:56.598] [bmv2] [D] [thread 3683] Set default default entry for table 'tbl__drop': _drop - 
[13:05:56.598] [bmv2] [D] [thread 3683] Set default default entry for table 'match_sender': NoAction - 
[13:05:56.599] [bmv2] [D] [thread 3683] Set default default entry for table '_check_if_from_host_ingress': _drop - 
[13:05:56.599] [bmv2] [D] [thread 3683] Set default default entry for table 'tbl_act_4': act_4 - 
[13:05:56.600] [bmv2] [D] [thread 3683] Set default default entry for table 'tbl_act_5': act_5 - 
[13:05:56.600] [bmv2] [D] [thread 3683] Set default default entry for table 'match_egress_nat_ip_method2': NoAction - 
[13:05:56.600] [bmv2] [D] [thread 3683] Set default default entry for table 'tbl_act_6': act_6 - 
[13:05:56.600] [bmv2] [D] [thread 3683] Set default default entry for table 'tbl_act_7': act_7 - 
[13:05:56.601] [bmv2] [D] [thread 3683] Set default default entry for table 'AddNATEntryTable': MyIngress._DIGEST_AddNewNATEntry - 
[13:05:56.601] [bmv2] [D] [thread 3683] Set default default entry for table 'TableMethod2Hit': MyIngress._DIGEST_Method2Hit - 
[13:05:56.601] [bmv2] [D] [thread 3683] Set default default entry for table 'send_info2controller': MyIngress._DIGEST_Ingress - 
[13:05:56.602] [bmv2] [D] [thread 3683] Set default default entry for table 'ipv4_lpm': NoAction - 
[13:05:56.602] [bmv2] [D] [thread 3683] Set default default entry for table 'forward': NoAction - 
[13:05:56.621] [bmv2] [D] [thread 3683] Set default default entry for table 'match_egress_nat_ip': NoAction - 
[13:05:56.622] [bmv2] [D] [thread 3683] Set default default entry for table 'tbl_act': act - 
[13:05:56.622] [bmv2] [D] [thread 3683] Set default default entry for table 'tbl_act_0': act_0 - 
[13:05:56.622] [bmv2] [D] [thread 3683] Set default default entry for table 'tbl_set_CandidatePortIndex': set_CandidatePortIndex - 
[13:05:56.623] [bmv2] [D] [thread 3683] Set default default entry for table 'CandidatePort': NoAction - 
[13:05:56.623] [bmv2] [D] [thread 3683] Set default default entry for table 'tbl_act_1': act_1 - 
[13:05:56.624] [bmv2] [D] [thread 3683] Set default default entry for table 'send_frame': NoAction - 
Adding interface nat1-eth1 as port 1
[13:05:56.626] [bmv2] [D] [thread 3683] Adding interface nat1-eth1 as port 1
Adding interface nat1-eth2 as port 2
[13:05:56.710] [bmv2] [D] [thread 3683] Adding interface nat1-eth2 as port 2
Adding interface nat1-eth3 as port 3
[13:05:56.761] [bmv2] [D] [thread 3683] Adding interface nat1-eth3 as port 3
Adding interface nat1-eth4 as port 4
[13:05:56.787] [bmv2] [D] [thread 3683] Adding interface nat1-eth4 as port 4
Adding interface nat1-eth5 as port 5
[13:05:56.822] [bmv2] [D] [thread 3683] Adding interface nat1-eth5 as port 5
I0722 13:05:56.857986251    3683 server_builder.cc:247]      Synchronous server. Num CQs: 1, Min pollers: 1, Max Pollers: 2147483647, CQ timeout (msec): 1000
Server listening on 0.0.0.0:50051
[13:05:56.862] [bmv2] [I] [thread 3683] Starting Thrift server on port 9090
[13:05:56.863] [bmv2] [I] [thread 3683] Thrift server was started
[13:05:56.864] [bmv2] [D] [thread 3698] [0.0] [cxt 0] Processing packet received on port 1
[13:05:56.864] [bmv2] [D] [thread 3698] [0.0] [cxt 0] Parser 'parser': start
[13:05:56.864] [bmv2] [D] [thread 3698] [0.0] [cxt 0] Parser 'parser' entering state 'start'
[13:05:56.864] [bmv2] [D] [thread 3698] [0.0] [cxt 0] Parser state 'start' has no switch, going to default next state
[13:05:56.864] [bmv2] [T] [thread 3698] [0.0] [cxt 0] Bytes parsed: 0
[13:05:56.864] [bmv2] [D] [thread 3698] [0.0] [cxt 0] Parser 'parser' entering state 'parse_ethernet'
[13:05:56.864] [bmv2] [D] [thread 3698] [0.0] [cxt 0] Extracting header 'ethernet'
[13:05:56.864] [bmv2] [D] [thread 3698] [0.0] [cxt 0] Parser state 'parse_ethernet': key is 86dd
[13:05:56.864] [bmv2] [T] [thread 3698] [0.0] [cxt 0] Bytes parsed: 14
[13:05:56.864] [bmv2] [D] [thread 3698] [0.0] [cxt 0] Parser 'parser': end
[13:05:56.864] [bmv2] [D] [thread 3698] [0.0] [cxt 0] Pipeline 'ingress': start
[13:05:56.864] [bmv2] [T] [thread 3698] [0.0] [cxt 0] ../simple_router_16.p4(497) Condition "hdr.ipv4.isValid() && hdr.ipv4.ttl > 8w0" (node_2) is false
[13:05:56.864] [bmv2] [D] [thread 3698] [0.0] [cxt 0] Pipeline 'ingress': end
[13:05:56.864] [bmv2] [D] [thread 3698] [0.0] [cxt 0] Egress port is 0
[13:05:56.864] [bmv2] [D] [thread 3699] [0.0] [cxt 0] Pipeline 'egress': start
[13:05:56.864] [bmv2] [T] [thread 3699] [0.0] [cxt 0] ../simple_router_16.p4(298) Condition "hdr.udp.isValid()" (node_30) is false
[13:05:56.864] [bmv2] [T] [thread 3699] [0.0] [cxt 0] Applying table 'send_frame'
[13:05:56.864] [bmv2] [D] [thread 3699] [0.0] [cxt 0] Looking up key:
* standard_metadata.egress_port: 0000

[13:05:56.864] [bmv2] [D] [thread 3699] [0.0] [cxt 0] Table 'send_frame': miss
[13:05:56.864] [bmv2] [D] [thread 3699] [0.0] [cxt 0] Action entry is NoAction - 
[13:05:56.864] [bmv2] [T] [thread 3699] [0.0] [cxt 0] Action NoAction
[13:05:56.864] [bmv2] [D] [thread 3699] [0.0] [cxt 0] Pipeline 'egress': end
[13:05:56.864] [bmv2] [D] [thread 3699] [0.0] [cxt 0] Deparser 'deparser': start
[13:05:56.864] [bmv2] [T] [thread 3699] [0.0] [cxt 0] Skipping checksum 'cksum' update because condition not met
[13:05:56.864] [bmv2] [T] [thread 3699] [0.0] [cxt 0] Skipping checksum 'cksum_0' update because condition not met
[13:05:56.864] [bmv2] [T] [thread 3699] [0.0] [cxt 0] Skipping checksum 'cksum_1' update because condition not met
[13:05:56.864] [bmv2] [D] [thread 3699] [0.0] [cxt 0] Deparsing header 'ethernet'
[13:05:56.864] [bmv2] [D] [thread 3699] [0.0] [cxt 0] Deparser 'deparser': end
[13:05:56.864] [bmv2] [D] [thread 3703] [0.0] [cxt 0] Transmitting packet of size 78 out of port 0
[13:05:56.866] [bmv2] [D] [thread 3698] [1.0] [cxt 0] Processing packet received on port 2
[13:05:56.866] [bmv2] [D] [thread 3698] [1.0] [cxt 0] Parser 'parser': start
[13:05:56.866] [bmv2] [D] [thread 3698] [1.0] [cxt 0] Parser 'parser' entering state 'start'
[13:05:56.866] [bmv2] [D] [thread 3698] [1.0] [cxt 0] Parser state 'start' has no switch, going to default next state
[13:05:56.866] [bmv2] [T] [thread 3698] [1.0] [cxt 0] Bytes parsed: 0
[13:05:56.866] [bmv2] [D] [thread 3698] [1.0] [cxt 0] Parser 'parser' entering state 'parse_ethernet'
[13:05:56.866] [bmv2] [D] [thread 3698] [1.0] [cxt 0] Extracting header 'ethernet'
[13:05:56.866] [bmv2] [D] [thread 3698] [1.0] [cxt 0] Parser state 'parse_ethernet': key is 86dd
[13:05:56.866] [bmv2] [T] [thread 3698] [1.0] [cxt 0] Bytes parsed: 14
[13:05:56.866] [bmv2] [D] [thread 3698] [1.0] [cxt 0] Parser 'parser': end
[13:05:56.866] [bmv2] [D] [thread 3698] [1.0] [cxt 0] Pipeline 'ingress': start
[13:05:56.866] [bmv2] [T] [thread 3698] [1.0] [cxt 0] ../simple_router_16.p4(497) Condition "hdr.ipv4.isValid() && hdr.ipv4.ttl > 8w0" (node_2) is false
[13:05:56.866] [bmv2] [D] [thread 3698] [1.0] [cxt 0] Pipeline 'ingress': end
[13:05:56.866] [bmv2] [D] [thread 3698] [1.0] [cxt 0] Egress port is 0
[13:05:56.866] [bmv2] [D] [thread 3699] [1.0] [cxt 0] Pipeline 'egress': start
[13:05:56.866] [bmv2] [T] [thread 3699] [1.0] [cxt 0] ../simple_router_16.p4(298) Condition "hdr.udp.isValid()" (node_30) is false
[13:05:56.866] [bmv2] [T] [thread 3699] [1.0] [cxt 0] Applying table 'send_frame'
[13:05:56.866] [bmv2] [D] [thread 3699] [1.0] [cxt 0] Looking up key:
* standard_metadata.egress_port: 0000

[13:05:56.866] [bmv2] [D] [thread 3699] [1.0] [cxt 0] Table 'send_frame': miss
[13:05:56.866] [bmv2] [D] [thread 3699] [1.0] [cxt 0] Action entry is NoAction - 
[13:05:56.866] [bmv2] [T] [thread 3699] [1.0] [cxt 0] Action NoAction
[13:05:56.866] [bmv2] [D] [thread 3699] [1.0] [cxt 0] Pipeline 'egress': end
[13:05:56.866] [bmv2] [D] [thread 3699] [1.0] [cxt 0] Deparser 'deparser': start
[13:05:56.866] [bmv2] [T] [thread 3699] [1.0] [cxt 0] Skipping checksum 'cksum' update because condition not met
[13:05:56.866] [bmv2] [T] [thread 3699] [1.0] [cxt 0] Skipping checksum 'cksum_0' update because condition not met
[13:05:56.866] [bmv2] [T] [thread 3699] [1.0] [cxt 0] Skipping checksum 'cksum_1' update because condition not met
[13:05:56.866] [bmv2] [D] [thread 3699] [1.0] [cxt 0] Deparsing header 'ethernet'
[13:05:56.866] [bmv2] [D] [thread 3699] [1.0] [cxt 0] Deparser 'deparser': end
[13:05:56.866] [bmv2] [D] [thread 3703] [1.0] [cxt 0] Transmitting packet of size 78 out of port 0
[13:05:57.020] [bmv2] [D] [thread 3698] [2.0] [cxt 0] Processing packet received on port 5
[13:05:57.020] [bmv2] [D] [thread 3698] [2.0] [cxt 0] Parser 'parser': start
[13:05:57.020] [bmv2] [D] [thread 3698] [2.0] [cxt 0] Parser 'parser' entering state 'start'
[13:05:57.020] [bmv2] [D] [thread 3698] [2.0] [cxt 0] Parser state 'start' has no switch, going to default next state
[13:05:57.020] [bmv2] [T] [thread 3698] [2.0] [cxt 0] Bytes parsed: 0
[13:05:57.020] [bmv2] [D] [thread 3698] [2.0] [cxt 0] Parser 'parser' entering state 'parse_ethernet'
[13:05:57.020] [bmv2] [D] [thread 3698] [2.0] [cxt 0] Extracting header 'ethernet'
[13:05:57.020] [bmv2] [D] [thread 3698] [2.0] [cxt 0] Parser state 'parse_ethernet': key is 86dd
[13:05:57.020] [bmv2] [T] [thread 3698] [2.0] [cxt 0] Bytes parsed: 14
[13:05:57.020] [bmv2] [D] [thread 3698] [2.0] [cxt 0] Parser 'parser': end
[13:05:57.020] [bmv2] [D] [thread 3698] [2.0] [cxt 0] Pipeline 'ingress': start
[13:05:57.020] [bmv2] [T] [thread 3698] [2.0] [cxt 0] ../simple_router_16.p4(497) Condition "hdr.ipv4.isValid() && hdr.ipv4.ttl > 8w0" (node_2) is false
[13:05:57.020] [bmv2] [D] [thread 3698] [2.0] [cxt 0] Pipeline 'ingress': end
[13:05:57.020] [bmv2] [D] [thread 3698] [2.0] [cxt 0] Egress port is 0
[13:05:57.020] [bmv2] [D] [thread 3699] [2.0] [cxt 0] Pipeline 'egress': start
[13:05:57.020] [bmv2] [T] [thread 3699] [2.0] [cxt 0] ../simple_router_16.p4(298) Condition "hdr.udp.isValid()" (node_30) is false
[13:05:57.020] [bmv2] [T] [thread 3699] [2.0] [cxt 0] Applying table 'send_frame'
[13:05:57.020] [bmv2] [D] [thread 3699] [2.0] [cxt 0] Looking up key:
* standard_metadata.egress_port: 0000

[13:05:57.020] [bmv2] [D] [thread 3699] [2.0] [cxt 0] Table 'send_frame': miss
[13:05:57.020] [bmv2] [D] [thread 3699] [2.0] [cxt 0] Action entry is NoAction - 
[13:05:57.020] [bmv2] [T] [thread 3699] [2.0] [cxt 0] Action NoAction
[13:05:57.020] [bmv2] [D] [thread 3699] [2.0] [cxt 0] Pipeline 'egress': end
[13:05:57.020] [bmv2] [D] [thread 3699] [2.0] [cxt 0] Deparser 'deparser': start
[13:05:57.020] [bmv2] [T] [thread 3699] [2.0] [cxt 0] Skipping checksum 'cksum' update because condition not met
[13:05:57.020] [bmv2] [T] [thread 3699] [2.0] [cxt 0] Skipping checksum 'cksum_0' update because condition not met
[13:05:57.020] [bmv2] [T] [thread 3699] [2.0] [cxt 0] Skipping checksum 'cksum_1' update because condition not met
[13:05:57.020] [bmv2] [D] [thread 3699] [2.0] [cxt 0] Deparsing header 'ethernet'
[13:05:57.020] [bmv2] [D] [thread 3699] [2.0] [cxt 0] Deparser 'deparser': end
[13:05:57.020] [bmv2] [D] [thread 3703] [2.0] [cxt 0] Transmitting packet of size 90 out of port 0
[13:05:57.022] [bmv2] [D] [thread 3698] [3.0] [cxt 0] Processing packet received on port 3
[13:05:57.022] [bmv2] [D] [thread 3698] [3.0] [cxt 0] Parser 'parser': start
[13:05:57.022] [bmv2] [D] [thread 3698] [3.0] [cxt 0] Parser 'parser' entering state 'start'
[13:05:57.022] [bmv2] [D] [thread 3698] [3.0] [cxt 0] Parser state 'start' has no switch, going to default next state
[13:05:57.022] [bmv2] [T] [thread 3698] [3.0] [cxt 0] Bytes parsed: 0
[13:05:57.022] [bmv2] [D] [thread 3698] [3.0] [cxt 0] Parser 'parser' entering state 'parse_ethernet'
[13:05:57.022] [bmv2] [D] [thread 3698] [3.0] [cxt 0] Extracting header 'ethernet'
[13:05:57.022] [bmv2] [D] [thread 3698] [3.0] [cxt 0] Parser state 'parse_ethernet': key is 86dd
[13:05:57.022] [bmv2] [T] [thread 3698] [3.0] [cxt 0] Bytes parsed: 14
[13:05:57.022] [bmv2] [D] [thread 3698] [3.0] [cxt 0] Parser 'parser': end
[13:05:57.022] [bmv2] [D] [thread 3698] [3.0] [cxt 0] Pipeline 'ingress': start
[13:05:57.022] [bmv2] [T] [thread 3698] [3.0] [cxt 0] ../simple_router_16.p4(497) Condition "hdr.ipv4.isValid() && hdr.ipv4.ttl > 8w0" (node_2) is false
[13:05:57.022] [bmv2] [D] [thread 3698] [3.0] [cxt 0] Pipeline 'ingress': end
[13:05:57.022] [bmv2] [D] [thread 3698] [3.0] [cxt 0] Egress port is 0
[13:05:57.022] [bmv2] [D] [thread 3699] [3.0] [cxt 0] Pipeline 'egress': start
[13:05:57.022] [bmv2] [T] [thread 3699] [3.0] [cxt 0] ../simple_router_16.p4(298) Condition "hdr.udp.isValid()" (node_30) is false
[13:05:57.022] [bmv2] [T] [thread 3699] [3.0] [cxt 0] Applying table 'send_frame'
[13:05:57.022] [bmv2] [D] [thread 3699] [3.0] [cxt 0] Looking up key:
* standard_metadata.egress_port: 0000

[13:05:57.022] [bmv2] [D] [thread 3699] [3.0] [cxt 0] Table 'send_frame': miss
[13:05:57.022] [bmv2] [D] [thread 3699] [3.0] [cxt 0] Action entry is NoAction - 
[13:05:57.022] [bmv2] [T] [thread 3699] [3.0] [cxt 0] Action NoAction
[13:05:57.022] [bmv2] [D] [thread 3699] [3.0] [cxt 0] Pipeline 'egress': end
[13:05:57.022] [bmv2] [D] [thread 3699] [3.0] [cxt 0] Deparser 'deparser': start
[13:05:57.022] [bmv2] [T] [thread 3699] [3.0] [cxt 0] Skipping checksum 'cksum' update because condition not met
[13:05:57.022] [bmv2] [T] [thread 3699] [3.0] [cxt 0] Skipping checksum 'cksum_0' update because condition not met
[13:05:57.022] [bmv2] [T] [thread 3699] [3.0] [cxt 0] Skipping checksum 'cksum_1' update because condition not met
[13:05:57.022] [bmv2] [D] [thread 3699] [3.0] [cxt 0] Deparsing header 'ethernet'
[13:05:57.023] [bmv2] [D] [thread 3699] [3.0] [cxt 0] Deparser 'deparser': end
[13:05:57.023] [bmv2] [D] [thread 3703] [3.0] [cxt 0] Transmitting packet of size 78 out of port 0
[13:05:57.567] [bmv2] [D] [thread 3698] [4.0] [cxt 0] Processing packet received on port 5
[13:05:57.567] [bmv2] [D] [thread 3698] [4.0] [cxt 0] Parser 'parser': start
[13:05:57.567] [bmv2] [D] [thread 3698] [4.0] [cxt 0] Parser 'parser' entering state 'start'
[13:05:57.567] [bmv2] [D] [thread 3698] [4.0] [cxt 0] Parser state 'start' has no switch, going to default next state
[13:05:57.567] [bmv2] [T] [thread 3698] [4.0] [cxt 0] Bytes parsed: 0
[13:05:57.567] [bmv2] [D] [thread 3698] [4.0] [cxt 0] Parser 'parser' entering state 'parse_ethernet'
[13:05:57.567] [bmv2] [D] [thread 3698] [4.0] [cxt 0] Extracting header 'ethernet'
[13:05:57.567] [bmv2] [D] [thread 3698] [4.0] [cxt 0] Parser state 'parse_ethernet': key is 86dd
[13:05:57.567] [bmv2] [T] [thread 3698] [4.0] [cxt 0] Bytes parsed: 14
[13:05:57.567] [bmv2] [D] [thread 3698] [4.0] [cxt 0] Parser 'parser': end
[13:05:57.567] [bmv2] [D] [thread 3698] [4.0] [cxt 0] Pipeline 'ingress': start
[13:05:57.567] [bmv2] [T] [thread 3698] [4.0] [cxt 0] ../simple_router_16.p4(497) Condition "hdr.ipv4.isValid() && hdr.ipv4.ttl > 8w0" (node_2) is false
[13:05:57.567] [bmv2] [D] [thread 3698] [4.0] [cxt 0] Pipeline 'ingress': end
[13:05:57.568] [bmv2] [D] [thread 3698] [4.0] [cxt 0] Egress port is 0
[13:05:57.568] [bmv2] [D] [thread 3698] [5.0] [cxt 0] Processing packet received on port 5
[13:05:57.568] [bmv2] [D] [thread 3698] [5.0] [cxt 0] Parser 'parser': start
[13:05:57.568] [bmv2] [D] [thread 3698] [5.0] [cxt 0] Parser 'parser' entering state 'start'
[13:05:57.568] [bmv2] [D] [thread 3698] [5.0] [cxt 0] Parser state 'start' has no switch, going to default next state
[13:05:57.568] [bmv2] [T] [thread 3698] [5.0] [cxt 0] Bytes parsed: 0
[13:05:57.568] [bmv2] [D] [thread 3698] [5.0] [cxt 0] Parser 'parser' entering state 'parse_ethernet'
[13:05:57.568] [bmv2] [D] [thread 3698] [5.0] [cxt 0] Extracting header 'ethernet'
[13:05:57.568] [bmv2] [D] [thread 3698] [5.0] [cxt 0] Parser state 'parse_ethernet': key is 86dd
[13:05:57.568] [bmv2] [T] [thread 3698] [5.0] [cxt 0] Bytes parsed: 14
[13:05:57.568] [bmv2] [D] [thread 3698] [5.0] [cxt 0] Parser 'parser': end
[13:05:57.568] [bmv2] [D] [thread 3698] [5.0] [cxt 0] Pipeline 'ingress': start
[13:05:57.568] [bmv2] [T] [thread 3698] [5.0] [cxt 0] ../simple_router_16.p4(497) Condition "hdr.ipv4.isValid() && hdr.ipv4.ttl > 8w0" (node_2) is false
[13:05:57.568] [bmv2] [D] [thread 3698] [5.0] [cxt 0] Pipeline 'ingress': end
[13:05:57.568] [bmv2] [D] [thread 3698] [5.0] [cxt 0] Egress port is 0
[13:05:57.568] [bmv2] [D] [thread 3699] [4.0] [cxt 0] Pipeline 'egress': start
[13:05:57.568] [bmv2] [T] [thread 3699] [4.0] [cxt 0] ../simple_router_16.p4(298) Condition "hdr.udp.isValid()" (node_30) is false
[13:05:57.568] [bmv2] [T] [thread 3699] [4.0] [cxt 0] Applying table 'send_frame'
[13:05:57.568] [bmv2] [D] [thread 3699] [4.0] [cxt 0] Looking up key:
* standard_metadata.egress_port: 0000

[13:05:57.568] [bmv2] [D] [thread 3699] [4.0] [cxt 0] Table 'send_frame': miss
[13:05:57.568] [bmv2] [D] [thread 3699] [4.0] [cxt 0] Action entry is NoAction - 
[13:05:57.568] [bmv2] [T] [thread 3699] [4.0] [cxt 0] Action NoAction
[13:05:57.568] [bmv2] [D] [thread 3699] [4.0] [cxt 0] Pipeline 'egress': end
[13:05:57.568] [bmv2] [D] [thread 3699] [4.0] [cxt 0] Deparser 'deparser': start
[13:05:57.568] [bmv2] [T] [thread 3699] [4.0] [cxt 0] Skipping checksum 'cksum' update because condition not met
[13:05:57.568] [bmv2] [T] [thread 3699] [4.0] [cxt 0] Skipping checksum 'cksum_0' update because condition not met
[13:05:57.568] [bmv2] [T] [thread 3699] [4.0] [cxt 0] Skipping checksum 'cksum_1' update because condition not met
[13:05:57.568] [bmv2] [D] [thread 3699] [4.0] [cxt 0] Deparsing header 'ethernet'
[13:05:57.568] [bmv2] [D] [thread 3699] [4.0] [cxt 0] Deparser 'deparser': end
[13:05:57.568] [bmv2] [D] [thread 3699] [5.0] [cxt 0] Pipeline 'egress': start
[13:05:57.568] [bmv2] [T] [thread 3699] [5.0] [cxt 0] ../simple_router_16.p4(298) Condition "hdr.udp.isValid()" (node_30) is false
[13:05:57.568] [bmv2] [T] [thread 3699] [5.0] [cxt 0] Applying table 'send_frame'
[13:05:57.568] [bmv2] [D] [thread 3699] [5.0] [cxt 0] Looking up key:
* standard_metadata.egress_port: 0000

[13:05:57.568] [bmv2] [D] [thread 3699] [5.0] [cxt 0] Table 'send_frame': miss
[13:05:57.568] [bmv2] [D] [thread 3699] [5.0] [cxt 0] Action entry is NoAction - 
[13:05:57.568] [bmv2] [T] [thread 3699] [5.0] [cxt 0] Action NoAction
[13:05:57.568] [bmv2] [D] [thread 3699] [5.0] [cxt 0] Pipeline 'egress': end
[13:05:57.568] [bmv2] [D] [thread 3699] [5.0] [cxt 0] Deparser 'deparser': start
[13:05:57.568] [bmv2] [T] [thread 3699] [5.0] [cxt 0] Skipping checksum 'cksum' update because condition not met
[13:05:57.568] [bmv2] [T] [thread 3699] [5.0] [cxt 0] Skipping checksum 'cksum_0' update because condition not met
[13:05:57.568] [bmv2] [T] [thread 3699] [5.0] [cxt 0] Skipping checksum 'cksum_1' update because condition not met
[13:05:57.568] [bmv2] [D] [thread 3699] [5.0] [cxt 0] Deparsing header 'ethernet'
[13:05:57.568] [bmv2] [D] [thread 3699] [5.0] [cxt 0] Deparser 'deparser': end
[13:05:57.568] [bmv2] [D] [thread 3703] [4.0] [cxt 0] Transmitting packet of size 90 out of port 0
[13:05:57.568] [bmv2] [D] [thread 3703] [5.0] [cxt 0] Transmitting packet of size 70 out of port 0
[13:05:57.755] [bmv2] [D] [thread 3698] [6.0] [cxt 0] Processing packet received on port 5
[13:05:57.755] [bmv2] [D] [thread 3698] [6.0] [cxt 0] Parser 'parser': start
[13:05:57.755] [bmv2] [D] [thread 3698] [6.0] [cxt 0] Parser 'parser' entering state 'start'
[13:05:57.755] [bmv2] [D] [thread 3698] [6.0] [cxt 0] Parser state 'start' has no switch, going to default next state
[13:05:57.755] [bmv2] [T] [thread 3698] [6.0] [cxt 0] Bytes parsed: 0
[13:05:57.755] [bmv2] [D] [thread 3698] [6.0] [cxt 0] Parser 'parser' entering state 'parse_ethernet'
[13:05:57.755] [bmv2] [D] [thread 3698] [6.0] [cxt 0] Extracting header 'ethernet'
[13:05:57.755] [bmv2] [D] [thread 3698] [6.0] [cxt 0] Parser state 'parse_ethernet': key is 86dd
[13:05:57.755] [bmv2] [T] [thread 3698] [6.0] [cxt 0] Bytes parsed: 14
[13:05:57.755] [bmv2] [D] [thread 3698] [6.0] [cxt 0] Parser 'parser': end
[13:05:57.755] [bmv2] [D] [thread 3698] [6.0] [cxt 0] Pipeline 'ingress': start
[13:05:57.755] [bmv2] [T] [thread 3698] [6.0] [cxt 0] ../simple_router_16.p4(497) Condition "hdr.ipv4.isValid() && hdr.ipv4.ttl > 8w0" (node_2) is false
[13:05:57.755] [bmv2] [D] [thread 3698] [6.0] [cxt 0] Pipeline 'ingress': end
[13:05:57.755] [bmv2] [D] [thread 3698] [6.0] [cxt 0] Egress port is 0
[13:05:57.755] [bmv2] [D] [thread 3699] [6.0] [cxt 0] Pipeline 'egress': start
[13:05:57.755] [bmv2] [T] [thread 3699] [6.0] [cxt 0] ../simple_router_16.p4(298) Condition "hdr.udp.isValid()" (node_30) is false
[13:05:57.755] [bmv2] [T] [thread 3699] [6.0] [cxt 0] Applying table 'send_frame'
[13:05:57.755] [bmv2] [D] [thread 3699] [6.0] [cxt 0] Looking up key:
* standard_metadata.egress_port: 0000

[13:05:57.755] [bmv2] [D] [thread 3699] [6.0] [cxt 0] Table 'send_frame': miss
[13:05:57.755] [bmv2] [D] [thread 3699] [6.0] [cxt 0] Action entry is NoAction - 
[13:05:57.755] [bmv2] [T] [thread 3699] [6.0] [cxt 0] Action NoAction
[13:05:57.755] [bmv2] [D] [thread 3699] [6.0] [cxt 0] Pipeline 'egress': end
[13:05:57.755] [bmv2] [D] [thread 3699] [6.0] [cxt 0] Deparser 'deparser': start
[13:05:57.755] [bmv2] [T] [thread 3699] [6.0] [cxt 0] Skipping checksum 'cksum' update because condition not met
[13:05:57.755] [bmv2] [T] [thread 3699] [6.0] [cxt 0] Skipping checksum 'cksum_0' update because condition not met
[13:05:57.755] [bmv2] [T] [thread 3699] [6.0] [cxt 0] Skipping checksum 'cksum_1' update because condition not met
[13:05:57.756] [bmv2] [D] [thread 3699] [6.0] [cxt 0] Deparsing header 'ethernet'
[13:05:57.756] [bmv2] [D] [thread 3699] [6.0] [cxt 0] Deparser 'deparser': end
[13:05:57.756] [bmv2] [D] [thread 3703] [6.0] [cxt 0] Transmitting packet of size 90 out of port 0
[13:05:57.764] [bmv2] [D] [thread 3698] [7.0] [cxt 0] Processing packet received on port 4
[13:05:57.764] [bmv2] [D] [thread 3698] [7.0] [cxt 0] Parser 'parser': start
[13:05:57.764] [bmv2] [D] [thread 3698] [7.0] [cxt 0] Parser 'parser' entering state 'start'
[13:05:57.764] [bmv2] [D] [thread 3698] [7.0] [cxt 0] Parser state 'start' has no switch, going to default next state
[13:05:57.764] [bmv2] [T] [thread 3698] [7.0] [cxt 0] Bytes parsed: 0
[13:05:57.764] [bmv2] [D] [thread 3698] [7.0] [cxt 0] Parser 'parser' entering state 'parse_ethernet'
[13:05:57.764] [bmv2] [D] [thread 3698] [7.0] [cxt 0] Extracting header 'ethernet'
[13:05:57.764] [bmv2] [D] [thread 3698] [7.0] [cxt 0] Parser state 'parse_ethernet': key is 86dd
[13:05:57.764] [bmv2] [T] [thread 3698] [7.0] [cxt 0] Bytes parsed: 14
[13:05:57.764] [bmv2] [D] [thread 3698] [7.0] [cxt 0] Parser 'parser': end
[13:05:57.764] [bmv2] [D] [thread 3698] [7.0] [cxt 0] Pipeline 'ingress': start
[13:05:57.764] [bmv2] [T] [thread 3698] [7.0] [cxt 0] ../simple_router_16.p4(497) Condition "hdr.ipv4.isValid() && hdr.ipv4.ttl > 8w0" (node_2) is false
[13:05:57.764] [bmv2] [D] [thread 3698] [7.0] [cxt 0] Pipeline 'ingress': end
[13:05:57.764] [bmv2] [D] [thread 3698] [7.0] [cxt 0] Egress port is 0
[13:05:57.764] [bmv2] [D] [thread 3698] [8.0] [cxt 0] Processing packet received on port 4
[13:05:57.764] [bmv2] [D] [thread 3698] [8.0] [cxt 0] Parser 'parser': start
[13:05:57.764] [bmv2] [D] [thread 3698] [8.0] [cxt 0] Parser 'parser' entering state 'start'
[13:05:57.764] [bmv2] [D] [thread 3698] [8.0] [cxt 0] Parser state 'start' has no switch, going to default next state
[13:05:57.764] [bmv2] [T] [thread 3698] [8.0] [cxt 0] Bytes parsed: 0
[13:05:57.764] [bmv2] [D] [thread 3698] [8.0] [cxt 0] Parser 'parser' entering state 'parse_ethernet'
[13:05:57.764] [bmv2] [D] [thread 3698] [8.0] [cxt 0] Extracting header 'ethernet'
[13:05:57.764] [bmv2] [D] [thread 3698] [8.0] [cxt 0] Parser state 'parse_ethernet': key is 86dd
[13:05:57.764] [bmv2] [T] [thread 3698] [8.0] [cxt 0] Bytes parsed: 14
[13:05:57.764] [bmv2] [D] [thread 3698] [8.0] [cxt 0] Parser 'parser': end
[13:05:57.764] [bmv2] [D] [thread 3698] [8.0] [cxt 0] Pipeline 'ingress': start
[13:05:57.764] [bmv2] [D] [thread 3699] [7.0] [cxt 0] Pipeline 'egress': start
[13:05:57.764] [bmv2] [T] [thread 3699] [7.0] [cxt 0] ../simple_router_16.p4(298) Condition "hdr.udp.isValid()" (node_30) is false
[13:05:57.764] [bmv2] [T] [thread 3699] [7.0] [cxt 0] Applying table 'send_frame'
[13:05:57.764] [bmv2] [D] [thread 3699] [7.0] [cxt 0] Looking up key:
* standard_metadata.egress_port: 0000

[13:05:57.764] [bmv2] [D] [thread 3699] [7.0] [cxt 0] Table 'send_frame': miss
[13:05:57.764] [bmv2] [D] [thread 3699] [7.0] [cxt 0] Action entry is NoAction - 
[13:05:57.764] [bmv2] [T] [thread 3699] [7.0] [cxt 0] Action NoAction
[13:05:57.764] [bmv2] [D] [thread 3699] [7.0] [cxt 0] Pipeline 'egress': end
[13:05:57.764] [bmv2] [D] [thread 3699] [7.0] [cxt 0] Deparser 'deparser': start
[13:05:57.764] [bmv2] [T] [thread 3699] [7.0] [cxt 0] Skipping checksum 'cksum' update because condition not met
[13:05:57.764] [bmv2] [T] [thread 3699] [7.0] [cxt 0] Skipping checksum 'cksum_0' update because condition not met
[13:05:57.764] [bmv2] [T] [thread 3699] [7.0] [cxt 0] Skipping checksum 'cksum_1' update because condition not met
[13:05:57.764] [bmv2] [D] [thread 3699] [7.0] [cxt 0] Deparsing header 'ethernet'
[13:05:57.764] [bmv2] [D] [thread 3699] [7.0] [cxt 0] Deparser 'deparser': end
[13:05:57.764] [bmv2] [T] [thread 3698] [8.0] [cxt 0] ../simple_router_16.p4(497) Condition "hdr.ipv4.isValid() && hdr.ipv4.ttl > 8w0" (node_2) is false
[13:05:57.764] [bmv2] [D] [thread 3698] [8.0] [cxt 0] Pipeline 'ingress': end
[13:05:57.764] [bmv2] [D] [thread 3698] [8.0] [cxt 0] Egress port is 0
[13:05:57.764] [bmv2] [D] [thread 3703] [7.0] [cxt 0] Transmitting packet of size 90 out of port 0
[13:05:57.764] [bmv2] [D] [thread 3699] [8.0] [cxt 0] Pipeline 'egress': start
[13:05:57.764] [bmv2] [T] [thread 3699] [8.0] [cxt 0] ../simple_router_16.p4(298) Condition "hdr.udp.isValid()" (node_30) is false
[13:05:57.764] [bmv2] [T] [thread 3699] [8.0] [cxt 0] Applying table 'send_frame'
[13:05:57.764] [bmv2] [D] [thread 3699] [8.0] [cxt 0] Looking up key:
* standard_metadata.egress_port: 0000

[13:05:57.764] [bmv2] [D] [thread 3699] [8.0] [cxt 0] Table 'send_frame': miss
[13:05:57.764] [bmv2] [D] [thread 3699] [8.0] [cxt 0] Action entry is NoAction - 
[13:05:57.764] [bmv2] [T] [thread 3699] [8.0] [cxt 0] Action NoAction
[13:05:57.764] [bmv2] [D] [thread 3699] [8.0] [cxt 0] Pipeline 'egress': end
[13:05:57.764] [bmv2] [D] [thread 3699] [8.0] [cxt 0] Deparser 'deparser': start
[13:05:57.764] [bmv2] [T] [thread 3699] [8.0] [cxt 0] Skipping checksum 'cksum' update because condition not met
[13:05:57.764] [bmv2] [T] [thread 3699] [8.0] [cxt 0] Skipping checksum 'cksum_0' update because condition not met
[13:05:57.764] [bmv2] [T] [thread 3699] [8.0] [cxt 0] Skipping checksum 'cksum_1' update because condition not met
[13:05:57.764] [bmv2] [D] [thread 3699] [8.0] [cxt 0] Deparsing header 'ethernet'
[13:05:57.764] [bmv2] [D] [thread 3699] [8.0] [cxt 0] Deparser 'deparser': end
[13:05:57.764] [bmv2] [D] [thread 3703] [8.0] [cxt 0] Transmitting packet of size 70 out of port 0
[13:05:57.767] [bmv2] [D] [thread 3698] [9.0] [cxt 0] Processing packet received on port 2
[13:05:57.767] [bmv2] [D] [thread 3698] [9.0] [cxt 0] Parser 'parser': start
[13:05:57.767] [bmv2] [D] [thread 3698] [9.0] [cxt 0] Parser 'parser' entering state 'start'
[13:05:57.767] [bmv2] [D] [thread 3698] [9.0] [cxt 0] Parser state 'start' has no switch, going to default next state
[13:05:57.767] [bmv2] [T] [thread 3698] [9.0] [cxt 0] Bytes parsed: 0
[13:05:57.767] [bmv2] [D] [thread 3698] [9.0] [cxt 0] Parser 'parser' entering state 'parse_ethernet'
[13:05:57.767] [bmv2] [D] [thread 3698] [9.0] [cxt 0] Extracting header 'ethernet'
[13:05:57.767] [bmv2] [D] [thread 3698] [9.0] [cxt 0] Parser state 'parse_ethernet': key is 86dd
[13:05:57.767] [bmv2] [T] [thread 3698] [9.0] [cxt 0] Bytes parsed: 14
[13:05:57.767] [bmv2] [D] [thread 3698] [9.0] [cxt 0] Parser 'parser': end
[13:05:57.767] [bmv2] [D] [thread 3698] [9.0] [cxt 0] Pipeline 'ingress': start
[13:05:57.767] [bmv2] [T] [thread 3698] [9.0] [cxt 0] ../simple_router_16.p4(497) Condition "hdr.ipv4.isValid() && hdr.ipv4.ttl > 8w0" (node_2) is false
[13:05:57.767] [bmv2] [D] [thread 3698] [9.0] [cxt 0] Pipeline 'ingress': end
[13:05:57.767] [bmv2] [D] [thread 3698] [9.0] [cxt 0] Egress port is 0
[13:05:57.767] [bmv2] [D] [thread 3698] [10.0] [cxt 0] Processing packet received on port 2
[13:05:57.767] [bmv2] [D] [thread 3698] [10.0] [cxt 0] Parser 'parser': start
[13:05:57.767] [bmv2] [D] [thread 3698] [10.0] [cxt 0] Parser 'parser' entering state 'start'
[13:05:57.767] [bmv2] [D] [thread 3698] [10.0] [cxt 0] Parser state 'start' has no switch, going to default next state
[13:05:57.767] [bmv2] [T] [thread 3698] [10.0] [cxt 0] Bytes parsed: 0
[13:05:57.767] [bmv2] [D] [thread 3698] [10.0] [cxt 0] Parser 'parser' entering state 'parse_ethernet'
[13:05:57.767] [bmv2] [D] [thread 3698] [10.0] [cxt 0] Extracting header 'ethernet'
[13:05:57.767] [bmv2] [D] [thread 3698] [10.0] [cxt 0] Parser state 'parse_ethernet': key is 86dd
[13:05:57.767] [bmv2] [D] [thread 3699] [9.0] [cxt 0] Pipeline 'egress': start
[13:05:57.767] [bmv2] [T] [thread 3699] [9.0] [cxt 0] ../simple_router_16.p4(298) Condition "hdr.udp.isValid()" (node_30) is false
[13:05:57.767] [bmv2] [T] [thread 3699] [9.0] [cxt 0] Applying table 'send_frame'
[13:05:57.767] [bmv2] [D] [thread 3699] [9.0] [cxt 0] Looking up key:
* standard_metadata.egress_port: 0000

[13:05:57.767] [bmv2] [D] [thread 3699] [9.0] [cxt 0] Table 'send_frame': miss
[13:05:57.767] [bmv2] [D] [thread 3699] [9.0] [cxt 0] Action entry is NoAction - 
[13:05:57.767] [bmv2] [T] [thread 3699] [9.0] [cxt 0] Action NoAction
[13:05:57.767] [bmv2] [D] [thread 3699] [9.0] [cxt 0] Pipeline 'egress': end
[13:05:57.767] [bmv2] [D] [thread 3699] [9.0] [cxt 0] Deparser 'deparser': start
[13:05:57.767] [bmv2] [T] [thread 3699] [9.0] [cxt 0] Skipping checksum 'cksum' update because condition not met
[13:05:57.767] [bmv2] [T] [thread 3699] [9.0] [cxt 0] Skipping checksum 'cksum_0' update because condition not met
[13:05:57.767] [bmv2] [T] [thread 3699] [9.0] [cxt 0] Skipping checksum 'cksum_1' update because condition not met
[13:05:57.767] [bmv2] [D] [thread 3699] [9.0] [cxt 0] Deparsing header 'ethernet'
[13:05:57.767] [bmv2] [D] [thread 3699] [9.0] [cxt 0] Deparser 'deparser': end
[13:05:57.767] [bmv2] [D] [thread 3703] [9.0] [cxt 0] Transmitting packet of size 90 out of port 0
[13:05:57.767] [bmv2] [T] [thread 3698] [10.0] [cxt 0] Bytes parsed: 14
[13:05:57.767] [bmv2] [D] [thread 3698] [10.0] [cxt 0] Parser 'parser': end
[13:05:57.767] [bmv2] [D] [thread 3698] [10.0] [cxt 0] Pipeline 'ingress': start
[13:05:57.767] [bmv2] [T] [thread 3698] [10.0] [cxt 0] ../simple_router_16.p4(497) Condition "hdr.ipv4.isValid() && hdr.ipv4.ttl > 8w0" (node_2) is false
[13:05:57.767] [bmv2] [D] [thread 3698] [10.0] [cxt 0] Pipeline 'ingress': end
[13:05:57.767] [bmv2] [D] [thread 3698] [10.0] [cxt 0] Egress port is 0
[13:05:57.767] [bmv2] [D] [thread 3699] [10.0] [cxt 0] Pipeline 'egress': start
[13:05:57.767] [bmv2] [T] [thread 3699] [10.0] [cxt 0] ../simple_router_16.p4(298) Condition "hdr.udp.isValid()" (node_30) is false
[13:05:57.767] [bmv2] [T] [thread 3699] [10.0] [cxt 0] Applying table 'send_frame'
[13:05:57.767] [bmv2] [D] [thread 3699] [10.0] [cxt 0] Looking up key:
* standard_metadata.egress_port: 0000

[13:05:57.767] [bmv2] [D] [thread 3699] [10.0] [cxt 0] Table 'send_frame': miss
[13:05:57.767] [bmv2] [D] [thread 3699] [10.0] [cxt 0] Action entry is NoAction - 
[13:05:57.767] [bmv2] [T] [thread 3699] [10.0] [cxt 0] Action NoAction
[13:05:57.767] [bmv2] [D] [thread 3699] [10.0] [cxt 0] Pipeline 'egress': end
[13:05:57.767] [bmv2] [D] [thread 3699] [10.0] [cxt 0] Deparser 'deparser': start
[13:05:57.767] [bmv2] [T] [thread 3699] [10.0] [cxt 0] Skipping checksum 'cksum' update because condition not met
[13:05:57.767] [bmv2] [T] [thread 3699] [10.0] [cxt 0] Skipping checksum 'cksum_0' update because condition not met
[13:05:57.767] [bmv2] [T] [thread 3699] [10.0] [cxt 0] Skipping checksum 'cksum_1' update because condition not met
[13:05:57.767] [bmv2] [D] [thread 3699] [10.0] [cxt 0] Deparsing header 'ethernet'
[13:05:57.767] [bmv2] [D] [thread 3699] [10.0] [cxt 0] Deparser 'deparser': end
[13:05:57.768] [bmv2] [D] [thread 3703] [10.0] [cxt 0] Transmitting packet of size 70 out of port 0
[13:05:57.855] [bmv2] [D] [thread 3698] [11.0] [cxt 0] Processing packet received on port 1
[13:05:57.855] [bmv2] [D] [thread 3698] [11.0] [cxt 0] Parser 'parser': start
[13:05:57.855] [bmv2] [D] [thread 3698] [11.0] [cxt 0] Parser 'parser' entering state 'start'
[13:05:57.855] [bmv2] [D] [thread 3698] [11.0] [cxt 0] Parser state 'start' has no switch, going to default next state
[13:05:57.855] [bmv2] [T] [thread 3698] [11.0] [cxt 0] Bytes parsed: 0
[13:05:57.855] [bmv2] [D] [thread 3698] [11.0] [cxt 0] Parser 'parser' entering state 'parse_ethernet'
[13:05:57.855] [bmv2] [D] [thread 3698] [11.0] [cxt 0] Extracting header 'ethernet'
[13:05:57.855] [bmv2] [D] [thread 3698] [11.0] [cxt 0] Parser state 'parse_ethernet': key is 86dd
[13:05:57.855] [bmv2] [T] [thread 3698] [11.0] [cxt 0] Bytes parsed: 14
[13:05:57.855] [bmv2] [D] [thread 3698] [11.0] [cxt 0] Parser 'parser': end
[13:05:57.855] [bmv2] [D] [thread 3698] [11.0] [cxt 0] Pipeline 'ingress': start
[13:05:57.855] [bmv2] [T] [thread 3698] [11.0] [cxt 0] ../simple_router_16.p4(497) Condition "hdr.ipv4.isValid() && hdr.ipv4.ttl > 8w0" (node_2) is false
[13:05:57.855] [bmv2] [D] [thread 3698] [11.0] [cxt 0] Pipeline 'ingress': end
[13:05:57.855] [bmv2] [D] [thread 3698] [11.0] [cxt 0] Egress port is 0
[13:05:57.855] [bmv2] [D] [thread 3698] [12.0] [cxt 0] Processing packet received on port 5
[13:05:57.855] [bmv2] [D] [thread 3698] [12.0] [cxt 0] Parser 'parser': start
[13:05:57.855] [bmv2] [D] [thread 3698] [12.0] [cxt 0] Parser 'parser' entering state 'start'
[13:05:57.855] [bmv2] [D] [thread 3698] [12.0] [cxt 0] Parser state 'start' has no switch, going to default next state
[13:05:57.855] [bmv2] [T] [thread 3698] [12.0] [cxt 0] Bytes parsed: 0
[13:05:57.855] [bmv2] [D] [thread 3698] [12.0] [cxt 0] Parser 'parser' entering state 'parse_ethernet'
[13:05:57.855] [bmv2] [D] [thread 3698] [12.0] [cxt 0] Extracting header 'ethernet'
[13:05:57.855] [bmv2] [D] [thread 3698] [12.0] [cxt 0] Parser state 'parse_ethernet': key is 86dd
[13:05:57.855] [bmv2] [T] [thread 3698] [12.0] [cxt 0] Bytes parsed: 14
[13:05:57.855] [bmv2] [D] [thread 3698] [12.0] [cxt 0] Parser 'parser': end
[13:05:57.855] [bmv2] [D] [thread 3698] [12.0] [cxt 0] Pipeline 'ingress': start
[13:05:57.855] [bmv2] [T] [thread 3698] [12.0] [cxt 0] ../simple_router_16.p4(497) Condition "hdr.ipv4.isValid() && hdr.ipv4.ttl > 8w0" (node_2) is false
[13:05:57.855] [bmv2] [D] [thread 3698] [12.0] [cxt 0] Pipeline 'ingress': end
[13:05:57.855] [bmv2] [D] [thread 3698] [12.0] [cxt 0] Egress port is 0
[13:05:57.855] [bmv2] [D] [thread 3698] [13.0] [cxt 0] Processing packet received on port 1
[13:05:57.855] [bmv2] [D] [thread 3698] [13.0] [cxt 0] Parser 'parser': start
[13:05:57.855] [bmv2] [D] [thread 3698] [13.0] [cxt 0] Parser 'parser' entering state 'start'
[13:05:57.855] [bmv2] [D] [thread 3698] [13.0] [cxt 0] Parser state 'start' has no switch, going to default next state
[13:05:57.855] [bmv2] [D] [thread 3699] [11.0] [cxt 0] Pipeline 'egress': start
[13:05:57.856] [bmv2] [T] [thread 3699] [11.0] [cxt 0] ../simple_router_16.p4(298) Condition "hdr.udp.isValid()" (node_30) is false
[13:05:57.856] [bmv2] [T] [thread 3699] [11.0] [cxt 0] Applying table 'send_frame'
[13:05:57.856] [bmv2] [D] [thread 3699] [11.0] [cxt 0] Looking up key:
* standard_metadata.egress_port: 0000

[13:05:57.856] [bmv2] [D] [thread 3699] [11.0] [cxt 0] Table 'send_frame': miss
[13:05:57.856] [bmv2] [D] [thread 3699] [11.0] [cxt 0] Action entry is NoAction - 
[13:05:57.856] [bmv2] [T] [thread 3699] [11.0] [cxt 0] Action NoAction
[13:05:57.856] [bmv2] [D] [thread 3699] [11.0] [cxt 0] Pipeline 'egress': end
[13:05:57.856] [bmv2] [D] [thread 3699] [11.0] [cxt 0] Deparser 'deparser': start
[13:05:57.856] [bmv2] [T] [thread 3699] [11.0] [cxt 0] Skipping checksum 'cksum' update because condition not met
[13:05:57.856] [bmv2] [T] [thread 3699] [11.0] [cxt 0] Skipping checksum 'cksum_0' update because condition not met
[13:05:57.856] [bmv2] [T] [thread 3699] [11.0] [cxt 0] Skipping checksum 'cksum_1' update because condition not met
[13:05:57.856] [bmv2] [D] [thread 3699] [11.0] [cxt 0] Deparsing header 'ethernet'
[13:05:57.856] [bmv2] [D] [thread 3699] [11.0] [cxt 0] Deparser 'deparser': end
[13:05:57.856] [bmv2] [D] [thread 3699] [12.0] [cxt 0] Pipeline 'egress': start
[13:05:57.856] [bmv2] [T] [thread 3699] [12.0] [cxt 0] ../simple_router_16.p4(298) Condition "hdr.udp.isValid()" (node_30) is false
[13:05:57.856] [bmv2] [T] [thread 3699] [12.0] [cxt 0] Applying table 'send_frame'
[13:05:57.856] [bmv2] [D] [thread 3699] [12.0] [cxt 0] Looking up key:
* standard_metadata.egress_port: 0000

[13:05:57.856] [bmv2] [D] [thread 3699] [12.0] [cxt 0] Table 'send_frame': miss
[13:05:57.856] [bmv2] [D] [thread 3699] [12.0] [cxt 0] Action entry is NoAction - 
[13:05:57.856] [bmv2] [T] [thread 3699] [12.0] [cxt 0] Action NoAction
[13:05:57.856] [bmv2] [D] [thread 3699] [12.0] [cxt 0] Pipeline 'egress': end
[13:05:57.856] [bmv2] [D] [thread 3699] [12.0] [cxt 0] Deparser 'deparser': start
[13:05:57.856] [bmv2] [T] [thread 3699] [12.0] [cxt 0] Skipping checksum 'cksum' update because condition not met
[13:05:57.856] [bmv2] [T] [thread 3699] [12.0] [cxt 0] Skipping checksum 'cksum_0' update because condition not met
[13:05:57.856] [bmv2] [T] [thread 3699] [12.0] [cxt 0] Skipping checksum 'cksum_1' update because condition not met
[13:05:57.856] [bmv2] [D] [thread 3699] [12.0] [cxt 0] Deparsing header 'ethernet'
[13:05:57.856] [bmv2] [D] [thread 3699] [12.0] [cxt 0] Deparser 'deparser': end
[13:05:57.856] [bmv2] [D] [thread 3703] [11.0] [cxt 0] Transmitting packet of size 90 out of port 0
[13:05:57.856] [bmv2] [D] [thread 3703] [12.0] [cxt 0] Transmitting packet of size 90 out of port 0
[13:05:57.855] [bmv2] [T] [thread 3698] [13.0] [cxt 0] Bytes parsed: 0
[13:05:57.856] [bmv2] [D] [thread 3698] [13.0] [cxt 0] Parser 'parser' entering state 'parse_ethernet'
[13:05:57.856] [bmv2] [D] [thread 3698] [13.0] [cxt 0] Extracting header 'ethernet'
[13:05:57.856] [bmv2] [D] [thread 3698] [13.0] [cxt 0] Parser state 'parse_ethernet': key is 86dd
[13:05:57.856] [bmv2] [T] [thread 3698] [13.0] [cxt 0] Bytes parsed: 14
[13:05:57.856] [bmv2] [D] [thread 3698] [13.0] [cxt 0] Parser 'parser': end
[13:05:57.856] [bmv2] [D] [thread 3698] [13.0] [cxt 0] Pipeline 'ingress': start
[13:05:57.856] [bmv2] [T] [thread 3698] [13.0] [cxt 0] ../simple_router_16.p4(497) Condition "hdr.ipv4.isValid() && hdr.ipv4.ttl > 8w0" (node_2) is false
[13:05:57.856] [bmv2] [D] [thread 3698] [13.0] [cxt 0] Pipeline 'ingress': end
[13:05:57.856] [bmv2] [D] [thread 3698] [13.0] [cxt 0] Egress port is 0
[13:05:57.856] [bmv2] [D] [thread 3698] [14.0] [cxt 0] Processing packet received on port 5
[13:05:57.856] [bmv2] [D] [thread 3698] [14.0] [cxt 0] Parser 'parser': start
[13:05:57.856] [bmv2] [D] [thread 3698] [14.0] [cxt 0] Parser 'parser' entering state 'start'
[13:05:57.856] [bmv2] [D] [thread 3698] [14.0] [cxt 0] Parser state 'start' has no switch, going to default next state
[13:05:57.856] [bmv2] [T] [thread 3698] [14.0] [cxt 0] Bytes parsed: 0
[13:05:57.856] [bmv2] [D] [thread 3698] [14.0] [cxt 0] Parser 'parser' entering state 'parse_ethernet'
[13:05:57.856] [bmv2] [D] [thread 3698] [14.0] [cxt 0] Extracting header 'ethernet'
[13:05:57.856] [bmv2] [D] [thread 3698] [14.0] [cxt 0] Parser state 'parse_ethernet': key is 86dd
[13:05:57.856] [bmv2] [T] [thread 3698] [14.0] [cxt 0] Bytes parsed: 14
[13:05:57.856] [bmv2] [D] [thread 3698] [14.0] [cxt 0] Parser 'parser': end
[13:05:57.856] [bmv2] [D] [thread 3698] [14.0] [cxt 0] Pipeline 'ingress': start
[13:05:57.856] [bmv2] [T] [thread 3698] [14.0] [cxt 0] ../simple_router_16.p4(497) Condition "hdr.ipv4.isValid() && hdr.ipv4.ttl > 8w0" (node_2) is false
[13:05:57.856] [bmv2] [D] [thread 3698] [14.0] [cxt 0] Pipeline 'ingress': end
[13:05:57.856] [bmv2] [D] [thread 3698] [14.0] [cxt 0] Egress port is 0
[13:05:57.856] [bmv2] [D] [thread 3699] [13.0] [cxt 0] Pipeline 'egress': start
[13:05:57.856] [bmv2] [T] [thread 3699] [13.0] [cxt 0] ../simple_router_16.p4(298) Condition "hdr.udp.isValid()" (node_30) is false
[13:05:57.857] [bmv2] [T] [thread 3699] [13.0] [cxt 0] Applying table 'send_frame'
[13:05:57.857] [bmv2] [D] [thread 3699] [13.0] [cxt 0] Looking up key:
* standard_metadata.egress_port: 0000

[13:05:57.857] [bmv2] [D] [thread 3699] [13.0] [cxt 0] Table 'send_frame': miss
[13:05:57.857] [bmv2] [D] [thread 3699] [13.0] [cxt 0] Action entry is NoAction - 
[13:05:57.857] [bmv2] [T] [thread 3699] [13.0] [cxt 0] Action NoAction
[13:05:57.857] [bmv2] [D] [thread 3699] [13.0] [cxt 0] Pipeline 'egress': end
[13:05:57.857] [bmv2] [D] [thread 3699] [13.0] [cxt 0] Deparser 'deparser': start
[13:05:57.857] [bmv2] [T] [thread 3699] [13.0] [cxt 0] Skipping checksum 'cksum' update because condition not met
[13:05:57.857] [bmv2] [T] [thread 3699] [13.0] [cxt 0] Skipping checksum 'cksum_0' update because condition not met
[13:05:57.857] [bmv2] [T] [thread 3699] [13.0] [cxt 0] Skipping checksum 'cksum_1' update because condition not met
[13:05:57.857] [bmv2] [D] [thread 3699] [13.0] [cxt 0] Deparsing header 'ethernet'
[13:05:57.857] [bmv2] [D] [thread 3699] [13.0] [cxt 0] Deparser 'deparser': end
[13:05:57.857] [bmv2] [D] [thread 3699] [14.0] [cxt 0] Pipeline 'egress': start
[13:05:57.857] [bmv2] [T] [thread 3699] [14.0] [cxt 0] ../simple_router_16.p4(298) Condition "hdr.udp.isValid()" (node_30) is false
[13:05:57.857] [bmv2] [T] [thread 3699] [14.0] [cxt 0] Applying table 'send_frame'
[13:05:57.857] [bmv2] [D] [thread 3699] [14.0] [cxt 0] Looking up key:
* standard_metadata.egress_port: 0000

[13:05:57.857] [bmv2] [D] [thread 3699] [14.0] [cxt 0] Table 'send_frame': miss
[13:05:57.857] [bmv2] [D] [thread 3703] [13.0] [cxt 0] Transmitting packet of size 70 out of port 0
[13:05:57.857] [bmv2] [D] [thread 3699] [14.0] [cxt 0] Action entry is NoAction - 
[13:05:57.857] [bmv2] [T] [thread 3699] [14.0] [cxt 0] Action NoAction
[13:05:57.857] [bmv2] [D] [thread 3699] [14.0] [cxt 0] Pipeline 'egress': end
[13:05:57.857] [bmv2] [D] [thread 3699] [14.0] [cxt 0] Deparser 'deparser': start
[13:05:57.857] [bmv2] [T] [thread 3699] [14.0] [cxt 0] Skipping checksum 'cksum' update because condition not met
[13:05:57.857] [bmv2] [T] [thread 3699] [14.0] [cxt 0] Skipping checksum 'cksum_0' update because condition not met
[13:05:57.857] [bmv2] [T] [thread 3699] [14.0] [cxt 0] Skipping checksum 'cksum_1' update because condition not met
[13:05:57.857] [bmv2] [D] [thread 3699] [14.0] [cxt 0] Deparsing header 'ethernet'
[13:05:57.857] [bmv2] [D] [thread 3699] [14.0] [cxt 0] Deparser 'deparser': end
[13:05:57.857] [bmv2] [D] [thread 3703] [14.0] [cxt 0] Transmitting packet of size 70 out of port 0
[13:05:58.024] [bmv2] [D] [thread 3698] [15.0] [cxt 0] Processing packet received on port 3
[13:05:58.024] [bmv2] [D] [thread 3698] [15.0] [cxt 0] Parser 'parser': start
[13:05:58.024] [bmv2] [D] [thread 3698] [15.0] [cxt 0] Parser 'parser' entering state 'start'
[13:05:58.024] [bmv2] [D] [thread 3698] [15.0] [cxt 0] Parser state 'start' has no switch, going to default next state
[13:05:58.024] [bmv2] [T] [thread 3698] [15.0] [cxt 0] Bytes parsed: 0
[13:05:58.024] [bmv2] [D] [thread 3698] [15.0] [cxt 0] Parser 'parser' entering state 'parse_ethernet'
[13:05:58.024] [bmv2] [D] [thread 3698] [15.0] [cxt 0] Extracting header 'ethernet'
[13:05:58.024] [bmv2] [D] [thread 3698] [15.0] [cxt 0] Parser state 'parse_ethernet': key is 86dd
[13:05:58.024] [bmv2] [T] [thread 3698] [15.0] [cxt 0] Bytes parsed: 14
[13:05:58.024] [bmv2] [D] [thread 3698] [15.0] [cxt 0] Parser 'parser': end
[13:05:58.024] [bmv2] [D] [thread 3698] [15.0] [cxt 0] Pipeline 'ingress': start
[13:05:58.024] [bmv2] [T] [thread 3698] [15.0] [cxt 0] ../simple_router_16.p4(497) Condition "hdr.ipv4.isValid() && hdr.ipv4.ttl > 8w0" (node_2) is false
[13:05:58.024] [bmv2] [D] [thread 3698] [15.0] [cxt 0] Pipeline 'ingress': end
[13:05:58.024] [bmv2] [D] [thread 3698] [15.0] [cxt 0] Egress port is 0
[13:05:58.024] [bmv2] [D] [thread 3698] [16.0] [cxt 0] Processing packet received on port 3
[13:05:58.024] [bmv2] [D] [thread 3698] [16.0] [cxt 0] Parser 'parser': start
[13:05:58.024] [bmv2] [D] [thread 3698] [16.0] [cxt 0] Parser 'parser' entering state 'start'
[13:05:58.024] [bmv2] [D] [thread 3698] [16.0] [cxt 0] Parser state 'start' has no switch, going to default next state
[13:05:58.024] [bmv2] [T] [thread 3698] [16.0] [cxt 0] Bytes parsed: 0
[13:05:58.024] [bmv2] [D] [thread 3698] [16.0] [cxt 0] Parser 'parser' entering state 'parse_ethernet'
[13:05:58.024] [bmv2] [D] [thread 3698] [16.0] [cxt 0] Extracting header 'ethernet'
[13:05:58.024] [bmv2] [D] [thread 3698] [16.0] [cxt 0] Parser state 'parse_ethernet': key is 86dd
[13:05:58.024] [bmv2] [T] [thread 3698] [16.0] [cxt 0] Bytes parsed: 14
[13:05:58.024] [bmv2] [D] [thread 3699] [15.0] [cxt 0] Pipeline 'egress': start
[13:05:58.024] [bmv2] [T] [thread 3699] [15.0] [cxt 0] ../simple_router_16.p4(298) Condition "hdr.udp.isValid()" (node_30) is false
[13:05:58.024] [bmv2] [T] [thread 3699] [15.0] [cxt 0] Applying table 'send_frame'
[13:05:58.024] [bmv2] [D] [thread 3699] [15.0] [cxt 0] Looking up key:
* standard_metadata.egress_port: 0000

[13:05:58.024] [bmv2] [D] [thread 3699] [15.0] [cxt 0] Table 'send_frame': miss
[13:05:58.024] [bmv2] [D] [thread 3699] [15.0] [cxt 0] Action entry is NoAction - 
[13:05:58.024] [bmv2] [T] [thread 3699] [15.0] [cxt 0] Action NoAction
[13:05:58.024] [bmv2] [D] [thread 3699] [15.0] [cxt 0] Pipeline 'egress': end
[13:05:58.024] [bmv2] [D] [thread 3699] [15.0] [cxt 0] Deparser 'deparser': start
[13:05:58.024] [bmv2] [T] [thread 3699] [15.0] [cxt 0] Skipping checksum 'cksum' update because condition not met
[13:05:58.024] [bmv2] [T] [thread 3699] [15.0] [cxt 0] Skipping checksum 'cksum_0' update because condition not met
[13:05:58.024] [bmv2] [T] [thread 3699] [15.0] [cxt 0] Skipping checksum 'cksum_1' update because condition not met
[13:05:58.024] [bmv2] [D] [thread 3699] [15.0] [cxt 0] Deparsing header 'ethernet'
[13:05:58.024] [bmv2] [D] [thread 3699] [15.0] [cxt 0] Deparser 'deparser': end
[13:05:58.024] [bmv2] [D] [thread 3703] [15.0] [cxt 0] Transmitting packet of size 90 out of port 0
[13:05:58.024] [bmv2] [D] [thread 3698] [16.0] [cxt 0] Parser 'parser': end
[13:05:58.024] [bmv2] [D] [thread 3698] [16.0] [cxt 0] Pipeline 'ingress': start
[13:05:58.024] [bmv2] [T] [thread 3698] [16.0] [cxt 0] ../simple_router_16.p4(497) Condition "hdr.ipv4.isValid() && hdr.ipv4.ttl > 8w0" (node_2) is false
[13:05:58.024] [bmv2] [D] [thread 3698] [16.0] [cxt 0] Pipeline 'ingress': end
[13:05:58.024] [bmv2] [D] [thread 3698] [16.0] [cxt 0] Egress port is 0
[13:05:58.024] [bmv2] [D] [thread 3699] [16.0] [cxt 0] Pipeline 'egress': start
[13:05:58.024] [bmv2] [T] [thread 3699] [16.0] [cxt 0] ../simple_router_16.p4(298) Condition "hdr.udp.isValid()" (node_30) is false
[13:05:58.024] [bmv2] [T] [thread 3699] [16.0] [cxt 0] Applying table 'send_frame'
[13:05:58.024] [bmv2] [D] [thread 3699] [16.0] [cxt 0] Looking up key:
* standard_metadata.egress_port: 0000

[13:05:58.024] [bmv2] [D] [thread 3699] [16.0] [cxt 0] Table 'send_frame': miss
[13:05:58.024] [bmv2] [D] [thread 3699] [16.0] [cxt 0] Action entry is NoAction - 
[13:05:58.024] [bmv2] [T] [thread 3699] [16.0] [cxt 0] Action NoAction
[13:05:58.024] [bmv2] [D] [thread 3699] [16.0] [cxt 0] Pipeline 'egress': end
[13:05:58.024] [bmv2] [D] [thread 3699] [16.0] [cxt 0] Deparser 'deparser': start
[13:05:58.024] [bmv2] [T] [thread 3699] [16.0] [cxt 0] Skipping checksum 'cksum' update because condition not met
[13:05:58.024] [bmv2] [T] [thread 3699] [16.0] [cxt 0] Skipping checksum 'cksum_0' update because condition not met
[13:05:58.024] [bmv2] [T] [thread 3699] [16.0] [cxt 0] Skipping checksum 'cksum_1' update because condition not met
[13:05:58.024] [bmv2] [D] [thread 3699] [16.0] [cxt 0] Deparsing header 'ethernet'
[13:05:58.024] [bmv2] [D] [thread 3699] [16.0] [cxt 0] Deparser 'deparser': end
[13:05:58.025] [bmv2] [D] [thread 3703] [16.0] [cxt 0] Transmitting packet of size 70 out of port 0
[13:05:58.075] [bmv2] [D] [thread 3698] [17.0] [cxt 0] Processing packet received on port 2
[13:05:58.075] [bmv2] [D] [thread 3698] [17.0] [cxt 0] Parser 'parser': start
[13:05:58.075] [bmv2] [D] [thread 3698] [17.0] [cxt 0] Parser 'parser' entering state 'start'
[13:05:58.075] [bmv2] [D] [thread 3698] [17.0] [cxt 0] Parser state 'start' has no switch, going to default next state
[13:05:58.075] [bmv2] [T] [thread 3698] [17.0] [cxt 0] Bytes parsed: 0
[13:05:58.076] [bmv2] [D] [thread 3698] [17.0] [cxt 0] Parser 'parser' entering state 'parse_ethernet'
[13:05:58.076] [bmv2] [D] [thread 3698] [17.0] [cxt 0] Extracting header 'ethernet'
[13:05:58.076] [bmv2] [D] [thread 3698] [17.0] [cxt 0] Parser state 'parse_ethernet': key is 86dd
[13:05:58.076] [bmv2] [T] [thread 3698] [17.0] [cxt 0] Bytes parsed: 14
[13:05:58.076] [bmv2] [D] [thread 3698] [17.0] [cxt 0] Parser 'parser': end
[13:05:58.076] [bmv2] [D] [thread 3698] [17.0] [cxt 0] Pipeline 'ingress': start
[13:05:58.076] [bmv2] [T] [thread 3698] [17.0] [cxt 0] ../simple_router_16.p4(497) Condition "hdr.ipv4.isValid() && hdr.ipv4.ttl > 8w0" (node_2) is false
[13:05:58.076] [bmv2] [D] [thread 3698] [17.0] [cxt 0] Pipeline 'ingress': end
[13:05:58.076] [bmv2] [D] [thread 3698] [17.0] [cxt 0] Egress port is 0
[13:05:58.076] [bmv2] [D] [thread 3699] [17.0] [cxt 0] Pipeline 'egress': start
[13:05:58.076] [bmv2] [T] [thread 3699] [17.0] [cxt 0] ../simple_router_16.p4(298) Condition "hdr.udp.isValid()" (node_30) is false
[13:05:58.076] [bmv2] [T] [thread 3699] [17.0] [cxt 0] Applying table 'send_frame'
[13:05:58.076] [bmv2] [D] [thread 3699] [17.0] [cxt 0] Looking up key:
* standard_metadata.egress_port: 0000

[13:05:58.076] [bmv2] [D] [thread 3699] [17.0] [cxt 0] Table 'send_frame': miss
[13:05:58.076] [bmv2] [D] [thread 3699] [17.0] [cxt 0] Action entry is NoAction - 
[13:05:58.076] [bmv2] [T] [thread 3699] [17.0] [cxt 0] Action NoAction
[13:05:58.076] [bmv2] [D] [thread 3699] [17.0] [cxt 0] Pipeline 'egress': end
[13:05:58.076] [bmv2] [D] [thread 3699] [17.0] [cxt 0] Deparser 'deparser': start
[13:05:58.076] [bmv2] [T] [thread 3699] [17.0] [cxt 0] Skipping checksum 'cksum' update because condition not met
[13:05:58.076] [bmv2] [T] [thread 3699] [17.0] [cxt 0] Skipping checksum 'cksum_0' update because condition not met
[13:05:58.076] [bmv2] [T] [thread 3699] [17.0] [cxt 0] Skipping checksum 'cksum_1' update because condition not met
[13:05:58.076] [bmv2] [D] [thread 3699] [17.0] [cxt 0] Deparsing header 'ethernet'
[13:05:58.076] [bmv2] [D] [thread 3699] [17.0] [cxt 0] Deparser 'deparser': end
[13:05:58.076] [bmv2] [D] [thread 3703] [17.0] [cxt 0] Transmitting packet of size 90 out of port 0
[13:05:58.142] [bmv2] [D] [thread 3698] [18.0] [cxt 0] Processing packet received on port 4
[13:05:58.142] [bmv2] [D] [thread 3698] [18.0] [cxt 0] Parser 'parser': start
[13:05:58.142] [bmv2] [D] [thread 3698] [18.0] [cxt 0] Parser 'parser' entering state 'start'
[13:05:58.142] [bmv2] [D] [thread 3698] [18.0] [cxt 0] Parser state 'start' has no switch, going to default next state
[13:05:58.142] [bmv2] [T] [thread 3698] [18.0] [cxt 0] Bytes parsed: 0
[13:05:58.142] [bmv2] [D] [thread 3698] [18.0] [cxt 0] Parser 'parser' entering state 'parse_ethernet'
[13:05:58.142] [bmv2] [D] [thread 3698] [18.0] [cxt 0] Extracting header 'ethernet'
[13:05:58.142] [bmv2] [D] [thread 3698] [18.0] [cxt 0] Parser state 'parse_ethernet': key is 86dd
[13:05:58.142] [bmv2] [T] [thread 3698] [18.0] [cxt 0] Bytes parsed: 14
[13:05:58.142] [bmv2] [D] [thread 3698] [18.0] [cxt 0] Parser 'parser': end
[13:05:58.142] [bmv2] [D] [thread 3698] [18.0] [cxt 0] Pipeline 'ingress': start
[13:05:58.142] [bmv2] [T] [thread 3698] [18.0] [cxt 0] ../simple_router_16.p4(497) Condition "hdr.ipv4.isValid() && hdr.ipv4.ttl > 8w0" (node_2) is false
[13:05:58.142] [bmv2] [D] [thread 3698] [18.0] [cxt 0] Pipeline 'ingress': end
[13:05:58.142] [bmv2] [D] [thread 3698] [18.0] [cxt 0] Egress port is 0
[13:05:58.142] [bmv2] [D] [thread 3699] [18.0] [cxt 0] Pipeline 'egress': start
[13:05:58.142] [bmv2] [T] [thread 3699] [18.0] [cxt 0] ../simple_router_16.p4(298) Condition "hdr.udp.isValid()" (node_30) is false
[13:05:58.142] [bmv2] [T] [thread 3699] [18.0] [cxt 0] Applying table 'send_frame'
[13:05:58.142] [bmv2] [D] [thread 3699] [18.0] [cxt 0] Looking up key:
* standard_metadata.egress_port: 0000

[13:05:58.142] [bmv2] [D] [thread 3699] [18.0] [cxt 0] Table 'send_frame': miss
[13:05:58.142] [bmv2] [D] [thread 3699] [18.0] [cxt 0] Action entry is NoAction - 
[13:05:58.142] [bmv2] [T] [thread 3699] [18.0] [cxt 0] Action NoAction
[13:05:58.142] [bmv2] [D] [thread 3699] [18.0] [cxt 0] Pipeline 'egress': end
[13:05:58.142] [bmv2] [D] [thread 3699] [18.0] [cxt 0] Deparser 'deparser': start
[13:05:58.142] [bmv2] [T] [thread 3699] [18.0] [cxt 0] Skipping checksum 'cksum' update because condition not met
[13:05:58.142] [bmv2] [T] [thread 3699] [18.0] [cxt 0] Skipping checksum 'cksum_0' update because condition not met
[13:05:58.142] [bmv2] [T] [thread 3699] [18.0] [cxt 0] Skipping checksum 'cksum_1' update because condition not met
[13:05:58.142] [bmv2] [D] [thread 3699] [18.0] [cxt 0] Deparsing header 'ethernet'
[13:05:58.142] [bmv2] [D] [thread 3699] [18.0] [cxt 0] Deparser 'deparser': end
[13:05:58.142] [bmv2] [D] [thread 3703] [18.0] [cxt 0] Transmitting packet of size 90 out of port 0
[13:05:58.318] [bmv2] [D] [thread 3698] [19.0] [cxt 0] Processing packet received on port 5
[13:05:58.318] [bmv2] [D] [thread 3698] [19.0] [cxt 0] Parser 'parser': start
[13:05:58.318] [bmv2] [D] [thread 3698] [19.0] [cxt 0] Parser 'parser' entering state 'start'
[13:05:58.319] [bmv2] [D] [thread 3698] [19.0] [cxt 0] Parser state 'start' has no switch, going to default next state
[13:05:58.319] [bmv2] [T] [thread 3698] [19.0] [cxt 0] Bytes parsed: 0
[13:05:58.319] [bmv2] [D] [thread 3698] [19.0] [cxt 0] Parser 'parser' entering state 'parse_ethernet'
[13:05:58.319] [bmv2] [D] [thread 3698] [19.0] [cxt 0] Extracting header 'ethernet'
[13:05:58.319] [bmv2] [D] [thread 3698] [19.0] [cxt 0] Parser state 'parse_ethernet': key is 86dd
[13:05:58.319] [bmv2] [T] [thread 3698] [19.0] [cxt 0] Bytes parsed: 14
[13:05:58.319] [bmv2] [D] [thread 3698] [19.0] [cxt 0] Parser 'parser': end
[13:05:58.319] [bmv2] [D] [thread 3698] [19.0] [cxt 0] Pipeline 'ingress': start
[13:05:58.319] [bmv2] [T] [thread 3698] [19.0] [cxt 0] ../simple_router_16.p4(497) Condition "hdr.ipv4.isValid() && hdr.ipv4.ttl > 8w0" (node_2) is false
[13:05:58.319] [bmv2] [D] [thread 3698] [19.0] [cxt 0] Pipeline 'ingress': end
[13:05:58.319] [bmv2] [D] [thread 3698] [19.0] [cxt 0] Egress port is 0
[13:05:58.319] [bmv2] [D] [thread 3699] [19.0] [cxt 0] Pipeline 'egress': start
[13:05:58.319] [bmv2] [T] [thread 3699] [19.0] [cxt 0] ../simple_router_16.p4(298) Condition "hdr.udp.isValid()" (node_30) is false
[13:05:58.319] [bmv2] [T] [thread 3699] [19.0] [cxt 0] Applying table 'send_frame'
[13:05:58.319] [bmv2] [D] [thread 3699] [19.0] [cxt 0] Looking up key:
* standard_metadata.egress_port: 0000

[13:05:58.319] [bmv2] [D] [thread 3699] [19.0] [cxt 0] Table 'send_frame': miss
[13:05:58.319] [bmv2] [D] [thread 3699] [19.0] [cxt 0] Action entry is NoAction - 
[13:05:58.319] [bmv2] [T] [thread 3699] [19.0] [cxt 0] Action NoAction
[13:05:58.319] [bmv2] [D] [thread 3699] [19.0] [cxt 0] Pipeline 'egress': end
[13:05:58.319] [bmv2] [D] [thread 3699] [19.0] [cxt 0] Deparser 'deparser': start
[13:05:58.319] [bmv2] [T] [thread 3699] [19.0] [cxt 0] Skipping checksum 'cksum' update because condition not met
[13:05:58.319] [bmv2] [T] [thread 3699] [19.0] [cxt 0] Skipping checksum 'cksum_0' update because condition not met
[13:05:58.319] [bmv2] [T] [thread 3699] [19.0] [cxt 0] Skipping checksum 'cksum_1' update because condition not met
[13:05:58.319] [bmv2] [D] [thread 3699] [19.0] [cxt 0] Deparsing header 'ethernet'
[13:05:58.319] [bmv2] [D] [thread 3699] [19.0] [cxt 0] Deparser 'deparser': end
[13:05:58.319] [bmv2] [D] [thread 3703] [19.0] [cxt 0] Transmitting packet of size 90 out of port 0
[13:05:58.793] [bmv2] [D] [thread 3698] [20.0] [cxt 0] Processing packet received on port 1
[13:05:58.793] [bmv2] [D] [thread 3698] [20.0] [cxt 0] Parser 'parser': start
[13:05:58.793] [bmv2] [D] [thread 3698] [20.0] [cxt 0] Parser 'parser' entering state 'start'
[13:05:58.793] [bmv2] [D] [thread 3698] [20.0] [cxt 0] Parser state 'start' has no switch, going to default next state
[13:05:58.793] [bmv2] [T] [thread 3698] [20.0] [cxt 0] Bytes parsed: 0
[13:05:58.793] [bmv2] [D] [thread 3698] [20.0] [cxt 0] Parser 'parser' entering state 'parse_ethernet'
[13:05:58.793] [bmv2] [D] [thread 3698] [20.0] [cxt 0] Extracting header 'ethernet'
[13:05:58.793] [bmv2] [D] [thread 3698] [20.0] [cxt 0] Parser state 'parse_ethernet': key is 86dd
[13:05:58.793] [bmv2] [T] [thread 3698] [20.0] [cxt 0] Bytes parsed: 14
[13:05:58.793] [bmv2] [D] [thread 3698] [20.0] [cxt 0] Parser 'parser': end
[13:05:58.793] [bmv2] [D] [thread 3698] [20.0] [cxt 0] Pipeline 'ingress': start
[13:05:58.793] [bmv2] [T] [thread 3698] [20.0] [cxt 0] ../simple_router_16.p4(497) Condition "hdr.ipv4.isValid() && hdr.ipv4.ttl > 8w0" (node_2) is false
[13:05:58.793] [bmv2] [D] [thread 3698] [20.0] [cxt 0] Pipeline 'ingress': end
[13:05:58.793] [bmv2] [D] [thread 3698] [20.0] [cxt 0] Egress port is 0
[13:05:58.793] [bmv2] [D] [thread 3699] [20.0] [cxt 0] Pipeline 'egress': start
[13:05:58.793] [bmv2] [T] [thread 3699] [20.0] [cxt 0] ../simple_router_16.p4(298) Condition "hdr.udp.isValid()" (node_30) is false
[13:05:58.793] [bmv2] [T] [thread 3699] [20.0] [cxt 0] Applying table 'send_frame'
[13:05:58.793] [bmv2] [D] [thread 3699] [20.0] [cxt 0] Looking up key:
* standard_metadata.egress_port: 0000

[13:05:58.793] [bmv2] [D] [thread 3699] [20.0] [cxt 0] Table 'send_frame': miss
[13:05:58.793] [bmv2] [D] [thread 3699] [20.0] [cxt 0] Action entry is NoAction - 
[13:05:58.793] [bmv2] [T] [thread 3699] [20.0] [cxt 0] Action NoAction
[13:05:58.793] [bmv2] [D] [thread 3699] [20.0] [cxt 0] Pipeline 'egress': end
[13:05:58.793] [bmv2] [D] [thread 3699] [20.0] [cxt 0] Deparser 'deparser': start
[13:05:58.793] [bmv2] [T] [thread 3699] [20.0] [cxt 0] Skipping checksum 'cksum' update because condition not met
[13:05:58.793] [bmv2] [T] [thread 3699] [20.0] [cxt 0] Skipping checksum 'cksum_0' update because condition not met
[13:05:58.793] [bmv2] [T] [thread 3699] [20.0] [cxt 0] Skipping checksum 'cksum_1' update because condition not met
[13:05:58.793] [bmv2] [D] [thread 3699] [20.0] [cxt 0] Deparsing header 'ethernet'
[13:05:58.793] [bmv2] [D] [thread 3699] [20.0] [cxt 0] Deparser 'deparser': end
[13:05:58.793] [bmv2] [D] [thread 3703] [20.0] [cxt 0] Transmitting packet of size 90 out of port 0
[13:05:58.898] [bmv2] [D] [thread 3698] [21.0] [cxt 0] Processing packet received on port 3
[13:05:58.898] [bmv2] [D] [thread 3698] [21.0] [cxt 0] Parser 'parser': start
[13:05:58.898] [bmv2] [D] [thread 3698] [21.0] [cxt 0] Parser 'parser' entering state 'start'
[13:05:58.898] [bmv2] [D] [thread 3698] [21.0] [cxt 0] Parser state 'start' has no switch, going to default next state
[13:05:58.898] [bmv2] [T] [thread 3698] [21.0] [cxt 0] Bytes parsed: 0
[13:05:58.898] [bmv2] [D] [thread 3698] [21.0] [cxt 0] Parser 'parser' entering state 'parse_ethernet'
[13:05:58.898] [bmv2] [D] [thread 3698] [21.0] [cxt 0] Extracting header 'ethernet'
[13:05:58.898] [bmv2] [D] [thread 3698] [21.0] [cxt 0] Parser state 'parse_ethernet': key is 86dd
[13:05:58.898] [bmv2] [T] [thread 3698] [21.0] [cxt 0] Bytes parsed: 14
[13:05:58.898] [bmv2] [D] [thread 3698] [21.0] [cxt 0] Parser 'parser': end
[13:05:58.898] [bmv2] [D] [thread 3698] [21.0] [cxt 0] Pipeline 'ingress': start
[13:05:58.898] [bmv2] [T] [thread 3698] [21.0] [cxt 0] ../simple_router_16.p4(497) Condition "hdr.ipv4.isValid() && hdr.ipv4.ttl > 8w0" (node_2) is false
[13:05:58.898] [bmv2] [D] [thread 3698] [21.0] [cxt 0] Pipeline 'ingress': end
[13:05:58.898] [bmv2] [D] [thread 3698] [21.0] [cxt 0] Egress port is 0
[13:05:58.898] [bmv2] [D] [thread 3699] [21.0] [cxt 0] Pipeline 'egress': start
[13:05:58.898] [bmv2] [T] [thread 3699] [21.0] [cxt 0] ../simple_router_16.p4(298) Condition "hdr.udp.isValid()" (node_30) is false
[13:05:58.898] [bmv2] [T] [thread 3699] [21.0] [cxt 0] Applying table 'send_frame'
[13:05:58.898] [bmv2] [D] [thread 3699] [21.0] [cxt 0] Looking up key:
* standard_metadata.egress_port: 0000

[13:05:58.898] [bmv2] [D] [thread 3699] [21.0] [cxt 0] Table 'send_frame': miss
[13:05:58.898] [bmv2] [D] [thread 3699] [21.0] [cxt 0] Action entry is NoAction - 
[13:05:58.898] [bmv2] [T] [thread 3699] [21.0] [cxt 0] Action NoAction
[13:05:58.898] [bmv2] [D] [thread 3699] [21.0] [cxt 0] Pipeline 'egress': end
[13:05:58.899] [bmv2] [D] [thread 3699] [21.0] [cxt 0] Deparser 'deparser': start
[13:05:58.899] [bmv2] [T] [thread 3699] [21.0] [cxt 0] Skipping checksum 'cksum' update because condition not met
[13:05:58.899] [bmv2] [T] [thread 3699] [21.0] [cxt 0] Skipping checksum 'cksum_0' update because condition not met
[13:05:58.899] [bmv2] [T] [thread 3699] [21.0] [cxt 0] Skipping checksum 'cksum_1' update because condition not met
[13:05:58.899] [bmv2] [D] [thread 3699] [21.0] [cxt 0] Deparsing header 'ethernet'
[13:05:58.899] [bmv2] [D] [thread 3699] [21.0] [cxt 0] Deparser 'deparser': end
[13:05:58.899] [bmv2] [D] [thread 3703] [21.0] [cxt 0] Transmitting packet of size 90 out of port 0
[13:06:01.572] [bmv2] [D] [thread 3698] [22.0] [cxt 0] Processing packet received on port 5
[13:06:01.572] [bmv2] [D] [thread 3698] [22.0] [cxt 0] Parser 'parser': start
[13:06:01.572] [bmv2] [D] [thread 3698] [22.0] [cxt 0] Parser 'parser' entering state 'start'
[13:06:01.572] [bmv2] [D] [thread 3698] [22.0] [cxt 0] Parser state 'start' has no switch, going to default next state
[13:06:01.572] [bmv2] [T] [thread 3698] [22.0] [cxt 0] Bytes parsed: 0
[13:06:01.572] [bmv2] [D] [thread 3698] [22.0] [cxt 0] Parser 'parser' entering state 'parse_ethernet'
[13:06:01.572] [bmv2] [D] [thread 3698] [22.0] [cxt 0] Extracting header 'ethernet'
[13:06:01.572] [bmv2] [D] [thread 3698] [22.0] [cxt 0] Parser state 'parse_ethernet': key is 86dd
[13:06:01.572] [bmv2] [T] [thread 3698] [22.0] [cxt 0] Bytes parsed: 14
[13:06:01.572] [bmv2] [D] [thread 3698] [22.0] [cxt 0] Parser 'parser': end
[13:06:01.572] [bmv2] [D] [thread 3698] [22.0] [cxt 0] Pipeline 'ingress': start
[13:06:01.572] [bmv2] [T] [thread 3698] [22.0] [cxt 0] ../simple_router_16.p4(497) Condition "hdr.ipv4.isValid() && hdr.ipv4.ttl > 8w0" (node_2) is false
[13:06:01.572] [bmv2] [D] [thread 3698] [22.0] [cxt 0] Pipeline 'ingress': end
[13:06:01.572] [bmv2] [D] [thread 3698] [22.0] [cxt 0] Egress port is 0
[13:06:01.572] [bmv2] [D] [thread 3699] [22.0] [cxt 0] Pipeline 'egress': start
[13:06:01.572] [bmv2] [T] [thread 3699] [22.0] [cxt 0] ../simple_router_16.p4(298) Condition "hdr.udp.isValid()" (node_30) is false
[13:06:01.572] [bmv2] [T] [thread 3699] [22.0] [cxt 0] Applying table 'send_frame'
[13:06:01.572] [bmv2] [D] [thread 3699] [22.0] [cxt 0] Looking up key:
* standard_metadata.egress_port: 0000

[13:06:01.572] [bmv2] [D] [thread 3699] [22.0] [cxt 0] Table 'send_frame': miss
[13:06:01.572] [bmv2] [D] [thread 3699] [22.0] [cxt 0] Action entry is NoAction - 
[13:06:01.572] [bmv2] [T] [thread 3699] [22.0] [cxt 0] Action NoAction
[13:06:01.572] [bmv2] [D] [thread 3699] [22.0] [cxt 0] Pipeline 'egress': end
[13:06:01.572] [bmv2] [D] [thread 3699] [22.0] [cxt 0] Deparser 'deparser': start
[13:06:01.572] [bmv2] [T] [thread 3699] [22.0] [cxt 0] Skipping checksum 'cksum' update because condition not met
[13:06:01.572] [bmv2] [T] [thread 3699] [22.0] [cxt 0] Skipping checksum 'cksum_0' update because condition not met
[13:06:01.573] [bmv2] [T] [thread 3699] [22.0] [cxt 0] Skipping checksum 'cksum_1' update because condition not met
[13:06:01.573] [bmv2] [D] [thread 3699] [22.0] [cxt 0] Deparsing header 'ethernet'
[13:06:01.573] [bmv2] [D] [thread 3699] [22.0] [cxt 0] Deparser 'deparser': end
[13:06:01.573] [bmv2] [D] [thread 3703] [22.0] [cxt 0] Transmitting packet of size 70 out of port 0
[13:06:01.770] [bmv2] [D] [thread 3698] [23.0] [cxt 0] Processing packet received on port 4
[13:06:01.770] [bmv2] [D] [thread 3698] [23.0] [cxt 0] Parser 'parser': start
[13:06:01.770] [bmv2] [D] [thread 3698] [23.0] [cxt 0] Parser 'parser' entering state 'start'
[13:06:01.770] [bmv2] [D] [thread 3698] [23.0] [cxt 0] Parser state 'start' has no switch, going to default next state
[13:06:01.770] [bmv2] [T] [thread 3698] [23.0] [cxt 0] Bytes parsed: 0
[13:06:01.770] [bmv2] [D] [thread 3698] [23.0] [cxt 0] Parser 'parser' entering state 'parse_ethernet'
[13:06:01.770] [bmv2] [D] [thread 3698] [23.0] [cxt 0] Extracting header 'ethernet'
[13:06:01.770] [bmv2] [D] [thread 3698] [23.0] [cxt 0] Parser state 'parse_ethernet': key is 86dd
[13:06:01.770] [bmv2] [T] [thread 3698] [23.0] [cxt 0] Bytes parsed: 14
[13:06:01.770] [bmv2] [D] [thread 3698] [23.0] [cxt 0] Parser 'parser': end
[13:06:01.770] [bmv2] [D] [thread 3698] [23.0] [cxt 0] Pipeline 'ingress': start
[13:06:01.770] [bmv2] [T] [thread 3698] [23.0] [cxt 0] ../simple_router_16.p4(497) Condition "hdr.ipv4.isValid() && hdr.ipv4.ttl > 8w0" (node_2) is false
[13:06:01.770] [bmv2] [D] [thread 3698] [23.0] [cxt 0] Pipeline 'ingress': end
[13:06:01.770] [bmv2] [D] [thread 3698] [23.0] [cxt 0] Egress port is 0
[13:06:01.770] [bmv2] [D] [thread 3699] [23.0] [cxt 0] Pipeline 'egress': start
[13:06:01.770] [bmv2] [T] [thread 3699] [23.0] [cxt 0] ../simple_router_16.p4(298) Condition "hdr.udp.isValid()" (node_30) is false
[13:06:01.770] [bmv2] [T] [thread 3699] [23.0] [cxt 0] Applying table 'send_frame'
[13:06:01.770] [bmv2] [D] [thread 3699] [23.0] [cxt 0] Looking up key:
* standard_metadata.egress_port: 0000

[13:06:01.770] [bmv2] [D] [thread 3699] [23.0] [cxt 0] Table 'send_frame': miss
[13:06:01.770] [bmv2] [D] [thread 3699] [23.0] [cxt 0] Action entry is NoAction - 
[13:06:01.770] [bmv2] [T] [thread 3699] [23.0] [cxt 0] Action NoAction
[13:06:01.770] [bmv2] [D] [thread 3699] [23.0] [cxt 0] Pipeline 'egress': end
[13:06:01.770] [bmv2] [D] [thread 3699] [23.0] [cxt 0] Deparser 'deparser': start
[13:06:01.770] [bmv2] [T] [thread 3699] [23.0] [cxt 0] Skipping checksum 'cksum' update because condition not met
[13:06:01.770] [bmv2] [T] [thread 3699] [23.0] [cxt 0] Skipping checksum 'cksum_0' update because condition not met
[13:06:01.770] [bmv2] [T] [thread 3699] [23.0] [cxt 0] Skipping checksum 'cksum_1' update because condition not met
[13:06:01.770] [bmv2] [D] [thread 3699] [23.0] [cxt 0] Deparsing header 'ethernet'
[13:06:01.770] [bmv2] [D] [thread 3699] [23.0] [cxt 0] Deparser 'deparser': end
[13:06:01.770] [bmv2] [D] [thread 3703] [23.0] [cxt 0] Transmitting packet of size 70 out of port 0
[13:06:01.779] [bmv2] [D] [thread 3698] [24.0] [cxt 0] Processing packet received on port 2
[13:06:01.779] [bmv2] [D] [thread 3698] [24.0] [cxt 0] Parser 'parser': start
[13:06:01.779] [bmv2] [D] [thread 3698] [24.0] [cxt 0] Parser 'parser' entering state 'start'
[13:06:01.779] [bmv2] [D] [thread 3698] [24.0] [cxt 0] Parser state 'start' has no switch, going to default next state
[13:06:01.779] [bmv2] [T] [thread 3698] [24.0] [cxt 0] Bytes parsed: 0
[13:06:01.779] [bmv2] [D] [thread 3698] [24.0] [cxt 0] Parser 'parser' entering state 'parse_ethernet'
[13:06:01.779] [bmv2] [D] [thread 3698] [24.0] [cxt 0] Extracting header 'ethernet'
[13:06:01.779] [bmv2] [D] [thread 3698] [24.0] [cxt 0] Parser state 'parse_ethernet': key is 86dd
[13:06:01.779] [bmv2] [T] [thread 3698] [24.0] [cxt 0] Bytes parsed: 14
[13:06:01.779] [bmv2] [D] [thread 3698] [24.0] [cxt 0] Parser 'parser': end
[13:06:01.779] [bmv2] [D] [thread 3698] [24.0] [cxt 0] Pipeline 'ingress': start
[13:06:01.779] [bmv2] [T] [thread 3698] [24.0] [cxt 0] ../simple_router_16.p4(497) Condition "hdr.ipv4.isValid() && hdr.ipv4.ttl > 8w0" (node_2) is false
[13:06:01.779] [bmv2] [D] [thread 3698] [24.0] [cxt 0] Pipeline 'ingress': end
[13:06:01.779] [bmv2] [D] [thread 3698] [24.0] [cxt 0] Egress port is 0
[13:06:01.779] [bmv2] [D] [thread 3699] [24.0] [cxt 0] Pipeline 'egress': start
[13:06:01.779] [bmv2] [T] [thread 3699] [24.0] [cxt 0] ../simple_router_16.p4(298) Condition "hdr.udp.isValid()" (node_30) is false
[13:06:01.779] [bmv2] [T] [thread 3699] [24.0] [cxt 0] Applying table 'send_frame'
[13:06:01.779] [bmv2] [D] [thread 3699] [24.0] [cxt 0] Looking up key:
* standard_metadata.egress_port: 0000

[13:06:01.779] [bmv2] [D] [thread 3699] [24.0] [cxt 0] Table 'send_frame': miss
[13:06:01.779] [bmv2] [D] [thread 3699] [24.0] [cxt 0] Action entry is NoAction - 
[13:06:01.779] [bmv2] [T] [thread 3699] [24.0] [cxt 0] Action NoAction
[13:06:01.779] [bmv2] [D] [thread 3699] [24.0] [cxt 0] Pipeline 'egress': end
[13:06:01.779] [bmv2] [D] [thread 3699] [24.0] [cxt 0] Deparser 'deparser': start
[13:06:01.779] [bmv2] [T] [thread 3699] [24.0] [cxt 0] Skipping checksum 'cksum' update because condition not met
[13:06:01.779] [bmv2] [T] [thread 3699] [24.0] [cxt 0] Skipping checksum 'cksum_0' update because condition not met
[13:06:01.779] [bmv2] [T] [thread 3699] [24.0] [cxt 0] Skipping checksum 'cksum_1' update because condition not met
[13:06:01.779] [bmv2] [D] [thread 3699] [24.0] [cxt 0] Deparsing header 'ethernet'
[13:06:01.779] [bmv2] [D] [thread 3699] [24.0] [cxt 0] Deparser 'deparser': end
[13:06:01.779] [bmv2] [D] [thread 3703] [24.0] [cxt 0] Transmitting packet of size 70 out of port 0
[13:06:01.858] [bmv2] [D] [thread 3698] [25.0] [cxt 0] Processing packet received on port 1
[13:06:01.858] [bmv2] [D] [thread 3698] [25.0] [cxt 0] Parser 'parser': start
[13:06:01.858] [bmv2] [D] [thread 3698] [25.0] [cxt 0] Parser 'parser' entering state 'start'
[13:06:01.858] [bmv2] [D] [thread 3698] [25.0] [cxt 0] Parser state 'start' has no switch, going to default next state
[13:06:01.858] [bmv2] [T] [thread 3698] [25.0] [cxt 0] Bytes parsed: 0
[13:06:01.858] [bmv2] [D] [thread 3698] [25.0] [cxt 0] Parser 'parser' entering state 'parse_ethernet'
[13:06:01.858] [bmv2] [D] [thread 3698] [25.0] [cxt 0] Extracting header 'ethernet'
[13:06:01.858] [bmv2] [D] [thread 3698] [25.0] [cxt 0] Parser state 'parse_ethernet': key is 86dd
[13:06:01.858] [bmv2] [T] [thread 3698] [25.0] [cxt 0] Bytes parsed: 14
[13:06:01.859] [bmv2] [D] [thread 3698] [25.0] [cxt 0] Parser 'parser': end
[13:06:01.859] [bmv2] [D] [thread 3698] [25.0] [cxt 0] Pipeline 'ingress': start
[13:06:01.859] [bmv2] [T] [thread 3698] [25.0] [cxt 0] ../simple_router_16.p4(497) Condition "hdr.ipv4.isValid() && hdr.ipv4.ttl > 8w0" (node_2) is false
[13:06:01.859] [bmv2] [D] [thread 3698] [25.0] [cxt 0] Pipeline 'ingress': end
[13:06:01.859] [bmv2] [D] [thread 3698] [25.0] [cxt 0] Egress port is 0
[13:06:01.859] [bmv2] [D] [thread 3698] [26.0] [cxt 0] Processing packet received on port 5
[13:06:01.859] [bmv2] [D] [thread 3698] [26.0] [cxt 0] Parser 'parser': start
[13:06:01.859] [bmv2] [D] [thread 3698] [26.0] [cxt 0] Parser 'parser' entering state 'start'
[13:06:01.859] [bmv2] [D] [thread 3698] [26.0] [cxt 0] Parser state 'start' has no switch, going to default next state
[13:06:01.859] [bmv2] [T] [thread 3698] [26.0] [cxt 0] Bytes parsed: 0
[13:06:01.859] [bmv2] [D] [thread 3698] [26.0] [cxt 0] Parser 'parser' entering state 'parse_ethernet'
[13:06:01.859] [bmv2] [D] [thread 3698] [26.0] [cxt 0] Extracting header 'ethernet'
[13:06:01.859] [bmv2] [D] [thread 3698] [26.0] [cxt 0] Parser state 'parse_ethernet': key is 86dd
[13:06:01.859] [bmv2] [T] [thread 3698] [26.0] [cxt 0] Bytes parsed: 14
[13:06:01.859] [bmv2] [D] [thread 3698] [26.0] [cxt 0] Parser 'parser': end
[13:06:01.859] [bmv2] [D] [thread 3698] [26.0] [cxt 0] Pipeline 'ingress': start
[13:06:01.859] [bmv2] [T] [thread 3698] [26.0] [cxt 0] ../simple_router_16.p4(497) Condition "hdr.ipv4.isValid() && hdr.ipv4.ttl > 8w0" (node_2) is false
[13:06:01.859] [bmv2] [D] [thread 3698] [26.0] [cxt 0] Pipeline 'ingress': end
[13:06:01.859] [bmv2] [D] [thread 3698] [26.0] [cxt 0] Egress port is 0
[13:06:01.859] [bmv2] [D] [thread 3699] [25.0] [cxt 0] Pipeline 'egress': start
[13:06:01.859] [bmv2] [T] [thread 3699] [25.0] [cxt 0] ../simple_router_16.p4(298) Condition "hdr.udp.isValid()" (node_30) is false
[13:06:01.859] [bmv2] [T] [thread 3699] [25.0] [cxt 0] Applying table 'send_frame'
[13:06:01.859] [bmv2] [D] [thread 3699] [25.0] [cxt 0] Looking up key:
* standard_metadata.egress_port: 0000

[13:06:01.859] [bmv2] [D] [thread 3699] [25.0] [cxt 0] Table 'send_frame': miss
[13:06:01.859] [bmv2] [D] [thread 3699] [25.0] [cxt 0] Action entry is NoAction - 
[13:06:01.859] [bmv2] [T] [thread 3699] [25.0] [cxt 0] Action NoAction
[13:06:01.859] [bmv2] [D] [thread 3699] [25.0] [cxt 0] Pipeline 'egress': end
[13:06:01.859] [bmv2] [D] [thread 3699] [25.0] [cxt 0] Deparser 'deparser': start
[13:06:01.859] [bmv2] [T] [thread 3699] [25.0] [cxt 0] Skipping checksum 'cksum' update because condition not met
[13:06:01.859] [bmv2] [T] [thread 3699] [25.0] [cxt 0] Skipping checksum 'cksum_0' update because condition not met
[13:06:01.859] [bmv2] [T] [thread 3699] [25.0] [cxt 0] Skipping checksum 'cksum_1' update because condition not met
[13:06:01.859] [bmv2] [D] [thread 3699] [25.0] [cxt 0] Deparsing header 'ethernet'
[13:06:01.859] [bmv2] [D] [thread 3699] [25.0] [cxt 0] Deparser 'deparser': end
[13:06:01.859] [bmv2] [D] [thread 3699] [26.0] [cxt 0] Pipeline 'egress': start
[13:06:01.859] [bmv2] [T] [thread 3699] [26.0] [cxt 0] ../simple_router_16.p4(298) Condition "hdr.udp.isValid()" (node_30) is false
[13:06:01.859] [bmv2] [T] [thread 3699] [26.0] [cxt 0] Applying table 'send_frame'
[13:06:01.859] [bmv2] [D] [thread 3699] [26.0] [cxt 0] Looking up key:
* standard_metadata.egress_port: 0000

[13:06:01.859] [bmv2] [D] [thread 3699] [26.0] [cxt 0] Table 'send_frame': miss
[13:06:01.859] [bmv2] [D] [thread 3699] [26.0] [cxt 0] Action entry is NoAction - 
[13:06:01.859] [bmv2] [T] [thread 3699] [26.0] [cxt 0] Action NoAction
[13:06:01.859] [bmv2] [D] [thread 3699] [26.0] [cxt 0] Pipeline 'egress': end
[13:06:01.859] [bmv2] [D] [thread 3699] [26.0] [cxt 0] Deparser 'deparser': start
[13:06:01.859] [bmv2] [T] [thread 3699] [26.0] [cxt 0] Skipping checksum 'cksum' update because condition not met
[13:06:01.859] [bmv2] [T] [thread 3699] [26.0] [cxt 0] Skipping checksum 'cksum_0' update because condition not met
[13:06:01.859] [bmv2] [T] [thread 3699] [26.0] [cxt 0] Skipping checksum 'cksum_1' update because condition not met
[13:06:01.859] [bmv2] [D] [thread 3699] [26.0] [cxt 0] Deparsing header 'ethernet'
[13:06:01.859] [bmv2] [D] [thread 3699] [26.0] [cxt 0] Deparser 'deparser': end
[13:06:01.860] [bmv2] [D] [thread 3703] [25.0] [cxt 0] Transmitting packet of size 70 out of port 0
[13:06:01.860] [bmv2] [D] [thread 3703] [26.0] [cxt 0] Transmitting packet of size 70 out of port 0
[13:06:02.034] [bmv2] [D] [thread 3698] [27.0] [cxt 0] Processing packet received on port 3
[13:06:02.034] [bmv2] [D] [thread 3698] [27.0] [cxt 0] Parser 'parser': start
[13:06:02.034] [bmv2] [D] [thread 3698] [27.0] [cxt 0] Parser 'parser' entering state 'start'
[13:06:02.034] [bmv2] [D] [thread 3698] [27.0] [cxt 0] Parser state 'start' has no switch, going to default next state
[13:06:02.034] [bmv2] [T] [thread 3698] [27.0] [cxt 0] Bytes parsed: 0
[13:06:02.034] [bmv2] [D] [thread 3698] [27.0] [cxt 0] Parser 'parser' entering state 'parse_ethernet'
[13:06:02.034] [bmv2] [D] [thread 3698] [27.0] [cxt 0] Extracting header 'ethernet'
[13:06:02.034] [bmv2] [D] [thread 3698] [27.0] [cxt 0] Parser state 'parse_ethernet': key is 86dd
[13:06:02.034] [bmv2] [T] [thread 3698] [27.0] [cxt 0] Bytes parsed: 14
[13:06:02.034] [bmv2] [D] [thread 3698] [27.0] [cxt 0] Parser 'parser': end
[13:06:02.034] [bmv2] [D] [thread 3698] [27.0] [cxt 0] Pipeline 'ingress': start
[13:06:02.034] [bmv2] [T] [thread 3698] [27.0] [cxt 0] ../simple_router_16.p4(497) Condition "hdr.ipv4.isValid() && hdr.ipv4.ttl > 8w0" (node_2) is false
[13:06:02.034] [bmv2] [D] [thread 3698] [27.0] [cxt 0] Pipeline 'ingress': end
[13:06:02.034] [bmv2] [D] [thread 3698] [27.0] [cxt 0] Egress port is 0
[13:06:02.034] [bmv2] [D] [thread 3699] [27.0] [cxt 0] Pipeline 'egress': start
[13:06:02.034] [bmv2] [T] [thread 3699] [27.0] [cxt 0] ../simple_router_16.p4(298) Condition "hdr.udp.isValid()" (node_30) is false
[13:06:02.034] [bmv2] [T] [thread 3699] [27.0] [cxt 0] Applying table 'send_frame'
[13:06:02.035] [bmv2] [D] [thread 3699] [27.0] [cxt 0] Looking up key:
* standard_metadata.egress_port: 0000

[13:06:02.035] [bmv2] [D] [thread 3699] [27.0] [cxt 0] Table 'send_frame': miss
[13:06:02.035] [bmv2] [D] [thread 3699] [27.0] [cxt 0] Action entry is NoAction - 
[13:06:02.035] [bmv2] [T] [thread 3699] [27.0] [cxt 0] Action NoAction
[13:06:02.035] [bmv2] [D] [thread 3699] [27.0] [cxt 0] Pipeline 'egress': end
[13:06:02.035] [bmv2] [D] [thread 3699] [27.0] [cxt 0] Deparser 'deparser': start
[13:06:02.035] [bmv2] [T] [thread 3699] [27.0] [cxt 0] Skipping checksum 'cksum' update because condition not met
[13:06:02.035] [bmv2] [T] [thread 3699] [27.0] [cxt 0] Skipping checksum 'cksum_0' update because condition not met
[13:06:02.035] [bmv2] [T] [thread 3699] [27.0] [cxt 0] Skipping checksum 'cksum_1' update because condition not met
[13:06:02.035] [bmv2] [D] [thread 3699] [27.0] [cxt 0] Deparsing header 'ethernet'
[13:06:02.035] [bmv2] [D] [thread 3699] [27.0] [cxt 0] Deparser 'deparser': end
[13:06:02.035] [bmv2] [D] [thread 3703] [27.0] [cxt 0] Transmitting packet of size 70 out of port 0
[13:06:05.614] [bmv2] [D] [thread 3698] [28.0] [cxt 0] Processing packet received on port 5
[13:06:05.615] [bmv2] [D] [thread 3698] [28.0] [cxt 0] Parser 'parser': start
[13:06:05.615] [bmv2] [D] [thread 3698] [28.0] [cxt 0] Parser 'parser' entering state 'start'
[13:06:05.615] [bmv2] [D] [thread 3698] [28.0] [cxt 0] Parser state 'start' has no switch, going to default next state
[13:06:05.615] [bmv2] [T] [thread 3698] [28.0] [cxt 0] Bytes parsed: 0
[13:06:05.615] [bmv2] [D] [thread 3698] [28.0] [cxt 0] Parser 'parser' entering state 'parse_ethernet'
[13:06:05.615] [bmv2] [D] [thread 3698] [28.0] [cxt 0] Extracting header 'ethernet'
[13:06:05.615] [bmv2] [D] [thread 3698] [28.0] [cxt 0] Parser state 'parse_ethernet': key is 86dd
[13:06:05.615] [bmv2] [T] [thread 3698] [28.0] [cxt 0] Bytes parsed: 14
[13:06:05.615] [bmv2] [D] [thread 3698] [28.0] [cxt 0] Parser 'parser': end
[13:06:05.615] [bmv2] [D] [thread 3698] [28.0] [cxt 0] Pipeline 'ingress': start
[13:06:05.615] [bmv2] [T] [thread 3698] [28.0] [cxt 0] ../simple_router_16.p4(497) Condition "hdr.ipv4.isValid() && hdr.ipv4.ttl > 8w0" (node_2) is false
[13:06:05.615] [bmv2] [D] [thread 3698] [28.0] [cxt 0] Pipeline 'ingress': end
[13:06:05.615] [bmv2] [D] [thread 3698] [28.0] [cxt 0] Egress port is 0
[13:06:05.615] [bmv2] [D] [thread 3699] [28.0] [cxt 0] Pipeline 'egress': start
[13:06:05.615] [bmv2] [T] [thread 3699] [28.0] [cxt 0] ../simple_router_16.p4(298) Condition "hdr.udp.isValid()" (node_30) is false
[13:06:05.615] [bmv2] [T] [thread 3699] [28.0] [cxt 0] Applying table 'send_frame'
[13:06:05.615] [bmv2] [D] [thread 3699] [28.0] [cxt 0] Looking up key:
* standard_metadata.egress_port: 0000

[13:06:05.615] [bmv2] [D] [thread 3699] [28.0] [cxt 0] Table 'send_frame': miss
[13:06:05.615] [bmv2] [D] [thread 3699] [28.0] [cxt 0] Action entry is NoAction - 
[13:06:05.615] [bmv2] [T] [thread 3699] [28.0] [cxt 0] Action NoAction
[13:06:05.615] [bmv2] [D] [thread 3699] [28.0] [cxt 0] Pipeline 'egress': end
[13:06:05.615] [bmv2] [D] [thread 3699] [28.0] [cxt 0] Deparser 'deparser': start
[13:06:05.615] [bmv2] [T] [thread 3699] [28.0] [cxt 0] Skipping checksum 'cksum' update because condition not met
[13:06:05.615] [bmv2] [T] [thread 3699] [28.0] [cxt 0] Skipping checksum 'cksum_0' update because condition not met
[13:06:05.615] [bmv2] [T] [thread 3699] [28.0] [cxt 0] Skipping checksum 'cksum_1' update because condition not met
[13:06:05.615] [bmv2] [D] [thread 3699] [28.0] [cxt 0] Deparsing header 'ethernet'
[13:06:05.615] [bmv2] [D] [thread 3699] [28.0] [cxt 0] Deparser 'deparser': end
[13:06:05.615] [bmv2] [D] [thread 3703] [28.0] [cxt 0] Transmitting packet of size 70 out of port 0
[13:06:05.779] [bmv2] [D] [thread 3698] [29.0] [cxt 0] Processing packet received on port 4
[13:06:05.779] [bmv2] [D] [thread 3698] [29.0] [cxt 0] Parser 'parser': start
[13:06:05.779] [bmv2] [D] [thread 3698] [29.0] [cxt 0] Parser 'parser' entering state 'start'
[13:06:05.779] [bmv2] [D] [thread 3698] [29.0] [cxt 0] Parser state 'start' has no switch, going to default next state
[13:06:05.779] [bmv2] [T] [thread 3698] [29.0] [cxt 0] Bytes parsed: 0
[13:06:05.779] [bmv2] [D] [thread 3698] [29.0] [cxt 0] Parser 'parser' entering state 'parse_ethernet'
[13:06:05.779] [bmv2] [D] [thread 3698] [29.0] [cxt 0] Extracting header 'ethernet'
[13:06:05.779] [bmv2] [D] [thread 3698] [29.0] [cxt 0] Parser state 'parse_ethernet': key is 86dd
[13:06:05.780] [bmv2] [T] [thread 3698] [29.0] [cxt 0] Bytes parsed: 14
[13:06:05.780] [bmv2] [D] [thread 3698] [29.0] [cxt 0] Parser 'parser': end
[13:06:05.780] [bmv2] [D] [thread 3698] [29.0] [cxt 0] Pipeline 'ingress': start
[13:06:05.780] [bmv2] [T] [thread 3698] [29.0] [cxt 0] ../simple_router_16.p4(497) Condition "hdr.ipv4.isValid() && hdr.ipv4.ttl > 8w0" (node_2) is false
[13:06:05.780] [bmv2] [D] [thread 3698] [29.0] [cxt 0] Pipeline 'ingress': end
[13:06:05.780] [bmv2] [D] [thread 3698] [29.0] [cxt 0] Egress port is 0
[13:06:05.780] [bmv2] [D] [thread 3699] [29.0] [cxt 0] Pipeline 'egress': start
[13:06:05.780] [bmv2] [T] [thread 3699] [29.0] [cxt 0] ../simple_router_16.p4(298) Condition "hdr.udp.isValid()" (node_30) is false
[13:06:05.780] [bmv2] [T] [thread 3699] [29.0] [cxt 0] Applying table 'send_frame'
[13:06:05.780] [bmv2] [D] [thread 3699] [29.0] [cxt 0] Looking up key:
* standard_metadata.egress_port: 0000

[13:06:05.780] [bmv2] [D] [thread 3699] [29.0] [cxt 0] Table 'send_frame': miss
[13:06:05.780] [bmv2] [D] [thread 3699] [29.0] [cxt 0] Action entry is NoAction - 
[13:06:05.780] [bmv2] [T] [thread 3699] [29.0] [cxt 0] Action NoAction
[13:06:05.780] [bmv2] [D] [thread 3699] [29.0] [cxt 0] Pipeline 'egress': end
[13:06:05.780] [bmv2] [D] [thread 3699] [29.0] [cxt 0] Deparser 'deparser': start
[13:06:05.780] [bmv2] [T] [thread 3699] [29.0] [cxt 0] Skipping checksum 'cksum' update because condition not met
[13:06:05.780] [bmv2] [T] [thread 3699] [29.0] [cxt 0] Skipping checksum 'cksum_0' update because condition not met
[13:06:05.780] [bmv2] [T] [thread 3699] [29.0] [cxt 0] Skipping checksum 'cksum_1' update because condition not met
[13:06:05.780] [bmv2] [D] [thread 3699] [29.0] [cxt 0] Deparsing header 'ethernet'
[13:06:05.780] [bmv2] [D] [thread 3699] [29.0] [cxt 0] Deparser 'deparser': end
[13:06:05.780] [bmv2] [D] [thread 3703] [29.0] [cxt 0] Transmitting packet of size 70 out of port 0
[13:06:05.786] [bmv2] [D] [thread 3698] [30.0] [cxt 0] Processing packet received on port 2
[13:06:05.786] [bmv2] [D] [thread 3698] [30.0] [cxt 0] Parser 'parser': start
[13:06:05.786] [bmv2] [D] [thread 3698] [30.0] [cxt 0] Parser 'parser' entering state 'start'
[13:06:05.786] [bmv2] [D] [thread 3698] [30.0] [cxt 0] Parser state 'start' has no switch, going to default next state
[13:06:05.786] [bmv2] [T] [thread 3698] [30.0] [cxt 0] Bytes parsed: 0
[13:06:05.786] [bmv2] [D] [thread 3698] [30.0] [cxt 0] Parser 'parser' entering state 'parse_ethernet'
[13:06:05.786] [bmv2] [D] [thread 3698] [30.0] [cxt 0] Extracting header 'ethernet'
[13:06:05.786] [bmv2] [D] [thread 3698] [30.0] [cxt 0] Parser state 'parse_ethernet': key is 86dd
[13:06:05.786] [bmv2] [T] [thread 3698] [30.0] [cxt 0] Bytes parsed: 14
[13:06:05.787] [bmv2] [D] [thread 3698] [30.0] [cxt 0] Parser 'parser': end
[13:06:05.787] [bmv2] [D] [thread 3698] [30.0] [cxt 0] Pipeline 'ingress': start
[13:06:05.787] [bmv2] [T] [thread 3698] [30.0] [cxt 0] ../simple_router_16.p4(497) Condition "hdr.ipv4.isValid() && hdr.ipv4.ttl > 8w0" (node_2) is false
[13:06:05.787] [bmv2] [D] [thread 3698] [30.0] [cxt 0] Pipeline 'ingress': end
[13:06:05.787] [bmv2] [D] [thread 3698] [30.0] [cxt 0] Egress port is 0
[13:06:05.787] [bmv2] [D] [thread 3699] [30.0] [cxt 0] Pipeline 'egress': start
[13:06:05.787] [bmv2] [T] [thread 3699] [30.0] [cxt 0] ../simple_router_16.p4(298) Condition "hdr.udp.isValid()" (node_30) is false
[13:06:05.787] [bmv2] [T] [thread 3699] [30.0] [cxt 0] Applying table 'send_frame'
[13:06:05.787] [bmv2] [D] [thread 3699] [30.0] [cxt 0] Looking up key:
* standard_metadata.egress_port: 0000

[13:06:05.787] [bmv2] [D] [thread 3699] [30.0] [cxt 0] Table 'send_frame': miss
[13:06:05.787] [bmv2] [D] [thread 3699] [30.0] [cxt 0] Action entry is NoAction - 
[13:06:05.787] [bmv2] [T] [thread 3699] [30.0] [cxt 0] Action NoAction
[13:06:05.787] [bmv2] [D] [thread 3699] [30.0] [cxt 0] Pipeline 'egress': end
[13:06:05.787] [bmv2] [D] [thread 3699] [30.0] [cxt 0] Deparser 'deparser': start
[13:06:05.787] [bmv2] [T] [thread 3699] [30.0] [cxt 0] Skipping checksum 'cksum' update because condition not met
[13:06:05.787] [bmv2] [T] [thread 3699] [30.0] [cxt 0] Skipping checksum 'cksum_0' update because condition not met
[13:06:05.787] [bmv2] [T] [thread 3699] [30.0] [cxt 0] Skipping checksum 'cksum_1' update because condition not met
[13:06:05.787] [bmv2] [D] [thread 3699] [30.0] [cxt 0] Deparsing header 'ethernet'
[13:06:05.787] [bmv2] [D] [thread 3699] [30.0] [cxt 0] Deparser 'deparser': end
[13:06:05.787] [bmv2] [D] [thread 3703] [30.0] [cxt 0] Transmitting packet of size 70 out of port 0
[13:06:05.871] [bmv2] [D] [thread 3698] [31.0] [cxt 0] Processing packet received on port 1
[13:06:05.871] [bmv2] [D] [thread 3698] [31.0] [cxt 0] Parser 'parser': start
[13:06:05.871] [bmv2] [D] [thread 3698] [31.0] [cxt 0] Parser 'parser' entering state 'start'
[13:06:05.871] [bmv2] [D] [thread 3698] [31.0] [cxt 0] Parser state 'start' has no switch, going to default next state
[13:06:05.871] [bmv2] [T] [thread 3698] [31.0] [cxt 0] Bytes parsed: 0
[13:06:05.871] [bmv2] [D] [thread 3698] [31.0] [cxt 0] Parser 'parser' entering state 'parse_ethernet'
[13:06:05.871] [bmv2] [D] [thread 3698] [31.0] [cxt 0] Extracting header 'ethernet'
[13:06:05.871] [bmv2] [D] [thread 3698] [31.0] [cxt 0] Parser state 'parse_ethernet': key is 86dd
[13:06:05.871] [bmv2] [T] [thread 3698] [31.0] [cxt 0] Bytes parsed: 14
[13:06:05.871] [bmv2] [D] [thread 3698] [31.0] [cxt 0] Parser 'parser': end
[13:06:05.871] [bmv2] [D] [thread 3698] [31.0] [cxt 0] Pipeline 'ingress': start
[13:06:05.871] [bmv2] [T] [thread 3698] [31.0] [cxt 0] ../simple_router_16.p4(497) Condition "hdr.ipv4.isValid() && hdr.ipv4.ttl > 8w0" (node_2) is false
[13:06:05.871] [bmv2] [D] [thread 3698] [31.0] [cxt 0] Pipeline 'ingress': end
[13:06:05.871] [bmv2] [D] [thread 3698] [31.0] [cxt 0] Egress port is 0
[13:06:05.871] [bmv2] [D] [thread 3698] [32.0] [cxt 0] Processing packet received on port 5
[13:06:05.872] [bmv2] [D] [thread 3698] [32.0] [cxt 0] Parser 'parser': start
[13:06:05.872] [bmv2] [D] [thread 3698] [32.0] [cxt 0] Parser 'parser' entering state 'start'
[13:06:05.872] [bmv2] [D] [thread 3698] [32.0] [cxt 0] Parser state 'start' has no switch, going to default next state
[13:06:05.872] [bmv2] [T] [thread 3698] [32.0] [cxt 0] Bytes parsed: 0
[13:06:05.872] [bmv2] [D] [thread 3698] [32.0] [cxt 0] Parser 'parser' entering state 'parse_ethernet'
[13:06:05.872] [bmv2] [D] [thread 3698] [32.0] [cxt 0] Extracting header 'ethernet'
[13:06:05.872] [bmv2] [D] [thread 3698] [32.0] [cxt 0] Parser state 'parse_ethernet': key is 86dd
[13:06:05.872] [bmv2] [T] [thread 3698] [32.0] [cxt 0] Bytes parsed: 14
[13:06:05.872] [bmv2] [D] [thread 3698] [32.0] [cxt 0] Parser 'parser': end
[13:06:05.872] [bmv2] [D] [thread 3698] [32.0] [cxt 0] Pipeline 'ingress': start
[13:06:05.872] [bmv2] [T] [thread 3698] [32.0] [cxt 0] ../simple_router_16.p4(497) Condition "hdr.ipv4.isValid() && hdr.ipv4.ttl > 8w0" (node_2) is false
[13:06:05.872] [bmv2] [D] [thread 3698] [32.0] [cxt 0] Pipeline 'ingress': end
[13:06:05.872] [bmv2] [D] [thread 3698] [32.0] [cxt 0] Egress port is 0
[13:06:05.872] [bmv2] [D] [thread 3699] [31.0] [cxt 0] Pipeline 'egress': start
[13:06:05.872] [bmv2] [T] [thread 3699] [31.0] [cxt 0] ../simple_router_16.p4(298) Condition "hdr.udp.isValid()" (node_30) is false
[13:06:05.872] [bmv2] [T] [thread 3699] [31.0] [cxt 0] Applying table 'send_frame'
[13:06:05.872] [bmv2] [D] [thread 3699] [31.0] [cxt 0] Looking up key:
* standard_metadata.egress_port: 0000

[13:06:05.872] [bmv2] [D] [thread 3699] [31.0] [cxt 0] Table 'send_frame': miss
[13:06:05.872] [bmv2] [D] [thread 3699] [31.0] [cxt 0] Action entry is NoAction - 
[13:06:05.872] [bmv2] [T] [thread 3699] [31.0] [cxt 0] Action NoAction
[13:06:05.872] [bmv2] [D] [thread 3699] [31.0] [cxt 0] Pipeline 'egress': end
[13:06:05.872] [bmv2] [D] [thread 3699] [31.0] [cxt 0] Deparser 'deparser': start
[13:06:05.872] [bmv2] [T] [thread 3699] [31.0] [cxt 0] Skipping checksum 'cksum' update because condition not met
[13:06:05.872] [bmv2] [T] [thread 3699] [31.0] [cxt 0] Skipping checksum 'cksum_0' update because condition not met
[13:06:05.872] [bmv2] [T] [thread 3699] [31.0] [cxt 0] Skipping checksum 'cksum_1' update because condition not met
[13:06:05.872] [bmv2] [D] [thread 3699] [31.0] [cxt 0] Deparsing header 'ethernet'
[13:06:05.872] [bmv2] [D] [thread 3699] [31.0] [cxt 0] Deparser 'deparser': end
[13:06:05.872] [bmv2] [D] [thread 3699] [32.0] [cxt 0] Pipeline 'egress': start
[13:06:05.872] [bmv2] [T] [thread 3699] [32.0] [cxt 0] ../simple_router_16.p4(298) Condition "hdr.udp.isValid()" (node_30) is false
[13:06:05.872] [bmv2] [T] [thread 3699] [32.0] [cxt 0] Applying table 'send_frame'
[13:06:05.872] [bmv2] [D] [thread 3699] [32.0] [cxt 0] Looking up key:
* standard_metadata.egress_port: 0000

[13:06:05.872] [bmv2] [D] [thread 3699] [32.0] [cxt 0] Table 'send_frame': miss
[13:06:05.872] [bmv2] [D] [thread 3699] [32.0] [cxt 0] Action entry is NoAction - 
[13:06:05.872] [bmv2] [T] [thread 3699] [32.0] [cxt 0] Action NoAction
[13:06:05.872] [bmv2] [D] [thread 3699] [32.0] [cxt 0] Pipeline 'egress': end
[13:06:05.872] [bmv2] [D] [thread 3699] [32.0] [cxt 0] Deparser 'deparser': start
[13:06:05.872] [bmv2] [T] [thread 3699] [32.0] [cxt 0] Skipping checksum 'cksum' update because condition not met
[13:06:05.872] [bmv2] [T] [thread 3699] [32.0] [cxt 0] Skipping checksum 'cksum_0' update because condition not met
[13:06:05.872] [bmv2] [T] [thread 3699] [32.0] [cxt 0] Skipping checksum 'cksum_1' update because condition not met
[13:06:05.872] [bmv2] [D] [thread 3699] [32.0] [cxt 0] Deparsing header 'ethernet'
[13:06:05.872] [bmv2] [D] [thread 3699] [32.0] [cxt 0] Deparser 'deparser': end
[13:06:05.872] [bmv2] [D] [thread 3703] [31.0] [cxt 0] Transmitting packet of size 70 out of port 0
[13:06:05.872] [bmv2] [D] [thread 3703] [32.0] [cxt 0] Transmitting packet of size 70 out of port 0
[13:06:06.042] [bmv2] [D] [thread 3698] [33.0] [cxt 0] Processing packet received on port 3
[13:06:06.042] [bmv2] [D] [thread 3698] [33.0] [cxt 0] Parser 'parser': start
[13:06:06.042] [bmv2] [D] [thread 3698] [33.0] [cxt 0] Parser 'parser' entering state 'start'
[13:06:06.042] [bmv2] [D] [thread 3698] [33.0] [cxt 0] Parser state 'start' has no switch, going to default next state
[13:06:06.042] [bmv2] [T] [thread 3698] [33.0] [cxt 0] Bytes parsed: 0
[13:06:06.042] [bmv2] [D] [thread 3698] [33.0] [cxt 0] Parser 'parser' entering state 'parse_ethernet'
[13:06:06.042] [bmv2] [D] [thread 3698] [33.0] [cxt 0] Extracting header 'ethernet'
[13:06:06.042] [bmv2] [D] [thread 3698] [33.0] [cxt 0] Parser state 'parse_ethernet': key is 86dd
[13:06:06.042] [bmv2] [T] [thread 3698] [33.0] [cxt 0] Bytes parsed: 14
[13:06:06.042] [bmv2] [D] [thread 3698] [33.0] [cxt 0] Parser 'parser': end
[13:06:06.042] [bmv2] [D] [thread 3698] [33.0] [cxt 0] Pipeline 'ingress': start
[13:06:06.042] [bmv2] [T] [thread 3698] [33.0] [cxt 0] ../simple_router_16.p4(497) Condition "hdr.ipv4.isValid() && hdr.ipv4.ttl > 8w0" (node_2) is false
[13:06:06.042] [bmv2] [D] [thread 3698] [33.0] [cxt 0] Pipeline 'ingress': end
[13:06:06.042] [bmv2] [D] [thread 3698] [33.0] [cxt 0] Egress port is 0
[13:06:06.042] [bmv2] [D] [thread 3699] [33.0] [cxt 0] Pipeline 'egress': start
[13:06:06.042] [bmv2] [T] [thread 3699] [33.0] [cxt 0] ../simple_router_16.p4(298) Condition "hdr.udp.isValid()" (node_30) is false
[13:06:06.042] [bmv2] [T] [thread 3699] [33.0] [cxt 0] Applying table 'send_frame'
[13:06:06.042] [bmv2] [D] [thread 3699] [33.0] [cxt 0] Looking up key:
* standard_metadata.egress_port: 0000

[13:06:06.042] [bmv2] [D] [thread 3699] [33.0] [cxt 0] Table 'send_frame': miss
[13:06:06.042] [bmv2] [D] [thread 3699] [33.0] [cxt 0] Action entry is NoAction - 
[13:06:06.043] [bmv2] [T] [thread 3699] [33.0] [cxt 0] Action NoAction
[13:06:06.043] [bmv2] [D] [thread 3699] [33.0] [cxt 0] Pipeline 'egress': end
[13:06:06.043] [bmv2] [D] [thread 3699] [33.0] [cxt 0] Deparser 'deparser': start
[13:06:06.043] [bmv2] [T] [thread 3699] [33.0] [cxt 0] Skipping checksum 'cksum' update because condition not met
[13:06:06.043] [bmv2] [T] [thread 3699] [33.0] [cxt 0] Skipping checksum 'cksum_0' update because condition not met
[13:06:06.043] [bmv2] [T] [thread 3699] [33.0] [cxt 0] Skipping checksum 'cksum_1' update because condition not met
[13:06:06.043] [bmv2] [D] [thread 3699] [33.0] [cxt 0] Deparsing header 'ethernet'
[13:06:06.043] [bmv2] [D] [thread 3699] [33.0] [cxt 0] Deparser 'deparser': end
[13:06:06.043] [bmv2] [D] [thread 3703] [33.0] [cxt 0] Transmitting packet of size 70 out of port 0
open: No such file or directory
open: No such file or directory
open: No such file or directory
open: No such file or directory
open: No such file or directory
