Calling target program-options parser
[13:05:57.063] [bmv2] [D] [thread 3705] Set default default entry for table 'match_ingress_nat_ip': NoAction - 
[13:05:57.064] [bmv2] [D] [thread 3705] Set default default entry for table 'tbl_act_2': act_2 - 
[13:05:57.064] [bmv2] [D] [thread 3705] Set default default entry for table 'tbl_act_3': act_3 - 
[13:05:57.064] [bmv2] [D] [thread 3705] Set default default entry for table 'tbl__drop': _drop - 
[13:05:57.064] [bmv2] [D] [thread 3705] Set default default entry for table 'match_sender': NoAction - 
[13:05:57.064] [bmv2] [D] [thread 3705] Set default default entry for table '_check_if_from_host_ingress': _drop - 
[13:05:57.064] [bmv2] [D] [thread 3705] Set default default entry for table 'tbl_act_4': act_4 - 
[13:05:57.064] [bmv2] [D] [thread 3705] Set default default entry for table 'tbl_act_5': act_5 - 
[13:05:57.064] [bmv2] [D] [thread 3705] Set default default entry for table 'match_egress_nat_ip_method2': NoAction - 
[13:05:57.064] [bmv2] [D] [thread 3705] Set default default entry for table 'tbl_act_6': act_6 - 
[13:05:57.064] [bmv2] [D] [thread 3705] Set default default entry for table 'tbl_act_7': act_7 - 
[13:05:57.064] [bmv2] [D] [thread 3705] Set default default entry for table 'AddNATEntryTable': MyIngress._DIGEST_AddNewNATEntry - 
[13:05:57.064] [bmv2] [D] [thread 3705] Set default default entry for table 'TableMethod2Hit': MyIngress._DIGEST_Method2Hit - 
[13:05:57.064] [bmv2] [D] [thread 3705] Set default default entry for table 'send_info2controller': MyIngress._DIGEST_Ingress - 
[13:05:57.064] [bmv2] [D] [thread 3705] Set default default entry for table 'ipv4_lpm': NoAction - 
[13:05:57.064] [bmv2] [D] [thread 3705] Set default default entry for table 'forward': NoAction - 
[13:05:57.083] [bmv2] [D] [thread 3705] Set default default entry for table 'match_egress_nat_ip': NoAction - 
[13:05:57.083] [bmv2] [D] [thread 3705] Set default default entry for table 'tbl_act': act - 
[13:05:57.083] [bmv2] [D] [thread 3705] Set default default entry for table 'tbl_act_0': act_0 - 
[13:05:57.083] [bmv2] [D] [thread 3705] Set default default entry for table 'tbl_set_CandidatePortIndex': set_CandidatePortIndex - 
[13:05:57.083] [bmv2] [D] [thread 3705] Set default default entry for table 'CandidatePort': NoAction - 
[13:05:57.083] [bmv2] [D] [thread 3705] Set default default entry for table 'tbl_act_1': act_1 - 
[13:05:57.083] [bmv2] [D] [thread 3705] Set default default entry for table 'send_frame': NoAction - 
Adding interface nat2-eth1 as port 1
[13:05:57.084] [bmv2] [D] [thread 3705] Adding interface nat2-eth1 as port 1
Adding interface nat2-eth2 as port 2
[13:05:57.106] [bmv2] [D] [thread 3705] Adding interface nat2-eth2 as port 2
Adding interface nat2-eth3 as port 3
[13:05:57.133] [bmv2] [D] [thread 3705] Adding interface nat2-eth3 as port 3
Adding interface nat2-eth4 as port 4
[13:05:57.162] [bmv2] [D] [thread 3705] Adding interface nat2-eth4 as port 4
Adding interface nat2-eth5 as port 5
[13:05:57.210] [bmv2] [D] [thread 3705] Adding interface nat2-eth5 as port 5
I0722 13:05:57.255081210    3705 server_builder.cc:247]      Synchronous server. Num CQs: 1, Min pollers: 1, Max Pollers: 2147483647, CQ timeout (msec): 1000
Server listening on 0.0.0.0:50052
[13:05:57.265] [bmv2] [I] [thread 3705] Starting Thrift server on port 9091
[13:05:57.266] [bmv2] [I] [thread 3705] Thrift server was started
[13:05:57.268] [bmv2] [D] [thread 3717] [0.0] [cxt 0] Processing packet received on port 1
[13:05:57.269] [bmv2] [D] [thread 3717] [0.0] [cxt 0] Parser 'parser': start
[13:05:57.269] [bmv2] [D] [thread 3717] [0.0] [cxt 0] Parser 'parser' entering state 'start'
[13:05:57.269] [bmv2] [D] [thread 3717] [0.0] [cxt 0] Parser state 'start' has no switch, going to default next state
[13:05:57.269] [bmv2] [T] [thread 3717] [0.0] [cxt 0] Bytes parsed: 0
[13:05:57.269] [bmv2] [D] [thread 3717] [0.0] [cxt 0] Parser 'parser' entering state 'parse_ethernet'
[13:05:57.269] [bmv2] [D] [thread 3717] [0.0] [cxt 0] Extracting header 'ethernet'
[13:05:57.269] [bmv2] [D] [thread 3717] [0.0] [cxt 0] Parser state 'parse_ethernet': key is 86dd
[13:05:57.269] [bmv2] [T] [thread 3717] [0.0] [cxt 0] Bytes parsed: 14
[13:05:57.269] [bmv2] [D] [thread 3717] [0.0] [cxt 0] Parser 'parser': end
[13:05:57.269] [bmv2] [D] [thread 3717] [0.0] [cxt 0] Pipeline 'ingress': start
[13:05:57.269] [bmv2] [T] [thread 3717] [0.0] [cxt 0] ../simple_router_16.p4(497) Condition "hdr.ipv4.isValid() && hdr.ipv4.ttl > 8w0" (node_2) is false
[13:05:57.269] [bmv2] [D] [thread 3717] [0.0] [cxt 0] Pipeline 'ingress': end
[13:05:57.269] [bmv2] [D] [thread 3717] [0.0] [cxt 0] Egress port is 0
[13:05:57.269] [bmv2] [D] [thread 3717] [1.0] [cxt 0] Processing packet received on port 2
[13:05:57.269] [bmv2] [D] [thread 3717] [1.0] [cxt 0] Parser 'parser': start
[13:05:57.269] [bmv2] [D] [thread 3717] [1.0] [cxt 0] Parser 'parser' entering state 'start'
[13:05:57.269] [bmv2] [D] [thread 3717] [1.0] [cxt 0] Parser state 'start' has no switch, going to default next state
[13:05:57.269] [bmv2] [T] [thread 3717] [1.0] [cxt 0] Bytes parsed: 0
[13:05:57.269] [bmv2] [D] [thread 3717] [1.0] [cxt 0] Parser 'parser' entering state 'parse_ethernet'
[13:05:57.269] [bmv2] [D] [thread 3717] [1.0] [cxt 0] Extracting header 'ethernet'
[13:05:57.269] [bmv2] [D] [thread 3717] [1.0] [cxt 0] Parser state 'parse_ethernet': key is 86dd
[13:05:57.269] [bmv2] [T] [thread 3717] [1.0] [cxt 0] Bytes parsed: 14
[13:05:57.269] [bmv2] [D] [thread 3717] [1.0] [cxt 0] Parser 'parser': end
[13:05:57.269] [bmv2] [D] [thread 3717] [1.0] [cxt 0] Pipeline 'ingress': start
[13:05:57.269] [bmv2] [T] [thread 3717] [1.0] [cxt 0] ../simple_router_16.p4(497) Condition "hdr.ipv4.isValid() && hdr.ipv4.ttl > 8w0" (node_2) is false
[13:05:57.269] [bmv2] [D] [thread 3717] [1.0] [cxt 0] Pipeline 'ingress': end
[13:05:57.269] [bmv2] [D] [thread 3717] [1.0] [cxt 0] Egress port is 0
[13:05:57.269] [bmv2] [D] [thread 3717] [2.0] [cxt 0] Processing packet received on port 1
[13:05:57.269] [bmv2] [D] [thread 3717] [2.0] [cxt 0] Parser 'parser': start
[13:05:57.269] [bmv2] [D] [thread 3717] [2.0] [cxt 0] Parser 'parser' entering state 'start'
[13:05:57.269] [bmv2] [D] [thread 3717] [2.0] [cxt 0] Parser state 'start' has no switch, going to default next state
[13:05:57.269] [bmv2] [T] [thread 3717] [2.0] [cxt 0] Bytes parsed: 0
[13:05:57.269] [bmv2] [D] [thread 3717] [2.0] [cxt 0] Parser 'parser' entering state 'parse_ethernet'
[13:05:57.269] [bmv2] [D] [thread 3717] [2.0] [cxt 0] Extracting header 'ethernet'
[13:05:57.269] [bmv2] [D] [thread 3717] [2.0] [cxt 0] Parser state 'parse_ethernet': key is 86dd
[13:05:57.269] [bmv2] [T] [thread 3717] [2.0] [cxt 0] Bytes parsed: 14
[13:05:57.269] [bmv2] [D] [thread 3717] [2.0] [cxt 0] Parser 'parser': end
[13:05:57.269] [bmv2] [D] [thread 3717] [2.0] [cxt 0] Pipeline 'ingress': start
[13:05:57.269] [bmv2] [T] [thread 3717] [2.0] [cxt 0] ../simple_router_16.p4(497) Condition "hdr.ipv4.isValid() && hdr.ipv4.ttl > 8w0" (node_2) is false
[13:05:57.269] [bmv2] [D] [thread 3717] [2.0] [cxt 0] Pipeline 'ingress': end
[13:05:57.269] [bmv2] [D] [thread 3717] [2.0] [cxt 0] Egress port is 0
[13:05:57.269] [bmv2] [D] [thread 3717] [3.0] [cxt 0] Processing packet received on port 2
[13:05:57.269] [bmv2] [D] [thread 3717] [3.0] [cxt 0] Parser 'parser': start
[13:05:57.269] [bmv2] [D] [thread 3717] [3.0] [cxt 0] Parser 'parser' entering state 'start'
[13:05:57.269] [bmv2] [D] [thread 3717] [3.0] [cxt 0] Parser state 'start' has no switch, going to default next state
[13:05:57.269] [bmv2] [T] [thread 3717] [3.0] [cxt 0] Bytes parsed: 0
[13:05:57.269] [bmv2] [D] [thread 3717] [3.0] [cxt 0] Parser 'parser' entering state 'parse_ethernet'
[13:05:57.269] [bmv2] [D] [thread 3717] [3.0] [cxt 0] Extracting header 'ethernet'
[13:05:57.269] [bmv2] [D] [thread 3717] [3.0] [cxt 0] Parser state 'parse_ethernet': key is 86dd
[13:05:57.269] [bmv2] [T] [thread 3717] [3.0] [cxt 0] Bytes parsed: 14
[13:05:57.269] [bmv2] [D] [thread 3717] [3.0] [cxt 0] Parser 'parser': end
[13:05:57.269] [bmv2] [D] [thread 3717] [3.0] [cxt 0] Pipeline 'ingress': start
[13:05:57.269] [bmv2] [T] [thread 3717] [3.0] [cxt 0] ../simple_router_16.p4(497) Condition "hdr.ipv4.isValid() && hdr.ipv4.ttl > 8w0" (node_2) is false
[13:05:57.269] [bmv2] [D] [thread 3717] [3.0] [cxt 0] Pipeline 'ingress': end
[13:05:57.269] [bmv2] [D] [thread 3717] [3.0] [cxt 0] Egress port is 0
[13:05:57.270] [bmv2] [D] [thread 3717] [4.0] [cxt 0] Processing packet received on port 1
[13:05:57.270] [bmv2] [D] [thread 3717] [4.0] [cxt 0] Parser 'parser': start
[13:05:57.270] [bmv2] [D] [thread 3717] [4.0] [cxt 0] Parser 'parser' entering state 'start'
[13:05:57.270] [bmv2] [D] [thread 3717] [4.0] [cxt 0] Parser state 'start' has no switch, going to default next state
[13:05:57.270] [bmv2] [T] [thread 3717] [4.0] [cxt 0] Bytes parsed: 0
[13:05:57.270] [bmv2] [D] [thread 3717] [4.0] [cxt 0] Parser 'parser' entering state 'parse_ethernet'
[13:05:57.270] [bmv2] [D] [thread 3717] [4.0] [cxt 0] Extracting header 'ethernet'
[13:05:57.270] [bmv2] [D] [thread 3717] [4.0] [cxt 0] Parser state 'parse_ethernet': key is 86dd
[13:05:57.270] [bmv2] [T] [thread 3717] [4.0] [cxt 0] Bytes parsed: 14
[13:05:57.270] [bmv2] [D] [thread 3717] [4.0] [cxt 0] Parser 'parser': end
[13:05:57.270] [bmv2] [D] [thread 3717] [4.0] [cxt 0] Pipeline 'ingress': start
[13:05:57.270] [bmv2] [T] [thread 3717] [4.0] [cxt 0] ../simple_router_16.p4(497) Condition "hdr.ipv4.isValid() && hdr.ipv4.ttl > 8w0" (node_2) is false
[13:05:57.270] [bmv2] [D] [thread 3717] [4.0] [cxt 0] Pipeline 'ingress': end
[13:05:57.270] [bmv2] [D] [thread 3717] [4.0] [cxt 0] Egress port is 0
[13:05:57.270] [bmv2] [D] [thread 3718] [0.0] [cxt 0] Pipeline 'egress': start
[13:05:57.270] [bmv2] [T] [thread 3718] [0.0] [cxt 0] ../simple_router_16.p4(298) Condition "hdr.udp.isValid()" (node_30) is false
[13:05:57.270] [bmv2] [T] [thread 3718] [0.0] [cxt 0] Applying table 'send_frame'
[13:05:57.270] [bmv2] [D] [thread 3718] [0.0] [cxt 0] Looking up key:
* standard_metadata.egress_port: 0000

[13:05:57.270] [bmv2] [D] [thread 3718] [0.0] [cxt 0] Table 'send_frame': miss
[13:05:57.270] [bmv2] [D] [thread 3718] [0.0] [cxt 0] Action entry is NoAction - 
[13:05:57.270] [bmv2] [T] [thread 3718] [0.0] [cxt 0] Action NoAction
[13:05:57.270] [bmv2] [D] [thread 3718] [0.0] [cxt 0] Pipeline 'egress': end
[13:05:57.270] [bmv2] [D] [thread 3718] [0.0] [cxt 0] Deparser 'deparser': start
[13:05:57.270] [bmv2] [T] [thread 3718] [0.0] [cxt 0] Skipping checksum 'cksum' update because condition not met
[13:05:57.270] [bmv2] [T] [thread 3718] [0.0] [cxt 0] Skipping checksum 'cksum_0' update because condition not met
[13:05:57.270] [bmv2] [T] [thread 3718] [0.0] [cxt 0] Skipping checksum 'cksum_1' update because condition not met
[13:05:57.270] [bmv2] [D] [thread 3718] [0.0] [cxt 0] Deparsing header 'ethernet'
[13:05:57.270] [bmv2] [D] [thread 3718] [0.0] [cxt 0] Deparser 'deparser': end
[13:05:57.270] [bmv2] [D] [thread 3718] [1.0] [cxt 0] Pipeline 'egress': start
[13:05:57.270] [bmv2] [T] [thread 3718] [1.0] [cxt 0] ../simple_router_16.p4(298) Condition "hdr.udp.isValid()" (node_30) is false
[13:05:57.270] [bmv2] [T] [thread 3718] [1.0] [cxt 0] Applying table 'send_frame'
[13:05:57.270] [bmv2] [D] [thread 3718] [1.0] [cxt 0] Looking up key:
* standard_metadata.egress_port: 0000

[13:05:57.270] [bmv2] [D] [thread 3718] [1.0] [cxt 0] Table 'send_frame': miss
[13:05:57.270] [bmv2] [D] [thread 3718] [1.0] [cxt 0] Action entry is NoAction - 
[13:05:57.270] [bmv2] [T] [thread 3718] [1.0] [cxt 0] Action NoAction
[13:05:57.270] [bmv2] [D] [thread 3718] [1.0] [cxt 0] Pipeline 'egress': end
[13:05:57.270] [bmv2] [D] [thread 3718] [1.0] [cxt 0] Deparser 'deparser': start
[13:05:57.270] [bmv2] [T] [thread 3718] [1.0] [cxt 0] Skipping checksum 'cksum' update because condition not met
[13:05:57.270] [bmv2] [T] [thread 3718] [1.0] [cxt 0] Skipping checksum 'cksum_0' update because condition not met
[13:05:57.270] [bmv2] [T] [thread 3718] [1.0] [cxt 0] Skipping checksum 'cksum_1' update because condition not met
[13:05:57.270] [bmv2] [D] [thread 3718] [1.0] [cxt 0] Deparsing header 'ethernet'
[13:05:57.270] [bmv2] [D] [thread 3718] [1.0] [cxt 0] Deparser 'deparser': end
[13:05:57.270] [bmv2] [D] [thread 3718] [2.0] [cxt 0] Pipeline 'egress': start
[13:05:57.270] [bmv2] [T] [thread 3718] [2.0] [cxt 0] ../simple_router_16.p4(298) Condition "hdr.udp.isValid()" (node_30) is false
[13:05:57.270] [bmv2] [T] [thread 3718] [2.0] [cxt 0] Applying table 'send_frame'
[13:05:57.270] [bmv2] [D] [thread 3718] [2.0] [cxt 0] Looking up key:
* standard_metadata.egress_port: 0000

[13:05:57.270] [bmv2] [D] [thread 3718] [2.0] [cxt 0] Table 'send_frame': miss
[13:05:57.270] [bmv2] [D] [thread 3718] [2.0] [cxt 0] Action entry is NoAction - 
[13:05:57.270] [bmv2] [T] [thread 3718] [2.0] [cxt 0] Action NoAction
[13:05:57.270] [bmv2] [D] [thread 3718] [2.0] [cxt 0] Pipeline 'egress': end
[13:05:57.270] [bmv2] [D] [thread 3718] [2.0] [cxt 0] Deparser 'deparser': start
[13:05:57.270] [bmv2] [T] [thread 3718] [2.0] [cxt 0] Skipping checksum 'cksum' update because condition not met
[13:05:57.270] [bmv2] [T] [thread 3718] [2.0] [cxt 0] Skipping checksum 'cksum_0' update because condition not met
[13:05:57.270] [bmv2] [T] [thread 3718] [2.0] [cxt 0] Skipping checksum 'cksum_1' update because condition not met
[13:05:57.270] [bmv2] [D] [thread 3718] [2.0] [cxt 0] Deparsing header 'ethernet'
[13:05:57.270] [bmv2] [D] [thread 3718] [2.0] [cxt 0] Deparser 'deparser': end
[13:05:57.270] [bmv2] [D] [thread 3718] [3.0] [cxt 0] Pipeline 'egress': start
[13:05:57.270] [bmv2] [T] [thread 3718] [3.0] [cxt 0] ../simple_router_16.p4(298) Condition "hdr.udp.isValid()" (node_30) is false
[13:05:57.270] [bmv2] [T] [thread 3718] [3.0] [cxt 0] Applying table 'send_frame'
[13:05:57.270] [bmv2] [D] [thread 3718] [3.0] [cxt 0] Looking up key:
* standard_metadata.egress_port: 0000

[13:05:57.270] [bmv2] [D] [thread 3718] [3.0] [cxt 0] Table 'send_frame': miss
[13:05:57.270] [bmv2] [D] [thread 3718] [3.0] [cxt 0] Action entry is NoAction - 
[13:05:57.270] [bmv2] [T] [thread 3718] [3.0] [cxt 0] Action NoAction
[13:05:57.270] [bmv2] [D] [thread 3718] [3.0] [cxt 0] Pipeline 'egress': end
[13:05:57.270] [bmv2] [D] [thread 3718] [3.0] [cxt 0] Deparser 'deparser': start
[13:05:57.270] [bmv2] [T] [thread 3718] [3.0] [cxt 0] Skipping checksum 'cksum' update because condition not met
[13:05:57.270] [bmv2] [T] [thread 3718] [3.0] [cxt 0] Skipping checksum 'cksum_0' update because condition not met
[13:05:57.270] [bmv2] [T] [thread 3718] [3.0] [cxt 0] Skipping checksum 'cksum_1' update because condition not met
[13:05:57.270] [bmv2] [D] [thread 3718] [3.0] [cxt 0] Deparsing header 'ethernet'
[13:05:57.270] [bmv2] [D] [thread 3718] [3.0] [cxt 0] Deparser 'deparser': end
[13:05:57.270] [bmv2] [D] [thread 3718] [4.0] [cxt 0] Pipeline 'egress': start
[13:05:57.270] [bmv2] [T] [thread 3718] [4.0] [cxt 0] ../simple_router_16.p4(298) Condition "hdr.udp.isValid()" (node_30) is false
[13:05:57.270] [bmv2] [T] [thread 3718] [4.0] [cxt 0] Applying table 'send_frame'
[13:05:57.270] [bmv2] [D] [thread 3718] [4.0] [cxt 0] Looking up key:
* standard_metadata.egress_port: 0000

[13:05:57.270] [bmv2] [D] [thread 3718] [4.0] [cxt 0] Table 'send_frame': miss
[13:05:57.270] [bmv2] [D] [thread 3718] [4.0] [cxt 0] Action entry is NoAction - 
[13:05:57.270] [bmv2] [T] [thread 3718] [4.0] [cxt 0] Action NoAction
[13:05:57.270] [bmv2] [D] [thread 3718] [4.0] [cxt 0] Pipeline 'egress': end
[13:05:57.270] [bmv2] [D] [thread 3718] [4.0] [cxt 0] Deparser 'deparser': start
[13:05:57.270] [bmv2] [T] [thread 3718] [4.0] [cxt 0] Skipping checksum 'cksum' update because condition not met
[13:05:57.270] [bmv2] [T] [thread 3718] [4.0] [cxt 0] Skipping checksum 'cksum_0' update because condition not met
[13:05:57.270] [bmv2] [T] [thread 3718] [4.0] [cxt 0] Skipping checksum 'cksum_1' update because condition not met
[13:05:57.270] [bmv2] [D] [thread 3718] [4.0] [cxt 0] Deparsing header 'ethernet'
[13:05:57.270] [bmv2] [D] [thread 3718] [4.0] [cxt 0] Deparser 'deparser': end
[13:05:57.273] [bmv2] [D] [thread 3722] [0.0] [cxt 0] Transmitting packet of size 90 out of port 0
[13:05:57.273] [bmv2] [D] [thread 3722] [1.0] [cxt 0] Transmitting packet of size 90 out of port 0
[13:05:57.273] [bmv2] [D] [thread 3722] [2.0] [cxt 0] Transmitting packet of size 90 out of port 0
[13:05:57.273] [bmv2] [D] [thread 3722] [3.0] [cxt 0] Transmitting packet of size 70 out of port 0
[13:05:57.273] [bmv2] [D] [thread 3722] [4.0] [cxt 0] Transmitting packet of size 70 out of port 0
[13:05:57.295] [bmv2] [D] [thread 3717] [5.0] [cxt 0] Processing packet received on port 1
[13:05:57.295] [bmv2] [D] [thread 3717] [5.0] [cxt 0] Parser 'parser': start
[13:05:57.295] [bmv2] [D] [thread 3717] [5.0] [cxt 0] Parser 'parser' entering state 'start'
[13:05:57.295] [bmv2] [D] [thread 3717] [5.0] [cxt 0] Parser state 'start' has no switch, going to default next state
[13:05:57.295] [bmv2] [T] [thread 3717] [5.0] [cxt 0] Bytes parsed: 0
[13:05:57.295] [bmv2] [D] [thread 3717] [5.0] [cxt 0] Parser 'parser' entering state 'parse_ethernet'
[13:05:57.295] [bmv2] [D] [thread 3717] [5.0] [cxt 0] Extracting header 'ethernet'
[13:05:57.295] [bmv2] [D] [thread 3717] [5.0] [cxt 0] Parser state 'parse_ethernet': key is 86dd
[13:05:57.295] [bmv2] [T] [thread 3717] [5.0] [cxt 0] Bytes parsed: 14
[13:05:57.295] [bmv2] [D] [thread 3717] [5.0] [cxt 0] Parser 'parser': end
[13:05:57.295] [bmv2] [D] [thread 3717] [5.0] [cxt 0] Pipeline 'ingress': start
[13:05:57.295] [bmv2] [T] [thread 3717] [5.0] [cxt 0] ../simple_router_16.p4(497) Condition "hdr.ipv4.isValid() && hdr.ipv4.ttl > 8w0" (node_2) is false
[13:05:57.295] [bmv2] [D] [thread 3717] [5.0] [cxt 0] Pipeline 'ingress': end
[13:05:57.295] [bmv2] [D] [thread 3717] [5.0] [cxt 0] Egress port is 0
[13:05:57.295] [bmv2] [D] [thread 3718] [5.0] [cxt 0] Pipeline 'egress': start
[13:05:57.295] [bmv2] [T] [thread 3718] [5.0] [cxt 0] ../simple_router_16.p4(298) Condition "hdr.udp.isValid()" (node_30) is false
[13:05:57.295] [bmv2] [T] [thread 3718] [5.0] [cxt 0] Applying table 'send_frame'
[13:05:57.295] [bmv2] [D] [thread 3718] [5.0] [cxt 0] Looking up key:
* standard_metadata.egress_port: 0000

[13:05:57.295] [bmv2] [D] [thread 3718] [5.0] [cxt 0] Table 'send_frame': miss
[13:05:57.295] [bmv2] [D] [thread 3718] [5.0] [cxt 0] Action entry is NoAction - 
[13:05:57.295] [bmv2] [T] [thread 3718] [5.0] [cxt 0] Action NoAction
[13:05:57.295] [bmv2] [D] [thread 3718] [5.0] [cxt 0] Pipeline 'egress': end
[13:05:57.295] [bmv2] [D] [thread 3718] [5.0] [cxt 0] Deparser 'deparser': start
[13:05:57.295] [bmv2] [T] [thread 3718] [5.0] [cxt 0] Skipping checksum 'cksum' update because condition not met
[13:05:57.295] [bmv2] [T] [thread 3718] [5.0] [cxt 0] Skipping checksum 'cksum_0' update because condition not met
[13:05:57.295] [bmv2] [T] [thread 3718] [5.0] [cxt 0] Skipping checksum 'cksum_1' update because condition not met
[13:05:57.295] [bmv2] [D] [thread 3718] [5.0] [cxt 0] Deparsing header 'ethernet'
[13:05:57.295] [bmv2] [D] [thread 3718] [5.0] [cxt 0] Deparser 'deparser': end
[13:05:57.295] [bmv2] [D] [thread 3722] [5.0] [cxt 0] Transmitting packet of size 90 out of port 0
[13:05:57.485] [bmv2] [D] [thread 3717] [6.0] [cxt 0] Processing packet received on port 2
[13:05:57.485] [bmv2] [D] [thread 3717] [6.0] [cxt 0] Parser 'parser': start
[13:05:57.485] [bmv2] [D] [thread 3717] [6.0] [cxt 0] Parser 'parser' entering state 'start'
[13:05:57.485] [bmv2] [D] [thread 3717] [6.0] [cxt 0] Parser state 'start' has no switch, going to default next state
[13:05:57.485] [bmv2] [T] [thread 3717] [6.0] [cxt 0] Bytes parsed: 0
[13:05:57.485] [bmv2] [D] [thread 3717] [6.0] [cxt 0] Parser 'parser' entering state 'parse_ethernet'
[13:05:57.485] [bmv2] [D] [thread 3717] [6.0] [cxt 0] Extracting header 'ethernet'
[13:05:57.485] [bmv2] [D] [thread 3717] [6.0] [cxt 0] Parser state 'parse_ethernet': key is 86dd
[13:05:57.485] [bmv2] [T] [thread 3717] [6.0] [cxt 0] Bytes parsed: 14
[13:05:57.485] [bmv2] [D] [thread 3717] [6.0] [cxt 0] Parser 'parser': end
[13:05:57.485] [bmv2] [D] [thread 3717] [6.0] [cxt 0] Pipeline 'ingress': start
[13:05:57.485] [bmv2] [T] [thread 3717] [6.0] [cxt 0] ../simple_router_16.p4(497) Condition "hdr.ipv4.isValid() && hdr.ipv4.ttl > 8w0" (node_2) is false
[13:05:57.485] [bmv2] [D] [thread 3717] [6.0] [cxt 0] Pipeline 'ingress': end
[13:05:57.485] [bmv2] [D] [thread 3717] [6.0] [cxt 0] Egress port is 0
[13:05:57.485] [bmv2] [D] [thread 3718] [6.0] [cxt 0] Pipeline 'egress': start
[13:05:57.485] [bmv2] [T] [thread 3718] [6.0] [cxt 0] ../simple_router_16.p4(298) Condition "hdr.udp.isValid()" (node_30) is false
[13:05:57.485] [bmv2] [T] [thread 3718] [6.0] [cxt 0] Applying table 'send_frame'
[13:05:57.485] [bmv2] [D] [thread 3718] [6.0] [cxt 0] Looking up key:
* standard_metadata.egress_port: 0000

[13:05:57.485] [bmv2] [D] [thread 3718] [6.0] [cxt 0] Table 'send_frame': miss
[13:05:57.485] [bmv2] [D] [thread 3718] [6.0] [cxt 0] Action entry is NoAction - 
[13:05:57.485] [bmv2] [T] [thread 3718] [6.0] [cxt 0] Action NoAction
[13:05:57.485] [bmv2] [D] [thread 3718] [6.0] [cxt 0] Pipeline 'egress': end
[13:05:57.486] [bmv2] [D] [thread 3718] [6.0] [cxt 0] Deparser 'deparser': start
[13:05:57.486] [bmv2] [T] [thread 3718] [6.0] [cxt 0] Skipping checksum 'cksum' update because condition not met
[13:05:57.486] [bmv2] [T] [thread 3718] [6.0] [cxt 0] Skipping checksum 'cksum_0' update because condition not met
[13:05:57.486] [bmv2] [T] [thread 3718] [6.0] [cxt 0] Skipping checksum 'cksum_1' update because condition not met
[13:05:57.486] [bmv2] [D] [thread 3718] [6.0] [cxt 0] Deparsing header 'ethernet'
[13:05:57.486] [bmv2] [D] [thread 3718] [6.0] [cxt 0] Deparser 'deparser': end
[13:05:57.486] [bmv2] [D] [thread 3722] [6.0] [cxt 0] Transmitting packet of size 90 out of port 0
[13:05:57.568] [bmv2] [D] [thread 3717] [7.0] [cxt 0] Processing packet received on port 5
[13:05:57.568] [bmv2] [D] [thread 3717] [7.0] [cxt 0] Parser 'parser': start
[13:05:57.568] [bmv2] [D] [thread 3717] [7.0] [cxt 0] Parser 'parser' entering state 'start'
[13:05:57.568] [bmv2] [D] [thread 3717] [7.0] [cxt 0] Parser state 'start' has no switch, going to default next state
[13:05:57.568] [bmv2] [T] [thread 3717] [7.0] [cxt 0] Bytes parsed: 0
[13:05:57.568] [bmv2] [D] [thread 3717] [7.0] [cxt 0] Parser 'parser' entering state 'parse_ethernet'
[13:05:57.568] [bmv2] [D] [thread 3717] [7.0] [cxt 0] Extracting header 'ethernet'
[13:05:57.568] [bmv2] [D] [thread 3717] [7.0] [cxt 0] Parser state 'parse_ethernet': key is 86dd
[13:05:57.568] [bmv2] [T] [thread 3717] [7.0] [cxt 0] Bytes parsed: 14
[13:05:57.568] [bmv2] [D] [thread 3717] [7.0] [cxt 0] Parser 'parser': end
[13:05:57.568] [bmv2] [D] [thread 3717] [7.0] [cxt 0] Pipeline 'ingress': start
[13:05:57.568] [bmv2] [T] [thread 3717] [7.0] [cxt 0] ../simple_router_16.p4(497) Condition "hdr.ipv4.isValid() && hdr.ipv4.ttl > 8w0" (node_2) is false
[13:05:57.568] [bmv2] [D] [thread 3717] [7.0] [cxt 0] Pipeline 'ingress': end
[13:05:57.568] [bmv2] [D] [thread 3717] [7.0] [cxt 0] Egress port is 0
[13:05:57.568] [bmv2] [D] [thread 3717] [8.0] [cxt 0] Processing packet received on port 5
[13:05:57.568] [bmv2] [D] [thread 3717] [8.0] [cxt 0] Parser 'parser': start
[13:05:57.568] [bmv2] [D] [thread 3717] [8.0] [cxt 0] Parser 'parser' entering state 'start'
[13:05:57.568] [bmv2] [D] [thread 3717] [8.0] [cxt 0] Parser state 'start' has no switch, going to default next state
[13:05:57.568] [bmv2] [T] [thread 3717] [8.0] [cxt 0] Bytes parsed: 0
[13:05:57.568] [bmv2] [D] [thread 3717] [8.0] [cxt 0] Parser 'parser' entering state 'parse_ethernet'
[13:05:57.568] [bmv2] [D] [thread 3717] [8.0] [cxt 0] Extracting header 'ethernet'
[13:05:57.568] [bmv2] [D] [thread 3717] [8.0] [cxt 0] Parser state 'parse_ethernet': key is 86dd
[13:05:57.568] [bmv2] [T] [thread 3717] [8.0] [cxt 0] Bytes parsed: 14
[13:05:57.568] [bmv2] [D] [thread 3717] [8.0] [cxt 0] Parser 'parser': end
[13:05:57.568] [bmv2] [D] [thread 3717] [8.0] [cxt 0] Pipeline 'ingress': start
[13:05:57.568] [bmv2] [T] [thread 3717] [8.0] [cxt 0] ../simple_router_16.p4(497) Condition "hdr.ipv4.isValid() && hdr.ipv4.ttl > 8w0" (node_2) is false
[13:05:57.568] [bmv2] [D] [thread 3717] [8.0] [cxt 0] Pipeline 'ingress': end
[13:05:57.568] [bmv2] [D] [thread 3717] [8.0] [cxt 0] Egress port is 0
[13:05:57.568] [bmv2] [D] [thread 3718] [7.0] [cxt 0] Pipeline 'egress': start
[13:05:57.568] [bmv2] [T] [thread 3718] [7.0] [cxt 0] ../simple_router_16.p4(298) Condition "hdr.udp.isValid()" (node_30) is false
[13:05:57.568] [bmv2] [T] [thread 3718] [7.0] [cxt 0] Applying table 'send_frame'
[13:05:57.568] [bmv2] [D] [thread 3718] [7.0] [cxt 0] Looking up key:
* standard_metadata.egress_port: 0000

[13:05:57.568] [bmv2] [D] [thread 3718] [7.0] [cxt 0] Table 'send_frame': miss
[13:05:57.568] [bmv2] [D] [thread 3718] [7.0] [cxt 0] Action entry is NoAction - 
[13:05:57.568] [bmv2] [T] [thread 3718] [7.0] [cxt 0] Action NoAction
[13:05:57.568] [bmv2] [D] [thread 3718] [7.0] [cxt 0] Pipeline 'egress': end
[13:05:57.568] [bmv2] [D] [thread 3718] [7.0] [cxt 0] Deparser 'deparser': start
[13:05:57.568] [bmv2] [T] [thread 3718] [7.0] [cxt 0] Skipping checksum 'cksum' update because condition not met
[13:05:57.568] [bmv2] [T] [thread 3718] [7.0] [cxt 0] Skipping checksum 'cksum_0' update because condition not met
[13:05:57.568] [bmv2] [T] [thread 3718] [7.0] [cxt 0] Skipping checksum 'cksum_1' update because condition not met
[13:05:57.568] [bmv2] [D] [thread 3718] [7.0] [cxt 0] Deparsing header 'ethernet'
[13:05:57.568] [bmv2] [D] [thread 3718] [7.0] [cxt 0] Deparser 'deparser': end
[13:05:57.568] [bmv2] [D] [thread 3718] [8.0] [cxt 0] Pipeline 'egress': start
[13:05:57.568] [bmv2] [T] [thread 3718] [8.0] [cxt 0] ../simple_router_16.p4(298) Condition "hdr.udp.isValid()" (node_30) is false
[13:05:57.568] [bmv2] [T] [thread 3718] [8.0] [cxt 0] Applying table 'send_frame'
[13:05:57.568] [bmv2] [D] [thread 3718] [8.0] [cxt 0] Looking up key:
* standard_metadata.egress_port: 0000

[13:05:57.568] [bmv2] [D] [thread 3718] [8.0] [cxt 0] Table 'send_frame': miss
[13:05:57.568] [bmv2] [D] [thread 3718] [8.0] [cxt 0] Action entry is NoAction - 
[13:05:57.568] [bmv2] [T] [thread 3718] [8.0] [cxt 0] Action NoAction
[13:05:57.568] [bmv2] [D] [thread 3718] [8.0] [cxt 0] Pipeline 'egress': end
[13:05:57.568] [bmv2] [D] [thread 3718] [8.0] [cxt 0] Deparser 'deparser': start
[13:05:57.568] [bmv2] [T] [thread 3718] [8.0] [cxt 0] Skipping checksum 'cksum' update because condition not met
[13:05:57.568] [bmv2] [T] [thread 3718] [8.0] [cxt 0] Skipping checksum 'cksum_0' update because condition not met
[13:05:57.568] [bmv2] [T] [thread 3718] [8.0] [cxt 0] Skipping checksum 'cksum_1' update because condition not met
[13:05:57.568] [bmv2] [D] [thread 3718] [8.0] [cxt 0] Deparsing header 'ethernet'
[13:05:57.568] [bmv2] [D] [thread 3718] [8.0] [cxt 0] Deparser 'deparser': end
[13:05:57.568] [bmv2] [D] [thread 3722] [7.0] [cxt 0] Transmitting packet of size 90 out of port 0
[13:05:57.568] [bmv2] [D] [thread 3722] [8.0] [cxt 0] Transmitting packet of size 70 out of port 0
[13:05:57.755] [bmv2] [D] [thread 3717] [9.0] [cxt 0] Processing packet received on port 5
[13:05:57.755] [bmv2] [D] [thread 3717] [9.0] [cxt 0] Parser 'parser': start
[13:05:57.755] [bmv2] [D] [thread 3717] [9.0] [cxt 0] Parser 'parser' entering state 'start'
[13:05:57.755] [bmv2] [D] [thread 3717] [9.0] [cxt 0] Parser state 'start' has no switch, going to default next state
[13:05:57.755] [bmv2] [T] [thread 3717] [9.0] [cxt 0] Bytes parsed: 0
[13:05:57.755] [bmv2] [D] [thread 3717] [9.0] [cxt 0] Parser 'parser' entering state 'parse_ethernet'
[13:05:57.755] [bmv2] [D] [thread 3717] [9.0] [cxt 0] Extracting header 'ethernet'
[13:05:57.755] [bmv2] [D] [thread 3717] [9.0] [cxt 0] Parser state 'parse_ethernet': key is 86dd
[13:05:57.755] [bmv2] [T] [thread 3717] [9.0] [cxt 0] Bytes parsed: 14
[13:05:57.755] [bmv2] [D] [thread 3717] [9.0] [cxt 0] Parser 'parser': end
[13:05:57.755] [bmv2] [D] [thread 3717] [9.0] [cxt 0] Pipeline 'ingress': start
[13:05:57.755] [bmv2] [T] [thread 3717] [9.0] [cxt 0] ../simple_router_16.p4(497) Condition "hdr.ipv4.isValid() && hdr.ipv4.ttl > 8w0" (node_2) is false
[13:05:57.755] [bmv2] [D] [thread 3717] [9.0] [cxt 0] Pipeline 'ingress': end
[13:05:57.755] [bmv2] [D] [thread 3717] [9.0] [cxt 0] Egress port is 0
[13:05:57.755] [bmv2] [D] [thread 3718] [9.0] [cxt 0] Pipeline 'egress': start
[13:05:57.755] [bmv2] [T] [thread 3718] [9.0] [cxt 0] ../simple_router_16.p4(298) Condition "hdr.udp.isValid()" (node_30) is false
[13:05:57.755] [bmv2] [T] [thread 3718] [9.0] [cxt 0] Applying table 'send_frame'
[13:05:57.755] [bmv2] [D] [thread 3718] [9.0] [cxt 0] Looking up key:
* standard_metadata.egress_port: 0000

[13:05:57.755] [bmv2] [D] [thread 3718] [9.0] [cxt 0] Table 'send_frame': miss
[13:05:57.756] [bmv2] [D] [thread 3718] [9.0] [cxt 0] Action entry is NoAction - 
[13:05:57.756] [bmv2] [T] [thread 3718] [9.0] [cxt 0] Action NoAction
[13:05:57.756] [bmv2] [D] [thread 3718] [9.0] [cxt 0] Pipeline 'egress': end
[13:05:57.756] [bmv2] [D] [thread 3718] [9.0] [cxt 0] Deparser 'deparser': start
[13:05:57.756] [bmv2] [T] [thread 3718] [9.0] [cxt 0] Skipping checksum 'cksum' update because condition not met
[13:05:57.756] [bmv2] [T] [thread 3718] [9.0] [cxt 0] Skipping checksum 'cksum_0' update because condition not met
[13:05:57.756] [bmv2] [T] [thread 3718] [9.0] [cxt 0] Skipping checksum 'cksum_1' update because condition not met
[13:05:57.756] [bmv2] [D] [thread 3718] [9.0] [cxt 0] Deparsing header 'ethernet'
[13:05:57.756] [bmv2] [D] [thread 3718] [9.0] [cxt 0] Deparser 'deparser': end
[13:05:57.756] [bmv2] [D] [thread 3722] [9.0] [cxt 0] Transmitting packet of size 90 out of port 0
[13:05:57.800] [bmv2] [D] [thread 3717] [10.0] [cxt 0] Processing packet received on port 3
[13:05:57.800] [bmv2] [D] [thread 3717] [10.0] [cxt 0] Parser 'parser': start
[13:05:57.800] [bmv2] [D] [thread 3717] [10.0] [cxt 0] Parser 'parser' entering state 'start'
[13:05:57.800] [bmv2] [D] [thread 3717] [10.0] [cxt 0] Parser state 'start' has no switch, going to default next state
[13:05:57.800] [bmv2] [T] [thread 3717] [10.0] [cxt 0] Bytes parsed: 0
[13:05:57.800] [bmv2] [D] [thread 3717] [10.0] [cxt 0] Parser 'parser' entering state 'parse_ethernet'
[13:05:57.800] [bmv2] [D] [thread 3717] [10.0] [cxt 0] Extracting header 'ethernet'
[13:05:57.800] [bmv2] [D] [thread 3717] [10.0] [cxt 0] Parser state 'parse_ethernet': key is 86dd
[13:05:57.800] [bmv2] [T] [thread 3717] [10.0] [cxt 0] Bytes parsed: 14
[13:05:57.800] [bmv2] [D] [thread 3717] [10.0] [cxt 0] Parser 'parser': end
[13:05:57.800] [bmv2] [D] [thread 3717] [10.0] [cxt 0] Pipeline 'ingress': start
[13:05:57.800] [bmv2] [T] [thread 3717] [10.0] [cxt 0] ../simple_router_16.p4(497) Condition "hdr.ipv4.isValid() && hdr.ipv4.ttl > 8w0" (node_2) is false
[13:05:57.800] [bmv2] [D] [thread 3717] [10.0] [cxt 0] Pipeline 'ingress': end
[13:05:57.800] [bmv2] [D] [thread 3717] [10.0] [cxt 0] Egress port is 0
[13:05:57.800] [bmv2] [D] [thread 3717] [11.0] [cxt 0] Processing packet received on port 3
[13:05:57.800] [bmv2] [D] [thread 3717] [11.0] [cxt 0] Parser 'parser': start
[13:05:57.800] [bmv2] [D] [thread 3717] [11.0] [cxt 0] Parser 'parser' entering state 'start'
[13:05:57.800] [bmv2] [D] [thread 3717] [11.0] [cxt 0] Parser state 'start' has no switch, going to default next state
[13:05:57.800] [bmv2] [T] [thread 3717] [11.0] [cxt 0] Bytes parsed: 0
[13:05:57.800] [bmv2] [D] [thread 3717] [11.0] [cxt 0] Parser 'parser' entering state 'parse_ethernet'
[13:05:57.800] [bmv2] [D] [thread 3717] [11.0] [cxt 0] Extracting header 'ethernet'
[13:05:57.800] [bmv2] [D] [thread 3717] [11.0] [cxt 0] Parser state 'parse_ethernet': key is 86dd
[13:05:57.800] [bmv2] [T] [thread 3717] [11.0] [cxt 0] Bytes parsed: 14
[13:05:57.800] [bmv2] [D] [thread 3717] [11.0] [cxt 0] Parser 'parser': end
[13:05:57.800] [bmv2] [D] [thread 3717] [11.0] [cxt 0] Pipeline 'ingress': start
[13:05:57.800] [bmv2] [D] [thread 3718] [10.0] [cxt 0] Pipeline 'egress': start
[13:05:57.800] [bmv2] [T] [thread 3718] [10.0] [cxt 0] ../simple_router_16.p4(298) Condition "hdr.udp.isValid()" (node_30) is false
[13:05:57.800] [bmv2] [T] [thread 3718] [10.0] [cxt 0] Applying table 'send_frame'
[13:05:57.800] [bmv2] [D] [thread 3718] [10.0] [cxt 0] Looking up key:
* standard_metadata.egress_port: 0000

[13:05:57.800] [bmv2] [D] [thread 3718] [10.0] [cxt 0] Table 'send_frame': miss
[13:05:57.800] [bmv2] [D] [thread 3718] [10.0] [cxt 0] Action entry is NoAction - 
[13:05:57.800] [bmv2] [T] [thread 3718] [10.0] [cxt 0] Action NoAction
[13:05:57.800] [bmv2] [D] [thread 3718] [10.0] [cxt 0] Pipeline 'egress': end
[13:05:57.800] [bmv2] [D] [thread 3718] [10.0] [cxt 0] Deparser 'deparser': start
[13:05:57.800] [bmv2] [T] [thread 3718] [10.0] [cxt 0] Skipping checksum 'cksum' update because condition not met
[13:05:57.800] [bmv2] [T] [thread 3718] [10.0] [cxt 0] Skipping checksum 'cksum_0' update because condition not met
[13:05:57.800] [bmv2] [T] [thread 3718] [10.0] [cxt 0] Skipping checksum 'cksum_1' update because condition not met
[13:05:57.800] [bmv2] [D] [thread 3718] [10.0] [cxt 0] Deparsing header 'ethernet'
[13:05:57.800] [bmv2] [D] [thread 3718] [10.0] [cxt 0] Deparser 'deparser': end
[13:05:57.800] [bmv2] [D] [thread 3722] [10.0] [cxt 0] Transmitting packet of size 90 out of port 0
[13:05:57.800] [bmv2] [T] [thread 3717] [11.0] [cxt 0] ../simple_router_16.p4(497) Condition "hdr.ipv4.isValid() && hdr.ipv4.ttl > 8w0" (node_2) is false
[13:05:57.800] [bmv2] [D] [thread 3717] [11.0] [cxt 0] Pipeline 'ingress': end
[13:05:57.800] [bmv2] [D] [thread 3717] [11.0] [cxt 0] Egress port is 0
[13:05:57.800] [bmv2] [D] [thread 3718] [11.0] [cxt 0] Pipeline 'egress': start
[13:05:57.800] [bmv2] [T] [thread 3718] [11.0] [cxt 0] ../simple_router_16.p4(298) Condition "hdr.udp.isValid()" (node_30) is false
[13:05:57.800] [bmv2] [T] [thread 3718] [11.0] [cxt 0] Applying table 'send_frame'
[13:05:57.800] [bmv2] [D] [thread 3718] [11.0] [cxt 0] Looking up key:
* standard_metadata.egress_port: 0000

[13:05:57.800] [bmv2] [D] [thread 3718] [11.0] [cxt 0] Table 'send_frame': miss
[13:05:57.800] [bmv2] [D] [thread 3718] [11.0] [cxt 0] Action entry is NoAction - 
[13:05:57.800] [bmv2] [T] [thread 3718] [11.0] [cxt 0] Action NoAction
[13:05:57.800] [bmv2] [D] [thread 3718] [11.0] [cxt 0] Pipeline 'egress': end
[13:05:57.800] [bmv2] [D] [thread 3718] [11.0] [cxt 0] Deparser 'deparser': start
[13:05:57.800] [bmv2] [T] [thread 3718] [11.0] [cxt 0] Skipping checksum 'cksum' update because condition not met
[13:05:57.800] [bmv2] [T] [thread 3718] [11.0] [cxt 0] Skipping checksum 'cksum_0' update because condition not met
[13:05:57.800] [bmv2] [T] [thread 3718] [11.0] [cxt 0] Skipping checksum 'cksum_1' update because condition not met
[13:05:57.800] [bmv2] [D] [thread 3718] [11.0] [cxt 0] Deparsing header 'ethernet'
[13:05:57.800] [bmv2] [D] [thread 3718] [11.0] [cxt 0] Deparser 'deparser': end
[13:05:57.800] [bmv2] [D] [thread 3722] [11.0] [cxt 0] Transmitting packet of size 70 out of port 0
[13:05:57.853] [bmv2] [D] [thread 3717] [12.0] [cxt 0] Processing packet received on port 4
[13:05:57.853] [bmv2] [D] [thread 3717] [12.0] [cxt 0] Parser 'parser': start
[13:05:57.853] [bmv2] [D] [thread 3717] [12.0] [cxt 0] Parser 'parser' entering state 'start'
[13:05:57.853] [bmv2] [D] [thread 3717] [12.0] [cxt 0] Parser state 'start' has no switch, going to default next state
[13:05:57.853] [bmv2] [T] [thread 3717] [12.0] [cxt 0] Bytes parsed: 0
[13:05:57.853] [bmv2] [D] [thread 3717] [12.0] [cxt 0] Parser 'parser' entering state 'parse_ethernet'
[13:05:57.853] [bmv2] [D] [thread 3717] [12.0] [cxt 0] Extracting header 'ethernet'
[13:05:57.853] [bmv2] [D] [thread 3717] [12.0] [cxt 0] Parser state 'parse_ethernet': key is 86dd
[13:05:57.853] [bmv2] [T] [thread 3717] [12.0] [cxt 0] Bytes parsed: 14
[13:05:57.853] [bmv2] [D] [thread 3717] [12.0] [cxt 0] Parser 'parser': end
[13:05:57.853] [bmv2] [D] [thread 3717] [12.0] [cxt 0] Pipeline 'ingress': start
[13:05:57.854] [bmv2] [T] [thread 3717] [12.0] [cxt 0] ../simple_router_16.p4(497) Condition "hdr.ipv4.isValid() && hdr.ipv4.ttl > 8w0" (node_2) is false
[13:05:57.854] [bmv2] [D] [thread 3717] [12.0] [cxt 0] Pipeline 'ingress': end
[13:05:57.854] [bmv2] [D] [thread 3717] [12.0] [cxt 0] Egress port is 0
[13:05:57.855] [bmv2] [D] [thread 3717] [13.0] [cxt 0] Processing packet received on port 5
[13:05:57.856] [bmv2] [D] [thread 3717] [13.0] [cxt 0] Parser 'parser': start
[13:05:57.856] [bmv2] [D] [thread 3717] [13.0] [cxt 0] Parser 'parser' entering state 'start'
[13:05:57.856] [bmv2] [D] [thread 3717] [13.0] [cxt 0] Parser state 'start' has no switch, going to default next state
[13:05:57.856] [bmv2] [T] [thread 3717] [13.0] [cxt 0] Bytes parsed: 0
[13:05:57.856] [bmv2] [D] [thread 3717] [13.0] [cxt 0] Parser 'parser' entering state 'parse_ethernet'
[13:05:57.856] [bmv2] [D] [thread 3717] [13.0] [cxt 0] Extracting header 'ethernet'
[13:05:57.856] [bmv2] [D] [thread 3717] [13.0] [cxt 0] Parser state 'parse_ethernet': key is 86dd
[13:05:57.856] [bmv2] [T] [thread 3717] [13.0] [cxt 0] Bytes parsed: 14
[13:05:57.856] [bmv2] [D] [thread 3717] [13.0] [cxt 0] Parser 'parser': end
[13:05:57.856] [bmv2] [D] [thread 3717] [13.0] [cxt 0] Pipeline 'ingress': start
[13:05:57.856] [bmv2] [T] [thread 3717] [13.0] [cxt 0] ../simple_router_16.p4(497) Condition "hdr.ipv4.isValid() && hdr.ipv4.ttl > 8w0" (node_2) is false
[13:05:57.856] [bmv2] [D] [thread 3717] [13.0] [cxt 0] Pipeline 'ingress': end
[13:05:57.856] [bmv2] [D] [thread 3717] [13.0] [cxt 0] Egress port is 0
[13:05:57.856] [bmv2] [D] [thread 3717] [14.0] [cxt 0] Processing packet received on port 4
[13:05:57.856] [bmv2] [D] [thread 3717] [14.0] [cxt 0] Parser 'parser': start
[13:05:57.856] [bmv2] [D] [thread 3717] [14.0] [cxt 0] Parser 'parser' entering state 'start'
[13:05:57.856] [bmv2] [D] [thread 3717] [14.0] [cxt 0] Parser state 'start' has no switch, going to default next state
[13:05:57.856] [bmv2] [T] [thread 3717] [14.0] [cxt 0] Bytes parsed: 0
[13:05:57.856] [bmv2] [D] [thread 3717] [14.0] [cxt 0] Parser 'parser' entering state 'parse_ethernet'
[13:05:57.856] [bmv2] [D] [thread 3717] [14.0] [cxt 0] Extracting header 'ethernet'
[13:05:57.856] [bmv2] [D] [thread 3717] [14.0] [cxt 0] Parser state 'parse_ethernet': key is 86dd
[13:05:57.856] [bmv2] [T] [thread 3717] [14.0] [cxt 0] Bytes parsed: 14
[13:05:57.856] [bmv2] [D] [thread 3717] [14.0] [cxt 0] Parser 'parser': end
[13:05:57.856] [bmv2] [D] [thread 3717] [14.0] [cxt 0] Pipeline 'ingress': start
[13:05:57.856] [bmv2] [T] [thread 3717] [14.0] [cxt 0] ../simple_router_16.p4(497) Condition "hdr.ipv4.isValid() && hdr.ipv4.ttl > 8w0" (node_2) is false
[13:05:57.856] [bmv2] [D] [thread 3717] [14.0] [cxt 0] Pipeline 'ingress': end
[13:05:57.856] [bmv2] [D] [thread 3717] [14.0] [cxt 0] Egress port is 0
[13:05:57.856] [bmv2] [D] [thread 3718] [12.0] [cxt 0] Pipeline 'egress': start
[13:05:57.856] [bmv2] [T] [thread 3718] [12.0] [cxt 0] ../simple_router_16.p4(298) Condition "hdr.udp.isValid()" (node_30) is false
[13:05:57.856] [bmv2] [T] [thread 3718] [12.0] [cxt 0] Applying table 'send_frame'
[13:05:57.856] [bmv2] [D] [thread 3718] [12.0] [cxt 0] Looking up key:
* standard_metadata.egress_port: 0000

[13:05:57.856] [bmv2] [D] [thread 3718] [12.0] [cxt 0] Table 'send_frame': miss
[13:05:57.856] [bmv2] [D] [thread 3718] [12.0] [cxt 0] Action entry is NoAction - 
[13:05:57.856] [bmv2] [T] [thread 3718] [12.0] [cxt 0] Action NoAction
[13:05:57.856] [bmv2] [D] [thread 3718] [12.0] [cxt 0] Pipeline 'egress': end
[13:05:57.856] [bmv2] [D] [thread 3718] [12.0] [cxt 0] Deparser 'deparser': start
[13:05:57.856] [bmv2] [T] [thread 3718] [12.0] [cxt 0] Skipping checksum 'cksum' update because condition not met
[13:05:57.856] [bmv2] [T] [thread 3718] [12.0] [cxt 0] Skipping checksum 'cksum_0' update because condition not met
[13:05:57.856] [bmv2] [T] [thread 3718] [12.0] [cxt 0] Skipping checksum 'cksum_1' update because condition not met
[13:05:57.856] [bmv2] [D] [thread 3718] [12.0] [cxt 0] Deparsing header 'ethernet'
[13:05:57.856] [bmv2] [D] [thread 3718] [12.0] [cxt 0] Deparser 'deparser': end
[13:05:57.856] [bmv2] [D] [thread 3718] [13.0] [cxt 0] Pipeline 'egress': start
[13:05:57.856] [bmv2] [T] [thread 3718] [13.0] [cxt 0] ../simple_router_16.p4(298) Condition "hdr.udp.isValid()" (node_30) is false
[13:05:57.856] [bmv2] [T] [thread 3718] [13.0] [cxt 0] Applying table 'send_frame'
[13:05:57.856] [bmv2] [D] [thread 3718] [13.0] [cxt 0] Looking up key:
* standard_metadata.egress_port: 0000

[13:05:57.856] [bmv2] [D] [thread 3718] [13.0] [cxt 0] Table 'send_frame': miss
[13:05:57.856] [bmv2] [D] [thread 3718] [13.0] [cxt 0] Action entry is NoAction - 
[13:05:57.856] [bmv2] [T] [thread 3718] [13.0] [cxt 0] Action NoAction
[13:05:57.856] [bmv2] [D] [thread 3718] [13.0] [cxt 0] Pipeline 'egress': end
[13:05:57.856] [bmv2] [D] [thread 3718] [13.0] [cxt 0] Deparser 'deparser': start
[13:05:57.856] [bmv2] [T] [thread 3718] [13.0] [cxt 0] Skipping checksum 'cksum' update because condition not met
[13:05:57.856] [bmv2] [T] [thread 3718] [13.0] [cxt 0] Skipping checksum 'cksum_0' update because condition not met
[13:05:57.856] [bmv2] [D] [thread 3717] [15.0] [cxt 0] Processing packet received on port 5
[13:05:57.856] [bmv2] [D] [thread 3722] [12.0] [cxt 0] Transmitting packet of size 90 out of port 0
[13:05:57.856] [bmv2] [T] [thread 3718] [13.0] [cxt 0] Skipping checksum 'cksum_1' update because condition not met
[13:05:57.856] [bmv2] [D] [thread 3718] [13.0] [cxt 0] Deparsing header 'ethernet'
[13:05:57.856] [bmv2] [D] [thread 3718] [13.0] [cxt 0] Deparser 'deparser': end
[13:05:57.856] [bmv2] [D] [thread 3717] [15.0] [cxt 0] Parser 'parser': start
[13:05:57.856] [bmv2] [D] [thread 3722] [13.0] [cxt 0] Transmitting packet of size 90 out of port 0
[13:05:57.856] [bmv2] [D] [thread 3717] [15.0] [cxt 0] Parser 'parser' entering state 'start'
[13:05:57.857] [bmv2] [D] [thread 3717] [15.0] [cxt 0] Parser state 'start' has no switch, going to default next state
[13:05:57.857] [bmv2] [T] [thread 3717] [15.0] [cxt 0] Bytes parsed: 0
[13:05:57.857] [bmv2] [D] [thread 3717] [15.0] [cxt 0] Parser 'parser' entering state 'parse_ethernet'
[13:05:57.857] [bmv2] [D] [thread 3717] [15.0] [cxt 0] Extracting header 'ethernet'
[13:05:57.857] [bmv2] [D] [thread 3717] [15.0] [cxt 0] Parser state 'parse_ethernet': key is 86dd
[13:05:57.857] [bmv2] [T] [thread 3717] [15.0] [cxt 0] Bytes parsed: 14
[13:05:57.857] [bmv2] [D] [thread 3717] [15.0] [cxt 0] Parser 'parser': end
[13:05:57.857] [bmv2] [D] [thread 3717] [15.0] [cxt 0] Pipeline 'ingress': start
[13:05:57.857] [bmv2] [T] [thread 3717] [15.0] [cxt 0] ../simple_router_16.p4(497) Condition "hdr.ipv4.isValid() && hdr.ipv4.ttl > 8w0" (node_2) is false
[13:05:57.857] [bmv2] [D] [thread 3717] [15.0] [cxt 0] Pipeline 'ingress': end
[13:05:57.857] [bmv2] [D] [thread 3717] [15.0] [cxt 0] Egress port is 0
[13:05:57.856] [bmv2] [D] [thread 3718] [14.0] [cxt 0] Pipeline 'egress': start
[13:05:57.857] [bmv2] [T] [thread 3718] [14.0] [cxt 0] ../simple_router_16.p4(298) Condition "hdr.udp.isValid()" (node_30) is false
[13:05:57.857] [bmv2] [T] [thread 3718] [14.0] [cxt 0] Applying table 'send_frame'
[13:05:57.857] [bmv2] [D] [thread 3718] [14.0] [cxt 0] Looking up key:
* standard_metadata.egress_port: 0000

[13:05:57.857] [bmv2] [D] [thread 3718] [14.0] [cxt 0] Table 'send_frame': miss
[13:05:57.857] [bmv2] [D] [thread 3718] [14.0] [cxt 0] Action entry is NoAction - 
[13:05:57.857] [bmv2] [T] [thread 3718] [14.0] [cxt 0] Action NoAction
[13:05:57.857] [bmv2] [D] [thread 3718] [14.0] [cxt 0] Pipeline 'egress': end
[13:05:57.857] [bmv2] [D] [thread 3718] [14.0] [cxt 0] Deparser 'deparser': start
[13:05:57.857] [bmv2] [T] [thread 3718] [14.0] [cxt 0] Skipping checksum 'cksum' update because condition not met
[13:05:57.857] [bmv2] [T] [thread 3718] [14.0] [cxt 0] Skipping checksum 'cksum_0' update because condition not met
[13:05:57.857] [bmv2] [T] [thread 3718] [14.0] [cxt 0] Skipping checksum 'cksum_1' update because condition not met
[13:05:57.857] [bmv2] [D] [thread 3718] [14.0] [cxt 0] Deparsing header 'ethernet'
[13:05:57.857] [bmv2] [D] [thread 3718] [14.0] [cxt 0] Deparser 'deparser': end
[13:05:57.857] [bmv2] [D] [thread 3718] [15.0] [cxt 0] Pipeline 'egress': start
[13:05:57.857] [bmv2] [T] [thread 3718] [15.0] [cxt 0] ../simple_router_16.p4(298) Condition "hdr.udp.isValid()" (node_30) is false
[13:05:57.857] [bmv2] [T] [thread 3718] [15.0] [cxt 0] Applying table 'send_frame'
[13:05:57.857] [bmv2] [D] [thread 3718] [15.0] [cxt 0] Looking up key:
* standard_metadata.egress_port: 0000

[13:05:57.857] [bmv2] [D] [thread 3718] [15.0] [cxt 0] Table 'send_frame': miss
[13:05:57.857] [bmv2] [D] [thread 3718] [15.0] [cxt 0] Action entry is NoAction - 
[13:05:57.857] [bmv2] [T] [thread 3718] [15.0] [cxt 0] Action NoAction
[13:05:57.857] [bmv2] [D] [thread 3718] [15.0] [cxt 0] Pipeline 'egress': end
[13:05:57.857] [bmv2] [D] [thread 3718] [15.0] [cxt 0] Deparser 'deparser': start
[13:05:57.857] [bmv2] [T] [thread 3718] [15.0] [cxt 0] Skipping checksum 'cksum' update because condition not met
[13:05:57.857] [bmv2] [T] [thread 3718] [15.0] [cxt 0] Skipping checksum 'cksum_0' update because condition not met
[13:05:57.857] [bmv2] [T] [thread 3718] [15.0] [cxt 0] Skipping checksum 'cksum_1' update because condition not met
[13:05:57.857] [bmv2] [D] [thread 3718] [15.0] [cxt 0] Deparsing header 'ethernet'
[13:05:57.857] [bmv2] [D] [thread 3718] [15.0] [cxt 0] Deparser 'deparser': end
[13:05:57.857] [bmv2] [D] [thread 3722] [14.0] [cxt 0] Transmitting packet of size 70 out of port 0
[13:05:57.857] [bmv2] [D] [thread 3722] [15.0] [cxt 0] Transmitting packet of size 70 out of port 0
[13:05:57.987] [bmv2] [D] [thread 3717] [16.0] [cxt 0] Processing packet received on port 3
[13:05:57.988] [bmv2] [D] [thread 3717] [16.0] [cxt 0] Parser 'parser': start
[13:05:57.988] [bmv2] [D] [thread 3717] [16.0] [cxt 0] Parser 'parser' entering state 'start'
[13:05:57.988] [bmv2] [D] [thread 3717] [16.0] [cxt 0] Parser state 'start' has no switch, going to default next state
[13:05:57.988] [bmv2] [T] [thread 3717] [16.0] [cxt 0] Bytes parsed: 0
[13:05:57.988] [bmv2] [D] [thread 3717] [16.0] [cxt 0] Parser 'parser' entering state 'parse_ethernet'
[13:05:57.988] [bmv2] [D] [thread 3717] [16.0] [cxt 0] Extracting header 'ethernet'
[13:05:57.988] [bmv2] [D] [thread 3717] [16.0] [cxt 0] Parser state 'parse_ethernet': key is 86dd
[13:05:57.988] [bmv2] [T] [thread 3717] [16.0] [cxt 0] Bytes parsed: 14
[13:05:57.988] [bmv2] [D] [thread 3717] [16.0] [cxt 0] Parser 'parser': end
[13:05:57.988] [bmv2] [D] [thread 3717] [16.0] [cxt 0] Pipeline 'ingress': start
[13:05:57.988] [bmv2] [T] [thread 3717] [16.0] [cxt 0] ../simple_router_16.p4(497) Condition "hdr.ipv4.isValid() && hdr.ipv4.ttl > 8w0" (node_2) is false
[13:05:57.988] [bmv2] [D] [thread 3717] [16.0] [cxt 0] Pipeline 'ingress': end
[13:05:57.988] [bmv2] [D] [thread 3717] [16.0] [cxt 0] Egress port is 0
[13:05:57.988] [bmv2] [D] [thread 3718] [16.0] [cxt 0] Pipeline 'egress': start
[13:05:57.988] [bmv2] [T] [thread 3718] [16.0] [cxt 0] ../simple_router_16.p4(298) Condition "hdr.udp.isValid()" (node_30) is false
[13:05:57.988] [bmv2] [T] [thread 3718] [16.0] [cxt 0] Applying table 'send_frame'
[13:05:57.988] [bmv2] [D] [thread 3718] [16.0] [cxt 0] Looking up key:
* standard_metadata.egress_port: 0000

[13:05:57.988] [bmv2] [D] [thread 3718] [16.0] [cxt 0] Table 'send_frame': miss
[13:05:57.988] [bmv2] [D] [thread 3718] [16.0] [cxt 0] Action entry is NoAction - 
[13:05:57.988] [bmv2] [T] [thread 3718] [16.0] [cxt 0] Action NoAction
[13:05:57.988] [bmv2] [D] [thread 3718] [16.0] [cxt 0] Pipeline 'egress': end
[13:05:57.988] [bmv2] [D] [thread 3718] [16.0] [cxt 0] Deparser 'deparser': start
[13:05:57.988] [bmv2] [T] [thread 3718] [16.0] [cxt 0] Skipping checksum 'cksum' update because condition not met
[13:05:57.988] [bmv2] [T] [thread 3718] [16.0] [cxt 0] Skipping checksum 'cksum_0' update because condition not met
[13:05:57.988] [bmv2] [T] [thread 3718] [16.0] [cxt 0] Skipping checksum 'cksum_1' update because condition not met
[13:05:57.988] [bmv2] [D] [thread 3718] [16.0] [cxt 0] Deparsing header 'ethernet'
[13:05:57.988] [bmv2] [D] [thread 3718] [16.0] [cxt 0] Deparser 'deparser': end
[13:05:57.988] [bmv2] [D] [thread 3722] [16.0] [cxt 0] Transmitting packet of size 90 out of port 0
[13:05:57.990] [bmv2] [D] [thread 3717] [17.0] [cxt 0] Processing packet received on port 4
[13:05:57.990] [bmv2] [D] [thread 3717] [17.0] [cxt 0] Parser 'parser': start
[13:05:57.990] [bmv2] [D] [thread 3717] [17.0] [cxt 0] Parser 'parser' entering state 'start'
[13:05:57.990] [bmv2] [D] [thread 3717] [17.0] [cxt 0] Parser state 'start' has no switch, going to default next state
[13:05:57.990] [bmv2] [T] [thread 3717] [17.0] [cxt 0] Bytes parsed: 0
[13:05:57.990] [bmv2] [D] [thread 3717] [17.0] [cxt 0] Parser 'parser' entering state 'parse_ethernet'
[13:05:57.990] [bmv2] [D] [thread 3717] [17.0] [cxt 0] Extracting header 'ethernet'
[13:05:57.990] [bmv2] [D] [thread 3717] [17.0] [cxt 0] Parser state 'parse_ethernet': key is 86dd
[13:05:57.990] [bmv2] [T] [thread 3717] [17.0] [cxt 0] Bytes parsed: 14
[13:05:57.990] [bmv2] [D] [thread 3717] [17.0] [cxt 0] Parser 'parser': end
[13:05:57.990] [bmv2] [D] [thread 3717] [17.0] [cxt 0] Pipeline 'ingress': start
[13:05:57.990] [bmv2] [T] [thread 3717] [17.0] [cxt 0] ../simple_router_16.p4(497) Condition "hdr.ipv4.isValid() && hdr.ipv4.ttl > 8w0" (node_2) is false
[13:05:57.990] [bmv2] [D] [thread 3717] [17.0] [cxt 0] Pipeline 'ingress': end
[13:05:57.990] [bmv2] [D] [thread 3717] [17.0] [cxt 0] Egress port is 0
[13:05:57.990] [bmv2] [D] [thread 3718] [17.0] [cxt 0] Pipeline 'egress': start
[13:05:57.990] [bmv2] [T] [thread 3718] [17.0] [cxt 0] ../simple_router_16.p4(298) Condition "hdr.udp.isValid()" (node_30) is false
[13:05:57.990] [bmv2] [T] [thread 3718] [17.0] [cxt 0] Applying table 'send_frame'
[13:05:57.990] [bmv2] [D] [thread 3718] [17.0] [cxt 0] Looking up key:
* standard_metadata.egress_port: 0000

[13:05:57.990] [bmv2] [D] [thread 3718] [17.0] [cxt 0] Table 'send_frame': miss
[13:05:57.990] [bmv2] [D] [thread 3718] [17.0] [cxt 0] Action entry is NoAction - 
[13:05:57.990] [bmv2] [T] [thread 3718] [17.0] [cxt 0] Action NoAction
[13:05:57.990] [bmv2] [D] [thread 3718] [17.0] [cxt 0] Pipeline 'egress': end
[13:05:57.990] [bmv2] [D] [thread 3718] [17.0] [cxt 0] Deparser 'deparser': start
[13:05:57.990] [bmv2] [T] [thread 3718] [17.0] [cxt 0] Skipping checksum 'cksum' update because condition not met
[13:05:57.990] [bmv2] [T] [thread 3718] [17.0] [cxt 0] Skipping checksum 'cksum_0' update because condition not met
[13:05:57.990] [bmv2] [T] [thread 3718] [17.0] [cxt 0] Skipping checksum 'cksum_1' update because condition not met
[13:05:57.991] [bmv2] [D] [thread 3718] [17.0] [cxt 0] Deparsing header 'ethernet'
[13:05:57.991] [bmv2] [D] [thread 3718] [17.0] [cxt 0] Deparser 'deparser': end
[13:05:57.991] [bmv2] [D] [thread 3722] [17.0] [cxt 0] Transmitting packet of size 90 out of port 0
[13:05:58.319] [bmv2] [D] [thread 3717] [18.0] [cxt 0] Processing packet received on port 5
[13:05:58.319] [bmv2] [D] [thread 3717] [18.0] [cxt 0] Parser 'parser': start
[13:05:58.319] [bmv2] [D] [thread 3717] [18.0] [cxt 0] Parser 'parser' entering state 'start'
[13:05:58.319] [bmv2] [D] [thread 3717] [18.0] [cxt 0] Parser state 'start' has no switch, going to default next state
[13:05:58.319] [bmv2] [T] [thread 3717] [18.0] [cxt 0] Bytes parsed: 0
[13:05:58.319] [bmv2] [D] [thread 3717] [18.0] [cxt 0] Parser 'parser' entering state 'parse_ethernet'
[13:05:58.319] [bmv2] [D] [thread 3717] [18.0] [cxt 0] Extracting header 'ethernet'
[13:05:58.319] [bmv2] [D] [thread 3717] [18.0] [cxt 0] Parser state 'parse_ethernet': key is 86dd
[13:05:58.319] [bmv2] [T] [thread 3717] [18.0] [cxt 0] Bytes parsed: 14
[13:05:58.319] [bmv2] [D] [thread 3717] [18.0] [cxt 0] Parser 'parser': end
[13:05:58.319] [bmv2] [D] [thread 3717] [18.0] [cxt 0] Pipeline 'ingress': start
[13:05:58.319] [bmv2] [T] [thread 3717] [18.0] [cxt 0] ../simple_router_16.p4(497) Condition "hdr.ipv4.isValid() && hdr.ipv4.ttl > 8w0" (node_2) is false
[13:05:58.319] [bmv2] [D] [thread 3717] [18.0] [cxt 0] Pipeline 'ingress': end
[13:05:58.319] [bmv2] [D] [thread 3717] [18.0] [cxt 0] Egress port is 0
[13:05:58.319] [bmv2] [D] [thread 3718] [18.0] [cxt 0] Pipeline 'egress': start
[13:05:58.319] [bmv2] [T] [thread 3718] [18.0] [cxt 0] ../simple_router_16.p4(298) Condition "hdr.udp.isValid()" (node_30) is false
[13:05:58.319] [bmv2] [T] [thread 3718] [18.0] [cxt 0] Applying table 'send_frame'
[13:05:58.319] [bmv2] [D] [thread 3718] [18.0] [cxt 0] Looking up key:
* standard_metadata.egress_port: 0000

[13:05:58.319] [bmv2] [D] [thread 3718] [18.0] [cxt 0] Table 'send_frame': miss
[13:05:58.319] [bmv2] [D] [thread 3718] [18.0] [cxt 0] Action entry is NoAction - 
[13:05:58.319] [bmv2] [T] [thread 3718] [18.0] [cxt 0] Action NoAction
[13:05:58.319] [bmv2] [D] [thread 3718] [18.0] [cxt 0] Pipeline 'egress': end
[13:05:58.319] [bmv2] [D] [thread 3718] [18.0] [cxt 0] Deparser 'deparser': start
[13:05:58.319] [bmv2] [T] [thread 3718] [18.0] [cxt 0] Skipping checksum 'cksum' update because condition not met
[13:05:58.319] [bmv2] [T] [thread 3718] [18.0] [cxt 0] Skipping checksum 'cksum_0' update because condition not met
[13:05:58.319] [bmv2] [T] [thread 3718] [18.0] [cxt 0] Skipping checksum 'cksum_1' update because condition not met
[13:05:58.319] [bmv2] [D] [thread 3718] [18.0] [cxt 0] Deparsing header 'ethernet'
[13:05:58.319] [bmv2] [D] [thread 3718] [18.0] [cxt 0] Deparser 'deparser': end
[13:05:58.319] [bmv2] [D] [thread 3722] [18.0] [cxt 0] Transmitting packet of size 90 out of port 0
[13:06:01.242] [bmv2] [D] [thread 3717] [19.0] [cxt 0] Processing packet received on port 1
[13:06:01.242] [bmv2] [D] [thread 3717] [19.0] [cxt 0] Parser 'parser': start
[13:06:01.242] [bmv2] [D] [thread 3717] [19.0] [cxt 0] Parser 'parser' entering state 'start'
[13:06:01.242] [bmv2] [D] [thread 3717] [19.0] [cxt 0] Parser state 'start' has no switch, going to default next state
[13:06:01.242] [bmv2] [T] [thread 3717] [19.0] [cxt 0] Bytes parsed: 0
[13:06:01.242] [bmv2] [D] [thread 3717] [19.0] [cxt 0] Parser 'parser' entering state 'parse_ethernet'
[13:06:01.242] [bmv2] [D] [thread 3717] [19.0] [cxt 0] Extracting header 'ethernet'
[13:06:01.243] [bmv2] [D] [thread 3717] [19.0] [cxt 0] Parser state 'parse_ethernet': key is 86dd
[13:06:01.243] [bmv2] [T] [thread 3717] [19.0] [cxt 0] Bytes parsed: 14
[13:06:01.243] [bmv2] [D] [thread 3717] [19.0] [cxt 0] Parser 'parser': end
[13:06:01.243] [bmv2] [D] [thread 3717] [19.0] [cxt 0] Pipeline 'ingress': start
[13:06:01.243] [bmv2] [T] [thread 3717] [19.0] [cxt 0] ../simple_router_16.p4(497) Condition "hdr.ipv4.isValid() && hdr.ipv4.ttl > 8w0" (node_2) is false
[13:06:01.243] [bmv2] [D] [thread 3717] [19.0] [cxt 0] Pipeline 'ingress': end
[13:06:01.243] [bmv2] [D] [thread 3717] [19.0] [cxt 0] Egress port is 0
[13:06:01.243] [bmv2] [D] [thread 3718] [19.0] [cxt 0] Pipeline 'egress': start
[13:06:01.243] [bmv2] [T] [thread 3718] [19.0] [cxt 0] ../simple_router_16.p4(298) Condition "hdr.udp.isValid()" (node_30) is false
[13:06:01.243] [bmv2] [T] [thread 3718] [19.0] [cxt 0] Applying table 'send_frame'
[13:06:01.243] [bmv2] [D] [thread 3718] [19.0] [cxt 0] Looking up key:
* standard_metadata.egress_port: 0000

[13:06:01.243] [bmv2] [D] [thread 3718] [19.0] [cxt 0] Table 'send_frame': miss
[13:06:01.243] [bmv2] [D] [thread 3718] [19.0] [cxt 0] Action entry is NoAction - 
[13:06:01.243] [bmv2] [T] [thread 3718] [19.0] [cxt 0] Action NoAction
[13:06:01.243] [bmv2] [D] [thread 3718] [19.0] [cxt 0] Pipeline 'egress': end
[13:06:01.243] [bmv2] [D] [thread 3718] [19.0] [cxt 0] Deparser 'deparser': start
[13:06:01.243] [bmv2] [T] [thread 3718] [19.0] [cxt 0] Skipping checksum 'cksum' update because condition not met
[13:06:01.243] [bmv2] [T] [thread 3718] [19.0] [cxt 0] Skipping checksum 'cksum_0' update because condition not met
[13:06:01.243] [bmv2] [T] [thread 3718] [19.0] [cxt 0] Skipping checksum 'cksum_1' update because condition not met
[13:06:01.243] [bmv2] [D] [thread 3718] [19.0] [cxt 0] Deparsing header 'ethernet'
[13:06:01.243] [bmv2] [D] [thread 3718] [19.0] [cxt 0] Deparser 'deparser': end
[13:06:01.243] [bmv2] [D] [thread 3722] [19.0] [cxt 0] Transmitting packet of size 70 out of port 0
[13:06:01.250] [bmv2] [D] [thread 3717] [20.0] [cxt 0] Processing packet received on port 2
[13:06:01.250] [bmv2] [D] [thread 3717] [20.0] [cxt 0] Parser 'parser': start
[13:06:01.250] [bmv2] [D] [thread 3717] [20.0] [cxt 0] Parser 'parser' entering state 'start'
[13:06:01.250] [bmv2] [D] [thread 3717] [20.0] [cxt 0] Parser state 'start' has no switch, going to default next state
[13:06:01.250] [bmv2] [T] [thread 3717] [20.0] [cxt 0] Bytes parsed: 0
[13:06:01.250] [bmv2] [D] [thread 3717] [20.0] [cxt 0] Parser 'parser' entering state 'parse_ethernet'
[13:06:01.250] [bmv2] [D] [thread 3717] [20.0] [cxt 0] Extracting header 'ethernet'
[13:06:01.250] [bmv2] [D] [thread 3717] [20.0] [cxt 0] Parser state 'parse_ethernet': key is 86dd
[13:06:01.250] [bmv2] [T] [thread 3717] [20.0] [cxt 0] Bytes parsed: 14
[13:06:01.250] [bmv2] [D] [thread 3717] [20.0] [cxt 0] Parser 'parser': end
[13:06:01.250] [bmv2] [D] [thread 3717] [20.0] [cxt 0] Pipeline 'ingress': start
[13:06:01.250] [bmv2] [T] [thread 3717] [20.0] [cxt 0] ../simple_router_16.p4(497) Condition "hdr.ipv4.isValid() && hdr.ipv4.ttl > 8w0" (node_2) is false
[13:06:01.250] [bmv2] [D] [thread 3717] [20.0] [cxt 0] Pipeline 'ingress': end
[13:06:01.250] [bmv2] [D] [thread 3717] [20.0] [cxt 0] Egress port is 0
[13:06:01.250] [bmv2] [D] [thread 3718] [20.0] [cxt 0] Pipeline 'egress': start
[13:06:01.250] [bmv2] [T] [thread 3718] [20.0] [cxt 0] ../simple_router_16.p4(298) Condition "hdr.udp.isValid()" (node_30) is false
[13:06:01.250] [bmv2] [T] [thread 3718] [20.0] [cxt 0] Applying table 'send_frame'
[13:06:01.250] [bmv2] [D] [thread 3718] [20.0] [cxt 0] Looking up key:
* standard_metadata.egress_port: 0000

[13:06:01.250] [bmv2] [D] [thread 3718] [20.0] [cxt 0] Table 'send_frame': miss
[13:06:01.250] [bmv2] [D] [thread 3718] [20.0] [cxt 0] Action entry is NoAction - 
[13:06:01.250] [bmv2] [T] [thread 3718] [20.0] [cxt 0] Action NoAction
[13:06:01.250] [bmv2] [D] [thread 3718] [20.0] [cxt 0] Pipeline 'egress': end
[13:06:01.250] [bmv2] [D] [thread 3718] [20.0] [cxt 0] Deparser 'deparser': start
[13:06:01.250] [bmv2] [T] [thread 3718] [20.0] [cxt 0] Skipping checksum 'cksum' update because condition not met
[13:06:01.250] [bmv2] [T] [thread 3718] [20.0] [cxt 0] Skipping checksum 'cksum_0' update because condition not met
[13:06:01.250] [bmv2] [T] [thread 3718] [20.0] [cxt 0] Skipping checksum 'cksum_1' update because condition not met
[13:06:01.250] [bmv2] [D] [thread 3718] [20.0] [cxt 0] Deparsing header 'ethernet'
[13:06:01.250] [bmv2] [D] [thread 3718] [20.0] [cxt 0] Deparser 'deparser': end
[13:06:01.250] [bmv2] [D] [thread 3722] [20.0] [cxt 0] Transmitting packet of size 70 out of port 0
[13:06:01.572] [bmv2] [D] [thread 3717] [21.0] [cxt 0] Processing packet received on port 5
[13:06:01.572] [bmv2] [D] [thread 3717] [21.0] [cxt 0] Parser 'parser': start
[13:06:01.572] [bmv2] [D] [thread 3717] [21.0] [cxt 0] Parser 'parser' entering state 'start'
[13:06:01.572] [bmv2] [D] [thread 3717] [21.0] [cxt 0] Parser state 'start' has no switch, going to default next state
[13:06:01.572] [bmv2] [T] [thread 3717] [21.0] [cxt 0] Bytes parsed: 0
[13:06:01.572] [bmv2] [D] [thread 3717] [21.0] [cxt 0] Parser 'parser' entering state 'parse_ethernet'
[13:06:01.572] [bmv2] [D] [thread 3717] [21.0] [cxt 0] Extracting header 'ethernet'
[13:06:01.572] [bmv2] [D] [thread 3717] [21.0] [cxt 0] Parser state 'parse_ethernet': key is 86dd
[13:06:01.572] [bmv2] [T] [thread 3717] [21.0] [cxt 0] Bytes parsed: 14
[13:06:01.572] [bmv2] [D] [thread 3717] [21.0] [cxt 0] Parser 'parser': end
[13:06:01.572] [bmv2] [D] [thread 3717] [21.0] [cxt 0] Pipeline 'ingress': start
[13:06:01.572] [bmv2] [T] [thread 3717] [21.0] [cxt 0] ../simple_router_16.p4(497) Condition "hdr.ipv4.isValid() && hdr.ipv4.ttl > 8w0" (node_2) is false
[13:06:01.572] [bmv2] [D] [thread 3717] [21.0] [cxt 0] Pipeline 'ingress': end
[13:06:01.572] [bmv2] [D] [thread 3717] [21.0] [cxt 0] Egress port is 0
[13:06:01.573] [bmv2] [D] [thread 3718] [21.0] [cxt 0] Pipeline 'egress': start
[13:06:01.573] [bmv2] [T] [thread 3718] [21.0] [cxt 0] ../simple_router_16.p4(298) Condition "hdr.udp.isValid()" (node_30) is false
[13:06:01.573] [bmv2] [T] [thread 3718] [21.0] [cxt 0] Applying table 'send_frame'
[13:06:01.573] [bmv2] [D] [thread 3718] [21.0] [cxt 0] Looking up key:
* standard_metadata.egress_port: 0000

[13:06:01.573] [bmv2] [D] [thread 3718] [21.0] [cxt 0] Table 'send_frame': miss
[13:06:01.573] [bmv2] [D] [thread 3718] [21.0] [cxt 0] Action entry is NoAction - 
[13:06:01.573] [bmv2] [T] [thread 3718] [21.0] [cxt 0] Action NoAction
[13:06:01.573] [bmv2] [D] [thread 3718] [21.0] [cxt 0] Pipeline 'egress': end
[13:06:01.573] [bmv2] [D] [thread 3718] [21.0] [cxt 0] Deparser 'deparser': start
[13:06:01.573] [bmv2] [T] [thread 3718] [21.0] [cxt 0] Skipping checksum 'cksum' update because condition not met
[13:06:01.573] [bmv2] [T] [thread 3718] [21.0] [cxt 0] Skipping checksum 'cksum_0' update because condition not met
[13:06:01.573] [bmv2] [T] [thread 3718] [21.0] [cxt 0] Skipping checksum 'cksum_1' update because condition not met
[13:06:01.573] [bmv2] [D] [thread 3718] [21.0] [cxt 0] Deparsing header 'ethernet'
[13:06:01.573] [bmv2] [D] [thread 3718] [21.0] [cxt 0] Deparser 'deparser': end
[13:06:01.573] [bmv2] [D] [thread 3722] [21.0] [cxt 0] Transmitting packet of size 70 out of port 0
[13:06:01.811] [bmv2] [D] [thread 3717] [22.0] [cxt 0] Processing packet received on port 3
[13:06:01.811] [bmv2] [D] [thread 3717] [22.0] [cxt 0] Parser 'parser': start
[13:06:01.811] [bmv2] [D] [thread 3717] [22.0] [cxt 0] Parser 'parser' entering state 'start'
[13:06:01.811] [bmv2] [D] [thread 3717] [22.0] [cxt 0] Parser state 'start' has no switch, going to default next state
[13:06:01.811] [bmv2] [T] [thread 3717] [22.0] [cxt 0] Bytes parsed: 0
[13:06:01.811] [bmv2] [D] [thread 3717] [22.0] [cxt 0] Parser 'parser' entering state 'parse_ethernet'
[13:06:01.811] [bmv2] [D] [thread 3717] [22.0] [cxt 0] Extracting header 'ethernet'
[13:06:01.811] [bmv2] [D] [thread 3717] [22.0] [cxt 0] Parser state 'parse_ethernet': key is 86dd
[13:06:01.811] [bmv2] [T] [thread 3717] [22.0] [cxt 0] Bytes parsed: 14
[13:06:01.811] [bmv2] [D] [thread 3717] [22.0] [cxt 0] Parser 'parser': end
[13:06:01.811] [bmv2] [D] [thread 3717] [22.0] [cxt 0] Pipeline 'ingress': start
[13:06:01.811] [bmv2] [T] [thread 3717] [22.0] [cxt 0] ../simple_router_16.p4(497) Condition "hdr.ipv4.isValid() && hdr.ipv4.ttl > 8w0" (node_2) is false
[13:06:01.811] [bmv2] [D] [thread 3717] [22.0] [cxt 0] Pipeline 'ingress': end
[13:06:01.811] [bmv2] [D] [thread 3717] [22.0] [cxt 0] Egress port is 0
[13:06:01.811] [bmv2] [D] [thread 3718] [22.0] [cxt 0] Pipeline 'egress': start
[13:06:01.811] [bmv2] [T] [thread 3718] [22.0] [cxt 0] ../simple_router_16.p4(298) Condition "hdr.udp.isValid()" (node_30) is false
[13:06:01.811] [bmv2] [T] [thread 3718] [22.0] [cxt 0] Applying table 'send_frame'
[13:06:01.811] [bmv2] [D] [thread 3718] [22.0] [cxt 0] Looking up key:
* standard_metadata.egress_port: 0000

[13:06:01.811] [bmv2] [D] [thread 3718] [22.0] [cxt 0] Table 'send_frame': miss
[13:06:01.811] [bmv2] [D] [thread 3718] [22.0] [cxt 0] Action entry is NoAction - 
[13:06:01.811] [bmv2] [T] [thread 3718] [22.0] [cxt 0] Action NoAction
[13:06:01.811] [bmv2] [D] [thread 3718] [22.0] [cxt 0] Pipeline 'egress': end
[13:06:01.811] [bmv2] [D] [thread 3718] [22.0] [cxt 0] Deparser 'deparser': start
[13:06:01.811] [bmv2] [T] [thread 3718] [22.0] [cxt 0] Skipping checksum 'cksum' update because condition not met
[13:06:01.811] [bmv2] [T] [thread 3718] [22.0] [cxt 0] Skipping checksum 'cksum_0' update because condition not met
[13:06:01.811] [bmv2] [T] [thread 3718] [22.0] [cxt 0] Skipping checksum 'cksum_1' update because condition not met
[13:06:01.811] [bmv2] [D] [thread 3718] [22.0] [cxt 0] Deparsing header 'ethernet'
[13:06:01.811] [bmv2] [D] [thread 3718] [22.0] [cxt 0] Deparser 'deparser': end
[13:06:01.811] [bmv2] [D] [thread 3722] [22.0] [cxt 0] Transmitting packet of size 70 out of port 0
[13:06:01.859] [bmv2] [D] [thread 3717] [23.0] [cxt 0] Processing packet received on port 4
[13:06:01.859] [bmv2] [D] [thread 3717] [23.0] [cxt 0] Parser 'parser': start
[13:06:01.859] [bmv2] [D] [thread 3717] [23.0] [cxt 0] Parser 'parser' entering state 'start'
[13:06:01.859] [bmv2] [D] [thread 3717] [23.0] [cxt 0] Parser state 'start' has no switch, going to default next state
[13:06:01.859] [bmv2] [T] [thread 3717] [23.0] [cxt 0] Bytes parsed: 0
[13:06:01.859] [bmv2] [D] [thread 3717] [23.0] [cxt 0] Parser 'parser' entering state 'parse_ethernet'
[13:06:01.859] [bmv2] [D] [thread 3717] [23.0] [cxt 0] Extracting header 'ethernet'
[13:06:01.859] [bmv2] [D] [thread 3717] [23.0] [cxt 0] Parser state 'parse_ethernet': key is 86dd
[13:06:01.859] [bmv2] [T] [thread 3717] [23.0] [cxt 0] Bytes parsed: 14
[13:06:01.859] [bmv2] [D] [thread 3717] [23.0] [cxt 0] Parser 'parser': end
[13:06:01.859] [bmv2] [D] [thread 3717] [23.0] [cxt 0] Pipeline 'ingress': start
[13:06:01.859] [bmv2] [T] [thread 3717] [23.0] [cxt 0] ../simple_router_16.p4(497) Condition "hdr.ipv4.isValid() && hdr.ipv4.ttl > 8w0" (node_2) is false
[13:06:01.859] [bmv2] [D] [thread 3717] [23.0] [cxt 0] Pipeline 'ingress': end
[13:06:01.859] [bmv2] [D] [thread 3717] [23.0] [cxt 0] Egress port is 0
[13:06:01.859] [bmv2] [D] [thread 3717] [24.0] [cxt 0] Processing packet received on port 5
[13:06:01.859] [bmv2] [D] [thread 3717] [24.0] [cxt 0] Parser 'parser': start
[13:06:01.859] [bmv2] [D] [thread 3717] [24.0] [cxt 0] Parser 'parser' entering state 'start'
[13:06:01.859] [bmv2] [D] [thread 3717] [24.0] [cxt 0] Parser state 'start' has no switch, going to default next state
[13:06:01.859] [bmv2] [T] [thread 3717] [24.0] [cxt 0] Bytes parsed: 0
[13:06:01.859] [bmv2] [D] [thread 3717] [24.0] [cxt 0] Parser 'parser' entering state 'parse_ethernet'
[13:06:01.859] [bmv2] [D] [thread 3717] [24.0] [cxt 0] Extracting header 'ethernet'
[13:06:01.859] [bmv2] [D] [thread 3717] [24.0] [cxt 0] Parser state 'parse_ethernet': key is 86dd
[13:06:01.859] [bmv2] [T] [thread 3717] [24.0] [cxt 0] Bytes parsed: 14
[13:06:01.859] [bmv2] [D] [thread 3717] [24.0] [cxt 0] Parser 'parser': end
[13:06:01.859] [bmv2] [D] [thread 3717] [24.0] [cxt 0] Pipeline 'ingress': start
[13:06:01.859] [bmv2] [T] [thread 3717] [24.0] [cxt 0] ../simple_router_16.p4(497) Condition "hdr.ipv4.isValid() && hdr.ipv4.ttl > 8w0" (node_2) is false
[13:06:01.859] [bmv2] [D] [thread 3717] [24.0] [cxt 0] Pipeline 'ingress': end
[13:06:01.859] [bmv2] [D] [thread 3717] [24.0] [cxt 0] Egress port is 0
[13:06:01.859] [bmv2] [D] [thread 3718] [23.0] [cxt 0] Pipeline 'egress': start
[13:06:01.859] [bmv2] [T] [thread 3718] [23.0] [cxt 0] ../simple_router_16.p4(298) Condition "hdr.udp.isValid()" (node_30) is false
[13:06:01.859] [bmv2] [T] [thread 3718] [23.0] [cxt 0] Applying table 'send_frame'
[13:06:01.859] [bmv2] [D] [thread 3718] [23.0] [cxt 0] Looking up key:
* standard_metadata.egress_port: 0000

[13:06:01.859] [bmv2] [D] [thread 3718] [23.0] [cxt 0] Table 'send_frame': miss
[13:06:01.859] [bmv2] [D] [thread 3718] [23.0] [cxt 0] Action entry is NoAction - 
[13:06:01.859] [bmv2] [T] [thread 3718] [23.0] [cxt 0] Action NoAction
[13:06:01.859] [bmv2] [D] [thread 3718] [23.0] [cxt 0] Pipeline 'egress': end
[13:06:01.859] [bmv2] [D] [thread 3718] [23.0] [cxt 0] Deparser 'deparser': start
[13:06:01.859] [bmv2] [T] [thread 3718] [23.0] [cxt 0] Skipping checksum 'cksum' update because condition not met
[13:06:01.859] [bmv2] [T] [thread 3718] [23.0] [cxt 0] Skipping checksum 'cksum_0' update because condition not met
[13:06:01.859] [bmv2] [T] [thread 3718] [23.0] [cxt 0] Skipping checksum 'cksum_1' update because condition not met
[13:06:01.859] [bmv2] [D] [thread 3718] [23.0] [cxt 0] Deparsing header 'ethernet'
[13:06:01.859] [bmv2] [D] [thread 3718] [23.0] [cxt 0] Deparser 'deparser': end
[13:06:01.859] [bmv2] [D] [thread 3718] [24.0] [cxt 0] Pipeline 'egress': start
[13:06:01.859] [bmv2] [T] [thread 3718] [24.0] [cxt 0] ../simple_router_16.p4(298) Condition "hdr.udp.isValid()" (node_30) is false
[13:06:01.859] [bmv2] [T] [thread 3718] [24.0] [cxt 0] Applying table 'send_frame'
[13:06:01.859] [bmv2] [D] [thread 3718] [24.0] [cxt 0] Looking up key:
* standard_metadata.egress_port: 0000

[13:06:01.859] [bmv2] [D] [thread 3718] [24.0] [cxt 0] Table 'send_frame': miss
[13:06:01.859] [bmv2] [D] [thread 3718] [24.0] [cxt 0] Action entry is NoAction - 
[13:06:01.859] [bmv2] [T] [thread 3718] [24.0] [cxt 0] Action NoAction
[13:06:01.859] [bmv2] [D] [thread 3718] [24.0] [cxt 0] Pipeline 'egress': end
[13:06:01.859] [bmv2] [D] [thread 3718] [24.0] [cxt 0] Deparser 'deparser': start
[13:06:01.860] [bmv2] [T] [thread 3718] [24.0] [cxt 0] Skipping checksum 'cksum' update because condition not met
[13:06:01.860] [bmv2] [T] [thread 3718] [24.0] [cxt 0] Skipping checksum 'cksum_0' update because condition not met
[13:06:01.860] [bmv2] [T] [thread 3718] [24.0] [cxt 0] Skipping checksum 'cksum_1' update because condition not met
[13:06:01.860] [bmv2] [D] [thread 3718] [24.0] [cxt 0] Deparsing header 'ethernet'
[13:06:01.860] [bmv2] [D] [thread 3718] [24.0] [cxt 0] Deparser 'deparser': end
[13:06:01.860] [bmv2] [D] [thread 3722] [23.0] [cxt 0] Transmitting packet of size 70 out of port 0
[13:06:01.860] [bmv2] [D] [thread 3722] [24.0] [cxt 0] Transmitting packet of size 70 out of port 0
[13:06:05.251] [bmv2] [D] [thread 3717] [25.0] [cxt 0] Processing packet received on port 1
[13:06:05.251] [bmv2] [D] [thread 3717] [25.0] [cxt 0] Parser 'parser': start
[13:06:05.251] [bmv2] [D] [thread 3717] [25.0] [cxt 0] Parser 'parser' entering state 'start'
[13:06:05.251] [bmv2] [D] [thread 3717] [25.0] [cxt 0] Parser state 'start' has no switch, going to default next state
[13:06:05.251] [bmv2] [T] [thread 3717] [25.0] [cxt 0] Bytes parsed: 0
[13:06:05.251] [bmv2] [D] [thread 3717] [25.0] [cxt 0] Parser 'parser' entering state 'parse_ethernet'
[13:06:05.251] [bmv2] [D] [thread 3717] [25.0] [cxt 0] Extracting header 'ethernet'
[13:06:05.251] [bmv2] [D] [thread 3717] [25.0] [cxt 0] Parser state 'parse_ethernet': key is 86dd
[13:06:05.251] [bmv2] [T] [thread 3717] [25.0] [cxt 0] Bytes parsed: 14
[13:06:05.251] [bmv2] [D] [thread 3717] [25.0] [cxt 0] Parser 'parser': end
[13:06:05.251] [bmv2] [D] [thread 3717] [25.0] [cxt 0] Pipeline 'ingress': start
[13:06:05.251] [bmv2] [T] [thread 3717] [25.0] [cxt 0] ../simple_router_16.p4(497) Condition "hdr.ipv4.isValid() && hdr.ipv4.ttl > 8w0" (node_2) is false
[13:06:05.251] [bmv2] [D] [thread 3717] [25.0] [cxt 0] Pipeline 'ingress': end
[13:06:05.251] [bmv2] [D] [thread 3717] [25.0] [cxt 0] Egress port is 0
[13:06:05.251] [bmv2] [D] [thread 3718] [25.0] [cxt 0] Pipeline 'egress': start
[13:06:05.251] [bmv2] [T] [thread 3718] [25.0] [cxt 0] ../simple_router_16.p4(298) Condition "hdr.udp.isValid()" (node_30) is false
[13:06:05.251] [bmv2] [T] [thread 3718] [25.0] [cxt 0] Applying table 'send_frame'
[13:06:05.251] [bmv2] [D] [thread 3718] [25.0] [cxt 0] Looking up key:
* standard_metadata.egress_port: 0000

[13:06:05.251] [bmv2] [D] [thread 3718] [25.0] [cxt 0] Table 'send_frame': miss
[13:06:05.251] [bmv2] [D] [thread 3718] [25.0] [cxt 0] Action entry is NoAction - 
[13:06:05.251] [bmv2] [T] [thread 3718] [25.0] [cxt 0] Action NoAction
[13:06:05.251] [bmv2] [D] [thread 3718] [25.0] [cxt 0] Pipeline 'egress': end
[13:06:05.251] [bmv2] [D] [thread 3718] [25.0] [cxt 0] Deparser 'deparser': start
[13:06:05.251] [bmv2] [T] [thread 3718] [25.0] [cxt 0] Skipping checksum 'cksum' update because condition not met
[13:06:05.251] [bmv2] [T] [thread 3718] [25.0] [cxt 0] Skipping checksum 'cksum_0' update because condition not met
[13:06:05.251] [bmv2] [T] [thread 3718] [25.0] [cxt 0] Skipping checksum 'cksum_1' update because condition not met
[13:06:05.251] [bmv2] [D] [thread 3718] [25.0] [cxt 0] Deparsing header 'ethernet'
[13:06:05.251] [bmv2] [D] [thread 3718] [25.0] [cxt 0] Deparser 'deparser': end
[13:06:05.252] [bmv2] [D] [thread 3722] [25.0] [cxt 0] Transmitting packet of size 70 out of port 0
[13:06:05.258] [bmv2] [D] [thread 3717] [26.0] [cxt 0] Processing packet received on port 2
[13:06:05.258] [bmv2] [D] [thread 3717] [26.0] [cxt 0] Parser 'parser': start
[13:06:05.258] [bmv2] [D] [thread 3717] [26.0] [cxt 0] Parser 'parser' entering state 'start'
[13:06:05.258] [bmv2] [D] [thread 3717] [26.0] [cxt 0] Parser state 'start' has no switch, going to default next state
[13:06:05.258] [bmv2] [T] [thread 3717] [26.0] [cxt 0] Bytes parsed: 0
[13:06:05.258] [bmv2] [D] [thread 3717] [26.0] [cxt 0] Parser 'parser' entering state 'parse_ethernet'
[13:06:05.258] [bmv2] [D] [thread 3717] [26.0] [cxt 0] Extracting header 'ethernet'
[13:06:05.258] [bmv2] [D] [thread 3717] [26.0] [cxt 0] Parser state 'parse_ethernet': key is 86dd
[13:06:05.258] [bmv2] [T] [thread 3717] [26.0] [cxt 0] Bytes parsed: 14
[13:06:05.258] [bmv2] [D] [thread 3717] [26.0] [cxt 0] Parser 'parser': end
[13:06:05.258] [bmv2] [D] [thread 3717] [26.0] [cxt 0] Pipeline 'ingress': start
[13:06:05.258] [bmv2] [T] [thread 3717] [26.0] [cxt 0] ../simple_router_16.p4(497) Condition "hdr.ipv4.isValid() && hdr.ipv4.ttl > 8w0" (node_2) is false
[13:06:05.258] [bmv2] [D] [thread 3717] [26.0] [cxt 0] Pipeline 'ingress': end
[13:06:05.258] [bmv2] [D] [thread 3717] [26.0] [cxt 0] Egress port is 0
[13:06:05.258] [bmv2] [D] [thread 3718] [26.0] [cxt 0] Pipeline 'egress': start
[13:06:05.258] [bmv2] [T] [thread 3718] [26.0] [cxt 0] ../simple_router_16.p4(298) Condition "hdr.udp.isValid()" (node_30) is false
[13:06:05.258] [bmv2] [T] [thread 3718] [26.0] [cxt 0] Applying table 'send_frame'
[13:06:05.258] [bmv2] [D] [thread 3718] [26.0] [cxt 0] Looking up key:
* standard_metadata.egress_port: 0000

[13:06:05.258] [bmv2] [D] [thread 3718] [26.0] [cxt 0] Table 'send_frame': miss
[13:06:05.258] [bmv2] [D] [thread 3718] [26.0] [cxt 0] Action entry is NoAction - 
[13:06:05.258] [bmv2] [T] [thread 3718] [26.0] [cxt 0] Action NoAction
[13:06:05.258] [bmv2] [D] [thread 3718] [26.0] [cxt 0] Pipeline 'egress': end
[13:06:05.258] [bmv2] [D] [thread 3718] [26.0] [cxt 0] Deparser 'deparser': start
[13:06:05.258] [bmv2] [T] [thread 3718] [26.0] [cxt 0] Skipping checksum 'cksum' update because condition not met
[13:06:05.258] [bmv2] [T] [thread 3718] [26.0] [cxt 0] Skipping checksum 'cksum_0' update because condition not met
[13:06:05.258] [bmv2] [T] [thread 3718] [26.0] [cxt 0] Skipping checksum 'cksum_1' update because condition not met
[13:06:05.258] [bmv2] [D] [thread 3718] [26.0] [cxt 0] Deparsing header 'ethernet'
[13:06:05.258] [bmv2] [D] [thread 3718] [26.0] [cxt 0] Deparser 'deparser': end
[13:06:05.258] [bmv2] [D] [thread 3722] [26.0] [cxt 0] Transmitting packet of size 70 out of port 0
[13:06:05.615] [bmv2] [D] [thread 3717] [27.0] [cxt 0] Processing packet received on port 5
[13:06:05.615] [bmv2] [D] [thread 3717] [27.0] [cxt 0] Parser 'parser': start
[13:06:05.615] [bmv2] [D] [thread 3717] [27.0] [cxt 0] Parser 'parser' entering state 'start'
[13:06:05.615] [bmv2] [D] [thread 3717] [27.0] [cxt 0] Parser state 'start' has no switch, going to default next state
[13:06:05.615] [bmv2] [T] [thread 3717] [27.0] [cxt 0] Bytes parsed: 0
[13:06:05.615] [bmv2] [D] [thread 3717] [27.0] [cxt 0] Parser 'parser' entering state 'parse_ethernet'
[13:06:05.615] [bmv2] [D] [thread 3717] [27.0] [cxt 0] Extracting header 'ethernet'
[13:06:05.615] [bmv2] [D] [thread 3717] [27.0] [cxt 0] Parser state 'parse_ethernet': key is 86dd
[13:06:05.615] [bmv2] [T] [thread 3717] [27.0] [cxt 0] Bytes parsed: 14
[13:06:05.615] [bmv2] [D] [thread 3717] [27.0] [cxt 0] Parser 'parser': end
[13:06:05.615] [bmv2] [D] [thread 3717] [27.0] [cxt 0] Pipeline 'ingress': start
[13:06:05.615] [bmv2] [T] [thread 3717] [27.0] [cxt 0] ../simple_router_16.p4(497) Condition "hdr.ipv4.isValid() && hdr.ipv4.ttl > 8w0" (node_2) is false
[13:06:05.615] [bmv2] [D] [thread 3717] [27.0] [cxt 0] Pipeline 'ingress': end
[13:06:05.615] [bmv2] [D] [thread 3717] [27.0] [cxt 0] Egress port is 0
[13:06:05.615] [bmv2] [D] [thread 3718] [27.0] [cxt 0] Pipeline 'egress': start
[13:06:05.615] [bmv2] [T] [thread 3718] [27.0] [cxt 0] ../simple_router_16.p4(298) Condition "hdr.udp.isValid()" (node_30) is false
[13:06:05.615] [bmv2] [T] [thread 3718] [27.0] [cxt 0] Applying table 'send_frame'
[13:06:05.615] [bmv2] [D] [thread 3718] [27.0] [cxt 0] Looking up key:
* standard_metadata.egress_port: 0000

[13:06:05.615] [bmv2] [D] [thread 3718] [27.0] [cxt 0] Table 'send_frame': miss
[13:06:05.615] [bmv2] [D] [thread 3718] [27.0] [cxt 0] Action entry is NoAction - 
[13:06:05.615] [bmv2] [T] [thread 3718] [27.0] [cxt 0] Action NoAction
[13:06:05.615] [bmv2] [D] [thread 3718] [27.0] [cxt 0] Pipeline 'egress': end
[13:06:05.615] [bmv2] [D] [thread 3718] [27.0] [cxt 0] Deparser 'deparser': start
[13:06:05.615] [bmv2] [T] [thread 3718] [27.0] [cxt 0] Skipping checksum 'cksum' update because condition not met
[13:06:05.615] [bmv2] [T] [thread 3718] [27.0] [cxt 0] Skipping checksum 'cksum_0' update because condition not met
[13:06:05.615] [bmv2] [T] [thread 3718] [27.0] [cxt 0] Skipping checksum 'cksum_1' update because condition not met
[13:06:05.615] [bmv2] [D] [thread 3718] [27.0] [cxt 0] Deparsing header 'ethernet'
[13:06:05.615] [bmv2] [D] [thread 3718] [27.0] [cxt 0] Deparser 'deparser': end
[13:06:05.615] [bmv2] [D] [thread 3722] [27.0] [cxt 0] Transmitting packet of size 70 out of port 0
[13:06:05.818] [bmv2] [D] [thread 3717] [28.0] [cxt 0] Processing packet received on port 3
[13:06:05.818] [bmv2] [D] [thread 3717] [28.0] [cxt 0] Parser 'parser': start
[13:06:05.818] [bmv2] [D] [thread 3717] [28.0] [cxt 0] Parser 'parser' entering state 'start'
[13:06:05.818] [bmv2] [D] [thread 3717] [28.0] [cxt 0] Parser state 'start' has no switch, going to default next state
[13:06:05.818] [bmv2] [T] [thread 3717] [28.0] [cxt 0] Bytes parsed: 0
[13:06:05.818] [bmv2] [D] [thread 3717] [28.0] [cxt 0] Parser 'parser' entering state 'parse_ethernet'
[13:06:05.818] [bmv2] [D] [thread 3717] [28.0] [cxt 0] Extracting header 'ethernet'
[13:06:05.818] [bmv2] [D] [thread 3717] [28.0] [cxt 0] Parser state 'parse_ethernet': key is 86dd
[13:06:05.818] [bmv2] [T] [thread 3717] [28.0] [cxt 0] Bytes parsed: 14
[13:06:05.818] [bmv2] [D] [thread 3717] [28.0] [cxt 0] Parser 'parser': end
[13:06:05.818] [bmv2] [D] [thread 3717] [28.0] [cxt 0] Pipeline 'ingress': start
[13:06:05.818] [bmv2] [T] [thread 3717] [28.0] [cxt 0] ../simple_router_16.p4(497) Condition "hdr.ipv4.isValid() && hdr.ipv4.ttl > 8w0" (node_2) is false
[13:06:05.818] [bmv2] [D] [thread 3717] [28.0] [cxt 0] Pipeline 'ingress': end
[13:06:05.818] [bmv2] [D] [thread 3717] [28.0] [cxt 0] Egress port is 0
[13:06:05.818] [bmv2] [D] [thread 3718] [28.0] [cxt 0] Pipeline 'egress': start
[13:06:05.818] [bmv2] [T] [thread 3718] [28.0] [cxt 0] ../simple_router_16.p4(298) Condition "hdr.udp.isValid()" (node_30) is false
[13:06:05.818] [bmv2] [T] [thread 3718] [28.0] [cxt 0] Applying table 'send_frame'
[13:06:05.818] [bmv2] [D] [thread 3718] [28.0] [cxt 0] Looking up key:
* standard_metadata.egress_port: 0000

[13:06:05.818] [bmv2] [D] [thread 3718] [28.0] [cxt 0] Table 'send_frame': miss
[13:06:05.819] [bmv2] [D] [thread 3718] [28.0] [cxt 0] Action entry is NoAction - 
[13:06:05.819] [bmv2] [T] [thread 3718] [28.0] [cxt 0] Action NoAction
[13:06:05.819] [bmv2] [D] [thread 3718] [28.0] [cxt 0] Pipeline 'egress': end
[13:06:05.819] [bmv2] [D] [thread 3718] [28.0] [cxt 0] Deparser 'deparser': start
[13:06:05.819] [bmv2] [T] [thread 3718] [28.0] [cxt 0] Skipping checksum 'cksum' update because condition not met
[13:06:05.819] [bmv2] [T] [thread 3718] [28.0] [cxt 0] Skipping checksum 'cksum_0' update because condition not met
[13:06:05.819] [bmv2] [T] [thread 3718] [28.0] [cxt 0] Skipping checksum 'cksum_1' update because condition not met
[13:06:05.819] [bmv2] [D] [thread 3718] [28.0] [cxt 0] Deparsing header 'ethernet'
[13:06:05.819] [bmv2] [D] [thread 3718] [28.0] [cxt 0] Deparser 'deparser': end
[13:06:05.819] [bmv2] [D] [thread 3722] [28.0] [cxt 0] Transmitting packet of size 70 out of port 0
[13:06:05.870] [bmv2] [D] [thread 3717] [29.0] [cxt 0] Processing packet received on port 4
[13:06:05.870] [bmv2] [D] [thread 3717] [29.0] [cxt 0] Parser 'parser': start
[13:06:05.870] [bmv2] [D] [thread 3717] [29.0] [cxt 0] Parser 'parser' entering state 'start'
[13:06:05.870] [bmv2] [D] [thread 3717] [29.0] [cxt 0] Parser state 'start' has no switch, going to default next state
[13:06:05.870] [bmv2] [T] [thread 3717] [29.0] [cxt 0] Bytes parsed: 0
[13:06:05.870] [bmv2] [D] [thread 3717] [29.0] [cxt 0] Parser 'parser' entering state 'parse_ethernet'
[13:06:05.870] [bmv2] [D] [thread 3717] [29.0] [cxt 0] Extracting header 'ethernet'
[13:06:05.870] [bmv2] [D] [thread 3717] [29.0] [cxt 0] Parser state 'parse_ethernet': key is 86dd
[13:06:05.870] [bmv2] [T] [thread 3717] [29.0] [cxt 0] Bytes parsed: 14
[13:06:05.870] [bmv2] [D] [thread 3717] [29.0] [cxt 0] Parser 'parser': end
[13:06:05.870] [bmv2] [D] [thread 3717] [29.0] [cxt 0] Pipeline 'ingress': start
[13:06:05.871] [bmv2] [T] [thread 3717] [29.0] [cxt 0] ../simple_router_16.p4(497) Condition "hdr.ipv4.isValid() && hdr.ipv4.ttl > 8w0" (node_2) is false
[13:06:05.871] [bmv2] [D] [thread 3717] [29.0] [cxt 0] Pipeline 'ingress': end
[13:06:05.871] [bmv2] [D] [thread 3717] [29.0] [cxt 0] Egress port is 0
[13:06:05.871] [bmv2] [D] [thread 3717] [30.0] [cxt 0] Processing packet received on port 5
[13:06:05.871] [bmv2] [D] [thread 3717] [30.0] [cxt 0] Parser 'parser': start
[13:06:05.871] [bmv2] [D] [thread 3717] [30.0] [cxt 0] Parser 'parser' entering state 'start'
[13:06:05.871] [bmv2] [D] [thread 3717] [30.0] [cxt 0] Parser state 'start' has no switch, going to default next state
[13:06:05.871] [bmv2] [T] [thread 3717] [30.0] [cxt 0] Bytes parsed: 0
[13:06:05.871] [bmv2] [D] [thread 3717] [30.0] [cxt 0] Parser 'parser' entering state 'parse_ethernet'
[13:06:05.871] [bmv2] [D] [thread 3717] [30.0] [cxt 0] Extracting header 'ethernet'
[13:06:05.871] [bmv2] [D] [thread 3717] [30.0] [cxt 0] Parser state 'parse_ethernet': key is 86dd
[13:06:05.871] [bmv2] [T] [thread 3717] [30.0] [cxt 0] Bytes parsed: 14
[13:06:05.871] [bmv2] [D] [thread 3717] [30.0] [cxt 0] Parser 'parser': end
[13:06:05.871] [bmv2] [D] [thread 3717] [30.0] [cxt 0] Pipeline 'ingress': start
[13:06:05.871] [bmv2] [T] [thread 3717] [30.0] [cxt 0] ../simple_router_16.p4(497) Condition "hdr.ipv4.isValid() && hdr.ipv4.ttl > 8w0" (node_2) is false
[13:06:05.871] [bmv2] [D] [thread 3717] [30.0] [cxt 0] Pipeline 'ingress': end
[13:06:05.871] [bmv2] [D] [thread 3717] [30.0] [cxt 0] Egress port is 0
[13:06:05.871] [bmv2] [D] [thread 3718] [29.0] [cxt 0] Pipeline 'egress': start
[13:06:05.871] [bmv2] [T] [thread 3718] [29.0] [cxt 0] ../simple_router_16.p4(298) Condition "hdr.udp.isValid()" (node_30) is false
[13:06:05.871] [bmv2] [T] [thread 3718] [29.0] [cxt 0] Applying table 'send_frame'
[13:06:05.871] [bmv2] [D] [thread 3718] [29.0] [cxt 0] Looking up key:
* standard_metadata.egress_port: 0000

[13:06:05.871] [bmv2] [D] [thread 3718] [29.0] [cxt 0] Table 'send_frame': miss
[13:06:05.871] [bmv2] [D] [thread 3718] [29.0] [cxt 0] Action entry is NoAction - 
[13:06:05.871] [bmv2] [T] [thread 3718] [29.0] [cxt 0] Action NoAction
[13:06:05.871] [bmv2] [D] [thread 3718] [29.0] [cxt 0] Pipeline 'egress': end
[13:06:05.871] [bmv2] [D] [thread 3718] [29.0] [cxt 0] Deparser 'deparser': start
[13:06:05.871] [bmv2] [T] [thread 3718] [29.0] [cxt 0] Skipping checksum 'cksum' update because condition not met
[13:06:05.871] [bmv2] [T] [thread 3718] [29.0] [cxt 0] Skipping checksum 'cksum_0' update because condition not met
[13:06:05.871] [bmv2] [T] [thread 3718] [29.0] [cxt 0] Skipping checksum 'cksum_1' update because condition not met
[13:06:05.871] [bmv2] [D] [thread 3718] [29.0] [cxt 0] Deparsing header 'ethernet'
[13:06:05.871] [bmv2] [D] [thread 3718] [29.0] [cxt 0] Deparser 'deparser': end
[13:06:05.871] [bmv2] [D] [thread 3718] [30.0] [cxt 0] Pipeline 'egress': start
[13:06:05.871] [bmv2] [T] [thread 3718] [30.0] [cxt 0] ../simple_router_16.p4(298) Condition "hdr.udp.isValid()" (node_30) is false
[13:06:05.871] [bmv2] [T] [thread 3718] [30.0] [cxt 0] Applying table 'send_frame'
[13:06:05.871] [bmv2] [D] [thread 3718] [30.0] [cxt 0] Looking up key:
* standard_metadata.egress_port: 0000

[13:06:05.871] [bmv2] [D] [thread 3718] [30.0] [cxt 0] Table 'send_frame': miss
[13:06:05.871] [bmv2] [D] [thread 3718] [30.0] [cxt 0] Action entry is NoAction - 
[13:06:05.871] [bmv2] [T] [thread 3718] [30.0] [cxt 0] Action NoAction
[13:06:05.871] [bmv2] [D] [thread 3718] [30.0] [cxt 0] Pipeline 'egress': end
[13:06:05.871] [bmv2] [D] [thread 3718] [30.0] [cxt 0] Deparser 'deparser': start
[13:06:05.871] [bmv2] [T] [thread 3718] [30.0] [cxt 0] Skipping checksum 'cksum' update because condition not met
[13:06:05.871] [bmv2] [T] [thread 3718] [30.0] [cxt 0] Skipping checksum 'cksum_0' update because condition not met
[13:06:05.871] [bmv2] [T] [thread 3718] [30.0] [cxt 0] Skipping checksum 'cksum_1' update because condition not met
[13:06:05.871] [bmv2] [D] [thread 3718] [30.0] [cxt 0] Deparsing header 'ethernet'
[13:06:05.871] [bmv2] [D] [thread 3718] [30.0] [cxt 0] Deparser 'deparser': end
[13:06:05.871] [bmv2] [D] [thread 3722] [29.0] [cxt 0] Transmitting packet of size 70 out of port 0
[13:06:05.871] [bmv2] [D] [thread 3722] [30.0] [cxt 0] Transmitting packet of size 70 out of port 0
open: No such file or directory
open: No such file or directory
open: No such file or directory
open: No such file or directory
