Calling target program-options parser
[15:59:09.643] [bmv2] [D] [thread 6724] Set default default entry for table 'match_nat_ip': NoAction - 
[15:59:09.643] [bmv2] [D] [thread 6724] Set default default entry for table 'tbl_act': act - 
[15:59:09.643] [bmv2] [D] [thread 6724] Set default default entry for table 'tbl_act_0': act_0 - 
[15:59:09.643] [bmv2] [D] [thread 6724] Set default default entry for table 'rev_nat_tcp': NoAction - 
[15:59:09.643] [bmv2] [D] [thread 6724] Set default default entry for table 'ipv4_lpm': NoAction - 
[15:59:09.643] [bmv2] [D] [thread 6724] Set default default entry for table 'forward': NoAction - 
[15:59:09.645] [bmv2] [D] [thread 6724] Set default default entry for table 'fwd_nat_tcp': NoAction - 
[15:59:09.645] [bmv2] [D] [thread 6724] Set default default entry for table 'send_frame': NoAction - 
Adding interface nat1-eth1 as port 1
[15:59:09.646] [bmv2] [D] [thread 6724] Adding interface nat1-eth1 as port 1
Adding interface nat1-eth2 as port 2
[15:59:09.667] [bmv2] [D] [thread 6724] Adding interface nat1-eth2 as port 2
Adding interface nat1-eth3 as port 3
[15:59:09.699] [bmv2] [D] [thread 6724] Adding interface nat1-eth3 as port 3
Adding interface nat1-eth4 as port 4
[15:59:09.723] [bmv2] [D] [thread 6724] Adding interface nat1-eth4 as port 4
I0411 15:59:09.752380016    6724 server_builder.cc:247]      Synchronous server. Num CQs: 1, Min pollers: 1, Max Pollers: 2147483647, CQ timeout (msec): 1000
Server listening on 0.0.0.0:50051
[15:59:09.755] [bmv2] [I] [thread 6724] Starting Thrift server on port 9090
[15:59:09.755] [bmv2] [I] [thread 6724] Thrift server was started
[15:59:09.895] [bmv2] [D] [thread 6731] [0.0] [cxt 0] Processing packet received on port 4
[15:59:09.895] [bmv2] [D] [thread 6731] [0.0] [cxt 0] Parser 'parser': start
[15:59:09.895] [bmv2] [D] [thread 6731] [0.0] [cxt 0] Parser 'parser' entering state 'start'
[15:59:09.895] [bmv2] [D] [thread 6731] [0.0] [cxt 0] Parser state 'start' has no switch, going to default next state
[15:59:09.895] [bmv2] [T] [thread 6731] [0.0] [cxt 0] Bytes parsed: 0
[15:59:09.895] [bmv2] [D] [thread 6731] [0.0] [cxt 0] Parser 'parser' entering state 'parse_ethernet'
[15:59:09.895] [bmv2] [D] [thread 6731] [0.0] [cxt 0] Extracting header 'ethernet'
[15:59:09.896] [bmv2] [D] [thread 6731] [0.0] [cxt 0] Parser state 'parse_ethernet': key is 86dd
[15:59:09.896] [bmv2] [T] [thread 6731] [0.0] [cxt 0] Bytes parsed: 14
[15:59:09.896] [bmv2] [D] [thread 6731] [0.0] [cxt 0] Parser 'parser': end
[15:59:09.896] [bmv2] [D] [thread 6731] [0.0] [cxt 0] Pipeline 'ingress': start
[15:59:09.896] [bmv2] [T] [thread 6731] [0.0] [cxt 0] ./simple_router_16.p4(248) Condition "hdr.ipv4.isValid() && hdr.ipv4.ttl > 8w0" (node_2) is false
[15:59:09.896] [bmv2] [D] [thread 6731] [0.0] [cxt 0] Pipeline 'ingress': end
[15:59:09.896] [bmv2] [D] [thread 6731] [0.0] [cxt 0] Egress port is 0
[15:59:09.896] [bmv2] [D] [thread 6732] [0.0] [cxt 0] Pipeline 'egress': start
[15:59:09.896] [bmv2] [T] [thread 6732] [0.0] [cxt 0] ./simple_router_16.p4(181) Condition "hdr.tcp.isValid() && meta.meta.natForward == 1w0" (node_13) is false
[15:59:09.896] [bmv2] [T] [thread 6732] [0.0] [cxt 0] Applying table 'send_frame'
[15:59:09.896] [bmv2] [D] [thread 6732] [0.0] [cxt 0] Looking up key:
* standard_metadata.egress_port: 0000

[15:59:09.896] [bmv2] [D] [thread 6732] [0.0] [cxt 0] Table 'send_frame': miss
[15:59:09.896] [bmv2] [D] [thread 6732] [0.0] [cxt 0] Action entry is NoAction - 
[15:59:09.896] [bmv2] [T] [thread 6732] [0.0] [cxt 0] Action NoAction
[15:59:09.896] [bmv2] [D] [thread 6732] [0.0] [cxt 0] Pipeline 'egress': end
[15:59:09.896] [bmv2] [D] [thread 6732] [0.0] [cxt 0] Deparser 'deparser': start
[15:59:09.896] [bmv2] [T] [thread 6732] [0.0] [cxt 0] Skipping checksum 'cksum' update because condition not met
[15:59:09.896] [bmv2] [T] [thread 6732] [0.0] [cxt 0] Skipping checksum 'cksum_0' update because condition not met
[15:59:09.896] [bmv2] [D] [thread 6732] [0.0] [cxt 0] Deparsing header 'ethernet'
[15:59:09.896] [bmv2] [D] [thread 6732] [0.0] [cxt 0] Deparser 'deparser': end
[15:59:09.896] [bmv2] [D] [thread 6736] [0.0] [cxt 0] Transmitting packet of size 90 out of port 0
[15:59:09.907] [bmv2] [D] [thread 6731] [1.0] [cxt 0] Processing packet received on port 2
[15:59:09.907] [bmv2] [D] [thread 6731] [1.0] [cxt 0] Parser 'parser': start
[15:59:09.907] [bmv2] [D] [thread 6731] [1.0] [cxt 0] Parser 'parser' entering state 'start'
[15:59:09.907] [bmv2] [D] [thread 6731] [1.0] [cxt 0] Parser state 'start' has no switch, going to default next state
[15:59:09.907] [bmv2] [T] [thread 6731] [1.0] [cxt 0] Bytes parsed: 0
[15:59:09.908] [bmv2] [D] [thread 6731] [1.0] [cxt 0] Parser 'parser' entering state 'parse_ethernet'
[15:59:09.908] [bmv2] [D] [thread 6731] [1.0] [cxt 0] Extracting header 'ethernet'
[15:59:09.908] [bmv2] [D] [thread 6731] [1.0] [cxt 0] Parser state 'parse_ethernet': key is 86dd
[15:59:09.908] [bmv2] [T] [thread 6731] [1.0] [cxt 0] Bytes parsed: 14
[15:59:09.908] [bmv2] [D] [thread 6731] [1.0] [cxt 0] Parser 'parser': end
[15:59:09.908] [bmv2] [D] [thread 6731] [1.0] [cxt 0] Pipeline 'ingress': start
[15:59:09.908] [bmv2] [T] [thread 6731] [1.0] [cxt 0] ./simple_router_16.p4(248) Condition "hdr.ipv4.isValid() && hdr.ipv4.ttl > 8w0" (node_2) is false
[15:59:09.908] [bmv2] [D] [thread 6731] [1.0] [cxt 0] Pipeline 'ingress': end
[15:59:09.908] [bmv2] [D] [thread 6731] [1.0] [cxt 0] Egress port is 0
[15:59:09.908] [bmv2] [D] [thread 6732] [1.0] [cxt 0] Pipeline 'egress': start
[15:59:09.908] [bmv2] [T] [thread 6732] [1.0] [cxt 0] ./simple_router_16.p4(181) Condition "hdr.tcp.isValid() && meta.meta.natForward == 1w0" (node_13) is false
[15:59:09.908] [bmv2] [T] [thread 6732] [1.0] [cxt 0] Applying table 'send_frame'
[15:59:09.908] [bmv2] [D] [thread 6732] [1.0] [cxt 0] Looking up key:
* standard_metadata.egress_port: 0000

[15:59:09.908] [bmv2] [D] [thread 6732] [1.0] [cxt 0] Table 'send_frame': miss
[15:59:09.908] [bmv2] [D] [thread 6732] [1.0] [cxt 0] Action entry is NoAction - 
[15:59:09.908] [bmv2] [T] [thread 6732] [1.0] [cxt 0] Action NoAction
[15:59:09.908] [bmv2] [D] [thread 6732] [1.0] [cxt 0] Pipeline 'egress': end
[15:59:09.908] [bmv2] [D] [thread 6732] [1.0] [cxt 0] Deparser 'deparser': start
[15:59:09.908] [bmv2] [T] [thread 6732] [1.0] [cxt 0] Skipping checksum 'cksum' update because condition not met
[15:59:09.908] [bmv2] [T] [thread 6732] [1.0] [cxt 0] Skipping checksum 'cksum_0' update because condition not met
[15:59:09.908] [bmv2] [D] [thread 6732] [1.0] [cxt 0] Deparsing header 'ethernet'
[15:59:09.908] [bmv2] [D] [thread 6732] [1.0] [cxt 0] Deparser 'deparser': end
[15:59:09.908] [bmv2] [D] [thread 6736] [1.0] [cxt 0] Transmitting packet of size 78 out of port 0
[15:59:10.119] [bmv2] [D] [thread 6731] [2.0] [cxt 0] Processing packet received on port 2
[15:59:10.120] [bmv2] [D] [thread 6731] [2.0] [cxt 0] Parser 'parser': start
[15:59:10.120] [bmv2] [D] [thread 6731] [2.0] [cxt 0] Parser 'parser' entering state 'start'
[15:59:10.120] [bmv2] [D] [thread 6731] [2.0] [cxt 0] Parser state 'start' has no switch, going to default next state
[15:59:10.120] [bmv2] [T] [thread 6731] [2.0] [cxt 0] Bytes parsed: 0
[15:59:10.120] [bmv2] [D] [thread 6731] [2.0] [cxt 0] Parser 'parser' entering state 'parse_ethernet'
[15:59:10.120] [bmv2] [D] [thread 6731] [2.0] [cxt 0] Extracting header 'ethernet'
[15:59:10.120] [bmv2] [D] [thread 6731] [2.0] [cxt 0] Parser state 'parse_ethernet': key is 86dd
[15:59:10.120] [bmv2] [T] [thread 6731] [2.0] [cxt 0] Bytes parsed: 14
[15:59:10.120] [bmv2] [D] [thread 6731] [2.0] [cxt 0] Parser 'parser': end
[15:59:10.120] [bmv2] [D] [thread 6731] [2.0] [cxt 0] Pipeline 'ingress': start
[15:59:10.120] [bmv2] [T] [thread 6731] [2.0] [cxt 0] ./simple_router_16.p4(248) Condition "hdr.ipv4.isValid() && hdr.ipv4.ttl > 8w0" (node_2) is false
[15:59:10.120] [bmv2] [D] [thread 6731] [2.0] [cxt 0] Pipeline 'ingress': end
[15:59:10.120] [bmv2] [D] [thread 6731] [2.0] [cxt 0] Egress port is 0
[15:59:10.120] [bmv2] [D] [thread 6732] [2.0] [cxt 0] Pipeline 'egress': start
[15:59:10.120] [bmv2] [T] [thread 6732] [2.0] [cxt 0] ./simple_router_16.p4(181) Condition "hdr.tcp.isValid() && meta.meta.natForward == 1w0" (node_13) is false
[15:59:10.120] [bmv2] [T] [thread 6732] [2.0] [cxt 0] Applying table 'send_frame'
[15:59:10.120] [bmv2] [D] [thread 6732] [2.0] [cxt 0] Looking up key:
* standard_metadata.egress_port: 0000

[15:59:10.120] [bmv2] [D] [thread 6732] [2.0] [cxt 0] Table 'send_frame': miss
[15:59:10.120] [bmv2] [D] [thread 6732] [2.0] [cxt 0] Action entry is NoAction - 
[15:59:10.120] [bmv2] [T] [thread 6732] [2.0] [cxt 0] Action NoAction
[15:59:10.120] [bmv2] [D] [thread 6732] [2.0] [cxt 0] Pipeline 'egress': end
[15:59:10.120] [bmv2] [D] [thread 6732] [2.0] [cxt 0] Deparser 'deparser': start
[15:59:10.120] [bmv2] [T] [thread 6732] [2.0] [cxt 0] Skipping checksum 'cksum' update because condition not met
[15:59:10.120] [bmv2] [T] [thread 6732] [2.0] [cxt 0] Skipping checksum 'cksum_0' update because condition not met
[15:59:10.120] [bmv2] [D] [thread 6732] [2.0] [cxt 0] Deparsing header 'ethernet'
[15:59:10.120] [bmv2] [D] [thread 6732] [2.0] [cxt 0] Deparser 'deparser': end
[15:59:10.120] [bmv2] [D] [thread 6736] [2.0] [cxt 0] Transmitting packet of size 90 out of port 0
[15:59:10.131] [bmv2] [D] [thread 6731] [3.0] [cxt 0] Processing packet received on port 4
[15:59:10.131] [bmv2] [D] [thread 6731] [3.0] [cxt 0] Parser 'parser': start
[15:59:10.131] [bmv2] [D] [thread 6731] [3.0] [cxt 0] Parser 'parser' entering state 'start'
[15:59:10.131] [bmv2] [D] [thread 6731] [3.0] [cxt 0] Parser state 'start' has no switch, going to default next state
[15:59:10.131] [bmv2] [T] [thread 6731] [3.0] [cxt 0] Bytes parsed: 0
[15:59:10.131] [bmv2] [D] [thread 6731] [3.0] [cxt 0] Parser 'parser' entering state 'parse_ethernet'
[15:59:10.131] [bmv2] [D] [thread 6731] [3.0] [cxt 0] Extracting header 'ethernet'
[15:59:10.131] [bmv2] [D] [thread 6731] [3.0] [cxt 0] Parser state 'parse_ethernet': key is 86dd
[15:59:10.131] [bmv2] [T] [thread 6731] [3.0] [cxt 0] Bytes parsed: 14
[15:59:10.131] [bmv2] [D] [thread 6731] [3.0] [cxt 0] Parser 'parser': end
[15:59:10.131] [bmv2] [D] [thread 6731] [3.0] [cxt 0] Pipeline 'ingress': start
[15:59:10.131] [bmv2] [T] [thread 6731] [3.0] [cxt 0] ./simple_router_16.p4(248) Condition "hdr.ipv4.isValid() && hdr.ipv4.ttl > 8w0" (node_2) is false
[15:59:10.131] [bmv2] [D] [thread 6731] [3.0] [cxt 0] Pipeline 'ingress': end
[15:59:10.131] [bmv2] [D] [thread 6731] [3.0] [cxt 0] Egress port is 0
[15:59:10.131] [bmv2] [D] [thread 6732] [3.0] [cxt 0] Pipeline 'egress': start
[15:59:10.131] [bmv2] [T] [thread 6732] [3.0] [cxt 0] ./simple_router_16.p4(181) Condition "hdr.tcp.isValid() && meta.meta.natForward == 1w0" (node_13) is false
[15:59:10.131] [bmv2] [T] [thread 6732] [3.0] [cxt 0] Applying table 'send_frame'
[15:59:10.131] [bmv2] [D] [thread 6732] [3.0] [cxt 0] Looking up key:
* standard_metadata.egress_port: 0000

[15:59:10.131] [bmv2] [D] [thread 6732] [3.0] [cxt 0] Table 'send_frame': miss
[15:59:10.131] [bmv2] [D] [thread 6732] [3.0] [cxt 0] Action entry is NoAction - 
[15:59:10.131] [bmv2] [T] [thread 6732] [3.0] [cxt 0] Action NoAction
[15:59:10.131] [bmv2] [D] [thread 6732] [3.0] [cxt 0] Pipeline 'egress': end
[15:59:10.131] [bmv2] [D] [thread 6732] [3.0] [cxt 0] Deparser 'deparser': start
[15:59:10.131] [bmv2] [T] [thread 6732] [3.0] [cxt 0] Skipping checksum 'cksum' update because condition not met
[15:59:10.131] [bmv2] [T] [thread 6732] [3.0] [cxt 0] Skipping checksum 'cksum_0' update because condition not met
[15:59:10.131] [bmv2] [D] [thread 6732] [3.0] [cxt 0] Deparsing header 'ethernet'
[15:59:10.131] [bmv2] [D] [thread 6732] [3.0] [cxt 0] Deparser 'deparser': end
[15:59:10.131] [bmv2] [D] [thread 6736] [3.0] [cxt 0] Transmitting packet of size 78 out of port 0
[15:59:10.289] [bmv2] [D] [thread 6731] [4.0] [cxt 0] Processing packet received on port 1
[15:59:10.289] [bmv2] [D] [thread 6731] [4.0] [cxt 0] Parser 'parser': start
[15:59:10.289] [bmv2] [D] [thread 6731] [4.0] [cxt 0] Parser 'parser' entering state 'start'
[15:59:10.289] [bmv2] [D] [thread 6731] [4.0] [cxt 0] Parser state 'start' has no switch, going to default next state
[15:59:10.289] [bmv2] [T] [thread 6731] [4.0] [cxt 0] Bytes parsed: 0
[15:59:10.289] [bmv2] [D] [thread 6731] [4.0] [cxt 0] Parser 'parser' entering state 'parse_ethernet'
[15:59:10.289] [bmv2] [D] [thread 6731] [4.0] [cxt 0] Extracting header 'ethernet'
[15:59:10.289] [bmv2] [D] [thread 6731] [4.0] [cxt 0] Parser state 'parse_ethernet': key is 86dd
[15:59:10.289] [bmv2] [T] [thread 6731] [4.0] [cxt 0] Bytes parsed: 14
[15:59:10.289] [bmv2] [D] [thread 6731] [4.0] [cxt 0] Parser 'parser': end
[15:59:10.289] [bmv2] [D] [thread 6731] [4.0] [cxt 0] Pipeline 'ingress': start
[15:59:10.289] [bmv2] [T] [thread 6731] [4.0] [cxt 0] ./simple_router_16.p4(248) Condition "hdr.ipv4.isValid() && hdr.ipv4.ttl > 8w0" (node_2) is false
[15:59:10.289] [bmv2] [D] [thread 6731] [4.0] [cxt 0] Pipeline 'ingress': end
[15:59:10.289] [bmv2] [D] [thread 6731] [4.0] [cxt 0] Egress port is 0
[15:59:10.289] [bmv2] [D] [thread 6732] [4.0] [cxt 0] Pipeline 'egress': start
[15:59:10.289] [bmv2] [T] [thread 6732] [4.0] [cxt 0] ./simple_router_16.p4(181) Condition "hdr.tcp.isValid() && meta.meta.natForward == 1w0" (node_13) is false
[15:59:10.289] [bmv2] [T] [thread 6732] [4.0] [cxt 0] Applying table 'send_frame'
[15:59:10.289] [bmv2] [D] [thread 6732] [4.0] [cxt 0] Looking up key:
* standard_metadata.egress_port: 0000

[15:59:10.289] [bmv2] [D] [thread 6732] [4.0] [cxt 0] Table 'send_frame': miss
[15:59:10.289] [bmv2] [D] [thread 6732] [4.0] [cxt 0] Action entry is NoAction - 
[15:59:10.289] [bmv2] [T] [thread 6732] [4.0] [cxt 0] Action NoAction
[15:59:10.289] [bmv2] [D] [thread 6732] [4.0] [cxt 0] Pipeline 'egress': end
[15:59:10.289] [bmv2] [D] [thread 6732] [4.0] [cxt 0] Deparser 'deparser': start
[15:59:10.289] [bmv2] [T] [thread 6732] [4.0] [cxt 0] Skipping checksum 'cksum' update because condition not met
[15:59:10.289] [bmv2] [T] [thread 6732] [4.0] [cxt 0] Skipping checksum 'cksum_0' update because condition not met
[15:59:10.289] [bmv2] [D] [thread 6732] [4.0] [cxt 0] Deparsing header 'ethernet'
[15:59:10.289] [bmv2] [D] [thread 6732] [4.0] [cxt 0] Deparser 'deparser': end
[15:59:10.289] [bmv2] [D] [thread 6736] [4.0] [cxt 0] Transmitting packet of size 90 out of port 0
[15:59:10.442] [bmv2] [D] [thread 6731] [5.0] [cxt 0] Processing packet received on port 1
[15:59:10.442] [bmv2] [D] [thread 6731] [5.0] [cxt 0] Parser 'parser': start
[15:59:10.442] [bmv2] [D] [thread 6731] [5.0] [cxt 0] Parser 'parser' entering state 'start'
[15:59:10.442] [bmv2] [D] [thread 6731] [5.0] [cxt 0] Parser state 'start' has no switch, going to default next state
[15:59:10.442] [bmv2] [T] [thread 6731] [5.0] [cxt 0] Bytes parsed: 0
[15:59:10.442] [bmv2] [D] [thread 6731] [5.0] [cxt 0] Parser 'parser' entering state 'parse_ethernet'
[15:59:10.442] [bmv2] [D] [thread 6731] [5.0] [cxt 0] Extracting header 'ethernet'
[15:59:10.442] [bmv2] [D] [thread 6731] [5.0] [cxt 0] Parser state 'parse_ethernet': key is 86dd
[15:59:10.442] [bmv2] [T] [thread 6731] [5.0] [cxt 0] Bytes parsed: 14
[15:59:10.442] [bmv2] [D] [thread 6731] [5.0] [cxt 0] Parser 'parser': end
[15:59:10.442] [bmv2] [D] [thread 6731] [5.0] [cxt 0] Pipeline 'ingress': start
[15:59:10.442] [bmv2] [T] [thread 6731] [5.0] [cxt 0] ./simple_router_16.p4(248) Condition "hdr.ipv4.isValid() && hdr.ipv4.ttl > 8w0" (node_2) is false
[15:59:10.442] [bmv2] [D] [thread 6731] [5.0] [cxt 0] Pipeline 'ingress': end
[15:59:10.442] [bmv2] [D] [thread 6731] [5.0] [cxt 0] Egress port is 0
[15:59:10.442] [bmv2] [D] [thread 6731] [6.0] [cxt 0] Processing packet received on port 3
[15:59:10.442] [bmv2] [D] [thread 6731] [6.0] [cxt 0] Parser 'parser': start
[15:59:10.442] [bmv2] [D] [thread 6731] [6.0] [cxt 0] Parser 'parser' entering state 'start'
[15:59:10.442] [bmv2] [D] [thread 6731] [6.0] [cxt 0] Parser state 'start' has no switch, going to default next state
[15:59:10.442] [bmv2] [T] [thread 6731] [6.0] [cxt 0] Bytes parsed: 0
[15:59:10.442] [bmv2] [D] [thread 6731] [6.0] [cxt 0] Parser 'parser' entering state 'parse_ethernet'
[15:59:10.442] [bmv2] [D] [thread 6731] [6.0] [cxt 0] Extracting header 'ethernet'
[15:59:10.442] [bmv2] [D] [thread 6731] [6.0] [cxt 0] Parser state 'parse_ethernet': key is 86dd
[15:59:10.442] [bmv2] [T] [thread 6731] [6.0] [cxt 0] Bytes parsed: 14
[15:59:10.442] [bmv2] [D] [thread 6731] [6.0] [cxt 0] Parser 'parser': end
[15:59:10.442] [bmv2] [D] [thread 6731] [6.0] [cxt 0] Pipeline 'ingress': start
[15:59:10.442] [bmv2] [T] [thread 6731] [6.0] [cxt 0] ./simple_router_16.p4(248) Condition "hdr.ipv4.isValid() && hdr.ipv4.ttl > 8w0" (node_2) is false
[15:59:10.442] [bmv2] [D] [thread 6731] [6.0] [cxt 0] Pipeline 'ingress': end
[15:59:10.442] [bmv2] [D] [thread 6731] [6.0] [cxt 0] Egress port is 0
[15:59:10.442] [bmv2] [D] [thread 6731] [7.0] [cxt 0] Processing packet received on port 1
[15:59:10.442] [bmv2] [D] [thread 6731] [7.0] [cxt 0] Parser 'parser': start
[15:59:10.442] [bmv2] [D] [thread 6731] [7.0] [cxt 0] Parser 'parser' entering state 'start'
[15:59:10.442] [bmv2] [D] [thread 6731] [7.0] [cxt 0] Parser state 'start' has no switch, going to default next state
[15:59:10.442] [bmv2] [T] [thread 6731] [7.0] [cxt 0] Bytes parsed: 0
[15:59:10.442] [bmv2] [D] [thread 6731] [7.0] [cxt 0] Parser 'parser' entering state 'parse_ethernet'
[15:59:10.442] [bmv2] [D] [thread 6731] [7.0] [cxt 0] Extracting header 'ethernet'
[15:59:10.442] [bmv2] [D] [thread 6731] [7.0] [cxt 0] Parser state 'parse_ethernet': key is 86dd
[15:59:10.442] [bmv2] [T] [thread 6731] [7.0] [cxt 0] Bytes parsed: 14
[15:59:10.442] [bmv2] [D] [thread 6731] [7.0] [cxt 0] Parser 'parser': end
[15:59:10.442] [bmv2] [D] [thread 6731] [7.0] [cxt 0] Pipeline 'ingress': start
[15:59:10.442] [bmv2] [T] [thread 6731] [7.0] [cxt 0] ./simple_router_16.p4(248) Condition "hdr.ipv4.isValid() && hdr.ipv4.ttl > 8w0" (node_2) is false
[15:59:10.442] [bmv2] [D] [thread 6731] [7.0] [cxt 0] Pipeline 'ingress': end
[15:59:10.442] [bmv2] [D] [thread 6731] [7.0] [cxt 0] Egress port is 0
[15:59:10.442] [bmv2] [D] [thread 6731] [8.0] [cxt 0] Processing packet received on port 3
[15:59:10.442] [bmv2] [D] [thread 6731] [8.0] [cxt 0] Parser 'parser': start
[15:59:10.442] [bmv2] [D] [thread 6731] [8.0] [cxt 0] Parser 'parser' entering state 'start'
[15:59:10.442] [bmv2] [D] [thread 6731] [8.0] [cxt 0] Parser state 'start' has no switch, going to default next state
[15:59:10.442] [bmv2] [T] [thread 6731] [8.0] [cxt 0] Bytes parsed: 0
[15:59:10.442] [bmv2] [D] [thread 6731] [8.0] [cxt 0] Parser 'parser' entering state 'parse_ethernet'
[15:59:10.442] [bmv2] [D] [thread 6731] [8.0] [cxt 0] Extracting header 'ethernet'
[15:59:10.442] [bmv2] [D] [thread 6731] [8.0] [cxt 0] Parser state 'parse_ethernet': key is 86dd
[15:59:10.443] [bmv2] [T] [thread 6731] [8.0] [cxt 0] Bytes parsed: 14
[15:59:10.443] [bmv2] [D] [thread 6731] [8.0] [cxt 0] Parser 'parser': end
[15:59:10.443] [bmv2] [D] [thread 6731] [8.0] [cxt 0] Pipeline 'ingress': start
[15:59:10.443] [bmv2] [T] [thread 6731] [8.0] [cxt 0] ./simple_router_16.p4(248) Condition "hdr.ipv4.isValid() && hdr.ipv4.ttl > 8w0" (node_2) is false
[15:59:10.443] [bmv2] [D] [thread 6731] [8.0] [cxt 0] Pipeline 'ingress': end
[15:59:10.443] [bmv2] [D] [thread 6731] [8.0] [cxt 0] Egress port is 0
[15:59:10.443] [bmv2] [D] [thread 6732] [5.0] [cxt 0] Pipeline 'egress': start
[15:59:10.443] [bmv2] [T] [thread 6732] [5.0] [cxt 0] ./simple_router_16.p4(181) Condition "hdr.tcp.isValid() && meta.meta.natForward == 1w0" (node_13) is false
[15:59:10.443] [bmv2] [T] [thread 6732] [5.0] [cxt 0] Applying table 'send_frame'
[15:59:10.443] [bmv2] [D] [thread 6732] [5.0] [cxt 0] Looking up key:
* standard_metadata.egress_port: 0000

[15:59:10.443] [bmv2] [D] [thread 6732] [5.0] [cxt 0] Table 'send_frame': miss
[15:59:10.443] [bmv2] [D] [thread 6732] [5.0] [cxt 0] Action entry is NoAction - 
[15:59:10.443] [bmv2] [T] [thread 6732] [5.0] [cxt 0] Action NoAction
[15:59:10.443] [bmv2] [D] [thread 6732] [5.0] [cxt 0] Pipeline 'egress': end
[15:59:10.443] [bmv2] [D] [thread 6732] [5.0] [cxt 0] Deparser 'deparser': start
[15:59:10.443] [bmv2] [T] [thread 6732] [5.0] [cxt 0] Skipping checksum 'cksum' update because condition not met
[15:59:10.443] [bmv2] [T] [thread 6732] [5.0] [cxt 0] Skipping checksum 'cksum_0' update because condition not met
[15:59:10.443] [bmv2] [D] [thread 6732] [5.0] [cxt 0] Deparsing header 'ethernet'
[15:59:10.443] [bmv2] [D] [thread 6732] [5.0] [cxt 0] Deparser 'deparser': end
[15:59:10.443] [bmv2] [D] [thread 6732] [6.0] [cxt 0] Pipeline 'egress': start
[15:59:10.443] [bmv2] [T] [thread 6732] [6.0] [cxt 0] ./simple_router_16.p4(181) Condition "hdr.tcp.isValid() && meta.meta.natForward == 1w0" (node_13) is false
[15:59:10.443] [bmv2] [T] [thread 6732] [6.0] [cxt 0] Applying table 'send_frame'
[15:59:10.443] [bmv2] [D] [thread 6732] [6.0] [cxt 0] Looking up key:
* standard_metadata.egress_port: 0000

[15:59:10.443] [bmv2] [D] [thread 6732] [6.0] [cxt 0] Table 'send_frame': miss
[15:59:10.443] [bmv2] [D] [thread 6732] [6.0] [cxt 0] Action entry is NoAction - 
[15:59:10.443] [bmv2] [T] [thread 6732] [6.0] [cxt 0] Action NoAction
[15:59:10.443] [bmv2] [D] [thread 6732] [6.0] [cxt 0] Pipeline 'egress': end
[15:59:10.443] [bmv2] [D] [thread 6732] [6.0] [cxt 0] Deparser 'deparser': start
[15:59:10.443] [bmv2] [T] [thread 6732] [6.0] [cxt 0] Skipping checksum 'cksum' update because condition not met
[15:59:10.443] [bmv2] [T] [thread 6732] [6.0] [cxt 0] Skipping checksum 'cksum_0' update because condition not met
[15:59:10.443] [bmv2] [D] [thread 6732] [6.0] [cxt 0] Deparsing header 'ethernet'
[15:59:10.443] [bmv2] [D] [thread 6732] [6.0] [cxt 0] Deparser 'deparser': end
[15:59:10.443] [bmv2] [D] [thread 6732] [7.0] [cxt 0] Pipeline 'egress': start
[15:59:10.443] [bmv2] [T] [thread 6732] [7.0] [cxt 0] ./simple_router_16.p4(181) Condition "hdr.tcp.isValid() && meta.meta.natForward == 1w0" (node_13) is false
[15:59:10.443] [bmv2] [T] [thread 6732] [7.0] [cxt 0] Applying table 'send_frame'
[15:59:10.443] [bmv2] [D] [thread 6732] [7.0] [cxt 0] Looking up key:
* standard_metadata.egress_port: 0000

[15:59:10.443] [bmv2] [D] [thread 6732] [7.0] [cxt 0] Table 'send_frame': miss
[15:59:10.443] [bmv2] [D] [thread 6732] [7.0] [cxt 0] Action entry is NoAction - 
[15:59:10.443] [bmv2] [T] [thread 6732] [7.0] [cxt 0] Action NoAction
[15:59:10.443] [bmv2] [D] [thread 6732] [7.0] [cxt 0] Pipeline 'egress': end
[15:59:10.443] [bmv2] [D] [thread 6732] [7.0] [cxt 0] Deparser 'deparser': start
[15:59:10.443] [bmv2] [T] [thread 6732] [7.0] [cxt 0] Skipping checksum 'cksum' update because condition not met
[15:59:10.443] [bmv2] [T] [thread 6732] [7.0] [cxt 0] Skipping checksum 'cksum_0' update because condition not met
[15:59:10.443] [bmv2] [D] [thread 6732] [7.0] [cxt 0] Deparsing header 'ethernet'
[15:59:10.443] [bmv2] [D] [thread 6732] [7.0] [cxt 0] Deparser 'deparser': end
[15:59:10.443] [bmv2] [D] [thread 6732] [8.0] [cxt 0] Pipeline 'egress': start
[15:59:10.443] [bmv2] [T] [thread 6732] [8.0] [cxt 0] ./simple_router_16.p4(181) Condition "hdr.tcp.isValid() && meta.meta.natForward == 1w0" (node_13) is false
[15:59:10.443] [bmv2] [T] [thread 6732] [8.0] [cxt 0] Applying table 'send_frame'
[15:59:10.443] [bmv2] [D] [thread 6732] [8.0] [cxt 0] Looking up key:
* standard_metadata.egress_port: 0000

[15:59:10.443] [bmv2] [D] [thread 6732] [8.0] [cxt 0] Table 'send_frame': miss
[15:59:10.443] [bmv2] [D] [thread 6732] [8.0] [cxt 0] Action entry is NoAction - 
[15:59:10.443] [bmv2] [T] [thread 6732] [8.0] [cxt 0] Action NoAction
[15:59:10.443] [bmv2] [D] [thread 6732] [8.0] [cxt 0] Pipeline 'egress': end
[15:59:10.443] [bmv2] [D] [thread 6732] [8.0] [cxt 0] Deparser 'deparser': start
[15:59:10.443] [bmv2] [T] [thread 6732] [8.0] [cxt 0] Skipping checksum 'cksum' update because condition not met
[15:59:10.443] [bmv2] [T] [thread 6732] [8.0] [cxt 0] Skipping checksum 'cksum_0' update because condition not met
[15:59:10.443] [bmv2] [D] [thread 6732] [8.0] [cxt 0] Deparsing header 'ethernet'
[15:59:10.443] [bmv2] [D] [thread 6732] [8.0] [cxt 0] Deparser 'deparser': end
[15:59:10.445] [bmv2] [D] [thread 6736] [5.0] [cxt 0] Transmitting packet of size 90 out of port 0
[15:59:10.445] [bmv2] [D] [thread 6736] [6.0] [cxt 0] Transmitting packet of size 90 out of port 0
[15:59:10.445] [bmv2] [D] [thread 6736] [7.0] [cxt 0] Transmitting packet of size 70 out of port 0
[15:59:10.445] [bmv2] [D] [thread 6736] [8.0] [cxt 0] Transmitting packet of size 70 out of port 0
[15:59:10.611] [bmv2] [D] [thread 6731] [9.0] [cxt 0] Processing packet received on port 1
[15:59:10.611] [bmv2] [D] [thread 6731] [9.0] [cxt 0] Parser 'parser': start
[15:59:10.611] [bmv2] [D] [thread 6731] [9.0] [cxt 0] Parser 'parser' entering state 'start'
[15:59:10.611] [bmv2] [D] [thread 6731] [9.0] [cxt 0] Parser state 'start' has no switch, going to default next state
[15:59:10.611] [bmv2] [T] [thread 6731] [9.0] [cxt 0] Bytes parsed: 0
[15:59:10.611] [bmv2] [D] [thread 6731] [9.0] [cxt 0] Parser 'parser' entering state 'parse_ethernet'
[15:59:10.611] [bmv2] [D] [thread 6731] [9.0] [cxt 0] Extracting header 'ethernet'
[15:59:10.611] [bmv2] [D] [thread 6731] [9.0] [cxt 0] Parser state 'parse_ethernet': key is 86dd
[15:59:10.611] [bmv2] [T] [thread 6731] [9.0] [cxt 0] Bytes parsed: 14
[15:59:10.611] [bmv2] [D] [thread 6731] [9.0] [cxt 0] Parser 'parser': end
[15:59:10.611] [bmv2] [D] [thread 6731] [9.0] [cxt 0] Pipeline 'ingress': start
[15:59:10.611] [bmv2] [T] [thread 6731] [9.0] [cxt 0] ./simple_router_16.p4(248) Condition "hdr.ipv4.isValid() && hdr.ipv4.ttl > 8w0" (node_2) is false
[15:59:10.611] [bmv2] [D] [thread 6731] [9.0] [cxt 0] Pipeline 'ingress': end
[15:59:10.611] [bmv2] [D] [thread 6731] [9.0] [cxt 0] Egress port is 0
[15:59:10.611] [bmv2] [D] [thread 6732] [9.0] [cxt 0] Pipeline 'egress': start
[15:59:10.611] [bmv2] [T] [thread 6732] [9.0] [cxt 0] ./simple_router_16.p4(181) Condition "hdr.tcp.isValid() && meta.meta.natForward == 1w0" (node_13) is false
[15:59:10.611] [bmv2] [T] [thread 6732] [9.0] [cxt 0] Applying table 'send_frame'
[15:59:10.611] [bmv2] [D] [thread 6732] [9.0] [cxt 0] Looking up key:
* standard_metadata.egress_port: 0000

[15:59:10.611] [bmv2] [D] [thread 6732] [9.0] [cxt 0] Table 'send_frame': miss
[15:59:10.611] [bmv2] [D] [thread 6732] [9.0] [cxt 0] Action entry is NoAction - 
[15:59:10.611] [bmv2] [T] [thread 6732] [9.0] [cxt 0] Action NoAction
[15:59:10.611] [bmv2] [D] [thread 6732] [9.0] [cxt 0] Pipeline 'egress': end
[15:59:10.611] [bmv2] [D] [thread 6732] [9.0] [cxt 0] Deparser 'deparser': start
[15:59:10.611] [bmv2] [T] [thread 6732] [9.0] [cxt 0] Skipping checksum 'cksum' update because condition not met
[15:59:10.612] [bmv2] [T] [thread 6732] [9.0] [cxt 0] Skipping checksum 'cksum_0' update because condition not met
[15:59:10.612] [bmv2] [D] [thread 6732] [9.0] [cxt 0] Deparsing header 'ethernet'
[15:59:10.612] [bmv2] [D] [thread 6732] [9.0] [cxt 0] Deparser 'deparser': end
[15:59:10.612] [bmv2] [D] [thread 6736] [9.0] [cxt 0] Transmitting packet of size 90 out of port 0
[15:59:10.908] [bmv2] [D] [thread 6731] [10.0] [cxt 0] Processing packet received on port 2
[15:59:10.908] [bmv2] [D] [thread 6731] [10.0] [cxt 0] Parser 'parser': start
[15:59:10.908] [bmv2] [D] [thread 6731] [10.0] [cxt 0] Parser 'parser' entering state 'start'
[15:59:10.908] [bmv2] [D] [thread 6731] [10.0] [cxt 0] Parser state 'start' has no switch, going to default next state
[15:59:10.908] [bmv2] [T] [thread 6731] [10.0] [cxt 0] Bytes parsed: 0
[15:59:10.908] [bmv2] [D] [thread 6731] [10.0] [cxt 0] Parser 'parser' entering state 'parse_ethernet'
[15:59:10.908] [bmv2] [D] [thread 6731] [10.0] [cxt 0] Extracting header 'ethernet'
[15:59:10.908] [bmv2] [D] [thread 6731] [10.0] [cxt 0] Parser state 'parse_ethernet': key is 86dd
[15:59:10.908] [bmv2] [T] [thread 6731] [10.0] [cxt 0] Bytes parsed: 14
[15:59:10.908] [bmv2] [D] [thread 6731] [10.0] [cxt 0] Parser 'parser': end
[15:59:10.908] [bmv2] [D] [thread 6731] [10.0] [cxt 0] Pipeline 'ingress': start
[15:59:10.908] [bmv2] [T] [thread 6731] [10.0] [cxt 0] ./simple_router_16.p4(248) Condition "hdr.ipv4.isValid() && hdr.ipv4.ttl > 8w0" (node_2) is false
[15:59:10.908] [bmv2] [D] [thread 6731] [10.0] [cxt 0] Pipeline 'ingress': end
[15:59:10.908] [bmv2] [D] [thread 6731] [10.0] [cxt 0] Egress port is 0
[15:59:10.909] [bmv2] [D] [thread 6731] [11.0] [cxt 0] Processing packet received on port 2
[15:59:10.909] [bmv2] [D] [thread 6731] [11.0] [cxt 0] Parser 'parser': start
[15:59:10.909] [bmv2] [D] [thread 6731] [11.0] [cxt 0] Parser 'parser' entering state 'start'
[15:59:10.909] [bmv2] [D] [thread 6731] [11.0] [cxt 0] Parser state 'start' has no switch, going to default next state
[15:59:10.909] [bmv2] [T] [thread 6731] [11.0] [cxt 0] Bytes parsed: 0
[15:59:10.909] [bmv2] [D] [thread 6731] [11.0] [cxt 0] Parser 'parser' entering state 'parse_ethernet'
[15:59:10.909] [bmv2] [D] [thread 6731] [11.0] [cxt 0] Extracting header 'ethernet'
[15:59:10.909] [bmv2] [D] [thread 6731] [11.0] [cxt 0] Parser state 'parse_ethernet': key is 86dd
[15:59:10.909] [bmv2] [T] [thread 6731] [11.0] [cxt 0] Bytes parsed: 14
[15:59:10.909] [bmv2] [D] [thread 6731] [11.0] [cxt 0] Parser 'parser': end
[15:59:10.909] [bmv2] [D] [thread 6731] [11.0] [cxt 0] Pipeline 'ingress': start
[15:59:10.909] [bmv2] [T] [thread 6731] [11.0] [cxt 0] ./simple_router_16.p4(248) Condition "hdr.ipv4.isValid() && hdr.ipv4.ttl > 8w0" (node_2) is false
[15:59:10.909] [bmv2] [D] [thread 6731] [11.0] [cxt 0] Pipeline 'ingress': end
[15:59:10.909] [bmv2] [D] [thread 6731] [11.0] [cxt 0] Egress port is 0
[15:59:10.909] [bmv2] [D] [thread 6732] [10.0] [cxt 0] Pipeline 'egress': start
[15:59:10.909] [bmv2] [T] [thread 6732] [10.0] [cxt 0] ./simple_router_16.p4(181) Condition "hdr.tcp.isValid() && meta.meta.natForward == 1w0" (node_13) is false
[15:59:10.909] [bmv2] [T] [thread 6732] [10.0] [cxt 0] Applying table 'send_frame'
[15:59:10.909] [bmv2] [D] [thread 6732] [10.0] [cxt 0] Looking up key:
* standard_metadata.egress_port: 0000

[15:59:10.909] [bmv2] [D] [thread 6732] [10.0] [cxt 0] Table 'send_frame': miss
[15:59:10.909] [bmv2] [D] [thread 6732] [10.0] [cxt 0] Action entry is NoAction - 
[15:59:10.909] [bmv2] [T] [thread 6732] [10.0] [cxt 0] Action NoAction
[15:59:10.909] [bmv2] [D] [thread 6732] [10.0] [cxt 0] Pipeline 'egress': end
[15:59:10.909] [bmv2] [D] [thread 6732] [10.0] [cxt 0] Deparser 'deparser': start
[15:59:10.909] [bmv2] [T] [thread 6732] [10.0] [cxt 0] Skipping checksum 'cksum' update because condition not met
[15:59:10.909] [bmv2] [T] [thread 6732] [10.0] [cxt 0] Skipping checksum 'cksum_0' update because condition not met
[15:59:10.909] [bmv2] [D] [thread 6732] [10.0] [cxt 0] Deparsing header 'ethernet'
[15:59:10.909] [bmv2] [D] [thread 6732] [10.0] [cxt 0] Deparser 'deparser': end
[15:59:10.909] [bmv2] [D] [thread 6732] [11.0] [cxt 0] Pipeline 'egress': start
[15:59:10.909] [bmv2] [T] [thread 6732] [11.0] [cxt 0] ./simple_router_16.p4(181) Condition "hdr.tcp.isValid() && meta.meta.natForward == 1w0" (node_13) is false
[15:59:10.909] [bmv2] [T] [thread 6732] [11.0] [cxt 0] Applying table 'send_frame'
[15:59:10.909] [bmv2] [D] [thread 6732] [11.0] [cxt 0] Looking up key:
* standard_metadata.egress_port: 0000

[15:59:10.909] [bmv2] [D] [thread 6732] [11.0] [cxt 0] Table 'send_frame': miss
[15:59:10.909] [bmv2] [D] [thread 6732] [11.0] [cxt 0] Action entry is NoAction - 
[15:59:10.909] [bmv2] [T] [thread 6732] [11.0] [cxt 0] Action NoAction
[15:59:10.909] [bmv2] [D] [thread 6732] [11.0] [cxt 0] Pipeline 'egress': end
[15:59:10.909] [bmv2] [D] [thread 6732] [11.0] [cxt 0] Deparser 'deparser': start
[15:59:10.909] [bmv2] [T] [thread 6732] [11.0] [cxt 0] Skipping checksum 'cksum' update because condition not met
[15:59:10.909] [bmv2] [T] [thread 6732] [11.0] [cxt 0] Skipping checksum 'cksum_0' update because condition not met
[15:59:10.909] [bmv2] [D] [thread 6732] [11.0] [cxt 0] Deparsing header 'ethernet'
[15:59:10.909] [bmv2] [D] [thread 6732] [11.0] [cxt 0] Deparser 'deparser': end
[15:59:10.909] [bmv2] [D] [thread 6736] [10.0] [cxt 0] Transmitting packet of size 90 out of port 0
[15:59:10.909] [bmv2] [D] [thread 6736] [11.0] [cxt 0] Transmitting packet of size 70 out of port 0
[15:59:10.999] [bmv2] [D] [thread 6731] [12.0] [cxt 0] Processing packet received on port 3
[15:59:10.999] [bmv2] [D] [thread 6731] [12.0] [cxt 0] Parser 'parser': start
[15:59:10.999] [bmv2] [D] [thread 6731] [12.0] [cxt 0] Parser 'parser' entering state 'start'
[15:59:10.999] [bmv2] [D] [thread 6731] [12.0] [cxt 0] Parser state 'start' has no switch, going to default next state
[15:59:10.999] [bmv2] [T] [thread 6731] [12.0] [cxt 0] Bytes parsed: 0
[15:59:10.999] [bmv2] [D] [thread 6731] [12.0] [cxt 0] Parser 'parser' entering state 'parse_ethernet'
[15:59:10.999] [bmv2] [D] [thread 6731] [12.0] [cxt 0] Extracting header 'ethernet'
[15:59:10.999] [bmv2] [D] [thread 6731] [12.0] [cxt 0] Parser state 'parse_ethernet': key is 86dd
[15:59:10.999] [bmv2] [T] [thread 6731] [12.0] [cxt 0] Bytes parsed: 14
[15:59:10.999] [bmv2] [D] [thread 6731] [12.0] [cxt 0] Parser 'parser': end
[15:59:10.999] [bmv2] [D] [thread 6731] [12.0] [cxt 0] Pipeline 'ingress': start
[15:59:10.999] [bmv2] [T] [thread 6731] [12.0] [cxt 0] ./simple_router_16.p4(248) Condition "hdr.ipv4.isValid() && hdr.ipv4.ttl > 8w0" (node_2) is false
[15:59:10.999] [bmv2] [D] [thread 6731] [12.0] [cxt 0] Pipeline 'ingress': end
[15:59:10.999] [bmv2] [D] [thread 6731] [12.0] [cxt 0] Egress port is 0
[15:59:10.999] [bmv2] [D] [thread 6732] [12.0] [cxt 0] Pipeline 'egress': start
[15:59:10.999] [bmv2] [T] [thread 6732] [12.0] [cxt 0] ./simple_router_16.p4(181) Condition "hdr.tcp.isValid() && meta.meta.natForward == 1w0" (node_13) is false
[15:59:10.999] [bmv2] [T] [thread 6732] [12.0] [cxt 0] Applying table 'send_frame'
[15:59:10.999] [bmv2] [D] [thread 6732] [12.0] [cxt 0] Looking up key:
* standard_metadata.egress_port: 0000

[15:59:10.999] [bmv2] [D] [thread 6732] [12.0] [cxt 0] Table 'send_frame': miss
[15:59:10.999] [bmv2] [D] [thread 6732] [12.0] [cxt 0] Action entry is NoAction - 
[15:59:10.999] [bmv2] [T] [thread 6732] [12.0] [cxt 0] Action NoAction
[15:59:10.999] [bmv2] [D] [thread 6732] [12.0] [cxt 0] Pipeline 'egress': end
[15:59:10.999] [bmv2] [D] [thread 6732] [12.0] [cxt 0] Deparser 'deparser': start
[15:59:10.999] [bmv2] [T] [thread 6732] [12.0] [cxt 0] Skipping checksum 'cksum' update because condition not met
[15:59:10.999] [bmv2] [T] [thread 6732] [12.0] [cxt 0] Skipping checksum 'cksum_0' update because condition not met
[15:59:10.999] [bmv2] [D] [thread 6732] [12.0] [cxt 0] Deparsing header 'ethernet'
[15:59:11.000] [bmv2] [D] [thread 6732] [12.0] [cxt 0] Deparser 'deparser': end
[15:59:11.000] [bmv2] [D] [thread 6736] [12.0] [cxt 0] Transmitting packet of size 90 out of port 0
[15:59:11.132] [bmv2] [D] [thread 6731] [13.0] [cxt 0] Processing packet received on port 4
[15:59:11.132] [bmv2] [D] [thread 6731] [13.0] [cxt 0] Parser 'parser': start
[15:59:11.133] [bmv2] [D] [thread 6731] [13.0] [cxt 0] Parser 'parser' entering state 'start'
[15:59:11.133] [bmv2] [D] [thread 6731] [13.0] [cxt 0] Parser state 'start' has no switch, going to default next state
[15:59:11.133] [bmv2] [T] [thread 6731] [13.0] [cxt 0] Bytes parsed: 0
[15:59:11.133] [bmv2] [D] [thread 6731] [13.0] [cxt 0] Parser 'parser' entering state 'parse_ethernet'
[15:59:11.133] [bmv2] [D] [thread 6731] [13.0] [cxt 0] Extracting header 'ethernet'
[15:59:11.133] [bmv2] [D] [thread 6731] [13.0] [cxt 0] Parser state 'parse_ethernet': key is 86dd
[15:59:11.133] [bmv2] [T] [thread 6731] [13.0] [cxt 0] Bytes parsed: 14
[15:59:11.133] [bmv2] [D] [thread 6731] [13.0] [cxt 0] Parser 'parser': end
[15:59:11.133] [bmv2] [D] [thread 6731] [13.0] [cxt 0] Pipeline 'ingress': start
[15:59:11.133] [bmv2] [T] [thread 6731] [13.0] [cxt 0] ./simple_router_16.p4(248) Condition "hdr.ipv4.isValid() && hdr.ipv4.ttl > 8w0" (node_2) is false
[15:59:11.133] [bmv2] [D] [thread 6731] [13.0] [cxt 0] Pipeline 'ingress': end
[15:59:11.133] [bmv2] [D] [thread 6731] [13.0] [cxt 0] Egress port is 0
[15:59:11.133] [bmv2] [D] [thread 6731] [14.0] [cxt 0] Processing packet received on port 4
[15:59:11.133] [bmv2] [D] [thread 6731] [14.0] [cxt 0] Parser 'parser': start
[15:59:11.133] [bmv2] [D] [thread 6731] [14.0] [cxt 0] Parser 'parser' entering state 'start'
[15:59:11.133] [bmv2] [D] [thread 6731] [14.0] [cxt 0] Parser state 'start' has no switch, going to default next state
[15:59:11.133] [bmv2] [T] [thread 6731] [14.0] [cxt 0] Bytes parsed: 0
[15:59:11.133] [bmv2] [D] [thread 6731] [14.0] [cxt 0] Parser 'parser' entering state 'parse_ethernet'
[15:59:11.133] [bmv2] [D] [thread 6731] [14.0] [cxt 0] Extracting header 'ethernet'
[15:59:11.133] [bmv2] [D] [thread 6731] [14.0] [cxt 0] Parser state 'parse_ethernet': key is 86dd
[15:59:11.133] [bmv2] [T] [thread 6731] [14.0] [cxt 0] Bytes parsed: 14
[15:59:11.133] [bmv2] [D] [thread 6731] [14.0] [cxt 0] Parser 'parser': end
[15:59:11.133] [bmv2] [D] [thread 6731] [14.0] [cxt 0] Pipeline 'ingress': start
[15:59:11.133] [bmv2] [T] [thread 6731] [14.0] [cxt 0] ./simple_router_16.p4(248) Condition "hdr.ipv4.isValid() && hdr.ipv4.ttl > 8w0" (node_2) is false
[15:59:11.133] [bmv2] [D] [thread 6731] [14.0] [cxt 0] Pipeline 'ingress': end
[15:59:11.133] [bmv2] [D] [thread 6731] [14.0] [cxt 0] Egress port is 0
[15:59:11.133] [bmv2] [D] [thread 6732] [13.0] [cxt 0] Pipeline 'egress': start
[15:59:11.133] [bmv2] [T] [thread 6732] [13.0] [cxt 0] ./simple_router_16.p4(181) Condition "hdr.tcp.isValid() && meta.meta.natForward == 1w0" (node_13) is false
[15:59:11.133] [bmv2] [T] [thread 6732] [13.0] [cxt 0] Applying table 'send_frame'
[15:59:11.133] [bmv2] [D] [thread 6732] [13.0] [cxt 0] Looking up key:
* standard_metadata.egress_port: 0000

[15:59:11.133] [bmv2] [D] [thread 6732] [13.0] [cxt 0] Table 'send_frame': miss
[15:59:11.133] [bmv2] [D] [thread 6732] [13.0] [cxt 0] Action entry is NoAction - 
[15:59:11.133] [bmv2] [T] [thread 6732] [13.0] [cxt 0] Action NoAction
[15:59:11.133] [bmv2] [D] [thread 6732] [13.0] [cxt 0] Pipeline 'egress': end
[15:59:11.133] [bmv2] [D] [thread 6732] [13.0] [cxt 0] Deparser 'deparser': start
[15:59:11.133] [bmv2] [T] [thread 6732] [13.0] [cxt 0] Skipping checksum 'cksum' update because condition not met
[15:59:11.133] [bmv2] [T] [thread 6732] [13.0] [cxt 0] Skipping checksum 'cksum_0' update because condition not met
[15:59:11.133] [bmv2] [D] [thread 6732] [13.0] [cxt 0] Deparsing header 'ethernet'
[15:59:11.133] [bmv2] [D] [thread 6732] [13.0] [cxt 0] Deparser 'deparser': end
[15:59:11.133] [bmv2] [D] [thread 6732] [14.0] [cxt 0] Pipeline 'egress': start
[15:59:11.133] [bmv2] [T] [thread 6732] [14.0] [cxt 0] ./simple_router_16.p4(181) Condition "hdr.tcp.isValid() && meta.meta.natForward == 1w0" (node_13) is false
[15:59:11.133] [bmv2] [T] [thread 6732] [14.0] [cxt 0] Applying table 'send_frame'
[15:59:11.133] [bmv2] [D] [thread 6732] [14.0] [cxt 0] Looking up key:
* standard_metadata.egress_port: 0000

[15:59:11.133] [bmv2] [D] [thread 6732] [14.0] [cxt 0] Table 'send_frame': miss
[15:59:11.133] [bmv2] [D] [thread 6732] [14.0] [cxt 0] Action entry is NoAction - 
[15:59:11.133] [bmv2] [T] [thread 6732] [14.0] [cxt 0] Action NoAction
[15:59:11.133] [bmv2] [D] [thread 6732] [14.0] [cxt 0] Pipeline 'egress': end
[15:59:11.133] [bmv2] [D] [thread 6732] [14.0] [cxt 0] Deparser 'deparser': start
[15:59:11.133] [bmv2] [T] [thread 6732] [14.0] [cxt 0] Skipping checksum 'cksum' update because condition not met
[15:59:11.133] [bmv2] [T] [thread 6732] [14.0] [cxt 0] Skipping checksum 'cksum_0' update because condition not met
[15:59:11.133] [bmv2] [D] [thread 6732] [14.0] [cxt 0] Deparsing header 'ethernet'
[15:59:11.133] [bmv2] [D] [thread 6732] [14.0] [cxt 0] Deparser 'deparser': end
[15:59:11.133] [bmv2] [D] [thread 6736] [13.0] [cxt 0] Transmitting packet of size 90 out of port 0
[15:59:11.133] [bmv2] [D] [thread 6736] [14.0] [cxt 0] Transmitting packet of size 70 out of port 0
[15:59:11.672] [bmv2] [D] [thread 6731] [15.0] [cxt 0] Processing packet received on port 2
[15:59:11.672] [bmv2] [D] [thread 6731] [15.0] [cxt 0] Parser 'parser': start
[15:59:11.672] [bmv2] [D] [thread 6731] [15.0] [cxt 0] Parser 'parser' entering state 'start'
[15:59:11.672] [bmv2] [D] [thread 6731] [15.0] [cxt 0] Parser state 'start' has no switch, going to default next state
[15:59:11.672] [bmv2] [T] [thread 6731] [15.0] [cxt 0] Bytes parsed: 0
[15:59:11.672] [bmv2] [D] [thread 6731] [15.0] [cxt 0] Parser 'parser' entering state 'parse_ethernet'
[15:59:11.672] [bmv2] [D] [thread 6731] [15.0] [cxt 0] Extracting header 'ethernet'
[15:59:11.672] [bmv2] [D] [thread 6731] [15.0] [cxt 0] Parser state 'parse_ethernet': key is 86dd
[15:59:11.672] [bmv2] [T] [thread 6731] [15.0] [cxt 0] Bytes parsed: 14
[15:59:11.672] [bmv2] [D] [thread 6731] [15.0] [cxt 0] Parser 'parser': end
[15:59:11.672] [bmv2] [D] [thread 6731] [15.0] [cxt 0] Pipeline 'ingress': start
[15:59:11.672] [bmv2] [T] [thread 6731] [15.0] [cxt 0] ./simple_router_16.p4(248) Condition "hdr.ipv4.isValid() && hdr.ipv4.ttl > 8w0" (node_2) is false
[15:59:11.672] [bmv2] [D] [thread 6731] [15.0] [cxt 0] Pipeline 'ingress': end
[15:59:11.672] [bmv2] [D] [thread 6731] [15.0] [cxt 0] Egress port is 0
[15:59:11.673] [bmv2] [D] [thread 6732] [15.0] [cxt 0] Pipeline 'egress': start
[15:59:11.673] [bmv2] [T] [thread 6732] [15.0] [cxt 0] ./simple_router_16.p4(181) Condition "hdr.tcp.isValid() && meta.meta.natForward == 1w0" (node_13) is false
[15:59:11.673] [bmv2] [T] [thread 6732] [15.0] [cxt 0] Applying table 'send_frame'
[15:59:11.673] [bmv2] [D] [thread 6732] [15.0] [cxt 0] Looking up key:
* standard_metadata.egress_port: 0000

[15:59:11.673] [bmv2] [D] [thread 6732] [15.0] [cxt 0] Table 'send_frame': miss
[15:59:11.673] [bmv2] [D] [thread 6732] [15.0] [cxt 0] Action entry is NoAction - 
[15:59:11.673] [bmv2] [T] [thread 6732] [15.0] [cxt 0] Action NoAction
[15:59:11.673] [bmv2] [D] [thread 6732] [15.0] [cxt 0] Pipeline 'egress': end
[15:59:11.673] [bmv2] [D] [thread 6732] [15.0] [cxt 0] Deparser 'deparser': start
[15:59:11.673] [bmv2] [T] [thread 6732] [15.0] [cxt 0] Skipping checksum 'cksum' update because condition not met
[15:59:11.673] [bmv2] [T] [thread 6732] [15.0] [cxt 0] Skipping checksum 'cksum_0' update because condition not met
[15:59:11.673] [bmv2] [D] [thread 6732] [15.0] [cxt 0] Deparsing header 'ethernet'
[15:59:11.673] [bmv2] [D] [thread 6732] [15.0] [cxt 0] Deparser 'deparser': end
[15:59:11.673] [bmv2] [D] [thread 6736] [15.0] [cxt 0] Transmitting packet of size 90 out of port 0
[15:59:11.915] [bmv2] [D] [thread 6731] [16.0] [cxt 0] Processing packet received on port 4
[15:59:11.915] [bmv2] [D] [thread 6731] [16.0] [cxt 0] Parser 'parser': start
[15:59:11.915] [bmv2] [D] [thread 6731] [16.0] [cxt 0] Parser 'parser' entering state 'start'
[15:59:11.915] [bmv2] [D] [thread 6731] [16.0] [cxt 0] Parser state 'start' has no switch, going to default next state
[15:59:11.915] [bmv2] [T] [thread 6731] [16.0] [cxt 0] Bytes parsed: 0
[15:59:11.915] [bmv2] [D] [thread 6731] [16.0] [cxt 0] Parser 'parser' entering state 'parse_ethernet'
[15:59:11.915] [bmv2] [D] [thread 6731] [16.0] [cxt 0] Extracting header 'ethernet'
[15:59:11.915] [bmv2] [D] [thread 6731] [16.0] [cxt 0] Parser state 'parse_ethernet': key is 86dd
[15:59:11.915] [bmv2] [T] [thread 6731] [16.0] [cxt 0] Bytes parsed: 14
[15:59:11.915] [bmv2] [D] [thread 6731] [16.0] [cxt 0] Parser 'parser': end
[15:59:11.915] [bmv2] [D] [thread 6731] [16.0] [cxt 0] Pipeline 'ingress': start
[15:59:11.915] [bmv2] [T] [thread 6731] [16.0] [cxt 0] ./simple_router_16.p4(248) Condition "hdr.ipv4.isValid() && hdr.ipv4.ttl > 8w0" (node_2) is false
[15:59:11.915] [bmv2] [D] [thread 6731] [16.0] [cxt 0] Pipeline 'ingress': end
[15:59:11.915] [bmv2] [D] [thread 6731] [16.0] [cxt 0] Egress port is 0
[15:59:11.915] [bmv2] [D] [thread 6732] [16.0] [cxt 0] Pipeline 'egress': start
[15:59:11.915] [bmv2] [T] [thread 6732] [16.0] [cxt 0] ./simple_router_16.p4(181) Condition "hdr.tcp.isValid() && meta.meta.natForward == 1w0" (node_13) is false
[15:59:11.915] [bmv2] [T] [thread 6732] [16.0] [cxt 0] Applying table 'send_frame'
[15:59:11.915] [bmv2] [D] [thread 6732] [16.0] [cxt 0] Looking up key:
* standard_metadata.egress_port: 0000

[15:59:11.915] [bmv2] [D] [thread 6732] [16.0] [cxt 0] Table 'send_frame': miss
[15:59:11.915] [bmv2] [D] [thread 6732] [16.0] [cxt 0] Action entry is NoAction - 
[15:59:11.915] [bmv2] [T] [thread 6732] [16.0] [cxt 0] Action NoAction
[15:59:11.915] [bmv2] [D] [thread 6732] [16.0] [cxt 0] Pipeline 'egress': end
[15:59:11.915] [bmv2] [D] [thread 6732] [16.0] [cxt 0] Deparser 'deparser': start
[15:59:11.915] [bmv2] [T] [thread 6732] [16.0] [cxt 0] Skipping checksum 'cksum' update because condition not met
[15:59:11.915] [bmv2] [T] [thread 6732] [16.0] [cxt 0] Skipping checksum 'cksum_0' update because condition not met
[15:59:11.915] [bmv2] [D] [thread 6732] [16.0] [cxt 0] Deparsing header 'ethernet'
[15:59:11.915] [bmv2] [D] [thread 6732] [16.0] [cxt 0] Deparser 'deparser': end
[15:59:11.915] [bmv2] [D] [thread 6736] [16.0] [cxt 0] Transmitting packet of size 90 out of port 0
[15:59:14.447] [bmv2] [D] [thread 6731] [17.0] [cxt 0] Processing packet received on port 1
[15:59:14.447] [bmv2] [D] [thread 6731] [17.0] [cxt 0] Parser 'parser': start
[15:59:14.447] [bmv2] [D] [thread 6731] [17.0] [cxt 0] Parser 'parser' entering state 'start'
[15:59:14.447] [bmv2] [D] [thread 6731] [17.0] [cxt 0] Parser state 'start' has no switch, going to default next state
[15:59:14.447] [bmv2] [T] [thread 6731] [17.0] [cxt 0] Bytes parsed: 0
[15:59:14.447] [bmv2] [D] [thread 6731] [17.0] [cxt 0] Parser 'parser' entering state 'parse_ethernet'
[15:59:14.447] [bmv2] [D] [thread 6731] [17.0] [cxt 0] Extracting header 'ethernet'
[15:59:14.447] [bmv2] [D] [thread 6731] [17.0] [cxt 0] Parser state 'parse_ethernet': key is 86dd
[15:59:14.447] [bmv2] [T] [thread 6731] [17.0] [cxt 0] Bytes parsed: 14
[15:59:14.447] [bmv2] [D] [thread 6731] [17.0] [cxt 0] Parser 'parser': end
[15:59:14.447] [bmv2] [D] [thread 6731] [17.0] [cxt 0] Pipeline 'ingress': start
[15:59:14.447] [bmv2] [T] [thread 6731] [17.0] [cxt 0] ./simple_router_16.p4(248) Condition "hdr.ipv4.isValid() && hdr.ipv4.ttl > 8w0" (node_2) is false
[15:59:14.447] [bmv2] [D] [thread 6731] [17.0] [cxt 0] Pipeline 'ingress': end
[15:59:14.447] [bmv2] [D] [thread 6731] [17.0] [cxt 0] Egress port is 0
[15:59:14.447] [bmv2] [D] [thread 6731] [18.0] [cxt 0] Processing packet received on port 3
[15:59:14.447] [bmv2] [D] [thread 6731] [18.0] [cxt 0] Parser 'parser': start
[15:59:14.447] [bmv2] [D] [thread 6731] [18.0] [cxt 0] Parser 'parser' entering state 'start'
[15:59:14.447] [bmv2] [D] [thread 6731] [18.0] [cxt 0] Parser state 'start' has no switch, going to default next state
[15:59:14.447] [bmv2] [T] [thread 6731] [18.0] [cxt 0] Bytes parsed: 0
[15:59:14.447] [bmv2] [D] [thread 6731] [18.0] [cxt 0] Parser 'parser' entering state 'parse_ethernet'
[15:59:14.447] [bmv2] [D] [thread 6731] [18.0] [cxt 0] Extracting header 'ethernet'
[15:59:14.447] [bmv2] [D] [thread 6731] [18.0] [cxt 0] Parser state 'parse_ethernet': key is 86dd
[15:59:14.447] [bmv2] [T] [thread 6731] [18.0] [cxt 0] Bytes parsed: 14
[15:59:14.447] [bmv2] [D] [thread 6731] [18.0] [cxt 0] Parser 'parser': end
[15:59:14.447] [bmv2] [D] [thread 6731] [18.0] [cxt 0] Pipeline 'ingress': start
[15:59:14.448] [bmv2] [T] [thread 6731] [18.0] [cxt 0] ./simple_router_16.p4(248) Condition "hdr.ipv4.isValid() && hdr.ipv4.ttl > 8w0" (node_2) is false
[15:59:14.448] [bmv2] [D] [thread 6731] [18.0] [cxt 0] Pipeline 'ingress': end
[15:59:14.448] [bmv2] [D] [thread 6731] [18.0] [cxt 0] Egress port is 0
[15:59:14.448] [bmv2] [D] [thread 6732] [17.0] [cxt 0] Pipeline 'egress': start
[15:59:14.448] [bmv2] [T] [thread 6732] [17.0] [cxt 0] ./simple_router_16.p4(181) Condition "hdr.tcp.isValid() && meta.meta.natForward == 1w0" (node_13) is false
[15:59:14.448] [bmv2] [T] [thread 6732] [17.0] [cxt 0] Applying table 'send_frame'
[15:59:14.448] [bmv2] [D] [thread 6732] [17.0] [cxt 0] Looking up key:
* standard_metadata.egress_port: 0000

[15:59:14.448] [bmv2] [D] [thread 6732] [17.0] [cxt 0] Table 'send_frame': miss
[15:59:14.448] [bmv2] [D] [thread 6732] [17.0] [cxt 0] Action entry is NoAction - 
[15:59:14.448] [bmv2] [T] [thread 6732] [17.0] [cxt 0] Action NoAction
[15:59:14.448] [bmv2] [D] [thread 6732] [17.0] [cxt 0] Pipeline 'egress': end
[15:59:14.448] [bmv2] [D] [thread 6732] [17.0] [cxt 0] Deparser 'deparser': start
[15:59:14.448] [bmv2] [T] [thread 6732] [17.0] [cxt 0] Skipping checksum 'cksum' update because condition not met
[15:59:14.448] [bmv2] [T] [thread 6732] [17.0] [cxt 0] Skipping checksum 'cksum_0' update because condition not met
[15:59:14.448] [bmv2] [D] [thread 6732] [17.0] [cxt 0] Deparsing header 'ethernet'
[15:59:14.448] [bmv2] [D] [thread 6732] [17.0] [cxt 0] Deparser 'deparser': end
[15:59:14.448] [bmv2] [D] [thread 6732] [18.0] [cxt 0] Pipeline 'egress': start
[15:59:14.448] [bmv2] [T] [thread 6732] [18.0] [cxt 0] ./simple_router_16.p4(181) Condition "hdr.tcp.isValid() && meta.meta.natForward == 1w0" (node_13) is false
[15:59:14.448] [bmv2] [T] [thread 6732] [18.0] [cxt 0] Applying table 'send_frame'
[15:59:14.448] [bmv2] [D] [thread 6732] [18.0] [cxt 0] Looking up key:
* standard_metadata.egress_port: 0000

[15:59:14.448] [bmv2] [D] [thread 6732] [18.0] [cxt 0] Table 'send_frame': miss
[15:59:14.448] [bmv2] [D] [thread 6732] [18.0] [cxt 0] Action entry is NoAction - 
[15:59:14.448] [bmv2] [T] [thread 6732] [18.0] [cxt 0] Action NoAction
[15:59:14.448] [bmv2] [D] [thread 6732] [18.0] [cxt 0] Pipeline 'egress': end
[15:59:14.448] [bmv2] [D] [thread 6732] [18.0] [cxt 0] Deparser 'deparser': start
[15:59:14.448] [bmv2] [T] [thread 6732] [18.0] [cxt 0] Skipping checksum 'cksum' update because condition not met
[15:59:14.448] [bmv2] [T] [thread 6732] [18.0] [cxt 0] Skipping checksum 'cksum_0' update because condition not met
[15:59:14.448] [bmv2] [D] [thread 6732] [18.0] [cxt 0] Deparsing header 'ethernet'
[15:59:14.448] [bmv2] [D] [thread 6732] [18.0] [cxt 0] Deparser 'deparser': end
[15:59:14.448] [bmv2] [D] [thread 6736] [17.0] [cxt 0] Transmitting packet of size 70 out of port 0
[15:59:14.448] [bmv2] [D] [thread 6736] [18.0] [cxt 0] Transmitting packet of size 70 out of port 0
[15:59:14.919] [bmv2] [D] [thread 6731] [19.0] [cxt 0] Processing packet received on port 2
[15:59:14.919] [bmv2] [D] [thread 6731] [19.0] [cxt 0] Parser 'parser': start
[15:59:14.919] [bmv2] [D] [thread 6731] [19.0] [cxt 0] Parser 'parser' entering state 'start'
[15:59:14.919] [bmv2] [D] [thread 6731] [19.0] [cxt 0] Parser state 'start' has no switch, going to default next state
[15:59:14.919] [bmv2] [T] [thread 6731] [19.0] [cxt 0] Bytes parsed: 0
[15:59:14.919] [bmv2] [D] [thread 6731] [19.0] [cxt 0] Parser 'parser' entering state 'parse_ethernet'
[15:59:14.919] [bmv2] [D] [thread 6731] [19.0] [cxt 0] Extracting header 'ethernet'
[15:59:14.919] [bmv2] [D] [thread 6731] [19.0] [cxt 0] Parser state 'parse_ethernet': key is 86dd
[15:59:14.919] [bmv2] [T] [thread 6731] [19.0] [cxt 0] Bytes parsed: 14
[15:59:14.919] [bmv2] [D] [thread 6731] [19.0] [cxt 0] Parser 'parser': end
[15:59:14.919] [bmv2] [D] [thread 6731] [19.0] [cxt 0] Pipeline 'ingress': start
[15:59:14.919] [bmv2] [T] [thread 6731] [19.0] [cxt 0] ./simple_router_16.p4(248) Condition "hdr.ipv4.isValid() && hdr.ipv4.ttl > 8w0" (node_2) is false
[15:59:14.919] [bmv2] [D] [thread 6731] [19.0] [cxt 0] Pipeline 'ingress': end
[15:59:14.919] [bmv2] [D] [thread 6731] [19.0] [cxt 0] Egress port is 0
[15:59:14.919] [bmv2] [D] [thread 6732] [19.0] [cxt 0] Pipeline 'egress': start
[15:59:14.919] [bmv2] [T] [thread 6732] [19.0] [cxt 0] ./simple_router_16.p4(181) Condition "hdr.tcp.isValid() && meta.meta.natForward == 1w0" (node_13) is false
[15:59:14.919] [bmv2] [T] [thread 6732] [19.0] [cxt 0] Applying table 'send_frame'
[15:59:14.919] [bmv2] [D] [thread 6732] [19.0] [cxt 0] Looking up key:
* standard_metadata.egress_port: 0000

[15:59:14.919] [bmv2] [D] [thread 6732] [19.0] [cxt 0] Table 'send_frame': miss
[15:59:14.919] [bmv2] [D] [thread 6732] [19.0] [cxt 0] Action entry is NoAction - 
[15:59:14.919] [bmv2] [T] [thread 6732] [19.0] [cxt 0] Action NoAction
[15:59:14.919] [bmv2] [D] [thread 6732] [19.0] [cxt 0] Pipeline 'egress': end
[15:59:14.919] [bmv2] [D] [thread 6732] [19.0] [cxt 0] Deparser 'deparser': start
[15:59:14.919] [bmv2] [T] [thread 6732] [19.0] [cxt 0] Skipping checksum 'cksum' update because condition not met
[15:59:14.919] [bmv2] [T] [thread 6732] [19.0] [cxt 0] Skipping checksum 'cksum_0' update because condition not met
[15:59:14.919] [bmv2] [D] [thread 6732] [19.0] [cxt 0] Deparsing header 'ethernet'
[15:59:14.919] [bmv2] [D] [thread 6732] [19.0] [cxt 0] Deparser 'deparser': end
[15:59:14.919] [bmv2] [D] [thread 6736] [19.0] [cxt 0] Transmitting packet of size 70 out of port 0
[15:59:15.143] [bmv2] [D] [thread 6731] [20.0] [cxt 0] Processing packet received on port 4
[15:59:15.144] [bmv2] [D] [thread 6731] [20.0] [cxt 0] Parser 'parser': start
[15:59:15.144] [bmv2] [D] [thread 6731] [20.0] [cxt 0] Parser 'parser' entering state 'start'
[15:59:15.144] [bmv2] [D] [thread 6731] [20.0] [cxt 0] Parser state 'start' has no switch, going to default next state
[15:59:15.144] [bmv2] [T] [thread 6731] [20.0] [cxt 0] Bytes parsed: 0
[15:59:15.144] [bmv2] [D] [thread 6731] [20.0] [cxt 0] Parser 'parser' entering state 'parse_ethernet'
[15:59:15.144] [bmv2] [D] [thread 6731] [20.0] [cxt 0] Extracting header 'ethernet'
[15:59:15.144] [bmv2] [D] [thread 6731] [20.0] [cxt 0] Parser state 'parse_ethernet': key is 86dd
[15:59:15.144] [bmv2] [T] [thread 6731] [20.0] [cxt 0] Bytes parsed: 14
[15:59:15.144] [bmv2] [D] [thread 6731] [20.0] [cxt 0] Parser 'parser': end
[15:59:15.144] [bmv2] [D] [thread 6731] [20.0] [cxt 0] Pipeline 'ingress': start
[15:59:15.144] [bmv2] [T] [thread 6731] [20.0] [cxt 0] ./simple_router_16.p4(248) Condition "hdr.ipv4.isValid() && hdr.ipv4.ttl > 8w0" (node_2) is false
[15:59:15.144] [bmv2] [D] [thread 6731] [20.0] [cxt 0] Pipeline 'ingress': end
[15:59:15.144] [bmv2] [D] [thread 6731] [20.0] [cxt 0] Egress port is 0
[15:59:15.144] [bmv2] [D] [thread 6732] [20.0] [cxt 0] Pipeline 'egress': start
[15:59:15.144] [bmv2] [T] [thread 6732] [20.0] [cxt 0] ./simple_router_16.p4(181) Condition "hdr.tcp.isValid() && meta.meta.natForward == 1w0" (node_13) is false
[15:59:15.144] [bmv2] [T] [thread 6732] [20.0] [cxt 0] Applying table 'send_frame'
[15:59:15.144] [bmv2] [D] [thread 6732] [20.0] [cxt 0] Looking up key:
* standard_metadata.egress_port: 0000

[15:59:15.144] [bmv2] [D] [thread 6732] [20.0] [cxt 0] Table 'send_frame': miss
[15:59:15.144] [bmv2] [D] [thread 6732] [20.0] [cxt 0] Action entry is NoAction - 
[15:59:15.144] [bmv2] [T] [thread 6732] [20.0] [cxt 0] Action NoAction
[15:59:15.144] [bmv2] [D] [thread 6732] [20.0] [cxt 0] Pipeline 'egress': end
[15:59:15.144] [bmv2] [D] [thread 6732] [20.0] [cxt 0] Deparser 'deparser': start
[15:59:15.144] [bmv2] [T] [thread 6732] [20.0] [cxt 0] Skipping checksum 'cksum' update because condition not met
[15:59:15.144] [bmv2] [T] [thread 6732] [20.0] [cxt 0] Skipping checksum 'cksum_0' update because condition not met
[15:59:15.144] [bmv2] [D] [thread 6732] [20.0] [cxt 0] Deparsing header 'ethernet'
[15:59:15.144] [bmv2] [D] [thread 6732] [20.0] [cxt 0] Deparser 'deparser': end
[15:59:15.144] [bmv2] [D] [thread 6736] [20.0] [cxt 0] Transmitting packet of size 70 out of port 0
[15:59:18.459] [bmv2] [D] [thread 6731] [21.0] [cxt 0] Processing packet received on port 1
[15:59:18.460] [bmv2] [D] [thread 6731] [21.0] [cxt 0] Parser 'parser': start
[15:59:18.460] [bmv2] [D] [thread 6731] [21.0] [cxt 0] Parser 'parser' entering state 'start'
[15:59:18.460] [bmv2] [D] [thread 6731] [21.0] [cxt 0] Parser state 'start' has no switch, going to default next state
[15:59:18.460] [bmv2] [T] [thread 6731] [21.0] [cxt 0] Bytes parsed: 0
[15:59:18.460] [bmv2] [D] [thread 6731] [21.0] [cxt 0] Parser 'parser' entering state 'parse_ethernet'
[15:59:18.460] [bmv2] [D] [thread 6731] [21.0] [cxt 0] Extracting header 'ethernet'
[15:59:18.460] [bmv2] [D] [thread 6731] [21.0] [cxt 0] Parser state 'parse_ethernet': key is 86dd
[15:59:18.460] [bmv2] [T] [thread 6731] [21.0] [cxt 0] Bytes parsed: 14
[15:59:18.460] [bmv2] [D] [thread 6731] [21.0] [cxt 0] Parser 'parser': end
[15:59:18.460] [bmv2] [D] [thread 6731] [21.0] [cxt 0] Pipeline 'ingress': start
[15:59:18.460] [bmv2] [T] [thread 6731] [21.0] [cxt 0] ./simple_router_16.p4(248) Condition "hdr.ipv4.isValid() && hdr.ipv4.ttl > 8w0" (node_2) is false
[15:59:18.460] [bmv2] [D] [thread 6731] [21.0] [cxt 0] Pipeline 'ingress': end
[15:59:18.460] [bmv2] [D] [thread 6731] [21.0] [cxt 0] Egress port is 0
[15:59:18.460] [bmv2] [D] [thread 6731] [22.0] [cxt 0] Processing packet received on port 3
[15:59:18.460] [bmv2] [D] [thread 6731] [22.0] [cxt 0] Parser 'parser': start
[15:59:18.460] [bmv2] [D] [thread 6731] [22.0] [cxt 0] Parser 'parser' entering state 'start'
[15:59:18.460] [bmv2] [D] [thread 6731] [22.0] [cxt 0] Parser state 'start' has no switch, going to default next state
[15:59:18.460] [bmv2] [T] [thread 6731] [22.0] [cxt 0] Bytes parsed: 0
[15:59:18.460] [bmv2] [D] [thread 6731] [22.0] [cxt 0] Parser 'parser' entering state 'parse_ethernet'
[15:59:18.460] [bmv2] [D] [thread 6731] [22.0] [cxt 0] Extracting header 'ethernet'
[15:59:18.460] [bmv2] [D] [thread 6731] [22.0] [cxt 0] Parser state 'parse_ethernet': key is 86dd
[15:59:18.460] [bmv2] [T] [thread 6731] [22.0] [cxt 0] Bytes parsed: 14
[15:59:18.460] [bmv2] [D] [thread 6731] [22.0] [cxt 0] Parser 'parser': end
[15:59:18.460] [bmv2] [D] [thread 6731] [22.0] [cxt 0] Pipeline 'ingress': start
[15:59:18.460] [bmv2] [T] [thread 6731] [22.0] [cxt 0] ./simple_router_16.p4(248) Condition "hdr.ipv4.isValid() && hdr.ipv4.ttl > 8w0" (node_2) is false
[15:59:18.460] [bmv2] [D] [thread 6731] [22.0] [cxt 0] Pipeline 'ingress': end
[15:59:18.460] [bmv2] [D] [thread 6731] [22.0] [cxt 0] Egress port is 0
[15:59:18.460] [bmv2] [D] [thread 6732] [21.0] [cxt 0] Pipeline 'egress': start
[15:59:18.460] [bmv2] [T] [thread 6732] [21.0] [cxt 0] ./simple_router_16.p4(181) Condition "hdr.tcp.isValid() && meta.meta.natForward == 1w0" (node_13) is false
[15:59:18.460] [bmv2] [T] [thread 6732] [21.0] [cxt 0] Applying table 'send_frame'
[15:59:18.460] [bmv2] [D] [thread 6732] [21.0] [cxt 0] Looking up key:
* standard_metadata.egress_port: 0000

[15:59:18.460] [bmv2] [D] [thread 6732] [21.0] [cxt 0] Table 'send_frame': miss
[15:59:18.460] [bmv2] [D] [thread 6732] [21.0] [cxt 0] Action entry is NoAction - 
[15:59:18.460] [bmv2] [T] [thread 6732] [21.0] [cxt 0] Action NoAction
[15:59:18.460] [bmv2] [D] [thread 6732] [21.0] [cxt 0] Pipeline 'egress': end
[15:59:18.460] [bmv2] [D] [thread 6732] [21.0] [cxt 0] Deparser 'deparser': start
[15:59:18.460] [bmv2] [T] [thread 6732] [21.0] [cxt 0] Skipping checksum 'cksum' update because condition not met
[15:59:18.460] [bmv2] [T] [thread 6732] [21.0] [cxt 0] Skipping checksum 'cksum_0' update because condition not met
[15:59:18.460] [bmv2] [D] [thread 6732] [21.0] [cxt 0] Deparsing header 'ethernet'
[15:59:18.460] [bmv2] [D] [thread 6732] [21.0] [cxt 0] Deparser 'deparser': end
[15:59:18.460] [bmv2] [D] [thread 6732] [22.0] [cxt 0] Pipeline 'egress': start
[15:59:18.460] [bmv2] [T] [thread 6732] [22.0] [cxt 0] ./simple_router_16.p4(181) Condition "hdr.tcp.isValid() && meta.meta.natForward == 1w0" (node_13) is false
[15:59:18.460] [bmv2] [T] [thread 6732] [22.0] [cxt 0] Applying table 'send_frame'
[15:59:18.460] [bmv2] [D] [thread 6732] [22.0] [cxt 0] Looking up key:
* standard_metadata.egress_port: 0000

[15:59:18.460] [bmv2] [D] [thread 6732] [22.0] [cxt 0] Table 'send_frame': miss
[15:59:18.460] [bmv2] [D] [thread 6732] [22.0] [cxt 0] Action entry is NoAction - 
[15:59:18.460] [bmv2] [T] [thread 6732] [22.0] [cxt 0] Action NoAction
[15:59:18.460] [bmv2] [D] [thread 6732] [22.0] [cxt 0] Pipeline 'egress': end
[15:59:18.460] [bmv2] [D] [thread 6732] [22.0] [cxt 0] Deparser 'deparser': start
[15:59:18.460] [bmv2] [T] [thread 6732] [22.0] [cxt 0] Skipping checksum 'cksum' update because condition not met
[15:59:18.460] [bmv2] [T] [thread 6732] [22.0] [cxt 0] Skipping checksum 'cksum_0' update because condition not met
[15:59:18.460] [bmv2] [D] [thread 6732] [22.0] [cxt 0] Deparsing header 'ethernet'
[15:59:18.460] [bmv2] [D] [thread 6732] [22.0] [cxt 0] Deparser 'deparser': end
[15:59:18.460] [bmv2] [D] [thread 6736] [21.0] [cxt 0] Transmitting packet of size 70 out of port 0
[15:59:18.460] [bmv2] [D] [thread 6736] [22.0] [cxt 0] Transmitting packet of size 70 out of port 0
[15:59:18.928] [bmv2] [D] [thread 6731] [23.0] [cxt 0] Processing packet received on port 2
[15:59:18.928] [bmv2] [D] [thread 6731] [23.0] [cxt 0] Parser 'parser': start
[15:59:18.928] [bmv2] [D] [thread 6731] [23.0] [cxt 0] Parser 'parser' entering state 'start'
[15:59:18.928] [bmv2] [D] [thread 6731] [23.0] [cxt 0] Parser state 'start' has no switch, going to default next state
[15:59:18.928] [bmv2] [T] [thread 6731] [23.0] [cxt 0] Bytes parsed: 0
[15:59:18.928] [bmv2] [D] [thread 6731] [23.0] [cxt 0] Parser 'parser' entering state 'parse_ethernet'
[15:59:18.928] [bmv2] [D] [thread 6731] [23.0] [cxt 0] Extracting header 'ethernet'
[15:59:18.928] [bmv2] [D] [thread 6731] [23.0] [cxt 0] Parser state 'parse_ethernet': key is 86dd
[15:59:18.928] [bmv2] [T] [thread 6731] [23.0] [cxt 0] Bytes parsed: 14
[15:59:18.928] [bmv2] [D] [thread 6731] [23.0] [cxt 0] Parser 'parser': end
[15:59:18.928] [bmv2] [D] [thread 6731] [23.0] [cxt 0] Pipeline 'ingress': start
[15:59:18.928] [bmv2] [T] [thread 6731] [23.0] [cxt 0] ./simple_router_16.p4(248) Condition "hdr.ipv4.isValid() && hdr.ipv4.ttl > 8w0" (node_2) is false
[15:59:18.928] [bmv2] [D] [thread 6731] [23.0] [cxt 0] Pipeline 'ingress': end
[15:59:18.928] [bmv2] [D] [thread 6731] [23.0] [cxt 0] Egress port is 0
[15:59:18.928] [bmv2] [D] [thread 6732] [23.0] [cxt 0] Pipeline 'egress': start
[15:59:18.928] [bmv2] [T] [thread 6732] [23.0] [cxt 0] ./simple_router_16.p4(181) Condition "hdr.tcp.isValid() && meta.meta.natForward == 1w0" (node_13) is false
[15:59:18.928] [bmv2] [T] [thread 6732] [23.0] [cxt 0] Applying table 'send_frame'
[15:59:18.928] [bmv2] [D] [thread 6732] [23.0] [cxt 0] Looking up key:
* standard_metadata.egress_port: 0000

[15:59:18.928] [bmv2] [D] [thread 6732] [23.0] [cxt 0] Table 'send_frame': miss
[15:59:18.928] [bmv2] [D] [thread 6732] [23.0] [cxt 0] Action entry is NoAction - 
[15:59:18.928] [bmv2] [T] [thread 6732] [23.0] [cxt 0] Action NoAction
[15:59:18.928] [bmv2] [D] [thread 6732] [23.0] [cxt 0] Pipeline 'egress': end
[15:59:18.928] [bmv2] [D] [thread 6732] [23.0] [cxt 0] Deparser 'deparser': start
[15:59:18.928] [bmv2] [T] [thread 6732] [23.0] [cxt 0] Skipping checksum 'cksum' update because condition not met
[15:59:18.928] [bmv2] [T] [thread 6732] [23.0] [cxt 0] Skipping checksum 'cksum_0' update because condition not met
[15:59:18.928] [bmv2] [D] [thread 6732] [23.0] [cxt 0] Deparsing header 'ethernet'
[15:59:18.928] [bmv2] [D] [thread 6732] [23.0] [cxt 0] Deparser 'deparser': end
[15:59:18.928] [bmv2] [D] [thread 6736] [23.0] [cxt 0] Transmitting packet of size 70 out of port 0
[15:59:19.151] [bmv2] [D] [thread 6731] [24.0] [cxt 0] Processing packet received on port 4
[15:59:19.151] [bmv2] [D] [thread 6731] [24.0] [cxt 0] Parser 'parser': start
[15:59:19.151] [bmv2] [D] [thread 6731] [24.0] [cxt 0] Parser 'parser' entering state 'start'
[15:59:19.151] [bmv2] [D] [thread 6731] [24.0] [cxt 0] Parser state 'start' has no switch, going to default next state
[15:59:19.151] [bmv2] [T] [thread 6731] [24.0] [cxt 0] Bytes parsed: 0
[15:59:19.151] [bmv2] [D] [thread 6731] [24.0] [cxt 0] Parser 'parser' entering state 'parse_ethernet'
[15:59:19.151] [bmv2] [D] [thread 6731] [24.0] [cxt 0] Extracting header 'ethernet'
[15:59:19.151] [bmv2] [D] [thread 6731] [24.0] [cxt 0] Parser state 'parse_ethernet': key is 86dd
[15:59:19.151] [bmv2] [T] [thread 6731] [24.0] [cxt 0] Bytes parsed: 14
[15:59:19.151] [bmv2] [D] [thread 6731] [24.0] [cxt 0] Parser 'parser': end
[15:59:19.151] [bmv2] [D] [thread 6731] [24.0] [cxt 0] Pipeline 'ingress': start
[15:59:19.151] [bmv2] [T] [thread 6731] [24.0] [cxt 0] ./simple_router_16.p4(248) Condition "hdr.ipv4.isValid() && hdr.ipv4.ttl > 8w0" (node_2) is false
[15:59:19.151] [bmv2] [D] [thread 6731] [24.0] [cxt 0] Pipeline 'ingress': end
[15:59:19.151] [bmv2] [D] [thread 6731] [24.0] [cxt 0] Egress port is 0
[15:59:19.151] [bmv2] [D] [thread 6732] [24.0] [cxt 0] Pipeline 'egress': start
[15:59:19.151] [bmv2] [T] [thread 6732] [24.0] [cxt 0] ./simple_router_16.p4(181) Condition "hdr.tcp.isValid() && meta.meta.natForward == 1w0" (node_13) is false
[15:59:19.151] [bmv2] [T] [thread 6732] [24.0] [cxt 0] Applying table 'send_frame'
[15:59:19.151] [bmv2] [D] [thread 6732] [24.0] [cxt 0] Looking up key:
* standard_metadata.egress_port: 0000

[15:59:19.151] [bmv2] [D] [thread 6732] [24.0] [cxt 0] Table 'send_frame': miss
[15:59:19.151] [bmv2] [D] [thread 6732] [24.0] [cxt 0] Action entry is NoAction - 
[15:59:19.151] [bmv2] [T] [thread 6732] [24.0] [cxt 0] Action NoAction
[15:59:19.151] [bmv2] [D] [thread 6732] [24.0] [cxt 0] Pipeline 'egress': end
[15:59:19.151] [bmv2] [D] [thread 6732] [24.0] [cxt 0] Deparser 'deparser': start
[15:59:19.151] [bmv2] [T] [thread 6732] [24.0] [cxt 0] Skipping checksum 'cksum' update because condition not met
[15:59:19.151] [bmv2] [T] [thread 6732] [24.0] [cxt 0] Skipping checksum 'cksum_0' update because condition not met
[15:59:19.151] [bmv2] [D] [thread 6732] [24.0] [cxt 0] Deparsing header 'ethernet'
[15:59:19.151] [bmv2] [D] [thread 6732] [24.0] [cxt 0] Deparser 'deparser': end
[15:59:19.152] [bmv2] [D] [thread 6736] [24.0] [cxt 0] Transmitting packet of size 70 out of port 0
