Calling target program-options parser
[15:59:10.156] [bmv2] [D] [thread 6738] Set default default entry for table 'match_nat_ip': NoAction - 
[15:59:10.156] [bmv2] [D] [thread 6738] Set default default entry for table 'tbl_act': act - 
[15:59:10.156] [bmv2] [D] [thread 6738] Set default default entry for table 'tbl_act_0': act_0 - 
[15:59:10.157] [bmv2] [D] [thread 6738] Set default default entry for table 'rev_nat_tcp': NoAction - 
[15:59:10.157] [bmv2] [D] [thread 6738] Set default default entry for table 'ipv4_lpm': NoAction - 
[15:59:10.157] [bmv2] [D] [thread 6738] Set default default entry for table 'forward': NoAction - 
[15:59:10.160] [bmv2] [D] [thread 6738] Set default default entry for table 'fwd_nat_tcp': NoAction - 
[15:59:10.161] [bmv2] [D] [thread 6738] Set default default entry for table 'send_frame': NoAction - 
Adding interface nat2-eth1 as port 1
[15:59:10.162] [bmv2] [D] [thread 6738] Adding interface nat2-eth1 as port 1
Adding interface nat2-eth2 as port 2
[15:59:10.303] [bmv2] [D] [thread 6738] Adding interface nat2-eth2 as port 2
Adding interface nat2-eth3 as port 3
[15:59:10.335] [bmv2] [D] [thread 6738] Adding interface nat2-eth3 as port 3
Adding interface nat2-eth4 as port 4
[15:59:10.371] [bmv2] [D] [thread 6738] Adding interface nat2-eth4 as port 4
I0411 15:59:10.443010582    6738 server_builder.cc:247]      Synchronous server. Num CQs: 1, Min pollers: 1, Max Pollers: 2147483647, CQ timeout (msec): 1000
Server listening on 0.0.0.0:50052
[15:59:10.445] [bmv2] [I] [thread 6738] Starting Thrift server on port 9091
[15:59:10.450] [bmv2] [I] [thread 6738] Thrift server was started
[15:59:10.453] [bmv2] [D] [thread 6745] [0.0] [cxt 0] Processing packet received on port 1
[15:59:10.453] [bmv2] [D] [thread 6745] [0.0] [cxt 0] Parser 'parser': start
[15:59:10.453] [bmv2] [D] [thread 6745] [0.0] [cxt 0] Parser 'parser' entering state 'start'
[15:59:10.453] [bmv2] [D] [thread 6745] [0.0] [cxt 0] Parser state 'start' has no switch, going to default next state
[15:59:10.453] [bmv2] [T] [thread 6745] [0.0] [cxt 0] Bytes parsed: 0
[15:59:10.453] [bmv2] [D] [thread 6745] [0.0] [cxt 0] Parser 'parser' entering state 'parse_ethernet'
[15:59:10.453] [bmv2] [D] [thread 6745] [0.0] [cxt 0] Extracting header 'ethernet'
[15:59:10.453] [bmv2] [D] [thread 6745] [0.0] [cxt 0] Parser state 'parse_ethernet': key is 86dd
[15:59:10.453] [bmv2] [T] [thread 6745] [0.0] [cxt 0] Bytes parsed: 14
[15:59:10.453] [bmv2] [D] [thread 6745] [0.0] [cxt 0] Parser 'parser': end
[15:59:10.453] [bmv2] [D] [thread 6745] [0.0] [cxt 0] Pipeline 'ingress': start
[15:59:10.453] [bmv2] [T] [thread 6745] [0.0] [cxt 0] ./simple_router_16.p4(248) Condition "hdr.ipv4.isValid() && hdr.ipv4.ttl > 8w0" (node_2) is false
[15:59:10.454] [bmv2] [D] [thread 6745] [0.0] [cxt 0] Pipeline 'ingress': end
[15:59:10.454] [bmv2] [D] [thread 6745] [0.0] [cxt 0] Egress port is 0
[15:59:10.454] [bmv2] [D] [thread 6746] [0.0] [cxt 0] Pipeline 'egress': start
[15:59:10.454] [bmv2] [T] [thread 6746] [0.0] [cxt 0] ./simple_router_16.p4(181) Condition "hdr.tcp.isValid() && meta.meta.natForward == 1w0" (node_13) is false
[15:59:10.454] [bmv2] [T] [thread 6746] [0.0] [cxt 0] Applying table 'send_frame'
[15:59:10.454] [bmv2] [D] [thread 6746] [0.0] [cxt 0] Looking up key:
* standard_metadata.egress_port: 0000

[15:59:10.454] [bmv2] [D] [thread 6746] [0.0] [cxt 0] Table 'send_frame': miss
[15:59:10.454] [bmv2] [D] [thread 6746] [0.0] [cxt 0] Action entry is NoAction - 
[15:59:10.454] [bmv2] [T] [thread 6746] [0.0] [cxt 0] Action NoAction
[15:59:10.454] [bmv2] [D] [thread 6746] [0.0] [cxt 0] Pipeline 'egress': end
[15:59:10.454] [bmv2] [D] [thread 6746] [0.0] [cxt 0] Deparser 'deparser': start
[15:59:10.454] [bmv2] [T] [thread 6746] [0.0] [cxt 0] Skipping checksum 'cksum' update because condition not met
[15:59:10.454] [bmv2] [T] [thread 6746] [0.0] [cxt 0] Skipping checksum 'cksum_0' update because condition not met
[15:59:10.454] [bmv2] [D] [thread 6746] [0.0] [cxt 0] Deparsing header 'ethernet'
[15:59:10.454] [bmv2] [D] [thread 6746] [0.0] [cxt 0] Deparser 'deparser': end
[15:59:10.454] [bmv2] [D] [thread 6750] [0.0] [cxt 0] Transmitting packet of size 90 out of port 0
[15:59:10.550] [bmv2] [D] [thread 6745] [1.0] [cxt 0] Processing packet received on port 2
[15:59:10.550] [bmv2] [D] [thread 6745] [1.0] [cxt 0] Parser 'parser': start
[15:59:10.550] [bmv2] [D] [thread 6745] [1.0] [cxt 0] Parser 'parser' entering state 'start'
[15:59:10.550] [bmv2] [D] [thread 6745] [1.0] [cxt 0] Parser state 'start' has no switch, going to default next state
[15:59:10.550] [bmv2] [T] [thread 6745] [1.0] [cxt 0] Bytes parsed: 0
[15:59:10.550] [bmv2] [D] [thread 6745] [1.0] [cxt 0] Parser 'parser' entering state 'parse_ethernet'
[15:59:10.550] [bmv2] [D] [thread 6745] [1.0] [cxt 0] Extracting header 'ethernet'
[15:59:10.550] [bmv2] [D] [thread 6745] [1.0] [cxt 0] Parser state 'parse_ethernet': key is 86dd
[15:59:10.550] [bmv2] [T] [thread 6745] [1.0] [cxt 0] Bytes parsed: 14
[15:59:10.550] [bmv2] [D] [thread 6745] [1.0] [cxt 0] Parser 'parser': end
[15:59:10.550] [bmv2] [D] [thread 6745] [1.0] [cxt 0] Pipeline 'ingress': start
[15:59:10.550] [bmv2] [T] [thread 6745] [1.0] [cxt 0] ./simple_router_16.p4(248) Condition "hdr.ipv4.isValid() && hdr.ipv4.ttl > 8w0" (node_2) is false
[15:59:10.550] [bmv2] [D] [thread 6745] [1.0] [cxt 0] Pipeline 'ingress': end
[15:59:10.550] [bmv2] [D] [thread 6745] [1.0] [cxt 0] Egress port is 0
[15:59:10.550] [bmv2] [D] [thread 6746] [1.0] [cxt 0] Pipeline 'egress': start
[15:59:10.550] [bmv2] [T] [thread 6746] [1.0] [cxt 0] ./simple_router_16.p4(181) Condition "hdr.tcp.isValid() && meta.meta.natForward == 1w0" (node_13) is false
[15:59:10.550] [bmv2] [T] [thread 6746] [1.0] [cxt 0] Applying table 'send_frame'
[15:59:10.551] [bmv2] [D] [thread 6746] [1.0] [cxt 0] Looking up key:
* standard_metadata.egress_port: 0000

[15:59:10.551] [bmv2] [D] [thread 6746] [1.0] [cxt 0] Table 'send_frame': miss
[15:59:10.551] [bmv2] [D] [thread 6746] [1.0] [cxt 0] Action entry is NoAction - 
[15:59:10.551] [bmv2] [T] [thread 6746] [1.0] [cxt 0] Action NoAction
[15:59:10.551] [bmv2] [D] [thread 6746] [1.0] [cxt 0] Pipeline 'egress': end
[15:59:10.551] [bmv2] [D] [thread 6746] [1.0] [cxt 0] Deparser 'deparser': start
[15:59:10.551] [bmv2] [T] [thread 6746] [1.0] [cxt 0] Skipping checksum 'cksum' update because condition not met
[15:59:10.551] [bmv2] [T] [thread 6746] [1.0] [cxt 0] Skipping checksum 'cksum_0' update because condition not met
[15:59:10.551] [bmv2] [D] [thread 6746] [1.0] [cxt 0] Deparsing header 'ethernet'
[15:59:10.551] [bmv2] [D] [thread 6746] [1.0] [cxt 0] Deparser 'deparser': end
[15:59:10.551] [bmv2] [D] [thread 6750] [1.0] [cxt 0] Transmitting packet of size 90 out of port 0
[15:59:10.662] [bmv2] [D] [thread 6745] [2.0] [cxt 0] Processing packet received on port 4
[15:59:10.662] [bmv2] [D] [thread 6745] [2.0] [cxt 0] Parser 'parser': start
[15:59:10.662] [bmv2] [D] [thread 6745] [2.0] [cxt 0] Parser 'parser' entering state 'start'
[15:59:10.662] [bmv2] [D] [thread 6745] [2.0] [cxt 0] Parser state 'start' has no switch, going to default next state
[15:59:10.662] [bmv2] [T] [thread 6745] [2.0] [cxt 0] Bytes parsed: 0
[15:59:10.662] [bmv2] [D] [thread 6745] [2.0] [cxt 0] Parser 'parser' entering state 'parse_ethernet'
[15:59:10.662] [bmv2] [D] [thread 6745] [2.0] [cxt 0] Extracting header 'ethernet'
[15:59:10.662] [bmv2] [D] [thread 6745] [2.0] [cxt 0] Parser state 'parse_ethernet': key is 86dd
[15:59:10.662] [bmv2] [T] [thread 6745] [2.0] [cxt 0] Bytes parsed: 14
[15:59:10.662] [bmv2] [D] [thread 6745] [2.0] [cxt 0] Parser 'parser': end
[15:59:10.662] [bmv2] [D] [thread 6745] [2.0] [cxt 0] Pipeline 'ingress': start
[15:59:10.662] [bmv2] [T] [thread 6745] [2.0] [cxt 0] ./simple_router_16.p4(248) Condition "hdr.ipv4.isValid() && hdr.ipv4.ttl > 8w0" (node_2) is false
[15:59:10.662] [bmv2] [D] [thread 6745] [2.0] [cxt 0] Pipeline 'ingress': end
[15:59:10.662] [bmv2] [D] [thread 6745] [2.0] [cxt 0] Egress port is 0
[15:59:10.662] [bmv2] [D] [thread 6745] [3.0] [cxt 0] Processing packet received on port 4
[15:59:10.662] [bmv2] [D] [thread 6745] [3.0] [cxt 0] Parser 'parser': start
[15:59:10.662] [bmv2] [D] [thread 6745] [3.0] [cxt 0] Parser 'parser' entering state 'start'
[15:59:10.662] [bmv2] [D] [thread 6745] [3.0] [cxt 0] Parser state 'start' has no switch, going to default next state
[15:59:10.662] [bmv2] [T] [thread 6745] [3.0] [cxt 0] Bytes parsed: 0
[15:59:10.662] [bmv2] [D] [thread 6745] [3.0] [cxt 0] Parser 'parser' entering state 'parse_ethernet'
[15:59:10.662] [bmv2] [D] [thread 6745] [3.0] [cxt 0] Extracting header 'ethernet'
[15:59:10.662] [bmv2] [D] [thread 6745] [3.0] [cxt 0] Parser state 'parse_ethernet': key is 86dd
[15:59:10.662] [bmv2] [T] [thread 6745] [3.0] [cxt 0] Bytes parsed: 14
[15:59:10.662] [bmv2] [D] [thread 6745] [3.0] [cxt 0] Parser 'parser': end
[15:59:10.662] [bmv2] [D] [thread 6745] [3.0] [cxt 0] Pipeline 'ingress': start
[15:59:10.662] [bmv2] [T] [thread 6745] [3.0] [cxt 0] ./simple_router_16.p4(248) Condition "hdr.ipv4.isValid() && hdr.ipv4.ttl > 8w0" (node_2) is false
[15:59:10.662] [bmv2] [D] [thread 6745] [3.0] [cxt 0] Pipeline 'ingress': end
[15:59:10.662] [bmv2] [D] [thread 6745] [3.0] [cxt 0] Egress port is 0
[15:59:10.662] [bmv2] [D] [thread 6746] [2.0] [cxt 0] Pipeline 'egress': start
[15:59:10.662] [bmv2] [T] [thread 6746] [2.0] [cxt 0] ./simple_router_16.p4(181) Condition "hdr.tcp.isValid() && meta.meta.natForward == 1w0" (node_13) is false
[15:59:10.662] [bmv2] [T] [thread 6746] [2.0] [cxt 0] Applying table 'send_frame'
[15:59:10.662] [bmv2] [D] [thread 6746] [2.0] [cxt 0] Looking up key:
* standard_metadata.egress_port: 0000

[15:59:10.662] [bmv2] [D] [thread 6746] [2.0] [cxt 0] Table 'send_frame': miss
[15:59:10.662] [bmv2] [D] [thread 6746] [2.0] [cxt 0] Action entry is NoAction - 
[15:59:10.662] [bmv2] [T] [thread 6746] [2.0] [cxt 0] Action NoAction
[15:59:10.662] [bmv2] [D] [thread 6746] [2.0] [cxt 0] Pipeline 'egress': end
[15:59:10.662] [bmv2] [D] [thread 6746] [2.0] [cxt 0] Deparser 'deparser': start
[15:59:10.662] [bmv2] [T] [thread 6746] [2.0] [cxt 0] Skipping checksum 'cksum' update because condition not met
[15:59:10.662] [bmv2] [T] [thread 6746] [2.0] [cxt 0] Skipping checksum 'cksum_0' update because condition not met
[15:59:10.662] [bmv2] [D] [thread 6746] [2.0] [cxt 0] Deparsing header 'ethernet'
[15:59:10.662] [bmv2] [D] [thread 6746] [2.0] [cxt 0] Deparser 'deparser': end
[15:59:10.662] [bmv2] [D] [thread 6746] [3.0] [cxt 0] Pipeline 'egress': start
[15:59:10.662] [bmv2] [T] [thread 6746] [3.0] [cxt 0] ./simple_router_16.p4(181) Condition "hdr.tcp.isValid() && meta.meta.natForward == 1w0" (node_13) is false
[15:59:10.662] [bmv2] [T] [thread 6746] [3.0] [cxt 0] Applying table 'send_frame'
[15:59:10.662] [bmv2] [D] [thread 6746] [3.0] [cxt 0] Looking up key:
* standard_metadata.egress_port: 0000

[15:59:10.662] [bmv2] [D] [thread 6746] [3.0] [cxt 0] Table 'send_frame': miss
[15:59:10.662] [bmv2] [D] [thread 6746] [3.0] [cxt 0] Action entry is NoAction - 
[15:59:10.662] [bmv2] [T] [thread 6746] [3.0] [cxt 0] Action NoAction
[15:59:10.662] [bmv2] [D] [thread 6746] [3.0] [cxt 0] Pipeline 'egress': end
[15:59:10.662] [bmv2] [D] [thread 6746] [3.0] [cxt 0] Deparser 'deparser': start
[15:59:10.662] [bmv2] [T] [thread 6746] [3.0] [cxt 0] Skipping checksum 'cksum' update because condition not met
[15:59:10.662] [bmv2] [T] [thread 6746] [3.0] [cxt 0] Skipping checksum 'cksum_0' update because condition not met
[15:59:10.662] [bmv2] [D] [thread 6746] [3.0] [cxt 0] Deparsing header 'ethernet'
[15:59:10.662] [bmv2] [D] [thread 6746] [3.0] [cxt 0] Deparser 'deparser': end
[15:59:10.662] [bmv2] [D] [thread 6750] [2.0] [cxt 0] Transmitting packet of size 90 out of port 0
[15:59:10.662] [bmv2] [D] [thread 6750] [3.0] [cxt 0] Transmitting packet of size 70 out of port 0
[15:59:10.787] [bmv2] [D] [thread 6745] [4.0] [cxt 0] Processing packet received on port 4
[15:59:10.787] [bmv2] [D] [thread 6745] [4.0] [cxt 0] Parser 'parser': start
[15:59:10.788] [bmv2] [D] [thread 6745] [4.0] [cxt 0] Parser 'parser' entering state 'start'
[15:59:10.788] [bmv2] [D] [thread 6745] [4.0] [cxt 0] Parser state 'start' has no switch, going to default next state
[15:59:10.788] [bmv2] [T] [thread 6745] [4.0] [cxt 0] Bytes parsed: 0
[15:59:10.788] [bmv2] [D] [thread 6745] [4.0] [cxt 0] Parser 'parser' entering state 'parse_ethernet'
[15:59:10.788] [bmv2] [D] [thread 6745] [4.0] [cxt 0] Extracting header 'ethernet'
[15:59:10.788] [bmv2] [D] [thread 6745] [4.0] [cxt 0] Parser state 'parse_ethernet': key is 86dd
[15:59:10.788] [bmv2] [T] [thread 6745] [4.0] [cxt 0] Bytes parsed: 14
[15:59:10.788] [bmv2] [D] [thread 6745] [4.0] [cxt 0] Parser 'parser': end
[15:59:10.788] [bmv2] [D] [thread 6745] [4.0] [cxt 0] Pipeline 'ingress': start
[15:59:10.788] [bmv2] [T] [thread 6745] [4.0] [cxt 0] ./simple_router_16.p4(248) Condition "hdr.ipv4.isValid() && hdr.ipv4.ttl > 8w0" (node_2) is false
[15:59:10.788] [bmv2] [D] [thread 6745] [4.0] [cxt 0] Pipeline 'ingress': end
[15:59:10.788] [bmv2] [D] [thread 6745] [4.0] [cxt 0] Egress port is 0
[15:59:10.788] [bmv2] [D] [thread 6746] [4.0] [cxt 0] Pipeline 'egress': start
[15:59:10.788] [bmv2] [T] [thread 6746] [4.0] [cxt 0] ./simple_router_16.p4(181) Condition "hdr.tcp.isValid() && meta.meta.natForward == 1w0" (node_13) is false
[15:59:10.788] [bmv2] [T] [thread 6746] [4.0] [cxt 0] Applying table 'send_frame'
[15:59:10.788] [bmv2] [D] [thread 6746] [4.0] [cxt 0] Looking up key:
* standard_metadata.egress_port: 0000

[15:59:10.788] [bmv2] [D] [thread 6746] [4.0] [cxt 0] Table 'send_frame': miss
[15:59:10.788] [bmv2] [D] [thread 6746] [4.0] [cxt 0] Action entry is NoAction - 
[15:59:10.788] [bmv2] [T] [thread 6746] [4.0] [cxt 0] Action NoAction
[15:59:10.788] [bmv2] [D] [thread 6746] [4.0] [cxt 0] Pipeline 'egress': end
[15:59:10.788] [bmv2] [D] [thread 6746] [4.0] [cxt 0] Deparser 'deparser': start
[15:59:10.788] [bmv2] [T] [thread 6746] [4.0] [cxt 0] Skipping checksum 'cksum' update because condition not met
[15:59:10.788] [bmv2] [T] [thread 6746] [4.0] [cxt 0] Skipping checksum 'cksum_0' update because condition not met
[15:59:10.788] [bmv2] [D] [thread 6746] [4.0] [cxt 0] Deparsing header 'ethernet'
[15:59:10.788] [bmv2] [D] [thread 6746] [4.0] [cxt 0] Deparser 'deparser': end
[15:59:10.788] [bmv2] [D] [thread 6750] [4.0] [cxt 0] Transmitting packet of size 90 out of port 0
[15:59:10.856] [bmv2] [D] [thread 6745] [5.0] [cxt 0] Processing packet received on port 1
[15:59:10.856] [bmv2] [D] [thread 6745] [5.0] [cxt 0] Parser 'parser': start
[15:59:10.856] [bmv2] [D] [thread 6745] [5.0] [cxt 0] Parser 'parser' entering state 'start'
[15:59:10.856] [bmv2] [D] [thread 6745] [5.0] [cxt 0] Parser state 'start' has no switch, going to default next state
[15:59:10.856] [bmv2] [T] [thread 6745] [5.0] [cxt 0] Bytes parsed: 0
[15:59:10.856] [bmv2] [D] [thread 6745] [5.0] [cxt 0] Parser 'parser' entering state 'parse_ethernet'
[15:59:10.856] [bmv2] [D] [thread 6745] [5.0] [cxt 0] Extracting header 'ethernet'
[15:59:10.856] [bmv2] [D] [thread 6745] [5.0] [cxt 0] Parser state 'parse_ethernet': key is 86dd
[15:59:10.856] [bmv2] [T] [thread 6745] [5.0] [cxt 0] Bytes parsed: 14
[15:59:10.856] [bmv2] [D] [thread 6745] [5.0] [cxt 0] Parser 'parser': end
[15:59:10.856] [bmv2] [D] [thread 6745] [5.0] [cxt 0] Pipeline 'ingress': start
[15:59:10.856] [bmv2] [T] [thread 6745] [5.0] [cxt 0] ./simple_router_16.p4(248) Condition "hdr.ipv4.isValid() && hdr.ipv4.ttl > 8w0" (node_2) is false
[15:59:10.856] [bmv2] [D] [thread 6745] [5.0] [cxt 0] Pipeline 'ingress': end
[15:59:10.856] [bmv2] [D] [thread 6745] [5.0] [cxt 0] Egress port is 0
[15:59:10.856] [bmv2] [D] [thread 6745] [6.0] [cxt 0] Processing packet received on port 1
[15:59:10.856] [bmv2] [D] [thread 6745] [6.0] [cxt 0] Parser 'parser': start
[15:59:10.856] [bmv2] [D] [thread 6745] [6.0] [cxt 0] Parser 'parser' entering state 'start'
[15:59:10.856] [bmv2] [D] [thread 6745] [6.0] [cxt 0] Parser state 'start' has no switch, going to default next state
[15:59:10.856] [bmv2] [T] [thread 6745] [6.0] [cxt 0] Bytes parsed: 0
[15:59:10.856] [bmv2] [D] [thread 6745] [6.0] [cxt 0] Parser 'parser' entering state 'parse_ethernet'
[15:59:10.856] [bmv2] [D] [thread 6745] [6.0] [cxt 0] Extracting header 'ethernet'
[15:59:10.856] [bmv2] [D] [thread 6745] [6.0] [cxt 0] Parser state 'parse_ethernet': key is 86dd
[15:59:10.856] [bmv2] [T] [thread 6745] [6.0] [cxt 0] Bytes parsed: 14
[15:59:10.856] [bmv2] [D] [thread 6745] [6.0] [cxt 0] Parser 'parser': end
[15:59:10.856] [bmv2] [D] [thread 6745] [6.0] [cxt 0] Pipeline 'ingress': start
[15:59:10.856] [bmv2] [T] [thread 6745] [6.0] [cxt 0] ./simple_router_16.p4(248) Condition "hdr.ipv4.isValid() && hdr.ipv4.ttl > 8w0" (node_2) is false
[15:59:10.856] [bmv2] [D] [thread 6745] [6.0] [cxt 0] Pipeline 'ingress': end
[15:59:10.856] [bmv2] [D] [thread 6745] [6.0] [cxt 0] Egress port is 0
[15:59:10.856] [bmv2] [D] [thread 6746] [5.0] [cxt 0] Pipeline 'egress': start
[15:59:10.856] [bmv2] [T] [thread 6746] [5.0] [cxt 0] ./simple_router_16.p4(181) Condition "hdr.tcp.isValid() && meta.meta.natForward == 1w0" (node_13) is false
[15:59:10.856] [bmv2] [T] [thread 6746] [5.0] [cxt 0] Applying table 'send_frame'
[15:59:10.856] [bmv2] [D] [thread 6746] [5.0] [cxt 0] Looking up key:
* standard_metadata.egress_port: 0000

[15:59:10.856] [bmv2] [D] [thread 6746] [5.0] [cxt 0] Table 'send_frame': miss
[15:59:10.856] [bmv2] [D] [thread 6746] [5.0] [cxt 0] Action entry is NoAction - 
[15:59:10.856] [bmv2] [T] [thread 6746] [5.0] [cxt 0] Action NoAction
[15:59:10.856] [bmv2] [D] [thread 6746] [5.0] [cxt 0] Pipeline 'egress': end
[15:59:10.856] [bmv2] [D] [thread 6746] [5.0] [cxt 0] Deparser 'deparser': start
[15:59:10.856] [bmv2] [T] [thread 6746] [5.0] [cxt 0] Skipping checksum 'cksum' update because condition not met
[15:59:10.856] [bmv2] [T] [thread 6746] [5.0] [cxt 0] Skipping checksum 'cksum_0' update because condition not met
[15:59:10.856] [bmv2] [D] [thread 6746] [5.0] [cxt 0] Deparsing header 'ethernet'
[15:59:10.856] [bmv2] [D] [thread 6746] [5.0] [cxt 0] Deparser 'deparser': end
[15:59:10.856] [bmv2] [D] [thread 6746] [6.0] [cxt 0] Pipeline 'egress': start
[15:59:10.856] [bmv2] [T] [thread 6746] [6.0] [cxt 0] ./simple_router_16.p4(181) Condition "hdr.tcp.isValid() && meta.meta.natForward == 1w0" (node_13) is false
[15:59:10.856] [bmv2] [T] [thread 6746] [6.0] [cxt 0] Applying table 'send_frame'
[15:59:10.856] [bmv2] [D] [thread 6746] [6.0] [cxt 0] Looking up key:
* standard_metadata.egress_port: 0000

[15:59:10.856] [bmv2] [D] [thread 6746] [6.0] [cxt 0] Table 'send_frame': miss
[15:59:10.856] [bmv2] [D] [thread 6746] [6.0] [cxt 0] Action entry is NoAction - 
[15:59:10.856] [bmv2] [T] [thread 6746] [6.0] [cxt 0] Action NoAction
[15:59:10.856] [bmv2] [D] [thread 6746] [6.0] [cxt 0] Pipeline 'egress': end
[15:59:10.856] [bmv2] [D] [thread 6746] [6.0] [cxt 0] Deparser 'deparser': start
[15:59:10.856] [bmv2] [T] [thread 6746] [6.0] [cxt 0] Skipping checksum 'cksum' update because condition not met
[15:59:10.856] [bmv2] [T] [thread 6746] [6.0] [cxt 0] Skipping checksum 'cksum_0' update because condition not met
[15:59:10.856] [bmv2] [D] [thread 6746] [6.0] [cxt 0] Deparsing header 'ethernet'
[15:59:10.856] [bmv2] [D] [thread 6746] [6.0] [cxt 0] Deparser 'deparser': end
[15:59:10.856] [bmv2] [D] [thread 6750] [5.0] [cxt 0] Transmitting packet of size 90 out of port 0
[15:59:10.856] [bmv2] [D] [thread 6750] [6.0] [cxt 0] Transmitting packet of size 70 out of port 0
[15:59:10.932] [bmv2] [D] [thread 6745] [7.0] [cxt 0] Processing packet received on port 2
[15:59:10.932] [bmv2] [D] [thread 6745] [7.0] [cxt 0] Parser 'parser': start
[15:59:10.932] [bmv2] [D] [thread 6745] [7.0] [cxt 0] Parser 'parser' entering state 'start'
[15:59:10.932] [bmv2] [D] [thread 6745] [7.0] [cxt 0] Parser state 'start' has no switch, going to default next state
[15:59:10.932] [bmv2] [T] [thread 6745] [7.0] [cxt 0] Bytes parsed: 0
[15:59:10.932] [bmv2] [D] [thread 6745] [7.0] [cxt 0] Parser 'parser' entering state 'parse_ethernet'
[15:59:10.932] [bmv2] [D] [thread 6745] [7.0] [cxt 0] Extracting header 'ethernet'
[15:59:10.932] [bmv2] [D] [thread 6745] [7.0] [cxt 0] Parser state 'parse_ethernet': key is 86dd
[15:59:10.932] [bmv2] [T] [thread 6745] [7.0] [cxt 0] Bytes parsed: 14
[15:59:10.932] [bmv2] [D] [thread 6745] [7.0] [cxt 0] Parser 'parser': end
[15:59:10.932] [bmv2] [D] [thread 6745] [7.0] [cxt 0] Pipeline 'ingress': start
[15:59:10.932] [bmv2] [T] [thread 6745] [7.0] [cxt 0] ./simple_router_16.p4(248) Condition "hdr.ipv4.isValid() && hdr.ipv4.ttl > 8w0" (node_2) is false
[15:59:10.932] [bmv2] [D] [thread 6745] [7.0] [cxt 0] Pipeline 'ingress': end
[15:59:10.932] [bmv2] [D] [thread 6745] [7.0] [cxt 0] Egress port is 0
[15:59:10.932] [bmv2] [D] [thread 6745] [8.0] [cxt 0] Processing packet received on port 2
[15:59:10.932] [bmv2] [D] [thread 6745] [8.0] [cxt 0] Parser 'parser': start
[15:59:10.932] [bmv2] [D] [thread 6745] [8.0] [cxt 0] Parser 'parser' entering state 'start'
[15:59:10.932] [bmv2] [D] [thread 6745] [8.0] [cxt 0] Parser state 'start' has no switch, going to default next state
[15:59:10.932] [bmv2] [T] [thread 6745] [8.0] [cxt 0] Bytes parsed: 0
[15:59:10.932] [bmv2] [D] [thread 6745] [8.0] [cxt 0] Parser 'parser' entering state 'parse_ethernet'
[15:59:10.932] [bmv2] [D] [thread 6745] [8.0] [cxt 0] Extracting header 'ethernet'
[15:59:10.932] [bmv2] [D] [thread 6745] [8.0] [cxt 0] Parser state 'parse_ethernet': key is 86dd
[15:59:10.932] [bmv2] [T] [thread 6745] [8.0] [cxt 0] Bytes parsed: 14
[15:59:10.932] [bmv2] [D] [thread 6745] [8.0] [cxt 0] Parser 'parser': end
[15:59:10.932] [bmv2] [D] [thread 6745] [8.0] [cxt 0] Pipeline 'ingress': start
[15:59:10.932] [bmv2] [T] [thread 6745] [8.0] [cxt 0] ./simple_router_16.p4(248) Condition "hdr.ipv4.isValid() && hdr.ipv4.ttl > 8w0" (node_2) is false
[15:59:10.932] [bmv2] [D] [thread 6745] [8.0] [cxt 0] Pipeline 'ingress': end
[15:59:10.932] [bmv2] [D] [thread 6745] [8.0] [cxt 0] Egress port is 0
[15:59:10.932] [bmv2] [D] [thread 6746] [7.0] [cxt 0] Pipeline 'egress': start
[15:59:10.932] [bmv2] [T] [thread 6746] [7.0] [cxt 0] ./simple_router_16.p4(181) Condition "hdr.tcp.isValid() && meta.meta.natForward == 1w0" (node_13) is false
[15:59:10.932] [bmv2] [T] [thread 6746] [7.0] [cxt 0] Applying table 'send_frame'
[15:59:10.932] [bmv2] [D] [thread 6746] [7.0] [cxt 0] Looking up key:
* standard_metadata.egress_port: 0000

[15:59:10.932] [bmv2] [D] [thread 6746] [7.0] [cxt 0] Table 'send_frame': miss
[15:59:10.932] [bmv2] [D] [thread 6746] [7.0] [cxt 0] Action entry is NoAction - 
[15:59:10.932] [bmv2] [T] [thread 6746] [7.0] [cxt 0] Action NoAction
[15:59:10.932] [bmv2] [D] [thread 6746] [7.0] [cxt 0] Pipeline 'egress': end
[15:59:10.932] [bmv2] [D] [thread 6746] [7.0] [cxt 0] Deparser 'deparser': start
[15:59:10.932] [bmv2] [T] [thread 6746] [7.0] [cxt 0] Skipping checksum 'cksum' update because condition not met
[15:59:10.932] [bmv2] [T] [thread 6746] [7.0] [cxt 0] Skipping checksum 'cksum_0' update because condition not met
[15:59:10.932] [bmv2] [D] [thread 6746] [7.0] [cxt 0] Deparsing header 'ethernet'
[15:59:10.932] [bmv2] [D] [thread 6746] [7.0] [cxt 0] Deparser 'deparser': end
[15:59:10.932] [bmv2] [D] [thread 6746] [8.0] [cxt 0] Pipeline 'egress': start
[15:59:10.932] [bmv2] [T] [thread 6746] [8.0] [cxt 0] ./simple_router_16.p4(181) Condition "hdr.tcp.isValid() && meta.meta.natForward == 1w0" (node_13) is false
[15:59:10.932] [bmv2] [T] [thread 6746] [8.0] [cxt 0] Applying table 'send_frame'
[15:59:10.932] [bmv2] [D] [thread 6746] [8.0] [cxt 0] Looking up key:
* standard_metadata.egress_port: 0000

[15:59:10.932] [bmv2] [D] [thread 6746] [8.0] [cxt 0] Table 'send_frame': miss
[15:59:10.932] [bmv2] [D] [thread 6746] [8.0] [cxt 0] Action entry is NoAction - 
[15:59:10.932] [bmv2] [T] [thread 6746] [8.0] [cxt 0] Action NoAction
[15:59:10.932] [bmv2] [D] [thread 6746] [8.0] [cxt 0] Pipeline 'egress': end
[15:59:10.932] [bmv2] [D] [thread 6746] [8.0] [cxt 0] Deparser 'deparser': start
[15:59:10.932] [bmv2] [T] [thread 6746] [8.0] [cxt 0] Skipping checksum 'cksum' update because condition not met
[15:59:10.932] [bmv2] [T] [thread 6746] [8.0] [cxt 0] Skipping checksum 'cksum_0' update because condition not met
[15:59:10.932] [bmv2] [D] [thread 6746] [8.0] [cxt 0] Deparsing header 'ethernet'
[15:59:10.932] [bmv2] [D] [thread 6746] [8.0] [cxt 0] Deparser 'deparser': end
[15:59:10.932] [bmv2] [D] [thread 6750] [7.0] [cxt 0] Transmitting packet of size 90 out of port 0
[15:59:10.932] [bmv2] [D] [thread 6750] [8.0] [cxt 0] Transmitting packet of size 70 out of port 0
[15:59:11.195] [bmv2] [D] [thread 6745] [9.0] [cxt 0] Processing packet received on port 2
[15:59:11.195] [bmv2] [D] [thread 6745] [9.0] [cxt 0] Parser 'parser': start
[15:59:11.195] [bmv2] [D] [thread 6745] [9.0] [cxt 0] Parser 'parser' entering state 'start'
[15:59:11.195] [bmv2] [D] [thread 6745] [9.0] [cxt 0] Parser state 'start' has no switch, going to default next state
[15:59:11.195] [bmv2] [T] [thread 6745] [9.0] [cxt 0] Bytes parsed: 0
[15:59:11.195] [bmv2] [D] [thread 6745] [9.0] [cxt 0] Parser 'parser' entering state 'parse_ethernet'
[15:59:11.195] [bmv2] [D] [thread 6745] [9.0] [cxt 0] Extracting header 'ethernet'
[15:59:11.195] [bmv2] [D] [thread 6745] [9.0] [cxt 0] Parser state 'parse_ethernet': key is 86dd
[15:59:11.195] [bmv2] [T] [thread 6745] [9.0] [cxt 0] Bytes parsed: 14
[15:59:11.195] [bmv2] [D] [thread 6745] [9.0] [cxt 0] Parser 'parser': end
[15:59:11.195] [bmv2] [D] [thread 6745] [9.0] [cxt 0] Pipeline 'ingress': start
[15:59:11.195] [bmv2] [T] [thread 6745] [9.0] [cxt 0] ./simple_router_16.p4(248) Condition "hdr.ipv4.isValid() && hdr.ipv4.ttl > 8w0" (node_2) is false
[15:59:11.195] [bmv2] [D] [thread 6745] [9.0] [cxt 0] Pipeline 'ingress': end
[15:59:11.195] [bmv2] [D] [thread 6745] [9.0] [cxt 0] Egress port is 0
[15:59:11.195] [bmv2] [D] [thread 6746] [9.0] [cxt 0] Pipeline 'egress': start
[15:59:11.195] [bmv2] [T] [thread 6746] [9.0] [cxt 0] ./simple_router_16.p4(181) Condition "hdr.tcp.isValid() && meta.meta.natForward == 1w0" (node_13) is false
[15:59:11.195] [bmv2] [T] [thread 6746] [9.0] [cxt 0] Applying table 'send_frame'
[15:59:11.195] [bmv2] [D] [thread 6746] [9.0] [cxt 0] Looking up key:
* standard_metadata.egress_port: 0000

[15:59:11.195] [bmv2] [D] [thread 6746] [9.0] [cxt 0] Table 'send_frame': miss
[15:59:11.195] [bmv2] [D] [thread 6746] [9.0] [cxt 0] Action entry is NoAction - 
[15:59:11.195] [bmv2] [T] [thread 6746] [9.0] [cxt 0] Action NoAction
[15:59:11.195] [bmv2] [D] [thread 6746] [9.0] [cxt 0] Pipeline 'egress': end
[15:59:11.195] [bmv2] [D] [thread 6746] [9.0] [cxt 0] Deparser 'deparser': start
[15:59:11.195] [bmv2] [T] [thread 6746] [9.0] [cxt 0] Skipping checksum 'cksum' update because condition not met
[15:59:11.195] [bmv2] [T] [thread 6746] [9.0] [cxt 0] Skipping checksum 'cksum_0' update because condition not met
[15:59:11.195] [bmv2] [D] [thread 6746] [9.0] [cxt 0] Deparsing header 'ethernet'
[15:59:11.195] [bmv2] [D] [thread 6746] [9.0] [cxt 0] Deparser 'deparser': end
[15:59:11.195] [bmv2] [D] [thread 6750] [9.0] [cxt 0] Transmitting packet of size 90 out of port 0
[15:59:11.308] [bmv2] [D] [thread 6745] [10.0] [cxt 0] Processing packet received on port 3
[15:59:11.308] [bmv2] [D] [thread 6745] [10.0] [cxt 0] Parser 'parser': start
[15:59:11.308] [bmv2] [D] [thread 6745] [10.0] [cxt 0] Parser 'parser' entering state 'start'
[15:59:11.308] [bmv2] [D] [thread 6745] [10.0] [cxt 0] Parser state 'start' has no switch, going to default next state
[15:59:11.308] [bmv2] [T] [thread 6745] [10.0] [cxt 0] Bytes parsed: 0
[15:59:11.308] [bmv2] [D] [thread 6745] [10.0] [cxt 0] Parser 'parser' entering state 'parse_ethernet'
[15:59:11.308] [bmv2] [D] [thread 6745] [10.0] [cxt 0] Extracting header 'ethernet'
[15:59:11.308] [bmv2] [D] [thread 6745] [10.0] [cxt 0] Parser state 'parse_ethernet': key is 86dd
[15:59:11.308] [bmv2] [T] [thread 6745] [10.0] [cxt 0] Bytes parsed: 14
[15:59:11.308] [bmv2] [D] [thread 6745] [10.0] [cxt 0] Parser 'parser': end
[15:59:11.308] [bmv2] [D] [thread 6745] [10.0] [cxt 0] Pipeline 'ingress': start
[15:59:11.308] [bmv2] [T] [thread 6745] [10.0] [cxt 0] ./simple_router_16.p4(248) Condition "hdr.ipv4.isValid() && hdr.ipv4.ttl > 8w0" (node_2) is false
[15:59:11.308] [bmv2] [D] [thread 6745] [10.0] [cxt 0] Pipeline 'ingress': end
[15:59:11.308] [bmv2] [D] [thread 6745] [10.0] [cxt 0] Egress port is 0
[15:59:11.308] [bmv2] [D] [thread 6745] [11.0] [cxt 0] Processing packet received on port 3
[15:59:11.308] [bmv2] [D] [thread 6745] [11.0] [cxt 0] Parser 'parser': start
[15:59:11.308] [bmv2] [D] [thread 6745] [11.0] [cxt 0] Parser 'parser' entering state 'start'
[15:59:11.308] [bmv2] [D] [thread 6745] [11.0] [cxt 0] Parser state 'start' has no switch, going to default next state
[15:59:11.308] [bmv2] [T] [thread 6745] [11.0] [cxt 0] Bytes parsed: 0
[15:59:11.308] [bmv2] [D] [thread 6745] [11.0] [cxt 0] Parser 'parser' entering state 'parse_ethernet'
[15:59:11.308] [bmv2] [D] [thread 6745] [11.0] [cxt 0] Extracting header 'ethernet'
[15:59:11.308] [bmv2] [D] [thread 6745] [11.0] [cxt 0] Parser state 'parse_ethernet': key is 86dd
[15:59:11.308] [bmv2] [T] [thread 6745] [11.0] [cxt 0] Bytes parsed: 14
[15:59:11.308] [bmv2] [D] [thread 6745] [11.0] [cxt 0] Parser 'parser': end
[15:59:11.308] [bmv2] [D] [thread 6745] [11.0] [cxt 0] Pipeline 'ingress': start
[15:59:11.308] [bmv2] [T] [thread 6745] [11.0] [cxt 0] ./simple_router_16.p4(248) Condition "hdr.ipv4.isValid() && hdr.ipv4.ttl > 8w0" (node_2) is false
[15:59:11.308] [bmv2] [D] [thread 6745] [11.0] [cxt 0] Pipeline 'ingress': end
[15:59:11.308] [bmv2] [D] [thread 6745] [11.0] [cxt 0] Egress port is 0
[15:59:11.308] [bmv2] [D] [thread 6746] [10.0] [cxt 0] Pipeline 'egress': start
[15:59:11.308] [bmv2] [T] [thread 6746] [10.0] [cxt 0] ./simple_router_16.p4(181) Condition "hdr.tcp.isValid() && meta.meta.natForward == 1w0" (node_13) is false
[15:59:11.308] [bmv2] [T] [thread 6746] [10.0] [cxt 0] Applying table 'send_frame'
[15:59:11.308] [bmv2] [D] [thread 6746] [10.0] [cxt 0] Looking up key:
* standard_metadata.egress_port: 0000

[15:59:11.308] [bmv2] [D] [thread 6746] [10.0] [cxt 0] Table 'send_frame': miss
[15:59:11.308] [bmv2] [D] [thread 6746] [10.0] [cxt 0] Action entry is NoAction - 
[15:59:11.308] [bmv2] [T] [thread 6746] [10.0] [cxt 0] Action NoAction
[15:59:11.308] [bmv2] [D] [thread 6746] [10.0] [cxt 0] Pipeline 'egress': end
[15:59:11.308] [bmv2] [D] [thread 6746] [10.0] [cxt 0] Deparser 'deparser': start
[15:59:11.308] [bmv2] [T] [thread 6746] [10.0] [cxt 0] Skipping checksum 'cksum' update because condition not met
[15:59:11.308] [bmv2] [T] [thread 6746] [10.0] [cxt 0] Skipping checksum 'cksum_0' update because condition not met
[15:59:11.308] [bmv2] [D] [thread 6746] [10.0] [cxt 0] Deparsing header 'ethernet'
[15:59:11.308] [bmv2] [D] [thread 6746] [10.0] [cxt 0] Deparser 'deparser': end
[15:59:11.308] [bmv2] [D] [thread 6746] [11.0] [cxt 0] Pipeline 'egress': start
[15:59:11.308] [bmv2] [T] [thread 6746] [11.0] [cxt 0] ./simple_router_16.p4(181) Condition "hdr.tcp.isValid() && meta.meta.natForward == 1w0" (node_13) is false
[15:59:11.308] [bmv2] [T] [thread 6746] [11.0] [cxt 0] Applying table 'send_frame'
[15:59:11.308] [bmv2] [D] [thread 6746] [11.0] [cxt 0] Looking up key:
* standard_metadata.egress_port: 0000

[15:59:11.308] [bmv2] [D] [thread 6746] [11.0] [cxt 0] Table 'send_frame': miss
[15:59:11.308] [bmv2] [D] [thread 6746] [11.0] [cxt 0] Action entry is NoAction - 
[15:59:11.308] [bmv2] [T] [thread 6746] [11.0] [cxt 0] Action NoAction
[15:59:11.308] [bmv2] [D] [thread 6750] [10.0] [cxt 0] Transmitting packet of size 90 out of port 0
[15:59:11.308] [bmv2] [D] [thread 6746] [11.0] [cxt 0] Pipeline 'egress': end
[15:59:11.308] [bmv2] [D] [thread 6746] [11.0] [cxt 0] Deparser 'deparser': start
[15:59:11.308] [bmv2] [T] [thread 6746] [11.0] [cxt 0] Skipping checksum 'cksum' update because condition not met
[15:59:11.308] [bmv2] [T] [thread 6746] [11.0] [cxt 0] Skipping checksum 'cksum_0' update because condition not met
[15:59:11.308] [bmv2] [D] [thread 6746] [11.0] [cxt 0] Deparsing header 'ethernet'
[15:59:11.308] [bmv2] [D] [thread 6746] [11.0] [cxt 0] Deparser 'deparser': end
[15:59:11.309] [bmv2] [D] [thread 6750] [11.0] [cxt 0] Transmitting packet of size 70 out of port 0
[15:59:11.391] [bmv2] [D] [thread 6745] [12.0] [cxt 0] Processing packet received on port 1
[15:59:11.391] [bmv2] [D] [thread 6745] [12.0] [cxt 0] Parser 'parser': start
[15:59:11.391] [bmv2] [D] [thread 6745] [12.0] [cxt 0] Parser 'parser' entering state 'start'
[15:59:11.391] [bmv2] [D] [thread 6745] [12.0] [cxt 0] Parser state 'start' has no switch, going to default next state
[15:59:11.391] [bmv2] [T] [thread 6745] [12.0] [cxt 0] Bytes parsed: 0
[15:59:11.391] [bmv2] [D] [thread 6745] [12.0] [cxt 0] Parser 'parser' entering state 'parse_ethernet'
[15:59:11.391] [bmv2] [D] [thread 6745] [12.0] [cxt 0] Extracting header 'ethernet'
[15:59:11.391] [bmv2] [D] [thread 6745] [12.0] [cxt 0] Parser state 'parse_ethernet': key is 86dd
[15:59:11.391] [bmv2] [T] [thread 6745] [12.0] [cxt 0] Bytes parsed: 14
[15:59:11.391] [bmv2] [D] [thread 6745] [12.0] [cxt 0] Parser 'parser': end
[15:59:11.391] [bmv2] [D] [thread 6745] [12.0] [cxt 0] Pipeline 'ingress': start
[15:59:11.391] [bmv2] [T] [thread 6745] [12.0] [cxt 0] ./simple_router_16.p4(248) Condition "hdr.ipv4.isValid() && hdr.ipv4.ttl > 8w0" (node_2) is false
[15:59:11.391] [bmv2] [D] [thread 6745] [12.0] [cxt 0] Pipeline 'ingress': end
[15:59:11.391] [bmv2] [D] [thread 6745] [12.0] [cxt 0] Egress port is 0
[15:59:11.391] [bmv2] [D] [thread 6746] [12.0] [cxt 0] Pipeline 'egress': start
[15:59:11.391] [bmv2] [T] [thread 6746] [12.0] [cxt 0] ./simple_router_16.p4(181) Condition "hdr.tcp.isValid() && meta.meta.natForward == 1w0" (node_13) is false
[15:59:11.391] [bmv2] [T] [thread 6746] [12.0] [cxt 0] Applying table 'send_frame'
[15:59:11.391] [bmv2] [D] [thread 6746] [12.0] [cxt 0] Looking up key:
* standard_metadata.egress_port: 0000

[15:59:11.391] [bmv2] [D] [thread 6746] [12.0] [cxt 0] Table 'send_frame': miss
[15:59:11.391] [bmv2] [D] [thread 6746] [12.0] [cxt 0] Action entry is NoAction - 
[15:59:11.391] [bmv2] [T] [thread 6746] [12.0] [cxt 0] Action NoAction
[15:59:11.391] [bmv2] [D] [thread 6746] [12.0] [cxt 0] Pipeline 'egress': end
[15:59:11.391] [bmv2] [D] [thread 6746] [12.0] [cxt 0] Deparser 'deparser': start
[15:59:11.391] [bmv2] [T] [thread 6746] [12.0] [cxt 0] Skipping checksum 'cksum' update because condition not met
[15:59:11.391] [bmv2] [T] [thread 6746] [12.0] [cxt 0] Skipping checksum 'cksum_0' update because condition not met
[15:59:11.391] [bmv2] [D] [thread 6746] [12.0] [cxt 0] Deparsing header 'ethernet'
[15:59:11.392] [bmv2] [D] [thread 6746] [12.0] [cxt 0] Deparser 'deparser': end
[15:59:11.392] [bmv2] [D] [thread 6750] [12.0] [cxt 0] Transmitting packet of size 90 out of port 0
[15:59:12.314] [bmv2] [D] [thread 6745] [13.0] [cxt 0] Processing packet received on port 3
[15:59:12.314] [bmv2] [D] [thread 6745] [13.0] [cxt 0] Parser 'parser': start
[15:59:12.314] [bmv2] [D] [thread 6745] [13.0] [cxt 0] Parser 'parser' entering state 'start'
[15:59:12.314] [bmv2] [D] [thread 6745] [13.0] [cxt 0] Parser state 'start' has no switch, going to default next state
[15:59:12.314] [bmv2] [T] [thread 6745] [13.0] [cxt 0] Bytes parsed: 0
[15:59:12.314] [bmv2] [D] [thread 6745] [13.0] [cxt 0] Parser 'parser' entering state 'parse_ethernet'
[15:59:12.314] [bmv2] [D] [thread 6745] [13.0] [cxt 0] Extracting header 'ethernet'
[15:59:12.314] [bmv2] [D] [thread 6745] [13.0] [cxt 0] Parser state 'parse_ethernet': key is 86dd
[15:59:12.314] [bmv2] [T] [thread 6745] [13.0] [cxt 0] Bytes parsed: 14
[15:59:12.314] [bmv2] [D] [thread 6745] [13.0] [cxt 0] Parser 'parser': end
[15:59:12.314] [bmv2] [D] [thread 6745] [13.0] [cxt 0] Pipeline 'ingress': start
[15:59:12.314] [bmv2] [T] [thread 6745] [13.0] [cxt 0] ./simple_router_16.p4(248) Condition "hdr.ipv4.isValid() && hdr.ipv4.ttl > 8w0" (node_2) is false
[15:59:12.314] [bmv2] [D] [thread 6745] [13.0] [cxt 0] Pipeline 'ingress': end
[15:59:12.314] [bmv2] [D] [thread 6745] [13.0] [cxt 0] Egress port is 0
[15:59:12.314] [bmv2] [D] [thread 6746] [13.0] [cxt 0] Pipeline 'egress': start
[15:59:12.314] [bmv2] [T] [thread 6746] [13.0] [cxt 0] ./simple_router_16.p4(181) Condition "hdr.tcp.isValid() && meta.meta.natForward == 1w0" (node_13) is false
[15:59:12.314] [bmv2] [T] [thread 6746] [13.0] [cxt 0] Applying table 'send_frame'
[15:59:12.314] [bmv2] [D] [thread 6746] [13.0] [cxt 0] Looking up key:
* standard_metadata.egress_port: 0000

[15:59:12.314] [bmv2] [D] [thread 6746] [13.0] [cxt 0] Table 'send_frame': miss
[15:59:12.314] [bmv2] [D] [thread 6746] [13.0] [cxt 0] Action entry is NoAction - 
[15:59:12.314] [bmv2] [T] [thread 6746] [13.0] [cxt 0] Action NoAction
[15:59:12.314] [bmv2] [D] [thread 6746] [13.0] [cxt 0] Pipeline 'egress': end
[15:59:12.314] [bmv2] [D] [thread 6746] [13.0] [cxt 0] Deparser 'deparser': start
[15:59:12.314] [bmv2] [T] [thread 6746] [13.0] [cxt 0] Skipping checksum 'cksum' update because condition not met
[15:59:12.314] [bmv2] [T] [thread 6746] [13.0] [cxt 0] Skipping checksum 'cksum_0' update because condition not met
[15:59:12.314] [bmv2] [D] [thread 6746] [13.0] [cxt 0] Deparsing header 'ethernet'
[15:59:12.314] [bmv2] [D] [thread 6746] [13.0] [cxt 0] Deparser 'deparser': end
[15:59:12.314] [bmv2] [D] [thread 6750] [13.0] [cxt 0] Transmitting packet of size 90 out of port 0
[15:59:14.663] [bmv2] [D] [thread 6745] [14.0] [cxt 0] Processing packet received on port 4
[15:59:14.663] [bmv2] [D] [thread 6745] [14.0] [cxt 0] Parser 'parser': start
[15:59:14.663] [bmv2] [D] [thread 6745] [14.0] [cxt 0] Parser 'parser' entering state 'start'
[15:59:14.663] [bmv2] [D] [thread 6745] [14.0] [cxt 0] Parser state 'start' has no switch, going to default next state
[15:59:14.663] [bmv2] [T] [thread 6745] [14.0] [cxt 0] Bytes parsed: 0
[15:59:14.663] [bmv2] [D] [thread 6745] [14.0] [cxt 0] Parser 'parser' entering state 'parse_ethernet'
[15:59:14.663] [bmv2] [D] [thread 6745] [14.0] [cxt 0] Extracting header 'ethernet'
[15:59:14.663] [bmv2] [D] [thread 6745] [14.0] [cxt 0] Parser state 'parse_ethernet': key is 86dd
[15:59:14.663] [bmv2] [T] [thread 6745] [14.0] [cxt 0] Bytes parsed: 14
[15:59:14.663] [bmv2] [D] [thread 6745] [14.0] [cxt 0] Parser 'parser': end
[15:59:14.663] [bmv2] [D] [thread 6745] [14.0] [cxt 0] Pipeline 'ingress': start
[15:59:14.663] [bmv2] [T] [thread 6745] [14.0] [cxt 0] ./simple_router_16.p4(248) Condition "hdr.ipv4.isValid() && hdr.ipv4.ttl > 8w0" (node_2) is false
[15:59:14.663] [bmv2] [D] [thread 6745] [14.0] [cxt 0] Pipeline 'ingress': end
[15:59:14.663] [bmv2] [D] [thread 6745] [14.0] [cxt 0] Egress port is 0
[15:59:14.663] [bmv2] [D] [thread 6746] [14.0] [cxt 0] Pipeline 'egress': start
[15:59:14.663] [bmv2] [T] [thread 6746] [14.0] [cxt 0] ./simple_router_16.p4(181) Condition "hdr.tcp.isValid() && meta.meta.natForward == 1w0" (node_13) is false
[15:59:14.663] [bmv2] [T] [thread 6746] [14.0] [cxt 0] Applying table 'send_frame'
[15:59:14.663] [bmv2] [D] [thread 6746] [14.0] [cxt 0] Looking up key:
* standard_metadata.egress_port: 0000

[15:59:14.663] [bmv2] [D] [thread 6746] [14.0] [cxt 0] Table 'send_frame': miss
[15:59:14.663] [bmv2] [D] [thread 6746] [14.0] [cxt 0] Action entry is NoAction - 
[15:59:14.663] [bmv2] [T] [thread 6746] [14.0] [cxt 0] Action NoAction
[15:59:14.663] [bmv2] [D] [thread 6746] [14.0] [cxt 0] Pipeline 'egress': end
[15:59:14.663] [bmv2] [D] [thread 6746] [14.0] [cxt 0] Deparser 'deparser': start
[15:59:14.663] [bmv2] [T] [thread 6746] [14.0] [cxt 0] Skipping checksum 'cksum' update because condition not met
[15:59:14.663] [bmv2] [T] [thread 6746] [14.0] [cxt 0] Skipping checksum 'cksum_0' update because condition not met
[15:59:14.663] [bmv2] [D] [thread 6746] [14.0] [cxt 0] Deparsing header 'ethernet'
[15:59:14.663] [bmv2] [D] [thread 6746] [14.0] [cxt 0] Deparser 'deparser': end
[15:59:14.663] [bmv2] [D] [thread 6750] [14.0] [cxt 0] Transmitting packet of size 70 out of port 0
[15:59:14.863] [bmv2] [D] [thread 6745] [15.0] [cxt 0] Processing packet received on port 1
[15:59:14.863] [bmv2] [D] [thread 6745] [15.0] [cxt 0] Parser 'parser': start
[15:59:14.863] [bmv2] [D] [thread 6745] [15.0] [cxt 0] Parser 'parser' entering state 'start'
[15:59:14.863] [bmv2] [D] [thread 6745] [15.0] [cxt 0] Parser state 'start' has no switch, going to default next state
[15:59:14.863] [bmv2] [T] [thread 6745] [15.0] [cxt 0] Bytes parsed: 0
[15:59:14.863] [bmv2] [D] [thread 6745] [15.0] [cxt 0] Parser 'parser' entering state 'parse_ethernet'
[15:59:14.863] [bmv2] [D] [thread 6745] [15.0] [cxt 0] Extracting header 'ethernet'
[15:59:14.863] [bmv2] [D] [thread 6745] [15.0] [cxt 0] Parser state 'parse_ethernet': key is 86dd
[15:59:14.863] [bmv2] [T] [thread 6745] [15.0] [cxt 0] Bytes parsed: 14
[15:59:14.863] [bmv2] [D] [thread 6745] [15.0] [cxt 0] Parser 'parser': end
[15:59:14.863] [bmv2] [D] [thread 6745] [15.0] [cxt 0] Pipeline 'ingress': start
[15:59:14.863] [bmv2] [T] [thread 6745] [15.0] [cxt 0] ./simple_router_16.p4(248) Condition "hdr.ipv4.isValid() && hdr.ipv4.ttl > 8w0" (node_2) is false
[15:59:14.863] [bmv2] [D] [thread 6745] [15.0] [cxt 0] Pipeline 'ingress': end
[15:59:14.863] [bmv2] [D] [thread 6745] [15.0] [cxt 0] Egress port is 0
[15:59:14.863] [bmv2] [D] [thread 6746] [15.0] [cxt 0] Pipeline 'egress': start
[15:59:14.863] [bmv2] [T] [thread 6746] [15.0] [cxt 0] ./simple_router_16.p4(181) Condition "hdr.tcp.isValid() && meta.meta.natForward == 1w0" (node_13) is false
[15:59:14.863] [bmv2] [T] [thread 6746] [15.0] [cxt 0] Applying table 'send_frame'
[15:59:14.863] [bmv2] [D] [thread 6746] [15.0] [cxt 0] Looking up key:
* standard_metadata.egress_port: 0000

[15:59:14.863] [bmv2] [D] [thread 6746] [15.0] [cxt 0] Table 'send_frame': miss
[15:59:14.863] [bmv2] [D] [thread 6746] [15.0] [cxt 0] Action entry is NoAction - 
[15:59:14.863] [bmv2] [T] [thread 6746] [15.0] [cxt 0] Action NoAction
[15:59:14.863] [bmv2] [D] [thread 6746] [15.0] [cxt 0] Pipeline 'egress': end
[15:59:14.863] [bmv2] [D] [thread 6746] [15.0] [cxt 0] Deparser 'deparser': start
[15:59:14.863] [bmv2] [T] [thread 6746] [15.0] [cxt 0] Skipping checksum 'cksum' update because condition not met
[15:59:14.863] [bmv2] [T] [thread 6746] [15.0] [cxt 0] Skipping checksum 'cksum_0' update because condition not met
[15:59:14.863] [bmv2] [D] [thread 6746] [15.0] [cxt 0] Deparsing header 'ethernet'
[15:59:14.863] [bmv2] [D] [thread 6746] [15.0] [cxt 0] Deparser 'deparser': end
[15:59:14.864] [bmv2] [D] [thread 6750] [15.0] [cxt 0] Transmitting packet of size 70 out of port 0
[15:59:14.935] [bmv2] [D] [thread 6745] [16.0] [cxt 0] Processing packet received on port 2
[15:59:14.935] [bmv2] [D] [thread 6745] [16.0] [cxt 0] Parser 'parser': start
[15:59:14.935] [bmv2] [D] [thread 6745] [16.0] [cxt 0] Parser 'parser' entering state 'start'
[15:59:14.935] [bmv2] [D] [thread 6745] [16.0] [cxt 0] Parser state 'start' has no switch, going to default next state
[15:59:14.935] [bmv2] [T] [thread 6745] [16.0] [cxt 0] Bytes parsed: 0
[15:59:14.935] [bmv2] [D] [thread 6745] [16.0] [cxt 0] Parser 'parser' entering state 'parse_ethernet'
[15:59:14.935] [bmv2] [D] [thread 6745] [16.0] [cxt 0] Extracting header 'ethernet'
[15:59:14.935] [bmv2] [D] [thread 6745] [16.0] [cxt 0] Parser state 'parse_ethernet': key is 86dd
[15:59:14.935] [bmv2] [T] [thread 6745] [16.0] [cxt 0] Bytes parsed: 14
[15:59:14.935] [bmv2] [D] [thread 6745] [16.0] [cxt 0] Parser 'parser': end
[15:59:14.935] [bmv2] [D] [thread 6745] [16.0] [cxt 0] Pipeline 'ingress': start
[15:59:14.935] [bmv2] [T] [thread 6745] [16.0] [cxt 0] ./simple_router_16.p4(248) Condition "hdr.ipv4.isValid() && hdr.ipv4.ttl > 8w0" (node_2) is false
[15:59:14.935] [bmv2] [D] [thread 6745] [16.0] [cxt 0] Pipeline 'ingress': end
[15:59:14.935] [bmv2] [D] [thread 6745] [16.0] [cxt 0] Egress port is 0
[15:59:14.935] [bmv2] [D] [thread 6746] [16.0] [cxt 0] Pipeline 'egress': start
[15:59:14.935] [bmv2] [T] [thread 6746] [16.0] [cxt 0] ./simple_router_16.p4(181) Condition "hdr.tcp.isValid() && meta.meta.natForward == 1w0" (node_13) is false
[15:59:14.935] [bmv2] [T] [thread 6746] [16.0] [cxt 0] Applying table 'send_frame'
[15:59:14.935] [bmv2] [D] [thread 6746] [16.0] [cxt 0] Looking up key:
* standard_metadata.egress_port: 0000

[15:59:14.935] [bmv2] [D] [thread 6746] [16.0] [cxt 0] Table 'send_frame': miss
[15:59:14.935] [bmv2] [D] [thread 6746] [16.0] [cxt 0] Action entry is NoAction - 
[15:59:14.935] [bmv2] [T] [thread 6746] [16.0] [cxt 0] Action NoAction
[15:59:14.935] [bmv2] [D] [thread 6746] [16.0] [cxt 0] Pipeline 'egress': end
[15:59:14.935] [bmv2] [D] [thread 6746] [16.0] [cxt 0] Deparser 'deparser': start
[15:59:14.935] [bmv2] [T] [thread 6746] [16.0] [cxt 0] Skipping checksum 'cksum' update because condition not met
[15:59:14.935] [bmv2] [T] [thread 6746] [16.0] [cxt 0] Skipping checksum 'cksum_0' update because condition not met
[15:59:14.935] [bmv2] [D] [thread 6746] [16.0] [cxt 0] Deparsing header 'ethernet'
[15:59:14.935] [bmv2] [D] [thread 6746] [16.0] [cxt 0] Deparser 'deparser': end
[15:59:14.935] [bmv2] [D] [thread 6750] [16.0] [cxt 0] Transmitting packet of size 70 out of port 0
[15:59:15.320] [bmv2] [D] [thread 6745] [17.0] [cxt 0] Processing packet received on port 3
[15:59:15.320] [bmv2] [D] [thread 6745] [17.0] [cxt 0] Parser 'parser': start
[15:59:15.320] [bmv2] [D] [thread 6745] [17.0] [cxt 0] Parser 'parser' entering state 'start'
[15:59:15.320] [bmv2] [D] [thread 6745] [17.0] [cxt 0] Parser state 'start' has no switch, going to default next state
[15:59:15.320] [bmv2] [T] [thread 6745] [17.0] [cxt 0] Bytes parsed: 0
[15:59:15.320] [bmv2] [D] [thread 6745] [17.0] [cxt 0] Parser 'parser' entering state 'parse_ethernet'
[15:59:15.320] [bmv2] [D] [thread 6745] [17.0] [cxt 0] Extracting header 'ethernet'
[15:59:15.320] [bmv2] [D] [thread 6745] [17.0] [cxt 0] Parser state 'parse_ethernet': key is 86dd
[15:59:15.320] [bmv2] [T] [thread 6745] [17.0] [cxt 0] Bytes parsed: 14
[15:59:15.320] [bmv2] [D] [thread 6745] [17.0] [cxt 0] Parser 'parser': end
[15:59:15.320] [bmv2] [D] [thread 6745] [17.0] [cxt 0] Pipeline 'ingress': start
[15:59:15.320] [bmv2] [T] [thread 6745] [17.0] [cxt 0] ./simple_router_16.p4(248) Condition "hdr.ipv4.isValid() && hdr.ipv4.ttl > 8w0" (node_2) is false
[15:59:15.320] [bmv2] [D] [thread 6745] [17.0] [cxt 0] Pipeline 'ingress': end
[15:59:15.320] [bmv2] [D] [thread 6745] [17.0] [cxt 0] Egress port is 0
[15:59:15.320] [bmv2] [D] [thread 6746] [17.0] [cxt 0] Pipeline 'egress': start
[15:59:15.320] [bmv2] [T] [thread 6746] [17.0] [cxt 0] ./simple_router_16.p4(181) Condition "hdr.tcp.isValid() && meta.meta.natForward == 1w0" (node_13) is false
[15:59:15.320] [bmv2] [T] [thread 6746] [17.0] [cxt 0] Applying table 'send_frame'
[15:59:15.320] [bmv2] [D] [thread 6746] [17.0] [cxt 0] Looking up key:
* standard_metadata.egress_port: 0000

[15:59:15.320] [bmv2] [D] [thread 6746] [17.0] [cxt 0] Table 'send_frame': miss
[15:59:15.320] [bmv2] [D] [thread 6746] [17.0] [cxt 0] Action entry is NoAction - 
[15:59:15.320] [bmv2] [T] [thread 6746] [17.0] [cxt 0] Action NoAction
[15:59:15.320] [bmv2] [D] [thread 6746] [17.0] [cxt 0] Pipeline 'egress': end
[15:59:15.320] [bmv2] [D] [thread 6746] [17.0] [cxt 0] Deparser 'deparser': start
[15:59:15.320] [bmv2] [T] [thread 6746] [17.0] [cxt 0] Skipping checksum 'cksum' update because condition not met
[15:59:15.320] [bmv2] [T] [thread 6746] [17.0] [cxt 0] Skipping checksum 'cksum_0' update because condition not met
[15:59:15.320] [bmv2] [D] [thread 6746] [17.0] [cxt 0] Deparsing header 'ethernet'
[15:59:15.320] [bmv2] [D] [thread 6746] [17.0] [cxt 0] Deparser 'deparser': end
[15:59:15.320] [bmv2] [D] [thread 6750] [17.0] [cxt 0] Transmitting packet of size 70 out of port 0
[15:59:18.671] [bmv2] [D] [thread 6745] [18.0] [cxt 0] Processing packet received on port 4
[15:59:18.671] [bmv2] [D] [thread 6745] [18.0] [cxt 0] Parser 'parser': start
[15:59:18.671] [bmv2] [D] [thread 6745] [18.0] [cxt 0] Parser 'parser' entering state 'start'
[15:59:18.671] [bmv2] [D] [thread 6745] [18.0] [cxt 0] Parser state 'start' has no switch, going to default next state
[15:59:18.671] [bmv2] [T] [thread 6745] [18.0] [cxt 0] Bytes parsed: 0
[15:59:18.671] [bmv2] [D] [thread 6745] [18.0] [cxt 0] Parser 'parser' entering state 'parse_ethernet'
[15:59:18.671] [bmv2] [D] [thread 6745] [18.0] [cxt 0] Extracting header 'ethernet'
[15:59:18.671] [bmv2] [D] [thread 6745] [18.0] [cxt 0] Parser state 'parse_ethernet': key is 86dd
[15:59:18.671] [bmv2] [T] [thread 6745] [18.0] [cxt 0] Bytes parsed: 14
[15:59:18.671] [bmv2] [D] [thread 6745] [18.0] [cxt 0] Parser 'parser': end
[15:59:18.671] [bmv2] [D] [thread 6745] [18.0] [cxt 0] Pipeline 'ingress': start
[15:59:18.671] [bmv2] [T] [thread 6745] [18.0] [cxt 0] ./simple_router_16.p4(248) Condition "hdr.ipv4.isValid() && hdr.ipv4.ttl > 8w0" (node_2) is false
[15:59:18.671] [bmv2] [D] [thread 6745] [18.0] [cxt 0] Pipeline 'ingress': end
[15:59:18.671] [bmv2] [D] [thread 6745] [18.0] [cxt 0] Egress port is 0
[15:59:18.672] [bmv2] [D] [thread 6746] [18.0] [cxt 0] Pipeline 'egress': start
[15:59:18.672] [bmv2] [T] [thread 6746] [18.0] [cxt 0] ./simple_router_16.p4(181) Condition "hdr.tcp.isValid() && meta.meta.natForward == 1w0" (node_13) is false
[15:59:18.672] [bmv2] [T] [thread 6746] [18.0] [cxt 0] Applying table 'send_frame'
[15:59:18.672] [bmv2] [D] [thread 6746] [18.0] [cxt 0] Looking up key:
* standard_metadata.egress_port: 0000

[15:59:18.672] [bmv2] [D] [thread 6746] [18.0] [cxt 0] Table 'send_frame': miss
[15:59:18.672] [bmv2] [D] [thread 6746] [18.0] [cxt 0] Action entry is NoAction - 
[15:59:18.672] [bmv2] [T] [thread 6746] [18.0] [cxt 0] Action NoAction
[15:59:18.672] [bmv2] [D] [thread 6746] [18.0] [cxt 0] Pipeline 'egress': end
[15:59:18.672] [bmv2] [D] [thread 6746] [18.0] [cxt 0] Deparser 'deparser': start
[15:59:18.672] [bmv2] [T] [thread 6746] [18.0] [cxt 0] Skipping checksum 'cksum' update because condition not met
[15:59:18.672] [bmv2] [T] [thread 6746] [18.0] [cxt 0] Skipping checksum 'cksum_0' update because condition not met
[15:59:18.672] [bmv2] [D] [thread 6746] [18.0] [cxt 0] Deparsing header 'ethernet'
[15:59:18.672] [bmv2] [D] [thread 6746] [18.0] [cxt 0] Deparser 'deparser': end
[15:59:18.672] [bmv2] [D] [thread 6750] [18.0] [cxt 0] Transmitting packet of size 70 out of port 0
[15:59:18.871] [bmv2] [D] [thread 6745] [19.0] [cxt 0] Processing packet received on port 1
[15:59:18.871] [bmv2] [D] [thread 6745] [19.0] [cxt 0] Parser 'parser': start
[15:59:18.871] [bmv2] [D] [thread 6745] [19.0] [cxt 0] Parser 'parser' entering state 'start'
[15:59:18.871] [bmv2] [D] [thread 6745] [19.0] [cxt 0] Parser state 'start' has no switch, going to default next state
[15:59:18.871] [bmv2] [T] [thread 6745] [19.0] [cxt 0] Bytes parsed: 0
[15:59:18.871] [bmv2] [D] [thread 6745] [19.0] [cxt 0] Parser 'parser' entering state 'parse_ethernet'
[15:59:18.871] [bmv2] [D] [thread 6745] [19.0] [cxt 0] Extracting header 'ethernet'
[15:59:18.871] [bmv2] [D] [thread 6745] [19.0] [cxt 0] Parser state 'parse_ethernet': key is 86dd
[15:59:18.871] [bmv2] [T] [thread 6745] [19.0] [cxt 0] Bytes parsed: 14
[15:59:18.871] [bmv2] [D] [thread 6745] [19.0] [cxt 0] Parser 'parser': end
[15:59:18.871] [bmv2] [D] [thread 6745] [19.0] [cxt 0] Pipeline 'ingress': start
[15:59:18.871] [bmv2] [T] [thread 6745] [19.0] [cxt 0] ./simple_router_16.p4(248) Condition "hdr.ipv4.isValid() && hdr.ipv4.ttl > 8w0" (node_2) is false
[15:59:18.871] [bmv2] [D] [thread 6745] [19.0] [cxt 0] Pipeline 'ingress': end
[15:59:18.871] [bmv2] [D] [thread 6745] [19.0] [cxt 0] Egress port is 0
[15:59:18.872] [bmv2] [D] [thread 6746] [19.0] [cxt 0] Pipeline 'egress': start
[15:59:18.872] [bmv2] [T] [thread 6746] [19.0] [cxt 0] ./simple_router_16.p4(181) Condition "hdr.tcp.isValid() && meta.meta.natForward == 1w0" (node_13) is false
[15:59:18.872] [bmv2] [T] [thread 6746] [19.0] [cxt 0] Applying table 'send_frame'
[15:59:18.872] [bmv2] [D] [thread 6746] [19.0] [cxt 0] Looking up key:
* standard_metadata.egress_port: 0000

[15:59:18.872] [bmv2] [D] [thread 6746] [19.0] [cxt 0] Table 'send_frame': miss
[15:59:18.872] [bmv2] [D] [thread 6746] [19.0] [cxt 0] Action entry is NoAction - 
[15:59:18.872] [bmv2] [T] [thread 6746] [19.0] [cxt 0] Action NoAction
[15:59:18.872] [bmv2] [D] [thread 6746] [19.0] [cxt 0] Pipeline 'egress': end
[15:59:18.872] [bmv2] [D] [thread 6746] [19.0] [cxt 0] Deparser 'deparser': start
[15:59:18.872] [bmv2] [T] [thread 6746] [19.0] [cxt 0] Skipping checksum 'cksum' update because condition not met
[15:59:18.872] [bmv2] [T] [thread 6746] [19.0] [cxt 0] Skipping checksum 'cksum_0' update because condition not met
[15:59:18.872] [bmv2] [D] [thread 6746] [19.0] [cxt 0] Deparsing header 'ethernet'
[15:59:18.872] [bmv2] [D] [thread 6746] [19.0] [cxt 0] Deparser 'deparser': end
[15:59:18.872] [bmv2] [D] [thread 6750] [19.0] [cxt 0] Transmitting packet of size 70 out of port 0
[15:59:18.943] [bmv2] [D] [thread 6745] [20.0] [cxt 0] Processing packet received on port 2
[15:59:18.943] [bmv2] [D] [thread 6745] [20.0] [cxt 0] Parser 'parser': start
[15:59:18.943] [bmv2] [D] [thread 6745] [20.0] [cxt 0] Parser 'parser' entering state 'start'
[15:59:18.943] [bmv2] [D] [thread 6745] [20.0] [cxt 0] Parser state 'start' has no switch, going to default next state
[15:59:18.943] [bmv2] [T] [thread 6745] [20.0] [cxt 0] Bytes parsed: 0
[15:59:18.943] [bmv2] [D] [thread 6745] [20.0] [cxt 0] Parser 'parser' entering state 'parse_ethernet'
[15:59:18.943] [bmv2] [D] [thread 6745] [20.0] [cxt 0] Extracting header 'ethernet'
[15:59:18.944] [bmv2] [D] [thread 6745] [20.0] [cxt 0] Parser state 'parse_ethernet': key is 86dd
[15:59:18.944] [bmv2] [T] [thread 6745] [20.0] [cxt 0] Bytes parsed: 14
[15:59:18.944] [bmv2] [D] [thread 6745] [20.0] [cxt 0] Parser 'parser': end
[15:59:18.944] [bmv2] [D] [thread 6745] [20.0] [cxt 0] Pipeline 'ingress': start
[15:59:18.944] [bmv2] [T] [thread 6745] [20.0] [cxt 0] ./simple_router_16.p4(248) Condition "hdr.ipv4.isValid() && hdr.ipv4.ttl > 8w0" (node_2) is false
[15:59:18.944] [bmv2] [D] [thread 6745] [20.0] [cxt 0] Pipeline 'ingress': end
[15:59:18.944] [bmv2] [D] [thread 6745] [20.0] [cxt 0] Egress port is 0
[15:59:18.944] [bmv2] [D] [thread 6746] [20.0] [cxt 0] Pipeline 'egress': start
[15:59:18.944] [bmv2] [T] [thread 6746] [20.0] [cxt 0] ./simple_router_16.p4(181) Condition "hdr.tcp.isValid() && meta.meta.natForward == 1w0" (node_13) is false
[15:59:18.944] [bmv2] [T] [thread 6746] [20.0] [cxt 0] Applying table 'send_frame'
[15:59:18.944] [bmv2] [D] [thread 6746] [20.0] [cxt 0] Looking up key:
* standard_metadata.egress_port: 0000

[15:59:18.944] [bmv2] [D] [thread 6746] [20.0] [cxt 0] Table 'send_frame': miss
[15:59:18.944] [bmv2] [D] [thread 6746] [20.0] [cxt 0] Action entry is NoAction - 
[15:59:18.944] [bmv2] [T] [thread 6746] [20.0] [cxt 0] Action NoAction
[15:59:18.944] [bmv2] [D] [thread 6746] [20.0] [cxt 0] Pipeline 'egress': end
[15:59:18.944] [bmv2] [D] [thread 6746] [20.0] [cxt 0] Deparser 'deparser': start
[15:59:18.944] [bmv2] [T] [thread 6746] [20.0] [cxt 0] Skipping checksum 'cksum' update because condition not met
[15:59:18.944] [bmv2] [T] [thread 6746] [20.0] [cxt 0] Skipping checksum 'cksum_0' update because condition not met
[15:59:18.944] [bmv2] [D] [thread 6746] [20.0] [cxt 0] Deparsing header 'ethernet'
[15:59:18.944] [bmv2] [D] [thread 6746] [20.0] [cxt 0] Deparser 'deparser': end
[15:59:18.944] [bmv2] [D] [thread 6750] [20.0] [cxt 0] Transmitting packet of size 70 out of port 0
[15:59:19.327] [bmv2] [D] [thread 6745] [21.0] [cxt 0] Processing packet received on port 3
[15:59:19.327] [bmv2] [D] [thread 6745] [21.0] [cxt 0] Parser 'parser': start
[15:59:19.327] [bmv2] [D] [thread 6745] [21.0] [cxt 0] Parser 'parser' entering state 'start'
[15:59:19.327] [bmv2] [D] [thread 6745] [21.0] [cxt 0] Parser state 'start' has no switch, going to default next state
[15:59:19.327] [bmv2] [T] [thread 6745] [21.0] [cxt 0] Bytes parsed: 0
[15:59:19.327] [bmv2] [D] [thread 6745] [21.0] [cxt 0] Parser 'parser' entering state 'parse_ethernet'
[15:59:19.327] [bmv2] [D] [thread 6745] [21.0] [cxt 0] Extracting header 'ethernet'
[15:59:19.327] [bmv2] [D] [thread 6745] [21.0] [cxt 0] Parser state 'parse_ethernet': key is 86dd
[15:59:19.327] [bmv2] [T] [thread 6745] [21.0] [cxt 0] Bytes parsed: 14
[15:59:19.327] [bmv2] [D] [thread 6745] [21.0] [cxt 0] Parser 'parser': end
[15:59:19.327] [bmv2] [D] [thread 6745] [21.0] [cxt 0] Pipeline 'ingress': start
[15:59:19.327] [bmv2] [T] [thread 6745] [21.0] [cxt 0] ./simple_router_16.p4(248) Condition "hdr.ipv4.isValid() && hdr.ipv4.ttl > 8w0" (node_2) is false
[15:59:19.327] [bmv2] [D] [thread 6745] [21.0] [cxt 0] Pipeline 'ingress': end
[15:59:19.327] [bmv2] [D] [thread 6745] [21.0] [cxt 0] Egress port is 0
[15:59:19.327] [bmv2] [D] [thread 6746] [21.0] [cxt 0] Pipeline 'egress': start
[15:59:19.327] [bmv2] [T] [thread 6746] [21.0] [cxt 0] ./simple_router_16.p4(181) Condition "hdr.tcp.isValid() && meta.meta.natForward == 1w0" (node_13) is false
[15:59:19.327] [bmv2] [T] [thread 6746] [21.0] [cxt 0] Applying table 'send_frame'
[15:59:19.327] [bmv2] [D] [thread 6746] [21.0] [cxt 0] Looking up key:
* standard_metadata.egress_port: 0000

[15:59:19.327] [bmv2] [D] [thread 6746] [21.0] [cxt 0] Table 'send_frame': miss
[15:59:19.327] [bmv2] [D] [thread 6746] [21.0] [cxt 0] Action entry is NoAction - 
[15:59:19.327] [bmv2] [T] [thread 6746] [21.0] [cxt 0] Action NoAction
[15:59:19.327] [bmv2] [D] [thread 6746] [21.0] [cxt 0] Pipeline 'egress': end
[15:59:19.327] [bmv2] [D] [thread 6746] [21.0] [cxt 0] Deparser 'deparser': start
[15:59:19.327] [bmv2] [T] [thread 6746] [21.0] [cxt 0] Skipping checksum 'cksum' update because condition not met
[15:59:19.327] [bmv2] [T] [thread 6746] [21.0] [cxt 0] Skipping checksum 'cksum_0' update because condition not met
[15:59:19.327] [bmv2] [D] [thread 6746] [21.0] [cxt 0] Deparsing header 'ethernet'
[15:59:19.327] [bmv2] [D] [thread 6746] [21.0] [cxt 0] Deparser 'deparser': end
[15:59:19.327] [bmv2] [D] [thread 6750] [21.0] [cxt 0] Transmitting packet of size 70 out of port 0
open: No such file or directory
open: No such file or directory
open: No such file or directory
open: No such file or directory
