Calling target program-options parser
[06:28:14.171] [bmv2] [D] [thread 2416] Set default default entry for table 'match_nat_ip': NoAction - 
[06:28:14.171] [bmv2] [D] [thread 2416] Set default default entry for table 'tbl_act': act - 
[06:28:14.171] [bmv2] [D] [thread 2416] Set default default entry for table 'tbl_act_0': act_0 - 
[06:28:14.171] [bmv2] [D] [thread 2416] Set default default entry for table 'rev_nat_tcp': NoAction - 
[06:28:14.171] [bmv2] [D] [thread 2416] Set default default entry for table 'ipv4_lpm': NoAction - 
[06:28:14.171] [bmv2] [D] [thread 2416] Set default default entry for table 'forward': NoAction - 
[06:28:14.174] [bmv2] [D] [thread 2416] Set default default entry for table 'fwd_nat_tcp': NoAction - 
[06:28:14.174] [bmv2] [D] [thread 2416] Set default default entry for table 'send_frame': NoAction - 
Adding interface s1-eth1 as port 1
[06:28:14.174] [bmv2] [D] [thread 2416] Adding interface s1-eth1 as port 1
Adding interface s1-eth2 as port 2
[06:28:14.207] [bmv2] [D] [thread 2416] Adding interface s1-eth2 as port 2
Adding interface s1-eth3 as port 3
[06:28:14.235] [bmv2] [D] [thread 2416] Adding interface s1-eth3 as port 3
I0410 06:28:14.263309523    2416 server_builder.cc:247]      Synchronous server. Num CQs: 1, Min pollers: 1, Max Pollers: 2147483647, CQ timeout (msec): 1000
Server listening on 0.0.0.0:50051
[06:28:14.266] [bmv2] [I] [thread 2416] Starting Thrift server on port 9090
[06:28:14.267] [bmv2] [I] [thread 2416] Thrift server was started
[06:28:14.269] [bmv2] [D] [thread 2423] [0.0] [cxt 0] Processing packet received on port 2
[06:28:14.269] [bmv2] [D] [thread 2423] [0.0] [cxt 0] Parser 'parser': start
[06:28:14.269] [bmv2] [D] [thread 2423] [0.0] [cxt 0] Parser 'parser' entering state 'start'
[06:28:14.269] [bmv2] [D] [thread 2423] [0.0] [cxt 0] Parser state 'start' has no switch, going to default next state
[06:28:14.269] [bmv2] [T] [thread 2423] [0.0] [cxt 0] Bytes parsed: 0
[06:28:14.269] [bmv2] [D] [thread 2423] [0.0] [cxt 0] Parser 'parser' entering state 'parse_ethernet'
[06:28:14.269] [bmv2] [D] [thread 2423] [0.0] [cxt 0] Extracting header 'ethernet'
[06:28:14.269] [bmv2] [D] [thread 2423] [0.0] [cxt 0] Parser state 'parse_ethernet': key is 86dd
[06:28:14.269] [bmv2] [T] [thread 2423] [0.0] [cxt 0] Bytes parsed: 14
[06:28:14.269] [bmv2] [D] [thread 2423] [0.0] [cxt 0] Parser 'parser': end
[06:28:14.269] [bmv2] [D] [thread 2423] [0.0] [cxt 0] Pipeline 'ingress': start
[06:28:14.269] [bmv2] [T] [thread 2423] [0.0] [cxt 0] simple_router_16.p4(248) Condition "hdr.ipv4.isValid() && hdr.ipv4.ttl > 8w0" (node_2) is false
[06:28:14.269] [bmv2] [D] [thread 2423] [0.0] [cxt 0] Pipeline 'ingress': end
[06:28:14.269] [bmv2] [D] [thread 2423] [0.0] [cxt 0] Egress port is 0
[06:28:14.269] [bmv2] [D] [thread 2424] [0.0] [cxt 0] Pipeline 'egress': start
[06:28:14.269] [bmv2] [T] [thread 2424] [0.0] [cxt 0] simple_router_16.p4(181) Condition "hdr.tcp.isValid() && meta.meta.natForward == 1w0" (node_13) is false
[06:28:14.269] [bmv2] [T] [thread 2424] [0.0] [cxt 0] Applying table 'send_frame'
[06:28:14.269] [bmv2] [D] [thread 2424] [0.0] [cxt 0] Looking up key:
* standard_metadata.egress_port: 0000

[06:28:14.269] [bmv2] [D] [thread 2424] [0.0] [cxt 0] Table 'send_frame': miss
[06:28:14.269] [bmv2] [D] [thread 2424] [0.0] [cxt 0] Action entry is NoAction - 
[06:28:14.269] [bmv2] [T] [thread 2424] [0.0] [cxt 0] Action NoAction
[06:28:14.269] [bmv2] [D] [thread 2424] [0.0] [cxt 0] Pipeline 'egress': end
[06:28:14.269] [bmv2] [D] [thread 2424] [0.0] [cxt 0] Deparser 'deparser': start
[06:28:14.269] [bmv2] [T] [thread 2424] [0.0] [cxt 0] Skipping checksum 'cksum' update because condition not met
[06:28:14.269] [bmv2] [T] [thread 2424] [0.0] [cxt 0] Skipping checksum 'cksum_0' update because condition not met
[06:28:14.269] [bmv2] [D] [thread 2424] [0.0] [cxt 0] Deparsing header 'ethernet'
[06:28:14.269] [bmv2] [D] [thread 2424] [0.0] [cxt 0] Deparser 'deparser': end
[06:28:14.269] [bmv2] [D] [thread 2428] [0.0] [cxt 0] Transmitting packet of size 90 out of port 0
[06:28:14.667] [bmv2] [D] [thread 2423] [1.0] [cxt 0] Processing packet received on port 2
[06:28:14.667] [bmv2] [D] [thread 2423] [1.0] [cxt 0] Parser 'parser': start
[06:28:14.667] [bmv2] [D] [thread 2423] [1.0] [cxt 0] Parser 'parser' entering state 'start'
[06:28:14.667] [bmv2] [D] [thread 2423] [1.0] [cxt 0] Parser state 'start' has no switch, going to default next state
[06:28:14.667] [bmv2] [T] [thread 2423] [1.0] [cxt 0] Bytes parsed: 0
[06:28:14.667] [bmv2] [D] [thread 2423] [1.0] [cxt 0] Parser 'parser' entering state 'parse_ethernet'
[06:28:14.667] [bmv2] [D] [thread 2423] [1.0] [cxt 0] Extracting header 'ethernet'
[06:28:14.667] [bmv2] [D] [thread 2423] [1.0] [cxt 0] Parser state 'parse_ethernet': key is 86dd
[06:28:14.667] [bmv2] [T] [thread 2423] [1.0] [cxt 0] Bytes parsed: 14
[06:28:14.667] [bmv2] [D] [thread 2423] [1.0] [cxt 0] Parser 'parser': end
[06:28:14.667] [bmv2] [D] [thread 2423] [1.0] [cxt 0] Pipeline 'ingress': start
[06:28:14.667] [bmv2] [T] [thread 2423] [1.0] [cxt 0] simple_router_16.p4(248) Condition "hdr.ipv4.isValid() && hdr.ipv4.ttl > 8w0" (node_2) is false
[06:28:14.667] [bmv2] [D] [thread 2423] [1.0] [cxt 0] Pipeline 'ingress': end
[06:28:14.667] [bmv2] [D] [thread 2423] [1.0] [cxt 0] Egress port is 0
[06:28:14.667] [bmv2] [D] [thread 2423] [2.0] [cxt 0] Processing packet received on port 3
[06:28:14.667] [bmv2] [D] [thread 2423] [2.0] [cxt 0] Parser 'parser': start
[06:28:14.667] [bmv2] [D] [thread 2423] [2.0] [cxt 0] Parser 'parser' entering state 'start'
[06:28:14.667] [bmv2] [D] [thread 2423] [2.0] [cxt 0] Parser state 'start' has no switch, going to default next state
[06:28:14.667] [bmv2] [T] [thread 2423] [2.0] [cxt 0] Bytes parsed: 0
[06:28:14.667] [bmv2] [D] [thread 2423] [2.0] [cxt 0] Parser 'parser' entering state 'parse_ethernet'
[06:28:14.667] [bmv2] [D] [thread 2423] [2.0] [cxt 0] Extracting header 'ethernet'
[06:28:14.668] [bmv2] [D] [thread 2423] [2.0] [cxt 0] Parser state 'parse_ethernet': key is 86dd
[06:28:14.668] [bmv2] [T] [thread 2423] [2.0] [cxt 0] Bytes parsed: 14
[06:28:14.668] [bmv2] [D] [thread 2423] [2.0] [cxt 0] Parser 'parser': end
[06:28:14.668] [bmv2] [D] [thread 2423] [2.0] [cxt 0] Pipeline 'ingress': start
[06:28:14.668] [bmv2] [T] [thread 2423] [2.0] [cxt 0] simple_router_16.p4(248) Condition "hdr.ipv4.isValid() && hdr.ipv4.ttl > 8w0" (node_2) is false
[06:28:14.668] [bmv2] [D] [thread 2423] [2.0] [cxt 0] Pipeline 'ingress': end
[06:28:14.668] [bmv2] [D] [thread 2423] [2.0] [cxt 0] Egress port is 0
[06:28:14.668] [bmv2] [D] [thread 2424] [1.0] [cxt 0] Pipeline 'egress': start
[06:28:14.668] [bmv2] [T] [thread 2424] [1.0] [cxt 0] simple_router_16.p4(181) Condition "hdr.tcp.isValid() && meta.meta.natForward == 1w0" (node_13) is false
[06:28:14.668] [bmv2] [T] [thread 2424] [1.0] [cxt 0] Applying table 'send_frame'
[06:28:14.668] [bmv2] [D] [thread 2424] [1.0] [cxt 0] Looking up key:
* standard_metadata.egress_port: 0000

[06:28:14.668] [bmv2] [D] [thread 2424] [1.0] [cxt 0] Table 'send_frame': miss
[06:28:14.668] [bmv2] [D] [thread 2424] [1.0] [cxt 0] Action entry is NoAction - 
[06:28:14.668] [bmv2] [T] [thread 2424] [1.0] [cxt 0] Action NoAction
[06:28:14.668] [bmv2] [D] [thread 2424] [1.0] [cxt 0] Pipeline 'egress': end
[06:28:14.668] [bmv2] [D] [thread 2424] [1.0] [cxt 0] Deparser 'deparser': start
[06:28:14.668] [bmv2] [T] [thread 2424] [1.0] [cxt 0] Skipping checksum 'cksum' update because condition not met
[06:28:14.668] [bmv2] [T] [thread 2424] [1.0] [cxt 0] Skipping checksum 'cksum_0' update because condition not met
[06:28:14.668] [bmv2] [D] [thread 2424] [1.0] [cxt 0] Deparsing header 'ethernet'
[06:28:14.668] [bmv2] [D] [thread 2424] [1.0] [cxt 0] Deparser 'deparser': end
[06:28:14.668] [bmv2] [D] [thread 2424] [2.0] [cxt 0] Pipeline 'egress': start
[06:28:14.668] [bmv2] [T] [thread 2424] [2.0] [cxt 0] simple_router_16.p4(181) Condition "hdr.tcp.isValid() && meta.meta.natForward == 1w0" (node_13) is false
[06:28:14.668] [bmv2] [T] [thread 2424] [2.0] [cxt 0] Applying table 'send_frame'
[06:28:14.668] [bmv2] [D] [thread 2424] [2.0] [cxt 0] Looking up key:
* standard_metadata.egress_port: 0000

[06:28:14.668] [bmv2] [D] [thread 2424] [2.0] [cxt 0] Table 'send_frame': miss
[06:28:14.668] [bmv2] [D] [thread 2424] [2.0] [cxt 0] Action entry is NoAction - 
[06:28:14.668] [bmv2] [T] [thread 2424] [2.0] [cxt 0] Action NoAction
[06:28:14.668] [bmv2] [D] [thread 2424] [2.0] [cxt 0] Pipeline 'egress': end
[06:28:14.668] [bmv2] [D] [thread 2424] [2.0] [cxt 0] Deparser 'deparser': start
[06:28:14.668] [bmv2] [T] [thread 2424] [2.0] [cxt 0] Skipping checksum 'cksum' update because condition not met
[06:28:14.668] [bmv2] [T] [thread 2424] [2.0] [cxt 0] Skipping checksum 'cksum_0' update because condition not met
[06:28:14.668] [bmv2] [D] [thread 2424] [2.0] [cxt 0] Deparsing header 'ethernet'
[06:28:14.668] [bmv2] [D] [thread 2424] [2.0] [cxt 0] Deparser 'deparser': end
[06:28:14.668] [bmv2] [D] [thread 2428] [1.0] [cxt 0] Transmitting packet of size 78 out of port 0
[06:28:14.668] [bmv2] [D] [thread 2428] [2.0] [cxt 0] Transmitting packet of size 90 out of port 0
[06:28:14.807] [bmv2] [D] [thread 2423] [3.0] [cxt 0] Processing packet received on port 1
[06:28:14.807] [bmv2] [D] [thread 2423] [3.0] [cxt 0] Parser 'parser': start
[06:28:14.807] [bmv2] [D] [thread 2423] [3.0] [cxt 0] Parser 'parser' entering state 'start'
[06:28:14.807] [bmv2] [D] [thread 2423] [3.0] [cxt 0] Parser state 'start' has no switch, going to default next state
[06:28:14.807] [bmv2] [T] [thread 2423] [3.0] [cxt 0] Bytes parsed: 0
[06:28:14.807] [bmv2] [D] [thread 2423] [3.0] [cxt 0] Parser 'parser' entering state 'parse_ethernet'
[06:28:14.807] [bmv2] [D] [thread 2423] [3.0] [cxt 0] Extracting header 'ethernet'
[06:28:14.807] [bmv2] [D] [thread 2423] [3.0] [cxt 0] Parser state 'parse_ethernet': key is 86dd
[06:28:14.807] [bmv2] [T] [thread 2423] [3.0] [cxt 0] Bytes parsed: 14
[06:28:14.807] [bmv2] [D] [thread 2423] [3.0] [cxt 0] Parser 'parser': end
[06:28:14.807] [bmv2] [D] [thread 2423] [3.0] [cxt 0] Pipeline 'ingress': start
[06:28:14.807] [bmv2] [T] [thread 2423] [3.0] [cxt 0] simple_router_16.p4(248) Condition "hdr.ipv4.isValid() && hdr.ipv4.ttl > 8w0" (node_2) is false
[06:28:14.807] [bmv2] [D] [thread 2423] [3.0] [cxt 0] Pipeline 'ingress': end
[06:28:14.807] [bmv2] [D] [thread 2423] [3.0] [cxt 0] Egress port is 0
[06:28:14.808] [bmv2] [D] [thread 2424] [3.0] [cxt 0] Pipeline 'egress': start
[06:28:14.808] [bmv2] [T] [thread 2424] [3.0] [cxt 0] simple_router_16.p4(181) Condition "hdr.tcp.isValid() && meta.meta.natForward == 1w0" (node_13) is false
[06:28:14.808] [bmv2] [T] [thread 2424] [3.0] [cxt 0] Applying table 'send_frame'
[06:28:14.808] [bmv2] [D] [thread 2424] [3.0] [cxt 0] Looking up key:
* standard_metadata.egress_port: 0000

[06:28:14.808] [bmv2] [D] [thread 2424] [3.0] [cxt 0] Table 'send_frame': miss
[06:28:14.808] [bmv2] [D] [thread 2424] [3.0] [cxt 0] Action entry is NoAction - 
[06:28:14.808] [bmv2] [T] [thread 2424] [3.0] [cxt 0] Action NoAction
[06:28:14.808] [bmv2] [D] [thread 2424] [3.0] [cxt 0] Pipeline 'egress': end
[06:28:14.808] [bmv2] [D] [thread 2424] [3.0] [cxt 0] Deparser 'deparser': start
[06:28:14.808] [bmv2] [T] [thread 2424] [3.0] [cxt 0] Skipping checksum 'cksum' update because condition not met
[06:28:14.808] [bmv2] [T] [thread 2424] [3.0] [cxt 0] Skipping checksum 'cksum_0' update because condition not met
[06:28:14.808] [bmv2] [D] [thread 2424] [3.0] [cxt 0] Deparsing header 'ethernet'
[06:28:14.808] [bmv2] [D] [thread 2424] [3.0] [cxt 0] Deparser 'deparser': end
[06:28:14.808] [bmv2] [D] [thread 2428] [3.0] [cxt 0] Transmitting packet of size 78 out of port 0
[06:28:14.875] [bmv2] [D] [thread 2423] [4.0] [cxt 0] Processing packet received on port 1
[06:28:14.875] [bmv2] [D] [thread 2423] [4.0] [cxt 0] Parser 'parser': start
[06:28:14.875] [bmv2] [D] [thread 2423] [4.0] [cxt 0] Parser 'parser' entering state 'start'
[06:28:14.875] [bmv2] [D] [thread 2423] [4.0] [cxt 0] Parser state 'start' has no switch, going to default next state
[06:28:14.875] [bmv2] [T] [thread 2423] [4.0] [cxt 0] Bytes parsed: 0
[06:28:14.875] [bmv2] [D] [thread 2423] [4.0] [cxt 0] Parser 'parser' entering state 'parse_ethernet'
[06:28:14.875] [bmv2] [D] [thread 2423] [4.0] [cxt 0] Extracting header 'ethernet'
[06:28:14.875] [bmv2] [D] [thread 2423] [4.0] [cxt 0] Parser state 'parse_ethernet': key is 86dd
[06:28:14.875] [bmv2] [T] [thread 2423] [4.0] [cxt 0] Bytes parsed: 14
[06:28:14.875] [bmv2] [D] [thread 2423] [4.0] [cxt 0] Parser 'parser': end
[06:28:14.875] [bmv2] [D] [thread 2423] [4.0] [cxt 0] Pipeline 'ingress': start
[06:28:14.875] [bmv2] [T] [thread 2423] [4.0] [cxt 0] simple_router_16.p4(248) Condition "hdr.ipv4.isValid() && hdr.ipv4.ttl > 8w0" (node_2) is false
[06:28:14.875] [bmv2] [D] [thread 2423] [4.0] [cxt 0] Pipeline 'ingress': end
[06:28:14.875] [bmv2] [D] [thread 2423] [4.0] [cxt 0] Egress port is 0
[06:28:14.875] [bmv2] [D] [thread 2424] [4.0] [cxt 0] Pipeline 'egress': start
[06:28:14.875] [bmv2] [T] [thread 2424] [4.0] [cxt 0] simple_router_16.p4(181) Condition "hdr.tcp.isValid() && meta.meta.natForward == 1w0" (node_13) is false
[06:28:14.875] [bmv2] [T] [thread 2424] [4.0] [cxt 0] Applying table 'send_frame'
[06:28:14.875] [bmv2] [D] [thread 2424] [4.0] [cxt 0] Looking up key:
* standard_metadata.egress_port: 0000

[06:28:14.875] [bmv2] [D] [thread 2424] [4.0] [cxt 0] Table 'send_frame': miss
[06:28:14.875] [bmv2] [D] [thread 2424] [4.0] [cxt 0] Action entry is NoAction - 
[06:28:14.875] [bmv2] [T] [thread 2424] [4.0] [cxt 0] Action NoAction
[06:28:14.875] [bmv2] [D] [thread 2424] [4.0] [cxt 0] Pipeline 'egress': end
[06:28:14.875] [bmv2] [D] [thread 2424] [4.0] [cxt 0] Deparser 'deparser': start
[06:28:14.875] [bmv2] [T] [thread 2424] [4.0] [cxt 0] Skipping checksum 'cksum' update because condition not met
[06:28:14.875] [bmv2] [T] [thread 2424] [4.0] [cxt 0] Skipping checksum 'cksum_0' update because condition not met
[06:28:14.875] [bmv2] [D] [thread 2424] [4.0] [cxt 0] Deparsing header 'ethernet'
[06:28:14.875] [bmv2] [D] [thread 2424] [4.0] [cxt 0] Deparser 'deparser': end
[06:28:14.875] [bmv2] [D] [thread 2428] [4.0] [cxt 0] Transmitting packet of size 90 out of port 0
[06:28:15.232] [bmv2] [D] [thread 2423] [5.0] [cxt 0] Processing packet received on port 3
[06:28:15.232] [bmv2] [D] [thread 2423] [5.0] [cxt 0] Parser 'parser': start
[06:28:15.232] [bmv2] [D] [thread 2423] [5.0] [cxt 0] Parser 'parser' entering state 'start'
[06:28:15.232] [bmv2] [D] [thread 2423] [5.0] [cxt 0] Parser state 'start' has no switch, going to default next state
[06:28:15.232] [bmv2] [T] [thread 2423] [5.0] [cxt 0] Bytes parsed: 0
[06:28:15.232] [bmv2] [D] [thread 2423] [5.0] [cxt 0] Parser 'parser' entering state 'parse_ethernet'
[06:28:15.232] [bmv2] [D] [thread 2423] [5.0] [cxt 0] Extracting header 'ethernet'
[06:28:15.232] [bmv2] [D] [thread 2423] [5.0] [cxt 0] Parser state 'parse_ethernet': key is 86dd
[06:28:15.232] [bmv2] [T] [thread 2423] [5.0] [cxt 0] Bytes parsed: 14
[06:28:15.232] [bmv2] [D] [thread 2423] [5.0] [cxt 0] Parser 'parser': end
[06:28:15.232] [bmv2] [D] [thread 2423] [5.0] [cxt 0] Pipeline 'ingress': start
[06:28:15.232] [bmv2] [T] [thread 2423] [5.0] [cxt 0] simple_router_16.p4(248) Condition "hdr.ipv4.isValid() && hdr.ipv4.ttl > 8w0" (node_2) is false
[06:28:15.232] [bmv2] [D] [thread 2423] [5.0] [cxt 0] Pipeline 'ingress': end
[06:28:15.232] [bmv2] [D] [thread 2423] [5.0] [cxt 0] Egress port is 0
[06:28:15.232] [bmv2] [D] [thread 2423] [6.0] [cxt 0] Processing packet received on port 3
[06:28:15.232] [bmv2] [D] [thread 2423] [6.0] [cxt 0] Parser 'parser': start
[06:28:15.232] [bmv2] [D] [thread 2424] [5.0] [cxt 0] Pipeline 'egress': start
[06:28:15.232] [bmv2] [T] [thread 2424] [5.0] [cxt 0] simple_router_16.p4(181) Condition "hdr.tcp.isValid() && meta.meta.natForward == 1w0" (node_13) is false
[06:28:15.232] [bmv2] [T] [thread 2424] [5.0] [cxt 0] Applying table 'send_frame'
[06:28:15.232] [bmv2] [D] [thread 2423] [6.0] [cxt 0] Parser 'parser' entering state 'start'
[06:28:15.232] [bmv2] [D] [thread 2424] [5.0] [cxt 0] Looking up key:
* standard_metadata.egress_port: 0000

[06:28:15.233] [bmv2] [D] [thread 2424] [5.0] [cxt 0] Table 'send_frame': miss
[06:28:15.233] [bmv2] [D] [thread 2424] [5.0] [cxt 0] Action entry is NoAction - 
[06:28:15.233] [bmv2] [T] [thread 2424] [5.0] [cxt 0] Action NoAction
[06:28:15.233] [bmv2] [D] [thread 2424] [5.0] [cxt 0] Pipeline 'egress': end
[06:28:15.233] [bmv2] [D] [thread 2424] [5.0] [cxt 0] Deparser 'deparser': start
[06:28:15.232] [bmv2] [D] [thread 2423] [6.0] [cxt 0] Parser state 'start' has no switch, going to default next state
[06:28:15.233] [bmv2] [T] [thread 2423] [6.0] [cxt 0] Bytes parsed: 0
[06:28:15.233] [bmv2] [D] [thread 2423] [6.0] [cxt 0] Parser 'parser' entering state 'parse_ethernet'
[06:28:15.233] [bmv2] [D] [thread 2423] [6.0] [cxt 0] Extracting header 'ethernet'
[06:28:15.233] [bmv2] [D] [thread 2423] [6.0] [cxt 0] Parser state 'parse_ethernet': key is 86dd
[06:28:15.233] [bmv2] [T] [thread 2423] [6.0] [cxt 0] Bytes parsed: 14
[06:28:15.233] [bmv2] [D] [thread 2423] [6.0] [cxt 0] Parser 'parser': end
[06:28:15.233] [bmv2] [D] [thread 2423] [6.0] [cxt 0] Pipeline 'ingress': start
[06:28:15.233] [bmv2] [T] [thread 2424] [5.0] [cxt 0] Skipping checksum 'cksum' update because condition not met
[06:28:15.233] [bmv2] [T] [thread 2424] [5.0] [cxt 0] Skipping checksum 'cksum_0' update because condition not met
[06:28:15.233] [bmv2] [T] [thread 2423] [6.0] [cxt 0] simple_router_16.p4(248) Condition "hdr.ipv4.isValid() && hdr.ipv4.ttl > 8w0" (node_2) is false
[06:28:15.233] [bmv2] [D] [thread 2423] [6.0] [cxt 0] Pipeline 'ingress': end
[06:28:15.233] [bmv2] [D] [thread 2423] [6.0] [cxt 0] Egress port is 0
[06:28:15.233] [bmv2] [D] [thread 2424] [5.0] [cxt 0] Deparsing header 'ethernet'
[06:28:15.233] [bmv2] [D] [thread 2424] [5.0] [cxt 0] Deparser 'deparser': end
[06:28:15.233] [bmv2] [D] [thread 2424] [6.0] [cxt 0] Pipeline 'egress': start
[06:28:15.233] [bmv2] [T] [thread 2424] [6.0] [cxt 0] simple_router_16.p4(181) Condition "hdr.tcp.isValid() && meta.meta.natForward == 1w0" (node_13) is false
[06:28:15.233] [bmv2] [T] [thread 2424] [6.0] [cxt 0] Applying table 'send_frame'
[06:28:15.233] [bmv2] [D] [thread 2424] [6.0] [cxt 0] Looking up key:
* standard_metadata.egress_port: 0000

[06:28:15.233] [bmv2] [D] [thread 2428] [5.0] [cxt 0] Transmitting packet of size 90 out of port 0
[06:28:15.233] [bmv2] [D] [thread 2424] [6.0] [cxt 0] Table 'send_frame': miss
[06:28:15.233] [bmv2] [D] [thread 2424] [6.0] [cxt 0] Action entry is NoAction - 
[06:28:15.233] [bmv2] [T] [thread 2424] [6.0] [cxt 0] Action NoAction
[06:28:15.233] [bmv2] [D] [thread 2424] [6.0] [cxt 0] Pipeline 'egress': end
[06:28:15.233] [bmv2] [D] [thread 2424] [6.0] [cxt 0] Deparser 'deparser': start
[06:28:15.233] [bmv2] [T] [thread 2424] [6.0] [cxt 0] Skipping checksum 'cksum' update because condition not met
[06:28:15.233] [bmv2] [T] [thread 2424] [6.0] [cxt 0] Skipping checksum 'cksum_0' update because condition not met
[06:28:15.233] [bmv2] [D] [thread 2424] [6.0] [cxt 0] Deparsing header 'ethernet'
[06:28:15.233] [bmv2] [D] [thread 2424] [6.0] [cxt 0] Deparser 'deparser': end
[06:28:15.233] [bmv2] [D] [thread 2428] [6.0] [cxt 0] Transmitting packet of size 70 out of port 0
[06:28:15.664] [bmv2] [D] [thread 2423] [7.0] [cxt 0] Processing packet received on port 2
[06:28:15.664] [bmv2] [D] [thread 2423] [7.0] [cxt 0] Parser 'parser': start
[06:28:15.664] [bmv2] [D] [thread 2423] [7.0] [cxt 0] Parser 'parser' entering state 'start'
[06:28:15.664] [bmv2] [D] [thread 2423] [7.0] [cxt 0] Parser state 'start' has no switch, going to default next state
[06:28:15.664] [bmv2] [T] [thread 2423] [7.0] [cxt 0] Bytes parsed: 0
[06:28:15.665] [bmv2] [D] [thread 2423] [7.0] [cxt 0] Parser 'parser' entering state 'parse_ethernet'
[06:28:15.665] [bmv2] [D] [thread 2423] [7.0] [cxt 0] Extracting header 'ethernet'
[06:28:15.665] [bmv2] [D] [thread 2423] [7.0] [cxt 0] Parser state 'parse_ethernet': key is 86dd
[06:28:15.665] [bmv2] [T] [thread 2423] [7.0] [cxt 0] Bytes parsed: 14
[06:28:15.665] [bmv2] [D] [thread 2423] [7.0] [cxt 0] Parser 'parser': end
[06:28:15.665] [bmv2] [D] [thread 2423] [7.0] [cxt 0] Pipeline 'ingress': start
[06:28:15.665] [bmv2] [T] [thread 2423] [7.0] [cxt 0] simple_router_16.p4(248) Condition "hdr.ipv4.isValid() && hdr.ipv4.ttl > 8w0" (node_2) is false
[06:28:15.665] [bmv2] [D] [thread 2423] [7.0] [cxt 0] Pipeline 'ingress': end
[06:28:15.665] [bmv2] [D] [thread 2423] [7.0] [cxt 0] Egress port is 0
[06:28:15.665] [bmv2] [D] [thread 2423] [8.0] [cxt 0] Processing packet received on port 2
[06:28:15.665] [bmv2] [D] [thread 2423] [8.0] [cxt 0] Parser 'parser': start
[06:28:15.665] [bmv2] [D] [thread 2423] [8.0] [cxt 0] Parser 'parser' entering state 'start'
[06:28:15.665] [bmv2] [D] [thread 2423] [8.0] [cxt 0] Parser state 'start' has no switch, going to default next state
[06:28:15.665] [bmv2] [T] [thread 2423] [8.0] [cxt 0] Bytes parsed: 0
[06:28:15.665] [bmv2] [D] [thread 2423] [8.0] [cxt 0] Parser 'parser' entering state 'parse_ethernet'
[06:28:15.665] [bmv2] [D] [thread 2423] [8.0] [cxt 0] Extracting header 'ethernet'
[06:28:15.665] [bmv2] [D] [thread 2423] [8.0] [cxt 0] Parser state 'parse_ethernet': key is 86dd
[06:28:15.665] [bmv2] [T] [thread 2423] [8.0] [cxt 0] Bytes parsed: 14
[06:28:15.665] [bmv2] [D] [thread 2423] [8.0] [cxt 0] Parser 'parser': end
[06:28:15.665] [bmv2] [D] [thread 2424] [7.0] [cxt 0] Pipeline 'egress': start
[06:28:15.665] [bmv2] [T] [thread 2424] [7.0] [cxt 0] simple_router_16.p4(181) Condition "hdr.tcp.isValid() && meta.meta.natForward == 1w0" (node_13) is false
[06:28:15.665] [bmv2] [T] [thread 2424] [7.0] [cxt 0] Applying table 'send_frame'
[06:28:15.665] [bmv2] [D] [thread 2424] [7.0] [cxt 0] Looking up key:
* standard_metadata.egress_port: 0000

[06:28:15.665] [bmv2] [D] [thread 2423] [8.0] [cxt 0] Pipeline 'ingress': start
[06:28:15.665] [bmv2] [T] [thread 2423] [8.0] [cxt 0] simple_router_16.p4(248) Condition "hdr.ipv4.isValid() && hdr.ipv4.ttl > 8w0" (node_2) is false
[06:28:15.665] [bmv2] [D] [thread 2423] [8.0] [cxt 0] Pipeline 'ingress': end
[06:28:15.665] [bmv2] [D] [thread 2423] [8.0] [cxt 0] Egress port is 0
[06:28:15.665] [bmv2] [D] [thread 2424] [7.0] [cxt 0] Table 'send_frame': miss
[06:28:15.665] [bmv2] [D] [thread 2424] [7.0] [cxt 0] Action entry is NoAction - 
[06:28:15.665] [bmv2] [T] [thread 2424] [7.0] [cxt 0] Action NoAction
[06:28:15.665] [bmv2] [D] [thread 2424] [7.0] [cxt 0] Pipeline 'egress': end
[06:28:15.665] [bmv2] [D] [thread 2424] [7.0] [cxt 0] Deparser 'deparser': start
[06:28:15.665] [bmv2] [T] [thread 2424] [7.0] [cxt 0] Skipping checksum 'cksum' update because condition not met
[06:28:15.665] [bmv2] [T] [thread 2424] [7.0] [cxt 0] Skipping checksum 'cksum_0' update because condition not met
[06:28:15.665] [bmv2] [D] [thread 2424] [7.0] [cxt 0] Deparsing header 'ethernet'
[06:28:15.665] [bmv2] [D] [thread 2424] [7.0] [cxt 0] Deparser 'deparser': end
[06:28:15.665] [bmv2] [D] [thread 2424] [8.0] [cxt 0] Pipeline 'egress': start
[06:28:15.665] [bmv2] [T] [thread 2424] [8.0] [cxt 0] simple_router_16.p4(181) Condition "hdr.tcp.isValid() && meta.meta.natForward == 1w0" (node_13) is false
[06:28:15.665] [bmv2] [T] [thread 2424] [8.0] [cxt 0] Applying table 'send_frame'
[06:28:15.665] [bmv2] [D] [thread 2424] [8.0] [cxt 0] Looking up key:
* standard_metadata.egress_port: 0000

[06:28:15.665] [bmv2] [D] [thread 2424] [8.0] [cxt 0] Table 'send_frame': miss
[06:28:15.665] [bmv2] [D] [thread 2428] [7.0] [cxt 0] Transmitting packet of size 90 out of port 0
[06:28:15.665] [bmv2] [D] [thread 2424] [8.0] [cxt 0] Action entry is NoAction - 
[06:28:15.665] [bmv2] [T] [thread 2424] [8.0] [cxt 0] Action NoAction
[06:28:15.665] [bmv2] [D] [thread 2424] [8.0] [cxt 0] Pipeline 'egress': end
[06:28:15.665] [bmv2] [D] [thread 2424] [8.0] [cxt 0] Deparser 'deparser': start
[06:28:15.665] [bmv2] [T] [thread 2424] [8.0] [cxt 0] Skipping checksum 'cksum' update because condition not met
[06:28:15.665] [bmv2] [T] [thread 2424] [8.0] [cxt 0] Skipping checksum 'cksum_0' update because condition not met
[06:28:15.665] [bmv2] [D] [thread 2424] [8.0] [cxt 0] Deparsing header 'ethernet'
[06:28:15.665] [bmv2] [D] [thread 2424] [8.0] [cxt 0] Deparser 'deparser': end
[06:28:15.665] [bmv2] [D] [thread 2428] [8.0] [cxt 0] Transmitting packet of size 70 out of port 0
[06:28:15.813] [bmv2] [D] [thread 2423] [9.0] [cxt 0] Processing packet received on port 1
[06:28:15.813] [bmv2] [D] [thread 2423] [9.0] [cxt 0] Parser 'parser': start
[06:28:15.813] [bmv2] [D] [thread 2423] [9.0] [cxt 0] Parser 'parser' entering state 'start'
[06:28:15.813] [bmv2] [D] [thread 2423] [9.0] [cxt 0] Parser state 'start' has no switch, going to default next state
[06:28:15.813] [bmv2] [T] [thread 2423] [9.0] [cxt 0] Bytes parsed: 0
[06:28:15.813] [bmv2] [D] [thread 2423] [9.0] [cxt 0] Parser 'parser' entering state 'parse_ethernet'
[06:28:15.813] [bmv2] [D] [thread 2423] [9.0] [cxt 0] Extracting header 'ethernet'
[06:28:15.813] [bmv2] [D] [thread 2423] [9.0] [cxt 0] Parser state 'parse_ethernet': key is 86dd
[06:28:15.813] [bmv2] [T] [thread 2423] [9.0] [cxt 0] Bytes parsed: 14
[06:28:15.813] [bmv2] [D] [thread 2423] [9.0] [cxt 0] Parser 'parser': end
[06:28:15.813] [bmv2] [D] [thread 2423] [9.0] [cxt 0] Pipeline 'ingress': start
[06:28:15.813] [bmv2] [T] [thread 2423] [9.0] [cxt 0] simple_router_16.p4(248) Condition "hdr.ipv4.isValid() && hdr.ipv4.ttl > 8w0" (node_2) is false
[06:28:15.813] [bmv2] [D] [thread 2423] [9.0] [cxt 0] Pipeline 'ingress': end
[06:28:15.813] [bmv2] [D] [thread 2423] [9.0] [cxt 0] Egress port is 0
[06:28:15.813] [bmv2] [D] [thread 2423] [10.0] [cxt 0] Processing packet received on port 1
[06:28:15.813] [bmv2] [D] [thread 2423] [10.0] [cxt 0] Parser 'parser': start
[06:28:15.813] [bmv2] [D] [thread 2423] [10.0] [cxt 0] Parser 'parser' entering state 'start'
[06:28:15.813] [bmv2] [D] [thread 2423] [10.0] [cxt 0] Parser state 'start' has no switch, going to default next state
[06:28:15.813] [bmv2] [T] [thread 2423] [10.0] [cxt 0] Bytes parsed: 0
[06:28:15.813] [bmv2] [D] [thread 2423] [10.0] [cxt 0] Parser 'parser' entering state 'parse_ethernet'
[06:28:15.813] [bmv2] [D] [thread 2423] [10.0] [cxt 0] Extracting header 'ethernet'
[06:28:15.813] [bmv2] [D] [thread 2423] [10.0] [cxt 0] Parser state 'parse_ethernet': key is 86dd
[06:28:15.813] [bmv2] [T] [thread 2423] [10.0] [cxt 0] Bytes parsed: 14
[06:28:15.813] [bmv2] [D] [thread 2423] [10.0] [cxt 0] Parser 'parser': end
[06:28:15.813] [bmv2] [D] [thread 2423] [10.0] [cxt 0] Pipeline 'ingress': start
[06:28:15.813] [bmv2] [T] [thread 2423] [10.0] [cxt 0] simple_router_16.p4(248) Condition "hdr.ipv4.isValid() && hdr.ipv4.ttl > 8w0" (node_2) is false
[06:28:15.813] [bmv2] [D] [thread 2423] [10.0] [cxt 0] Pipeline 'ingress': end
[06:28:15.813] [bmv2] [D] [thread 2423] [10.0] [cxt 0] Egress port is 0
[06:28:15.813] [bmv2] [D] [thread 2424] [9.0] [cxt 0] Pipeline 'egress': start
[06:28:15.813] [bmv2] [T] [thread 2424] [9.0] [cxt 0] simple_router_16.p4(181) Condition "hdr.tcp.isValid() && meta.meta.natForward == 1w0" (node_13) is false
[06:28:15.813] [bmv2] [T] [thread 2424] [9.0] [cxt 0] Applying table 'send_frame'
[06:28:15.813] [bmv2] [D] [thread 2424] [9.0] [cxt 0] Looking up key:
* standard_metadata.egress_port: 0000

[06:28:15.813] [bmv2] [D] [thread 2424] [9.0] [cxt 0] Table 'send_frame': miss
[06:28:15.813] [bmv2] [D] [thread 2424] [9.0] [cxt 0] Action entry is NoAction - 
[06:28:15.813] [bmv2] [T] [thread 2424] [9.0] [cxt 0] Action NoAction
[06:28:15.813] [bmv2] [D] [thread 2424] [9.0] [cxt 0] Pipeline 'egress': end
[06:28:15.813] [bmv2] [D] [thread 2424] [9.0] [cxt 0] Deparser 'deparser': start
[06:28:15.813] [bmv2] [T] [thread 2424] [9.0] [cxt 0] Skipping checksum 'cksum' update because condition not met
[06:28:15.813] [bmv2] [T] [thread 2424] [9.0] [cxt 0] Skipping checksum 'cksum_0' update because condition not met
[06:28:15.813] [bmv2] [D] [thread 2424] [9.0] [cxt 0] Deparsing header 'ethernet'
[06:28:15.813] [bmv2] [D] [thread 2424] [9.0] [cxt 0] Deparser 'deparser': end
[06:28:15.813] [bmv2] [D] [thread 2424] [10.0] [cxt 0] Pipeline 'egress': start
[06:28:15.813] [bmv2] [T] [thread 2424] [10.0] [cxt 0] simple_router_16.p4(181) Condition "hdr.tcp.isValid() && meta.meta.natForward == 1w0" (node_13) is false
[06:28:15.813] [bmv2] [T] [thread 2424] [10.0] [cxt 0] Applying table 'send_frame'
[06:28:15.813] [bmv2] [D] [thread 2424] [10.0] [cxt 0] Looking up key:
* standard_metadata.egress_port: 0000

[06:28:15.813] [bmv2] [D] [thread 2424] [10.0] [cxt 0] Table 'send_frame': miss
[06:28:15.814] [bmv2] [D] [thread 2424] [10.0] [cxt 0] Action entry is NoAction - 
[06:28:15.814] [bmv2] [T] [thread 2424] [10.0] [cxt 0] Action NoAction
[06:28:15.814] [bmv2] [D] [thread 2424] [10.0] [cxt 0] Pipeline 'egress': end
[06:28:15.814] [bmv2] [D] [thread 2424] [10.0] [cxt 0] Deparser 'deparser': start
[06:28:15.814] [bmv2] [T] [thread 2424] [10.0] [cxt 0] Skipping checksum 'cksum' update because condition not met
[06:28:15.814] [bmv2] [T] [thread 2424] [10.0] [cxt 0] Skipping checksum 'cksum_0' update because condition not met
[06:28:15.814] [bmv2] [D] [thread 2424] [10.0] [cxt 0] Deparsing header 'ethernet'
[06:28:15.814] [bmv2] [D] [thread 2424] [10.0] [cxt 0] Deparser 'deparser': end
[06:28:15.814] [bmv2] [D] [thread 2428] [9.0] [cxt 0] Transmitting packet of size 90 out of port 0
[06:28:15.814] [bmv2] [D] [thread 2428] [10.0] [cxt 0] Transmitting packet of size 70 out of port 0
[06:28:15.865] [bmv2] [D] [thread 2423] [11.0] [cxt 0] Processing packet received on port 2
[06:28:15.865] [bmv2] [D] [thread 2423] [11.0] [cxt 0] Parser 'parser': start
[06:28:15.865] [bmv2] [D] [thread 2423] [11.0] [cxt 0] Parser 'parser' entering state 'start'
[06:28:15.865] [bmv2] [D] [thread 2423] [11.0] [cxt 0] Parser state 'start' has no switch, going to default next state
[06:28:15.865] [bmv2] [T] [thread 2423] [11.0] [cxt 0] Bytes parsed: 0
[06:28:15.865] [bmv2] [D] [thread 2423] [11.0] [cxt 0] Parser 'parser' entering state 'parse_ethernet'
[06:28:15.865] [bmv2] [D] [thread 2423] [11.0] [cxt 0] Extracting header 'ethernet'
[06:28:15.865] [bmv2] [D] [thread 2423] [11.0] [cxt 0] Parser state 'parse_ethernet': key is 86dd
[06:28:15.865] [bmv2] [T] [thread 2423] [11.0] [cxt 0] Bytes parsed: 14
[06:28:15.865] [bmv2] [D] [thread 2423] [11.0] [cxt 0] Parser 'parser': end
[06:28:15.865] [bmv2] [D] [thread 2423] [11.0] [cxt 0] Pipeline 'ingress': start
[06:28:15.865] [bmv2] [T] [thread 2423] [11.0] [cxt 0] simple_router_16.p4(248) Condition "hdr.ipv4.isValid() && hdr.ipv4.ttl > 8w0" (node_2) is false
[06:28:15.865] [bmv2] [D] [thread 2423] [11.0] [cxt 0] Pipeline 'ingress': end
[06:28:15.865] [bmv2] [D] [thread 2423] [11.0] [cxt 0] Egress port is 0
[06:28:15.865] [bmv2] [D] [thread 2424] [11.0] [cxt 0] Pipeline 'egress': start
[06:28:15.865] [bmv2] [T] [thread 2424] [11.0] [cxt 0] simple_router_16.p4(181) Condition "hdr.tcp.isValid() && meta.meta.natForward == 1w0" (node_13) is false
[06:28:15.865] [bmv2] [T] [thread 2424] [11.0] [cxt 0] Applying table 'send_frame'
[06:28:15.865] [bmv2] [D] [thread 2424] [11.0] [cxt 0] Looking up key:
* standard_metadata.egress_port: 0000

[06:28:15.865] [bmv2] [D] [thread 2424] [11.0] [cxt 0] Table 'send_frame': miss
[06:28:15.865] [bmv2] [D] [thread 2424] [11.0] [cxt 0] Action entry is NoAction - 
[06:28:15.865] [bmv2] [T] [thread 2424] [11.0] [cxt 0] Action NoAction
[06:28:15.865] [bmv2] [D] [thread 2424] [11.0] [cxt 0] Pipeline 'egress': end
[06:28:15.865] [bmv2] [D] [thread 2424] [11.0] [cxt 0] Deparser 'deparser': start
[06:28:15.865] [bmv2] [T] [thread 2424] [11.0] [cxt 0] Skipping checksum 'cksum' update because condition not met
[06:28:15.865] [bmv2] [T] [thread 2424] [11.0] [cxt 0] Skipping checksum 'cksum_0' update because condition not met
[06:28:15.865] [bmv2] [D] [thread 2424] [11.0] [cxt 0] Deparsing header 'ethernet'
[06:28:15.865] [bmv2] [D] [thread 2424] [11.0] [cxt 0] Deparser 'deparser': end
[06:28:15.865] [bmv2] [D] [thread 2428] [11.0] [cxt 0] Transmitting packet of size 90 out of port 0
[06:28:15.941] [bmv2] [D] [thread 2423] [12.0] [cxt 0] Processing packet received on port 3
[06:28:15.941] [bmv2] [D] [thread 2423] [12.0] [cxt 0] Parser 'parser': start
[06:28:15.941] [bmv2] [D] [thread 2423] [12.0] [cxt 0] Parser 'parser' entering state 'start'
[06:28:15.941] [bmv2] [D] [thread 2423] [12.0] [cxt 0] Parser state 'start' has no switch, going to default next state
[06:28:15.941] [bmv2] [T] [thread 2423] [12.0] [cxt 0] Bytes parsed: 0
[06:28:15.941] [bmv2] [D] [thread 2423] [12.0] [cxt 0] Parser 'parser' entering state 'parse_ethernet'
[06:28:15.941] [bmv2] [D] [thread 2423] [12.0] [cxt 0] Extracting header 'ethernet'
[06:28:15.941] [bmv2] [D] [thread 2423] [12.0] [cxt 0] Parser state 'parse_ethernet': key is 86dd
[06:28:15.941] [bmv2] [T] [thread 2423] [12.0] [cxt 0] Bytes parsed: 14
[06:28:15.941] [bmv2] [D] [thread 2423] [12.0] [cxt 0] Parser 'parser': end
[06:28:15.941] [bmv2] [D] [thread 2423] [12.0] [cxt 0] Pipeline 'ingress': start
[06:28:15.941] [bmv2] [T] [thread 2423] [12.0] [cxt 0] simple_router_16.p4(248) Condition "hdr.ipv4.isValid() && hdr.ipv4.ttl > 8w0" (node_2) is false
[06:28:15.941] [bmv2] [D] [thread 2423] [12.0] [cxt 0] Pipeline 'ingress': end
[06:28:15.941] [bmv2] [D] [thread 2423] [12.0] [cxt 0] Egress port is 0
[06:28:15.942] [bmv2] [D] [thread 2424] [12.0] [cxt 0] Pipeline 'egress': start
[06:28:15.942] [bmv2] [T] [thread 2424] [12.0] [cxt 0] simple_router_16.p4(181) Condition "hdr.tcp.isValid() && meta.meta.natForward == 1w0" (node_13) is false
[06:28:15.942] [bmv2] [T] [thread 2424] [12.0] [cxt 0] Applying table 'send_frame'
[06:28:15.942] [bmv2] [D] [thread 2424] [12.0] [cxt 0] Looking up key:
* standard_metadata.egress_port: 0000

[06:28:15.942] [bmv2] [D] [thread 2424] [12.0] [cxt 0] Table 'send_frame': miss
[06:28:15.942] [bmv2] [D] [thread 2424] [12.0] [cxt 0] Action entry is NoAction - 
[06:28:15.942] [bmv2] [T] [thread 2424] [12.0] [cxt 0] Action NoAction
[06:28:15.942] [bmv2] [D] [thread 2424] [12.0] [cxt 0] Pipeline 'egress': end
[06:28:15.942] [bmv2] [D] [thread 2424] [12.0] [cxt 0] Deparser 'deparser': start
[06:28:15.942] [bmv2] [T] [thread 2424] [12.0] [cxt 0] Skipping checksum 'cksum' update because condition not met
[06:28:15.942] [bmv2] [T] [thread 2424] [12.0] [cxt 0] Skipping checksum 'cksum_0' update because condition not met
[06:28:15.942] [bmv2] [D] [thread 2424] [12.0] [cxt 0] Deparsing header 'ethernet'
[06:28:15.942] [bmv2] [D] [thread 2424] [12.0] [cxt 0] Deparser 'deparser': end
[06:28:15.942] [bmv2] [D] [thread 2428] [12.0] [cxt 0] Transmitting packet of size 90 out of port 0
[06:28:16.683] [bmv2] [D] [thread 2423] [13.0] [cxt 0] Processing packet received on port 1
[06:28:16.683] [bmv2] [D] [thread 2423] [13.0] [cxt 0] Parser 'parser': start
[06:28:16.683] [bmv2] [D] [thread 2423] [13.0] [cxt 0] Parser 'parser' entering state 'start'
[06:28:16.683] [bmv2] [D] [thread 2423] [13.0] [cxt 0] Parser state 'start' has no switch, going to default next state
[06:28:16.683] [bmv2] [T] [thread 2423] [13.0] [cxt 0] Bytes parsed: 0
[06:28:16.683] [bmv2] [D] [thread 2423] [13.0] [cxt 0] Parser 'parser' entering state 'parse_ethernet'
[06:28:16.683] [bmv2] [D] [thread 2423] [13.0] [cxt 0] Extracting header 'ethernet'
[06:28:16.683] [bmv2] [D] [thread 2423] [13.0] [cxt 0] Parser state 'parse_ethernet': key is 86dd
[06:28:16.683] [bmv2] [T] [thread 2423] [13.0] [cxt 0] Bytes parsed: 14
[06:28:16.683] [bmv2] [D] [thread 2423] [13.0] [cxt 0] Parser 'parser': end
[06:28:16.683] [bmv2] [D] [thread 2423] [13.0] [cxt 0] Pipeline 'ingress': start
[06:28:16.683] [bmv2] [T] [thread 2423] [13.0] [cxt 0] simple_router_16.p4(248) Condition "hdr.ipv4.isValid() && hdr.ipv4.ttl > 8w0" (node_2) is false
[06:28:16.683] [bmv2] [D] [thread 2423] [13.0] [cxt 0] Pipeline 'ingress': end
[06:28:16.683] [bmv2] [D] [thread 2423] [13.0] [cxt 0] Egress port is 0
[06:28:16.683] [bmv2] [D] [thread 2424] [13.0] [cxt 0] Pipeline 'egress': start
[06:28:16.684] [bmv2] [T] [thread 2424] [13.0] [cxt 0] simple_router_16.p4(181) Condition "hdr.tcp.isValid() && meta.meta.natForward == 1w0" (node_13) is false
[06:28:16.684] [bmv2] [T] [thread 2424] [13.0] [cxt 0] Applying table 'send_frame'
[06:28:16.684] [bmv2] [D] [thread 2424] [13.0] [cxt 0] Looking up key:
* standard_metadata.egress_port: 0000

[06:28:16.684] [bmv2] [D] [thread 2424] [13.0] [cxt 0] Table 'send_frame': miss
[06:28:16.684] [bmv2] [D] [thread 2424] [13.0] [cxt 0] Action entry is NoAction - 
[06:28:16.684] [bmv2] [T] [thread 2424] [13.0] [cxt 0] Action NoAction
[06:28:16.684] [bmv2] [D] [thread 2424] [13.0] [cxt 0] Pipeline 'egress': end
[06:28:16.684] [bmv2] [D] [thread 2424] [13.0] [cxt 0] Deparser 'deparser': start
[06:28:16.684] [bmv2] [T] [thread 2424] [13.0] [cxt 0] Skipping checksum 'cksum' update because condition not met
[06:28:16.684] [bmv2] [T] [thread 2424] [13.0] [cxt 0] Skipping checksum 'cksum_0' update because condition not met
[06:28:16.684] [bmv2] [D] [thread 2424] [13.0] [cxt 0] Deparsing header 'ethernet'
[06:28:16.684] [bmv2] [D] [thread 2424] [13.0] [cxt 0] Deparser 'deparser': end
[06:28:16.684] [bmv2] [D] [thread 2428] [13.0] [cxt 0] Transmitting packet of size 90 out of port 0
[06:28:19.356] [bmv2] [D] [thread 2423] [14.0] [cxt 0] Processing packet received on port 3
[06:28:19.356] [bmv2] [D] [thread 2423] [14.0] [cxt 0] Parser 'parser': start
[06:28:19.356] [bmv2] [D] [thread 2423] [14.0] [cxt 0] Parser 'parser' entering state 'start'
[06:28:19.356] [bmv2] [D] [thread 2423] [14.0] [cxt 0] Parser state 'start' has no switch, going to default next state
[06:28:19.356] [bmv2] [T] [thread 2423] [14.0] [cxt 0] Bytes parsed: 0
[06:28:19.356] [bmv2] [D] [thread 2423] [14.0] [cxt 0] Parser 'parser' entering state 'parse_ethernet'
[06:28:19.356] [bmv2] [D] [thread 2423] [14.0] [cxt 0] Extracting header 'ethernet'
[06:28:19.356] [bmv2] [D] [thread 2423] [14.0] [cxt 0] Parser state 'parse_ethernet': key is 86dd
[06:28:19.356] [bmv2] [T] [thread 2423] [14.0] [cxt 0] Bytes parsed: 14
[06:28:19.356] [bmv2] [D] [thread 2423] [14.0] [cxt 0] Parser 'parser': end
[06:28:19.356] [bmv2] [D] [thread 2423] [14.0] [cxt 0] Pipeline 'ingress': start
[06:28:19.356] [bmv2] [T] [thread 2423] [14.0] [cxt 0] simple_router_16.p4(248) Condition "hdr.ipv4.isValid() && hdr.ipv4.ttl > 8w0" (node_2) is false
[06:28:19.356] [bmv2] [D] [thread 2423] [14.0] [cxt 0] Pipeline 'ingress': end
[06:28:19.356] [bmv2] [D] [thread 2423] [14.0] [cxt 0] Egress port is 0
[06:28:19.356] [bmv2] [D] [thread 2424] [14.0] [cxt 0] Pipeline 'egress': start
[06:28:19.356] [bmv2] [T] [thread 2424] [14.0] [cxt 0] simple_router_16.p4(181) Condition "hdr.tcp.isValid() && meta.meta.natForward == 1w0" (node_13) is false
[06:28:19.356] [bmv2] [T] [thread 2424] [14.0] [cxt 0] Applying table 'send_frame'
[06:28:19.356] [bmv2] [D] [thread 2424] [14.0] [cxt 0] Looking up key:
* standard_metadata.egress_port: 0000

[06:28:19.356] [bmv2] [D] [thread 2424] [14.0] [cxt 0] Table 'send_frame': miss
[06:28:19.356] [bmv2] [D] [thread 2424] [14.0] [cxt 0] Action entry is NoAction - 
[06:28:19.356] [bmv2] [T] [thread 2424] [14.0] [cxt 0] Action NoAction
[06:28:19.356] [bmv2] [D] [thread 2424] [14.0] [cxt 0] Pipeline 'egress': end
[06:28:19.356] [bmv2] [D] [thread 2424] [14.0] [cxt 0] Deparser 'deparser': start
[06:28:19.356] [bmv2] [T] [thread 2424] [14.0] [cxt 0] Skipping checksum 'cksum' update because condition not met
[06:28:19.356] [bmv2] [T] [thread 2424] [14.0] [cxt 0] Skipping checksum 'cksum_0' update because condition not met
[06:28:19.356] [bmv2] [D] [thread 2424] [14.0] [cxt 0] Deparsing header 'ethernet'
[06:28:19.356] [bmv2] [D] [thread 2424] [14.0] [cxt 0] Deparser 'deparser': end
[06:28:19.356] [bmv2] [D] [thread 2428] [14.0] [cxt 0] Transmitting packet of size 70 out of port 0
[06:28:19.675] [bmv2] [D] [thread 2423] [15.0] [cxt 0] Processing packet received on port 2
[06:28:19.675] [bmv2] [D] [thread 2423] [15.0] [cxt 0] Parser 'parser': start
[06:28:19.675] [bmv2] [D] [thread 2423] [15.0] [cxt 0] Parser 'parser' entering state 'start'
[06:28:19.675] [bmv2] [D] [thread 2423] [15.0] [cxt 0] Parser state 'start' has no switch, going to default next state
[06:28:19.675] [bmv2] [T] [thread 2423] [15.0] [cxt 0] Bytes parsed: 0
[06:28:19.675] [bmv2] [D] [thread 2423] [15.0] [cxt 0] Parser 'parser' entering state 'parse_ethernet'
[06:28:19.675] [bmv2] [D] [thread 2423] [15.0] [cxt 0] Extracting header 'ethernet'
[06:28:19.675] [bmv2] [D] [thread 2423] [15.0] [cxt 0] Parser state 'parse_ethernet': key is 86dd
[06:28:19.675] [bmv2] [T] [thread 2423] [15.0] [cxt 0] Bytes parsed: 14
[06:28:19.675] [bmv2] [D] [thread 2423] [15.0] [cxt 0] Parser 'parser': end
[06:28:19.675] [bmv2] [D] [thread 2423] [15.0] [cxt 0] Pipeline 'ingress': start
[06:28:19.675] [bmv2] [T] [thread 2423] [15.0] [cxt 0] simple_router_16.p4(248) Condition "hdr.ipv4.isValid() && hdr.ipv4.ttl > 8w0" (node_2) is false
[06:28:19.675] [bmv2] [D] [thread 2423] [15.0] [cxt 0] Pipeline 'ingress': end
[06:28:19.675] [bmv2] [D] [thread 2423] [15.0] [cxt 0] Egress port is 0
[06:28:19.675] [bmv2] [D] [thread 2424] [15.0] [cxt 0] Pipeline 'egress': start
[06:28:19.675] [bmv2] [T] [thread 2424] [15.0] [cxt 0] simple_router_16.p4(181) Condition "hdr.tcp.isValid() && meta.meta.natForward == 1w0" (node_13) is false
[06:28:19.675] [bmv2] [T] [thread 2424] [15.0] [cxt 0] Applying table 'send_frame'
[06:28:19.675] [bmv2] [D] [thread 2424] [15.0] [cxt 0] Looking up key:
* standard_metadata.egress_port: 0000

[06:28:19.675] [bmv2] [D] [thread 2424] [15.0] [cxt 0] Table 'send_frame': miss
[06:28:19.675] [bmv2] [D] [thread 2424] [15.0] [cxt 0] Action entry is NoAction - 
[06:28:19.675] [bmv2] [T] [thread 2424] [15.0] [cxt 0] Action NoAction
[06:28:19.675] [bmv2] [D] [thread 2424] [15.0] [cxt 0] Pipeline 'egress': end
[06:28:19.675] [bmv2] [D] [thread 2424] [15.0] [cxt 0] Deparser 'deparser': start
[06:28:19.675] [bmv2] [T] [thread 2424] [15.0] [cxt 0] Skipping checksum 'cksum' update because condition not met
[06:28:19.675] [bmv2] [T] [thread 2424] [15.0] [cxt 0] Skipping checksum 'cksum_0' update because condition not met
[06:28:19.675] [bmv2] [D] [thread 2424] [15.0] [cxt 0] Deparsing header 'ethernet'
[06:28:19.675] [bmv2] [D] [thread 2424] [15.0] [cxt 0] Deparser 'deparser': end
[06:28:19.676] [bmv2] [D] [thread 2428] [15.0] [cxt 0] Transmitting packet of size 70 out of port 0
[06:28:19.896] [bmv2] [D] [thread 2423] [16.0] [cxt 0] Processing packet received on port 1
[06:28:19.896] [bmv2] [D] [thread 2423] [16.0] [cxt 0] Parser 'parser': start
[06:28:19.896] [bmv2] [D] [thread 2423] [16.0] [cxt 0] Parser 'parser' entering state 'start'
[06:28:19.896] [bmv2] [D] [thread 2423] [16.0] [cxt 0] Parser state 'start' has no switch, going to default next state
[06:28:19.896] [bmv2] [T] [thread 2423] [16.0] [cxt 0] Bytes parsed: 0
[06:28:19.896] [bmv2] [D] [thread 2423] [16.0] [cxt 0] Parser 'parser' entering state 'parse_ethernet'
[06:28:19.896] [bmv2] [D] [thread 2423] [16.0] [cxt 0] Extracting header 'ethernet'
[06:28:19.896] [bmv2] [D] [thread 2423] [16.0] [cxt 0] Parser state 'parse_ethernet': key is 86dd
[06:28:19.896] [bmv2] [T] [thread 2423] [16.0] [cxt 0] Bytes parsed: 14
[06:28:19.896] [bmv2] [D] [thread 2423] [16.0] [cxt 0] Parser 'parser': end
[06:28:19.896] [bmv2] [D] [thread 2423] [16.0] [cxt 0] Pipeline 'ingress': start
[06:28:19.896] [bmv2] [T] [thread 2423] [16.0] [cxt 0] simple_router_16.p4(248) Condition "hdr.ipv4.isValid() && hdr.ipv4.ttl > 8w0" (node_2) is false
[06:28:19.897] [bmv2] [D] [thread 2423] [16.0] [cxt 0] Pipeline 'ingress': end
[06:28:19.897] [bmv2] [D] [thread 2423] [16.0] [cxt 0] Egress port is 0
[06:28:19.897] [bmv2] [D] [thread 2424] [16.0] [cxt 0] Pipeline 'egress': start
[06:28:19.897] [bmv2] [T] [thread 2424] [16.0] [cxt 0] simple_router_16.p4(181) Condition "hdr.tcp.isValid() && meta.meta.natForward == 1w0" (node_13) is false
[06:28:19.897] [bmv2] [T] [thread 2424] [16.0] [cxt 0] Applying table 'send_frame'
[06:28:19.897] [bmv2] [D] [thread 2424] [16.0] [cxt 0] Looking up key:
* standard_metadata.egress_port: 0000

[06:28:19.897] [bmv2] [D] [thread 2424] [16.0] [cxt 0] Table 'send_frame': miss
[06:28:19.897] [bmv2] [D] [thread 2424] [16.0] [cxt 0] Action entry is NoAction - 
[06:28:19.897] [bmv2] [T] [thread 2424] [16.0] [cxt 0] Action NoAction
[06:28:19.897] [bmv2] [D] [thread 2424] [16.0] [cxt 0] Pipeline 'egress': end
[06:28:19.897] [bmv2] [D] [thread 2424] [16.0] [cxt 0] Deparser 'deparser': start
[06:28:19.897] [bmv2] [T] [thread 2424] [16.0] [cxt 0] Skipping checksum 'cksum' update because condition not met
[06:28:19.897] [bmv2] [T] [thread 2424] [16.0] [cxt 0] Skipping checksum 'cksum_0' update because condition not met
[06:28:19.897] [bmv2] [D] [thread 2424] [16.0] [cxt 0] Deparsing header 'ethernet'
[06:28:19.897] [bmv2] [D] [thread 2424] [16.0] [cxt 0] Deparser 'deparser': end
[06:28:19.897] [bmv2] [D] [thread 2428] [16.0] [cxt 0] Transmitting packet of size 70 out of port 0
[06:28:23.359] [bmv2] [D] [thread 2423] [17.0] [cxt 0] Processing packet received on port 3
[06:28:23.359] [bmv2] [D] [thread 2423] [17.0] [cxt 0] Parser 'parser': start
[06:28:23.359] [bmv2] [D] [thread 2423] [17.0] [cxt 0] Parser 'parser' entering state 'start'
[06:28:23.359] [bmv2] [D] [thread 2423] [17.0] [cxt 0] Parser state 'start' has no switch, going to default next state
[06:28:23.359] [bmv2] [T] [thread 2423] [17.0] [cxt 0] Bytes parsed: 0
[06:28:23.359] [bmv2] [D] [thread 2423] [17.0] [cxt 0] Parser 'parser' entering state 'parse_ethernet'
[06:28:23.359] [bmv2] [D] [thread 2423] [17.0] [cxt 0] Extracting header 'ethernet'
[06:28:23.359] [bmv2] [D] [thread 2423] [17.0] [cxt 0] Parser state 'parse_ethernet': key is 86dd
[06:28:23.359] [bmv2] [T] [thread 2423] [17.0] [cxt 0] Bytes parsed: 14
[06:28:23.359] [bmv2] [D] [thread 2423] [17.0] [cxt 0] Parser 'parser': end
[06:28:23.359] [bmv2] [D] [thread 2423] [17.0] [cxt 0] Pipeline 'ingress': start
[06:28:23.359] [bmv2] [T] [thread 2423] [17.0] [cxt 0] simple_router_16.p4(248) Condition "hdr.ipv4.isValid() && hdr.ipv4.ttl > 8w0" (node_2) is false
[06:28:23.359] [bmv2] [D] [thread 2423] [17.0] [cxt 0] Pipeline 'ingress': end
[06:28:23.359] [bmv2] [D] [thread 2423] [17.0] [cxt 0] Egress port is 0
[06:28:23.359] [bmv2] [D] [thread 2424] [17.0] [cxt 0] Pipeline 'egress': start
[06:28:23.359] [bmv2] [T] [thread 2424] [17.0] [cxt 0] simple_router_16.p4(181) Condition "hdr.tcp.isValid() && meta.meta.natForward == 1w0" (node_13) is false
[06:28:23.359] [bmv2] [T] [thread 2424] [17.0] [cxt 0] Applying table 'send_frame'
[06:28:23.359] [bmv2] [D] [thread 2424] [17.0] [cxt 0] Looking up key:
* standard_metadata.egress_port: 0000

[06:28:23.359] [bmv2] [D] [thread 2424] [17.0] [cxt 0] Table 'send_frame': miss
[06:28:23.359] [bmv2] [D] [thread 2424] [17.0] [cxt 0] Action entry is NoAction - 
[06:28:23.359] [bmv2] [T] [thread 2424] [17.0] [cxt 0] Action NoAction
[06:28:23.359] [bmv2] [D] [thread 2424] [17.0] [cxt 0] Pipeline 'egress': end
[06:28:23.359] [bmv2] [D] [thread 2424] [17.0] [cxt 0] Deparser 'deparser': start
[06:28:23.359] [bmv2] [T] [thread 2424] [17.0] [cxt 0] Skipping checksum 'cksum' update because condition not met
[06:28:23.359] [bmv2] [T] [thread 2424] [17.0] [cxt 0] Skipping checksum 'cksum_0' update because condition not met
[06:28:23.359] [bmv2] [D] [thread 2424] [17.0] [cxt 0] Deparsing header 'ethernet'
[06:28:23.359] [bmv2] [D] [thread 2424] [17.0] [cxt 0] Deparser 'deparser': end
[06:28:23.359] [bmv2] [D] [thread 2428] [17.0] [cxt 0] Transmitting packet of size 70 out of port 0
[06:28:23.681] [bmv2] [D] [thread 2423] [18.0] [cxt 0] Processing packet received on port 2
[06:28:23.681] [bmv2] [D] [thread 2423] [18.0] [cxt 0] Parser 'parser': start
[06:28:23.681] [bmv2] [D] [thread 2423] [18.0] [cxt 0] Parser 'parser' entering state 'start'
[06:28:23.681] [bmv2] [D] [thread 2423] [18.0] [cxt 0] Parser state 'start' has no switch, going to default next state
[06:28:23.681] [bmv2] [T] [thread 2423] [18.0] [cxt 0] Bytes parsed: 0
[06:28:23.681] [bmv2] [D] [thread 2423] [18.0] [cxt 0] Parser 'parser' entering state 'parse_ethernet'
[06:28:23.681] [bmv2] [D] [thread 2423] [18.0] [cxt 0] Extracting header 'ethernet'
[06:28:23.681] [bmv2] [D] [thread 2423] [18.0] [cxt 0] Parser state 'parse_ethernet': key is 86dd
[06:28:23.681] [bmv2] [T] [thread 2423] [18.0] [cxt 0] Bytes parsed: 14
[06:28:23.681] [bmv2] [D] [thread 2423] [18.0] [cxt 0] Parser 'parser': end
[06:28:23.681] [bmv2] [D] [thread 2423] [18.0] [cxt 0] Pipeline 'ingress': start
[06:28:23.681] [bmv2] [T] [thread 2423] [18.0] [cxt 0] simple_router_16.p4(248) Condition "hdr.ipv4.isValid() && hdr.ipv4.ttl > 8w0" (node_2) is false
[06:28:23.681] [bmv2] [D] [thread 2423] [18.0] [cxt 0] Pipeline 'ingress': end
[06:28:23.681] [bmv2] [D] [thread 2423] [18.0] [cxt 0] Egress port is 0
[06:28:23.681] [bmv2] [D] [thread 2424] [18.0] [cxt 0] Pipeline 'egress': start
[06:28:23.681] [bmv2] [T] [thread 2424] [18.0] [cxt 0] simple_router_16.p4(181) Condition "hdr.tcp.isValid() && meta.meta.natForward == 1w0" (node_13) is false
[06:28:23.681] [bmv2] [T] [thread 2424] [18.0] [cxt 0] Applying table 'send_frame'
[06:28:23.681] [bmv2] [D] [thread 2424] [18.0] [cxt 0] Looking up key:
* standard_metadata.egress_port: 0000

[06:28:23.681] [bmv2] [D] [thread 2424] [18.0] [cxt 0] Table 'send_frame': miss
[06:28:23.681] [bmv2] [D] [thread 2424] [18.0] [cxt 0] Action entry is NoAction - 
[06:28:23.681] [bmv2] [T] [thread 2424] [18.0] [cxt 0] Action NoAction
[06:28:23.681] [bmv2] [D] [thread 2424] [18.0] [cxt 0] Pipeline 'egress': end
[06:28:23.681] [bmv2] [D] [thread 2424] [18.0] [cxt 0] Deparser 'deparser': start
[06:28:23.681] [bmv2] [T] [thread 2424] [18.0] [cxt 0] Skipping checksum 'cksum' update because condition not met
[06:28:23.681] [bmv2] [T] [thread 2424] [18.0] [cxt 0] Skipping checksum 'cksum_0' update because condition not met
[06:28:23.681] [bmv2] [D] [thread 2424] [18.0] [cxt 0] Deparsing header 'ethernet'
[06:28:23.681] [bmv2] [D] [thread 2424] [18.0] [cxt 0] Deparser 'deparser': end
[06:28:23.681] [bmv2] [D] [thread 2428] [18.0] [cxt 0] Transmitting packet of size 70 out of port 0
[06:28:23.904] [bmv2] [D] [thread 2423] [19.0] [cxt 0] Processing packet received on port 1
[06:28:23.904] [bmv2] [D] [thread 2423] [19.0] [cxt 0] Parser 'parser': start
[06:28:23.904] [bmv2] [D] [thread 2423] [19.0] [cxt 0] Parser 'parser' entering state 'start'
[06:28:23.904] [bmv2] [D] [thread 2423] [19.0] [cxt 0] Parser state 'start' has no switch, going to default next state
[06:28:23.904] [bmv2] [T] [thread 2423] [19.0] [cxt 0] Bytes parsed: 0
[06:28:23.904] [bmv2] [D] [thread 2423] [19.0] [cxt 0] Parser 'parser' entering state 'parse_ethernet'
[06:28:23.904] [bmv2] [D] [thread 2423] [19.0] [cxt 0] Extracting header 'ethernet'
[06:28:23.904] [bmv2] [D] [thread 2423] [19.0] [cxt 0] Parser state 'parse_ethernet': key is 86dd
[06:28:23.904] [bmv2] [T] [thread 2423] [19.0] [cxt 0] Bytes parsed: 14
[06:28:23.904] [bmv2] [D] [thread 2423] [19.0] [cxt 0] Parser 'parser': end
[06:28:23.904] [bmv2] [D] [thread 2423] [19.0] [cxt 0] Pipeline 'ingress': start
[06:28:23.904] [bmv2] [T] [thread 2423] [19.0] [cxt 0] simple_router_16.p4(248) Condition "hdr.ipv4.isValid() && hdr.ipv4.ttl > 8w0" (node_2) is false
[06:28:23.904] [bmv2] [D] [thread 2423] [19.0] [cxt 0] Pipeline 'ingress': end
[06:28:23.904] [bmv2] [D] [thread 2423] [19.0] [cxt 0] Egress port is 0
[06:28:23.905] [bmv2] [D] [thread 2424] [19.0] [cxt 0] Pipeline 'egress': start
[06:28:23.905] [bmv2] [T] [thread 2424] [19.0] [cxt 0] simple_router_16.p4(181) Condition "hdr.tcp.isValid() && meta.meta.natForward == 1w0" (node_13) is false
[06:28:23.905] [bmv2] [T] [thread 2424] [19.0] [cxt 0] Applying table 'send_frame'
[06:28:23.905] [bmv2] [D] [thread 2424] [19.0] [cxt 0] Looking up key:
* standard_metadata.egress_port: 0000

[06:28:23.905] [bmv2] [D] [thread 2424] [19.0] [cxt 0] Table 'send_frame': miss
[06:28:23.905] [bmv2] [D] [thread 2424] [19.0] [cxt 0] Action entry is NoAction - 
[06:28:23.905] [bmv2] [T] [thread 2424] [19.0] [cxt 0] Action NoAction
[06:28:23.905] [bmv2] [D] [thread 2424] [19.0] [cxt 0] Pipeline 'egress': end
[06:28:23.905] [bmv2] [D] [thread 2424] [19.0] [cxt 0] Deparser 'deparser': start
[06:28:23.905] [bmv2] [T] [thread 2424] [19.0] [cxt 0] Skipping checksum 'cksum' update because condition not met
[06:28:23.905] [bmv2] [T] [thread 2424] [19.0] [cxt 0] Skipping checksum 'cksum_0' update because condition not met
[06:28:23.905] [bmv2] [D] [thread 2424] [19.0] [cxt 0] Deparsing header 'ethernet'
[06:28:23.905] [bmv2] [D] [thread 2424] [19.0] [cxt 0] Deparser 'deparser': end
[06:28:23.905] [bmv2] [D] [thread 2428] [19.0] [cxt 0] Transmitting packet of size 70 out of port 0
