Calling target program-options parser
[06:28:14.689] [bmv2] [D] [thread 2430] Set default default entry for table 'match_nat_ip': NoAction - 
[06:28:14.690] [bmv2] [D] [thread 2430] Set default default entry for table 'tbl_act': act - 
[06:28:14.691] [bmv2] [D] [thread 2430] Set default default entry for table 'tbl_act_0': act_0 - 
[06:28:14.691] [bmv2] [D] [thread 2430] Set default default entry for table 'rev_nat_tcp': NoAction - 
[06:28:14.691] [bmv2] [D] [thread 2430] Set default default entry for table 'ipv4_lpm': NoAction - 
[06:28:14.692] [bmv2] [D] [thread 2430] Set default default entry for table 'forward': NoAction - 
[06:28:14.694] [bmv2] [D] [thread 2430] Set default default entry for table 'fwd_nat_tcp': NoAction - 
[06:28:14.695] [bmv2] [D] [thread 2430] Set default default entry for table 'send_frame': NoAction - 
Adding interface s2-eth1 as port 1
[06:28:14.696] [bmv2] [D] [thread 2430] Adding interface s2-eth1 as port 1
Adding interface s2-eth2 as port 2
[06:28:14.723] [bmv2] [D] [thread 2430] Adding interface s2-eth2 as port 2
Adding interface s2-eth3 as port 3
[06:28:14.747] [bmv2] [D] [thread 2430] Adding interface s2-eth3 as port 3
I0410 06:28:14.771833830    2430 server_builder.cc:247]      Synchronous server. Num CQs: 1, Min pollers: 1, Max Pollers: 2147483647, CQ timeout (msec): 1000
Server listening on 0.0.0.0:50052
[06:28:14.779] [bmv2] [I] [thread 2430] Starting Thrift server on port 9091
[06:28:14.781] [bmv2] [I] [thread 2430] Thrift server was started
[06:28:15.020] [bmv2] [D] [thread 2437] [0.0] [cxt 0] Processing packet received on port 1
[06:28:15.020] [bmv2] [D] [thread 2437] [0.0] [cxt 0] Parser 'parser': start
[06:28:15.020] [bmv2] [D] [thread 2437] [0.0] [cxt 0] Parser 'parser' entering state 'start'
[06:28:15.020] [bmv2] [D] [thread 2437] [0.0] [cxt 0] Parser state 'start' has no switch, going to default next state
[06:28:15.020] [bmv2] [T] [thread 2437] [0.0] [cxt 0] Bytes parsed: 0
[06:28:15.020] [bmv2] [D] [thread 2437] [0.0] [cxt 0] Parser 'parser' entering state 'parse_ethernet'
[06:28:15.020] [bmv2] [D] [thread 2437] [0.0] [cxt 0] Extracting header 'ethernet'
[06:28:15.020] [bmv2] [D] [thread 2437] [0.0] [cxt 0] Parser state 'parse_ethernet': key is 86dd
[06:28:15.020] [bmv2] [T] [thread 2437] [0.0] [cxt 0] Bytes parsed: 14
[06:28:15.020] [bmv2] [D] [thread 2437] [0.0] [cxt 0] Parser 'parser': end
[06:28:15.020] [bmv2] [D] [thread 2437] [0.0] [cxt 0] Pipeline 'ingress': start
[06:28:15.020] [bmv2] [T] [thread 2437] [0.0] [cxt 0] simple_router_16.p4(248) Condition "hdr.ipv4.isValid() && hdr.ipv4.ttl > 8w0" (node_2) is false
[06:28:15.020] [bmv2] [D] [thread 2437] [0.0] [cxt 0] Pipeline 'ingress': end
[06:28:15.020] [bmv2] [D] [thread 2437] [0.0] [cxt 0] Egress port is 0
[06:28:15.020] [bmv2] [D] [thread 2438] [0.0] [cxt 0] Pipeline 'egress': start
[06:28:15.020] [bmv2] [T] [thread 2438] [0.0] [cxt 0] simple_router_16.p4(181) Condition "hdr.tcp.isValid() && meta.meta.natForward == 1w0" (node_13) is false
[06:28:15.020] [bmv2] [T] [thread 2438] [0.0] [cxt 0] Applying table 'send_frame'
[06:28:15.020] [bmv2] [D] [thread 2438] [0.0] [cxt 0] Looking up key:
* standard_metadata.egress_port: 0000

[06:28:15.020] [bmv2] [D] [thread 2438] [0.0] [cxt 0] Table 'send_frame': miss
[06:28:15.020] [bmv2] [D] [thread 2438] [0.0] [cxt 0] Action entry is NoAction - 
[06:28:15.020] [bmv2] [T] [thread 2438] [0.0] [cxt 0] Action NoAction
[06:28:15.020] [bmv2] [D] [thread 2438] [0.0] [cxt 0] Pipeline 'egress': end
[06:28:15.020] [bmv2] [D] [thread 2438] [0.0] [cxt 0] Deparser 'deparser': start
[06:28:15.020] [bmv2] [T] [thread 2438] [0.0] [cxt 0] Skipping checksum 'cksum' update because condition not met
[06:28:15.020] [bmv2] [T] [thread 2438] [0.0] [cxt 0] Skipping checksum 'cksum_0' update because condition not met
[06:28:15.020] [bmv2] [D] [thread 2438] [0.0] [cxt 0] Deparsing header 'ethernet'
[06:28:15.020] [bmv2] [D] [thread 2438] [0.0] [cxt 0] Deparser 'deparser': end
[06:28:15.020] [bmv2] [D] [thread 2442] [0.0] [cxt 0] Transmitting packet of size 90 out of port 0
[06:28:15.068] [bmv2] [D] [thread 2437] [1.0] [cxt 0] Processing packet received on port 3
[06:28:15.068] [bmv2] [D] [thread 2437] [1.0] [cxt 0] Parser 'parser': start
[06:28:15.068] [bmv2] [D] [thread 2437] [1.0] [cxt 0] Parser 'parser' entering state 'start'
[06:28:15.068] [bmv2] [D] [thread 2437] [1.0] [cxt 0] Parser state 'start' has no switch, going to default next state
[06:28:15.068] [bmv2] [T] [thread 2437] [1.0] [cxt 0] Bytes parsed: 0
[06:28:15.068] [bmv2] [D] [thread 2437] [1.0] [cxt 0] Parser 'parser' entering state 'parse_ethernet'
[06:28:15.068] [bmv2] [D] [thread 2437] [1.0] [cxt 0] Extracting header 'ethernet'
[06:28:15.068] [bmv2] [D] [thread 2437] [1.0] [cxt 0] Parser state 'parse_ethernet': key is 86dd
[06:28:15.068] [bmv2] [T] [thread 2437] [1.0] [cxt 0] Bytes parsed: 14
[06:28:15.068] [bmv2] [D] [thread 2437] [1.0] [cxt 0] Parser 'parser': end
[06:28:15.068] [bmv2] [D] [thread 2437] [1.0] [cxt 0] Pipeline 'ingress': start
[06:28:15.068] [bmv2] [T] [thread 2437] [1.0] [cxt 0] simple_router_16.p4(248) Condition "hdr.ipv4.isValid() && hdr.ipv4.ttl > 8w0" (node_2) is false
[06:28:15.068] [bmv2] [D] [thread 2437] [1.0] [cxt 0] Pipeline 'ingress': end
[06:28:15.068] [bmv2] [D] [thread 2437] [1.0] [cxt 0] Egress port is 0
[06:28:15.068] [bmv2] [D] [thread 2437] [2.0] [cxt 0] Processing packet received on port 3
[06:28:15.068] [bmv2] [D] [thread 2437] [2.0] [cxt 0] Parser 'parser': start
[06:28:15.068] [bmv2] [D] [thread 2437] [2.0] [cxt 0] Parser 'parser' entering state 'start'
[06:28:15.068] [bmv2] [D] [thread 2437] [2.0] [cxt 0] Parser state 'start' has no switch, going to default next state
[06:28:15.068] [bmv2] [T] [thread 2437] [2.0] [cxt 0] Bytes parsed: 0
[06:28:15.068] [bmv2] [D] [thread 2437] [2.0] [cxt 0] Parser 'parser' entering state 'parse_ethernet'
[06:28:15.068] [bmv2] [D] [thread 2437] [2.0] [cxt 0] Extracting header 'ethernet'
[06:28:15.068] [bmv2] [D] [thread 2437] [2.0] [cxt 0] Parser state 'parse_ethernet': key is 86dd
[06:28:15.068] [bmv2] [T] [thread 2437] [2.0] [cxt 0] Bytes parsed: 14
[06:28:15.068] [bmv2] [D] [thread 2437] [2.0] [cxt 0] Parser 'parser': end
[06:28:15.068] [bmv2] [D] [thread 2437] [2.0] [cxt 0] Pipeline 'ingress': start
[06:28:15.068] [bmv2] [T] [thread 2437] [2.0] [cxt 0] simple_router_16.p4(248) Condition "hdr.ipv4.isValid() && hdr.ipv4.ttl > 8w0" (node_2) is false
[06:28:15.068] [bmv2] [D] [thread 2437] [2.0] [cxt 0] Pipeline 'ingress': end
[06:28:15.068] [bmv2] [D] [thread 2437] [2.0] [cxt 0] Egress port is 0
[06:28:15.068] [bmv2] [D] [thread 2438] [1.0] [cxt 0] Pipeline 'egress': start
[06:28:15.068] [bmv2] [T] [thread 2438] [1.0] [cxt 0] simple_router_16.p4(181) Condition "hdr.tcp.isValid() && meta.meta.natForward == 1w0" (node_13) is false
[06:28:15.068] [bmv2] [T] [thread 2438] [1.0] [cxt 0] Applying table 'send_frame'
[06:28:15.068] [bmv2] [D] [thread 2438] [1.0] [cxt 0] Looking up key:
* standard_metadata.egress_port: 0000

[06:28:15.068] [bmv2] [D] [thread 2438] [1.0] [cxt 0] Table 'send_frame': miss
[06:28:15.068] [bmv2] [D] [thread 2438] [1.0] [cxt 0] Action entry is NoAction - 
[06:28:15.068] [bmv2] [T] [thread 2438] [1.0] [cxt 0] Action NoAction
[06:28:15.068] [bmv2] [D] [thread 2438] [1.0] [cxt 0] Pipeline 'egress': end
[06:28:15.068] [bmv2] [D] [thread 2438] [1.0] [cxt 0] Deparser 'deparser': start
[06:28:15.068] [bmv2] [T] [thread 2438] [1.0] [cxt 0] Skipping checksum 'cksum' update because condition not met
[06:28:15.068] [bmv2] [T] [thread 2438] [1.0] [cxt 0] Skipping checksum 'cksum_0' update because condition not met
[06:28:15.068] [bmv2] [D] [thread 2438] [1.0] [cxt 0] Deparsing header 'ethernet'
[06:28:15.068] [bmv2] [D] [thread 2438] [1.0] [cxt 0] Deparser 'deparser': end
[06:28:15.068] [bmv2] [D] [thread 2438] [2.0] [cxt 0] Pipeline 'egress': start
[06:28:15.068] [bmv2] [T] [thread 2438] [2.0] [cxt 0] simple_router_16.p4(181) Condition "hdr.tcp.isValid() && meta.meta.natForward == 1w0" (node_13) is false
[06:28:15.068] [bmv2] [T] [thread 2438] [2.0] [cxt 0] Applying table 'send_frame'
[06:28:15.068] [bmv2] [D] [thread 2438] [2.0] [cxt 0] Looking up key:
* standard_metadata.egress_port: 0000

[06:28:15.068] [bmv2] [D] [thread 2438] [2.0] [cxt 0] Table 'send_frame': miss
[06:28:15.068] [bmv2] [D] [thread 2438] [2.0] [cxt 0] Action entry is NoAction - 
[06:28:15.068] [bmv2] [T] [thread 2438] [2.0] [cxt 0] Action NoAction
[06:28:15.068] [bmv2] [D] [thread 2438] [2.0] [cxt 0] Pipeline 'egress': end
[06:28:15.068] [bmv2] [D] [thread 2438] [2.0] [cxt 0] Deparser 'deparser': start
[06:28:15.068] [bmv2] [T] [thread 2438] [2.0] [cxt 0] Skipping checksum 'cksum' update because condition not met
[06:28:15.068] [bmv2] [T] [thread 2438] [2.0] [cxt 0] Skipping checksum 'cksum_0' update because condition not met
[06:28:15.068] [bmv2] [D] [thread 2442] [1.0] [cxt 0] Transmitting packet of size 90 out of port 0
[06:28:15.068] [bmv2] [D] [thread 2438] [2.0] [cxt 0] Deparsing header 'ethernet'
[06:28:15.068] [bmv2] [D] [thread 2438] [2.0] [cxt 0] Deparser 'deparser': end
[06:28:15.068] [bmv2] [D] [thread 2442] [2.0] [cxt 0] Transmitting packet of size 70 out of port 0
[06:28:15.349] [bmv2] [D] [thread 2437] [3.0] [cxt 0] Processing packet received on port 3
[06:28:15.349] [bmv2] [D] [thread 2437] [3.0] [cxt 0] Parser 'parser': start
[06:28:15.349] [bmv2] [D] [thread 2437] [3.0] [cxt 0] Parser 'parser' entering state 'start'
[06:28:15.349] [bmv2] [D] [thread 2437] [3.0] [cxt 0] Parser state 'start' has no switch, going to default next state
[06:28:15.349] [bmv2] [T] [thread 2437] [3.0] [cxt 0] Bytes parsed: 0
[06:28:15.349] [bmv2] [D] [thread 2437] [3.0] [cxt 0] Parser 'parser' entering state 'parse_ethernet'
[06:28:15.349] [bmv2] [D] [thread 2437] [3.0] [cxt 0] Extracting header 'ethernet'
[06:28:15.349] [bmv2] [D] [thread 2437] [3.0] [cxt 0] Parser state 'parse_ethernet': key is 86dd
[06:28:15.349] [bmv2] [T] [thread 2437] [3.0] [cxt 0] Bytes parsed: 14
[06:28:15.349] [bmv2] [D] [thread 2437] [3.0] [cxt 0] Parser 'parser': end
[06:28:15.349] [bmv2] [D] [thread 2437] [3.0] [cxt 0] Pipeline 'ingress': start
[06:28:15.349] [bmv2] [T] [thread 2437] [3.0] [cxt 0] simple_router_16.p4(248) Condition "hdr.ipv4.isValid() && hdr.ipv4.ttl > 8w0" (node_2) is false
[06:28:15.349] [bmv2] [D] [thread 2437] [3.0] [cxt 0] Pipeline 'ingress': end
[06:28:15.349] [bmv2] [D] [thread 2437] [3.0] [cxt 0] Egress port is 0
[06:28:15.349] [bmv2] [D] [thread 2438] [3.0] [cxt 0] Pipeline 'egress': start
[06:28:15.349] [bmv2] [T] [thread 2438] [3.0] [cxt 0] simple_router_16.p4(181) Condition "hdr.tcp.isValid() && meta.meta.natForward == 1w0" (node_13) is false
[06:28:15.349] [bmv2] [T] [thread 2438] [3.0] [cxt 0] Applying table 'send_frame'
[06:28:15.349] [bmv2] [D] [thread 2438] [3.0] [cxt 0] Looking up key:
* standard_metadata.egress_port: 0000

[06:28:15.349] [bmv2] [D] [thread 2438] [3.0] [cxt 0] Table 'send_frame': miss
[06:28:15.349] [bmv2] [D] [thread 2438] [3.0] [cxt 0] Action entry is NoAction - 
[06:28:15.349] [bmv2] [T] [thread 2438] [3.0] [cxt 0] Action NoAction
[06:28:15.349] [bmv2] [D] [thread 2438] [3.0] [cxt 0] Pipeline 'egress': end
[06:28:15.349] [bmv2] [D] [thread 2438] [3.0] [cxt 0] Deparser 'deparser': start
[06:28:15.349] [bmv2] [T] [thread 2438] [3.0] [cxt 0] Skipping checksum 'cksum' update because condition not met
[06:28:15.349] [bmv2] [T] [thread 2438] [3.0] [cxt 0] Skipping checksum 'cksum_0' update because condition not met
[06:28:15.349] [bmv2] [D] [thread 2438] [3.0] [cxt 0] Deparsing header 'ethernet'
[06:28:15.349] [bmv2] [D] [thread 2438] [3.0] [cxt 0] Deparser 'deparser': end
[06:28:15.349] [bmv2] [D] [thread 2442] [3.0] [cxt 0] Transmitting packet of size 90 out of port 0
[06:28:15.355] [bmv2] [D] [thread 2437] [4.0] [cxt 0] Processing packet received on port 1
[06:28:15.355] [bmv2] [D] [thread 2437] [4.0] [cxt 0] Parser 'parser': start
[06:28:15.355] [bmv2] [D] [thread 2437] [4.0] [cxt 0] Parser 'parser' entering state 'start'
[06:28:15.355] [bmv2] [D] [thread 2437] [4.0] [cxt 0] Parser state 'start' has no switch, going to default next state
[06:28:15.355] [bmv2] [T] [thread 2437] [4.0] [cxt 0] Bytes parsed: 0
[06:28:15.355] [bmv2] [D] [thread 2437] [4.0] [cxt 0] Parser 'parser' entering state 'parse_ethernet'
[06:28:15.355] [bmv2] [D] [thread 2437] [4.0] [cxt 0] Extracting header 'ethernet'
[06:28:15.355] [bmv2] [D] [thread 2437] [4.0] [cxt 0] Parser state 'parse_ethernet': key is 86dd
[06:28:15.355] [bmv2] [T] [thread 2437] [4.0] [cxt 0] Bytes parsed: 14
[06:28:15.355] [bmv2] [D] [thread 2437] [4.0] [cxt 0] Parser 'parser': end
[06:28:15.355] [bmv2] [D] [thread 2437] [4.0] [cxt 0] Pipeline 'ingress': start
[06:28:15.355] [bmv2] [T] [thread 2437] [4.0] [cxt 0] simple_router_16.p4(248) Condition "hdr.ipv4.isValid() && hdr.ipv4.ttl > 8w0" (node_2) is false
[06:28:15.355] [bmv2] [D] [thread 2437] [4.0] [cxt 0] Pipeline 'ingress': end
[06:28:15.355] [bmv2] [D] [thread 2437] [4.0] [cxt 0] Egress port is 0
[06:28:15.355] [bmv2] [D] [thread 2437] [5.0] [cxt 0] Processing packet received on port 1
[06:28:15.355] [bmv2] [D] [thread 2437] [5.0] [cxt 0] Parser 'parser': start
[06:28:15.355] [bmv2] [D] [thread 2437] [5.0] [cxt 0] Parser 'parser' entering state 'start'
[06:28:15.355] [bmv2] [D] [thread 2437] [5.0] [cxt 0] Parser state 'start' has no switch, going to default next state
[06:28:15.355] [bmv2] [T] [thread 2437] [5.0] [cxt 0] Bytes parsed: 0
[06:28:15.355] [bmv2] [D] [thread 2437] [5.0] [cxt 0] Parser 'parser' entering state 'parse_ethernet'
[06:28:15.355] [bmv2] [D] [thread 2437] [5.0] [cxt 0] Extracting header 'ethernet'
[06:28:15.355] [bmv2] [D] [thread 2437] [5.0] [cxt 0] Parser state 'parse_ethernet': key is 86dd
[06:28:15.355] [bmv2] [T] [thread 2437] [5.0] [cxt 0] Bytes parsed: 14
[06:28:15.355] [bmv2] [D] [thread 2437] [5.0] [cxt 0] Parser 'parser': end
[06:28:15.355] [bmv2] [D] [thread 2437] [5.0] [cxt 0] Pipeline 'ingress': start
[06:28:15.355] [bmv2] [T] [thread 2437] [5.0] [cxt 0] simple_router_16.p4(248) Condition "hdr.ipv4.isValid() && hdr.ipv4.ttl > 8w0" (node_2) is false
[06:28:15.355] [bmv2] [D] [thread 2437] [5.0] [cxt 0] Pipeline 'ingress': end
[06:28:15.355] [bmv2] [D] [thread 2437] [5.0] [cxt 0] Egress port is 0
[06:28:15.355] [bmv2] [D] [thread 2438] [4.0] [cxt 0] Pipeline 'egress': start
[06:28:15.355] [bmv2] [T] [thread 2438] [4.0] [cxt 0] simple_router_16.p4(181) Condition "hdr.tcp.isValid() && meta.meta.natForward == 1w0" (node_13) is false
[06:28:15.355] [bmv2] [T] [thread 2438] [4.0] [cxt 0] Applying table 'send_frame'
[06:28:15.355] [bmv2] [D] [thread 2438] [4.0] [cxt 0] Looking up key:
* standard_metadata.egress_port: 0000

[06:28:15.355] [bmv2] [D] [thread 2438] [4.0] [cxt 0] Table 'send_frame': miss
[06:28:15.355] [bmv2] [D] [thread 2438] [4.0] [cxt 0] Action entry is NoAction - 
[06:28:15.355] [bmv2] [T] [thread 2438] [4.0] [cxt 0] Action NoAction
[06:28:15.355] [bmv2] [D] [thread 2438] [4.0] [cxt 0] Pipeline 'egress': end
[06:28:15.355] [bmv2] [D] [thread 2438] [4.0] [cxt 0] Deparser 'deparser': start
[06:28:15.355] [bmv2] [T] [thread 2438] [4.0] [cxt 0] Skipping checksum 'cksum' update because condition not met
[06:28:15.355] [bmv2] [T] [thread 2438] [4.0] [cxt 0] Skipping checksum 'cksum_0' update because condition not met
[06:28:15.355] [bmv2] [D] [thread 2438] [4.0] [cxt 0] Deparsing header 'ethernet'
[06:28:15.355] [bmv2] [D] [thread 2438] [4.0] [cxt 0] Deparser 'deparser': end
[06:28:15.355] [bmv2] [D] [thread 2438] [5.0] [cxt 0] Pipeline 'egress': start
[06:28:15.355] [bmv2] [T] [thread 2438] [5.0] [cxt 0] simple_router_16.p4(181) Condition "hdr.tcp.isValid() && meta.meta.natForward == 1w0" (node_13) is false
[06:28:15.355] [bmv2] [T] [thread 2438] [5.0] [cxt 0] Applying table 'send_frame'
[06:28:15.355] [bmv2] [D] [thread 2438] [5.0] [cxt 0] Looking up key:
* standard_metadata.egress_port: 0000

[06:28:15.355] [bmv2] [D] [thread 2438] [5.0] [cxt 0] Table 'send_frame': miss
[06:28:15.355] [bmv2] [D] [thread 2438] [5.0] [cxt 0] Action entry is NoAction - 
[06:28:15.355] [bmv2] [T] [thread 2438] [5.0] [cxt 0] Action NoAction
[06:28:15.355] [bmv2] [D] [thread 2438] [5.0] [cxt 0] Pipeline 'egress': end
[06:28:15.355] [bmv2] [D] [thread 2438] [5.0] [cxt 0] Deparser 'deparser': start
[06:28:15.355] [bmv2] [T] [thread 2438] [5.0] [cxt 0] Skipping checksum 'cksum' update because condition not met
[06:28:15.355] [bmv2] [T] [thread 2438] [5.0] [cxt 0] Skipping checksum 'cksum_0' update because condition not met
[06:28:15.355] [bmv2] [D] [thread 2438] [5.0] [cxt 0] Deparsing header 'ethernet'
[06:28:15.355] [bmv2] [D] [thread 2438] [5.0] [cxt 0] Deparser 'deparser': end
[06:28:15.355] [bmv2] [D] [thread 2442] [4.0] [cxt 0] Transmitting packet of size 90 out of port 0
[06:28:15.355] [bmv2] [D] [thread 2442] [5.0] [cxt 0] Transmitting packet of size 70 out of port 0
[06:28:15.363] [bmv2] [D] [thread 2437] [6.0] [cxt 0] Processing packet received on port 2
[06:28:15.363] [bmv2] [D] [thread 2437] [6.0] [cxt 0] Parser 'parser': start
[06:28:15.363] [bmv2] [D] [thread 2437] [6.0] [cxt 0] Parser 'parser' entering state 'start'
[06:28:15.363] [bmv2] [D] [thread 2437] [6.0] [cxt 0] Parser state 'start' has no switch, going to default next state
[06:28:15.363] [bmv2] [T] [thread 2437] [6.0] [cxt 0] Bytes parsed: 0
[06:28:15.363] [bmv2] [D] [thread 2437] [6.0] [cxt 0] Parser 'parser' entering state 'parse_ethernet'
[06:28:15.363] [bmv2] [D] [thread 2437] [6.0] [cxt 0] Extracting header 'ethernet'
[06:28:15.363] [bmv2] [D] [thread 2437] [6.0] [cxt 0] Parser state 'parse_ethernet': key is 86dd
[06:28:15.363] [bmv2] [T] [thread 2437] [6.0] [cxt 0] Bytes parsed: 14
[06:28:15.363] [bmv2] [D] [thread 2437] [6.0] [cxt 0] Parser 'parser': end
[06:28:15.363] [bmv2] [D] [thread 2437] [6.0] [cxt 0] Pipeline 'ingress': start
[06:28:15.363] [bmv2] [T] [thread 2437] [6.0] [cxt 0] simple_router_16.p4(248) Condition "hdr.ipv4.isValid() && hdr.ipv4.ttl > 8w0" (node_2) is false
[06:28:15.363] [bmv2] [D] [thread 2437] [6.0] [cxt 0] Pipeline 'ingress': end
[06:28:15.363] [bmv2] [D] [thread 2437] [6.0] [cxt 0] Egress port is 0
[06:28:15.363] [bmv2] [D] [thread 2437] [7.0] [cxt 0] Processing packet received on port 2
[06:28:15.363] [bmv2] [D] [thread 2437] [7.0] [cxt 0] Parser 'parser': start
[06:28:15.363] [bmv2] [D] [thread 2437] [7.0] [cxt 0] Parser 'parser' entering state 'start'
[06:28:15.363] [bmv2] [D] [thread 2437] [7.0] [cxt 0] Parser state 'start' has no switch, going to default next state
[06:28:15.363] [bmv2] [T] [thread 2437] [7.0] [cxt 0] Bytes parsed: 0
[06:28:15.363] [bmv2] [D] [thread 2437] [7.0] [cxt 0] Parser 'parser' entering state 'parse_ethernet'
[06:28:15.363] [bmv2] [D] [thread 2437] [7.0] [cxt 0] Extracting header 'ethernet'
[06:28:15.363] [bmv2] [D] [thread 2437] [7.0] [cxt 0] Parser state 'parse_ethernet': key is 86dd
[06:28:15.363] [bmv2] [T] [thread 2437] [7.0] [cxt 0] Bytes parsed: 14
[06:28:15.363] [bmv2] [D] [thread 2437] [7.0] [cxt 0] Parser 'parser': end
[06:28:15.363] [bmv2] [D] [thread 2437] [7.0] [cxt 0] Pipeline 'ingress': start
[06:28:15.363] [bmv2] [T] [thread 2437] [7.0] [cxt 0] simple_router_16.p4(248) Condition "hdr.ipv4.isValid() && hdr.ipv4.ttl > 8w0" (node_2) is false
[06:28:15.363] [bmv2] [D] [thread 2437] [7.0] [cxt 0] Pipeline 'ingress': end
[06:28:15.363] [bmv2] [D] [thread 2437] [7.0] [cxt 0] Egress port is 0
[06:28:15.363] [bmv2] [D] [thread 2438] [6.0] [cxt 0] Pipeline 'egress': start
[06:28:15.363] [bmv2] [T] [thread 2438] [6.0] [cxt 0] simple_router_16.p4(181) Condition "hdr.tcp.isValid() && meta.meta.natForward == 1w0" (node_13) is false
[06:28:15.363] [bmv2] [T] [thread 2438] [6.0] [cxt 0] Applying table 'send_frame'
[06:28:15.363] [bmv2] [D] [thread 2438] [6.0] [cxt 0] Looking up key:
* standard_metadata.egress_port: 0000

[06:28:15.363] [bmv2] [D] [thread 2438] [6.0] [cxt 0] Table 'send_frame': miss
[06:28:15.363] [bmv2] [D] [thread 2438] [6.0] [cxt 0] Action entry is NoAction - 
[06:28:15.363] [bmv2] [T] [thread 2438] [6.0] [cxt 0] Action NoAction
[06:28:15.363] [bmv2] [D] [thread 2438] [6.0] [cxt 0] Pipeline 'egress': end
[06:28:15.363] [bmv2] [D] [thread 2438] [6.0] [cxt 0] Deparser 'deparser': start
[06:28:15.363] [bmv2] [T] [thread 2438] [6.0] [cxt 0] Skipping checksum 'cksum' update because condition not met
[06:28:15.363] [bmv2] [T] [thread 2438] [6.0] [cxt 0] Skipping checksum 'cksum_0' update because condition not met
[06:28:15.363] [bmv2] [D] [thread 2438] [6.0] [cxt 0] Deparsing header 'ethernet'
[06:28:15.363] [bmv2] [D] [thread 2438] [6.0] [cxt 0] Deparser 'deparser': end
[06:28:15.363] [bmv2] [D] [thread 2438] [7.0] [cxt 0] Pipeline 'egress': start
[06:28:15.363] [bmv2] [T] [thread 2438] [7.0] [cxt 0] simple_router_16.p4(181) Condition "hdr.tcp.isValid() && meta.meta.natForward == 1w0" (node_13) is false
[06:28:15.363] [bmv2] [T] [thread 2438] [7.0] [cxt 0] Applying table 'send_frame'
[06:28:15.363] [bmv2] [D] [thread 2438] [7.0] [cxt 0] Looking up key:
* standard_metadata.egress_port: 0000

[06:28:15.363] [bmv2] [D] [thread 2438] [7.0] [cxt 0] Table 'send_frame': miss
[06:28:15.363] [bmv2] [D] [thread 2438] [7.0] [cxt 0] Action entry is NoAction - 
[06:28:15.363] [bmv2] [T] [thread 2438] [7.0] [cxt 0] Action NoAction
[06:28:15.363] [bmv2] [D] [thread 2438] [7.0] [cxt 0] Pipeline 'egress': end
[06:28:15.363] [bmv2] [D] [thread 2438] [7.0] [cxt 0] Deparser 'deparser': start
[06:28:15.363] [bmv2] [T] [thread 2438] [7.0] [cxt 0] Skipping checksum 'cksum' update because condition not met
[06:28:15.363] [bmv2] [T] [thread 2438] [7.0] [cxt 0] Skipping checksum 'cksum_0' update because condition not met
[06:28:15.363] [bmv2] [D] [thread 2438] [7.0] [cxt 0] Deparsing header 'ethernet'
[06:28:15.363] [bmv2] [D] [thread 2438] [7.0] [cxt 0] Deparser 'deparser': end
[06:28:15.363] [bmv2] [D] [thread 2442] [6.0] [cxt 0] Transmitting packet of size 90 out of port 0
[06:28:15.364] [bmv2] [D] [thread 2442] [7.0] [cxt 0] Transmitting packet of size 70 out of port 0
[06:28:15.658] [bmv2] [D] [thread 2437] [8.0] [cxt 0] Processing packet received on port 2
[06:28:15.658] [bmv2] [D] [thread 2437] [8.0] [cxt 0] Parser 'parser': start
[06:28:15.658] [bmv2] [D] [thread 2437] [8.0] [cxt 0] Parser 'parser' entering state 'start'
[06:28:15.658] [bmv2] [D] [thread 2437] [8.0] [cxt 0] Parser state 'start' has no switch, going to default next state
[06:28:15.658] [bmv2] [T] [thread 2437] [8.0] [cxt 0] Bytes parsed: 0
[06:28:15.658] [bmv2] [D] [thread 2437] [8.0] [cxt 0] Parser 'parser' entering state 'parse_ethernet'
[06:28:15.658] [bmv2] [D] [thread 2437] [8.0] [cxt 0] Extracting header 'ethernet'
[06:28:15.658] [bmv2] [D] [thread 2437] [8.0] [cxt 0] Parser state 'parse_ethernet': key is 86dd
[06:28:15.658] [bmv2] [T] [thread 2437] [8.0] [cxt 0] Bytes parsed: 14
[06:28:15.658] [bmv2] [D] [thread 2437] [8.0] [cxt 0] Parser 'parser': end
[06:28:15.658] [bmv2] [D] [thread 2437] [8.0] [cxt 0] Pipeline 'ingress': start
[06:28:15.658] [bmv2] [T] [thread 2437] [8.0] [cxt 0] simple_router_16.p4(248) Condition "hdr.ipv4.isValid() && hdr.ipv4.ttl > 8w0" (node_2) is false
[06:28:15.658] [bmv2] [D] [thread 2437] [8.0] [cxt 0] Pipeline 'ingress': end
[06:28:15.658] [bmv2] [D] [thread 2437] [8.0] [cxt 0] Egress port is 0
[06:28:15.659] [bmv2] [D] [thread 2438] [8.0] [cxt 0] Pipeline 'egress': start
[06:28:15.659] [bmv2] [T] [thread 2438] [8.0] [cxt 0] simple_router_16.p4(181) Condition "hdr.tcp.isValid() && meta.meta.natForward == 1w0" (node_13) is false
[06:28:15.659] [bmv2] [T] [thread 2438] [8.0] [cxt 0] Applying table 'send_frame'
[06:28:15.659] [bmv2] [D] [thread 2438] [8.0] [cxt 0] Looking up key:
* standard_metadata.egress_port: 0000

[06:28:15.659] [bmv2] [D] [thread 2438] [8.0] [cxt 0] Table 'send_frame': miss
[06:28:15.659] [bmv2] [D] [thread 2438] [8.0] [cxt 0] Action entry is NoAction - 
[06:28:15.659] [bmv2] [T] [thread 2438] [8.0] [cxt 0] Action NoAction
[06:28:15.659] [bmv2] [D] [thread 2438] [8.0] [cxt 0] Pipeline 'egress': end
[06:28:15.659] [bmv2] [D] [thread 2438] [8.0] [cxt 0] Deparser 'deparser': start
[06:28:15.659] [bmv2] [T] [thread 2438] [8.0] [cxt 0] Skipping checksum 'cksum' update because condition not met
[06:28:15.659] [bmv2] [T] [thread 2438] [8.0] [cxt 0] Skipping checksum 'cksum_0' update because condition not met
[06:28:15.659] [bmv2] [D] [thread 2438] [8.0] [cxt 0] Deparsing header 'ethernet'
[06:28:15.659] [bmv2] [D] [thread 2438] [8.0] [cxt 0] Deparser 'deparser': end
[06:28:15.659] [bmv2] [D] [thread 2442] [8.0] [cxt 0] Transmitting packet of size 90 out of port 0
[06:28:15.813] [bmv2] [D] [thread 2437] [9.0] [cxt 0] Processing packet received on port 1
[06:28:15.813] [bmv2] [D] [thread 2437] [9.0] [cxt 0] Parser 'parser': start
[06:28:15.813] [bmv2] [D] [thread 2437] [9.0] [cxt 0] Parser 'parser' entering state 'start'
[06:28:15.813] [bmv2] [D] [thread 2437] [9.0] [cxt 0] Parser state 'start' has no switch, going to default next state
[06:28:15.813] [bmv2] [T] [thread 2437] [9.0] [cxt 0] Bytes parsed: 0
[06:28:15.813] [bmv2] [D] [thread 2437] [9.0] [cxt 0] Parser 'parser' entering state 'parse_ethernet'
[06:28:15.813] [bmv2] [D] [thread 2437] [9.0] [cxt 0] Extracting header 'ethernet'
[06:28:15.813] [bmv2] [D] [thread 2437] [9.0] [cxt 0] Parser state 'parse_ethernet': key is 86dd
[06:28:15.813] [bmv2] [T] [thread 2437] [9.0] [cxt 0] Bytes parsed: 14
[06:28:15.813] [bmv2] [D] [thread 2437] [9.0] [cxt 0] Parser 'parser': end
[06:28:15.814] [bmv2] [D] [thread 2437] [9.0] [cxt 0] Pipeline 'ingress': start
[06:28:15.814] [bmv2] [T] [thread 2437] [9.0] [cxt 0] simple_router_16.p4(248) Condition "hdr.ipv4.isValid() && hdr.ipv4.ttl > 8w0" (node_2) is false
[06:28:15.814] [bmv2] [D] [thread 2437] [9.0] [cxt 0] Pipeline 'ingress': end
[06:28:15.814] [bmv2] [D] [thread 2437] [9.0] [cxt 0] Egress port is 0
[06:28:15.814] [bmv2] [D] [thread 2438] [9.0] [cxt 0] Pipeline 'egress': start
[06:28:15.814] [bmv2] [T] [thread 2438] [9.0] [cxt 0] simple_router_16.p4(181) Condition "hdr.tcp.isValid() && meta.meta.natForward == 1w0" (node_13) is false
[06:28:15.814] [bmv2] [T] [thread 2438] [9.0] [cxt 0] Applying table 'send_frame'
[06:28:15.814] [bmv2] [D] [thread 2438] [9.0] [cxt 0] Looking up key:
* standard_metadata.egress_port: 0000

[06:28:15.814] [bmv2] [D] [thread 2438] [9.0] [cxt 0] Table 'send_frame': miss
[06:28:15.814] [bmv2] [D] [thread 2438] [9.0] [cxt 0] Action entry is NoAction - 
[06:28:15.814] [bmv2] [T] [thread 2438] [9.0] [cxt 0] Action NoAction
[06:28:15.814] [bmv2] [D] [thread 2438] [9.0] [cxt 0] Pipeline 'egress': end
[06:28:15.814] [bmv2] [D] [thread 2438] [9.0] [cxt 0] Deparser 'deparser': start
[06:28:15.814] [bmv2] [T] [thread 2438] [9.0] [cxt 0] Skipping checksum 'cksum' update because condition not met
[06:28:15.814] [bmv2] [T] [thread 2438] [9.0] [cxt 0] Skipping checksum 'cksum_0' update because condition not met
[06:28:15.814] [bmv2] [D] [thread 2438] [9.0] [cxt 0] Deparsing header 'ethernet'
[06:28:15.814] [bmv2] [D] [thread 2438] [9.0] [cxt 0] Deparser 'deparser': end
[06:28:15.814] [bmv2] [D] [thread 2442] [9.0] [cxt 0] Transmitting packet of size 90 out of port 0
[06:28:19.104] [bmv2] [D] [thread 2437] [10.0] [cxt 0] Processing packet received on port 3
[06:28:19.104] [bmv2] [D] [thread 2437] [10.0] [cxt 0] Parser 'parser': start
[06:28:19.104] [bmv2] [D] [thread 2437] [10.0] [cxt 0] Parser 'parser' entering state 'start'
[06:28:19.104] [bmv2] [D] [thread 2437] [10.0] [cxt 0] Parser state 'start' has no switch, going to default next state
[06:28:19.104] [bmv2] [T] [thread 2437] [10.0] [cxt 0] Bytes parsed: 0
[06:28:19.104] [bmv2] [D] [thread 2437] [10.0] [cxt 0] Parser 'parser' entering state 'parse_ethernet'
[06:28:19.104] [bmv2] [D] [thread 2437] [10.0] [cxt 0] Extracting header 'ethernet'
[06:28:19.104] [bmv2] [D] [thread 2437] [10.0] [cxt 0] Parser state 'parse_ethernet': key is 86dd
[06:28:19.104] [bmv2] [T] [thread 2437] [10.0] [cxt 0] Bytes parsed: 14
[06:28:19.104] [bmv2] [D] [thread 2437] [10.0] [cxt 0] Parser 'parser': end
[06:28:19.104] [bmv2] [D] [thread 2437] [10.0] [cxt 0] Pipeline 'ingress': start
[06:28:19.104] [bmv2] [T] [thread 2437] [10.0] [cxt 0] simple_router_16.p4(248) Condition "hdr.ipv4.isValid() && hdr.ipv4.ttl > 8w0" (node_2) is false
[06:28:19.104] [bmv2] [D] [thread 2437] [10.0] [cxt 0] Pipeline 'ingress': end
[06:28:19.104] [bmv2] [D] [thread 2437] [10.0] [cxt 0] Egress port is 0
[06:28:19.104] [bmv2] [D] [thread 2438] [10.0] [cxt 0] Pipeline 'egress': start
[06:28:19.104] [bmv2] [T] [thread 2438] [10.0] [cxt 0] simple_router_16.p4(181) Condition "hdr.tcp.isValid() && meta.meta.natForward == 1w0" (node_13) is false
[06:28:19.104] [bmv2] [T] [thread 2438] [10.0] [cxt 0] Applying table 'send_frame'
[06:28:19.104] [bmv2] [D] [thread 2438] [10.0] [cxt 0] Looking up key:
* standard_metadata.egress_port: 0000

[06:28:19.104] [bmv2] [D] [thread 2438] [10.0] [cxt 0] Table 'send_frame': miss
[06:28:19.105] [bmv2] [D] [thread 2438] [10.0] [cxt 0] Action entry is NoAction - 
[06:28:19.105] [bmv2] [T] [thread 2438] [10.0] [cxt 0] Action NoAction
[06:28:19.105] [bmv2] [D] [thread 2438] [10.0] [cxt 0] Pipeline 'egress': end
[06:28:19.105] [bmv2] [D] [thread 2438] [10.0] [cxt 0] Deparser 'deparser': start
[06:28:19.105] [bmv2] [T] [thread 2438] [10.0] [cxt 0] Skipping checksum 'cksum' update because condition not met
[06:28:19.105] [bmv2] [T] [thread 2438] [10.0] [cxt 0] Skipping checksum 'cksum_0' update because condition not met
[06:28:19.105] [bmv2] [D] [thread 2438] [10.0] [cxt 0] Deparsing header 'ethernet'
[06:28:19.105] [bmv2] [D] [thread 2438] [10.0] [cxt 0] Deparser 'deparser': end
[06:28:19.105] [bmv2] [D] [thread 2442] [10.0] [cxt 0] Transmitting packet of size 70 out of port 0
[06:28:19.359] [bmv2] [D] [thread 2437] [11.0] [cxt 0] Processing packet received on port 1
[06:28:19.359] [bmv2] [D] [thread 2437] [11.0] [cxt 0] Parser 'parser': start
[06:28:19.359] [bmv2] [D] [thread 2437] [11.0] [cxt 0] Parser 'parser' entering state 'start'
[06:28:19.359] [bmv2] [D] [thread 2437] [11.0] [cxt 0] Parser state 'start' has no switch, going to default next state
[06:28:19.359] [bmv2] [T] [thread 2437] [11.0] [cxt 0] Bytes parsed: 0
[06:28:19.359] [bmv2] [D] [thread 2437] [11.0] [cxt 0] Parser 'parser' entering state 'parse_ethernet'
[06:28:19.359] [bmv2] [D] [thread 2437] [11.0] [cxt 0] Extracting header 'ethernet'
[06:28:19.359] [bmv2] [D] [thread 2437] [11.0] [cxt 0] Parser state 'parse_ethernet': key is 86dd
[06:28:19.359] [bmv2] [T] [thread 2437] [11.0] [cxt 0] Bytes parsed: 14
[06:28:19.359] [bmv2] [D] [thread 2437] [11.0] [cxt 0] Parser 'parser': end
[06:28:19.359] [bmv2] [D] [thread 2437] [11.0] [cxt 0] Pipeline 'ingress': start
[06:28:19.359] [bmv2] [T] [thread 2437] [11.0] [cxt 0] simple_router_16.p4(248) Condition "hdr.ipv4.isValid() && hdr.ipv4.ttl > 8w0" (node_2) is false
[06:28:19.359] [bmv2] [D] [thread 2437] [11.0] [cxt 0] Pipeline 'ingress': end
[06:28:19.359] [bmv2] [D] [thread 2437] [11.0] [cxt 0] Egress port is 0
[06:28:19.359] [bmv2] [D] [thread 2438] [11.0] [cxt 0] Pipeline 'egress': start
[06:28:19.359] [bmv2] [T] [thread 2438] [11.0] [cxt 0] simple_router_16.p4(181) Condition "hdr.tcp.isValid() && meta.meta.natForward == 1w0" (node_13) is false
[06:28:19.359] [bmv2] [T] [thread 2438] [11.0] [cxt 0] Applying table 'send_frame'
[06:28:19.359] [bmv2] [D] [thread 2438] [11.0] [cxt 0] Looking up key:
* standard_metadata.egress_port: 0000

[06:28:19.359] [bmv2] [D] [thread 2438] [11.0] [cxt 0] Table 'send_frame': miss
[06:28:19.359] [bmv2] [D] [thread 2438] [11.0] [cxt 0] Action entry is NoAction - 
[06:28:19.359] [bmv2] [T] [thread 2438] [11.0] [cxt 0] Action NoAction
[06:28:19.359] [bmv2] [D] [thread 2438] [11.0] [cxt 0] Pipeline 'egress': end
[06:28:19.359] [bmv2] [D] [thread 2438] [11.0] [cxt 0] Deparser 'deparser': start
[06:28:19.359] [bmv2] [T] [thread 2438] [11.0] [cxt 0] Skipping checksum 'cksum' update because condition not met
[06:28:19.359] [bmv2] [T] [thread 2438] [11.0] [cxt 0] Skipping checksum 'cksum_0' update because condition not met
[06:28:19.359] [bmv2] [D] [thread 2438] [11.0] [cxt 0] Deparsing header 'ethernet'
[06:28:19.359] [bmv2] [D] [thread 2438] [11.0] [cxt 0] Deparser 'deparser': end
[06:28:19.359] [bmv2] [D] [thread 2442] [11.0] [cxt 0] Transmitting packet of size 70 out of port 0
[06:28:19.401] [bmv2] [D] [thread 2437] [12.0] [cxt 0] Processing packet received on port 2
[06:28:19.401] [bmv2] [D] [thread 2437] [12.0] [cxt 0] Parser 'parser': start
[06:28:19.401] [bmv2] [D] [thread 2437] [12.0] [cxt 0] Parser 'parser' entering state 'start'
[06:28:19.401] [bmv2] [D] [thread 2437] [12.0] [cxt 0] Parser state 'start' has no switch, going to default next state
[06:28:19.401] [bmv2] [T] [thread 2437] [12.0] [cxt 0] Bytes parsed: 0
[06:28:19.401] [bmv2] [D] [thread 2437] [12.0] [cxt 0] Parser 'parser' entering state 'parse_ethernet'
[06:28:19.401] [bmv2] [D] [thread 2437] [12.0] [cxt 0] Extracting header 'ethernet'
[06:28:19.401] [bmv2] [D] [thread 2437] [12.0] [cxt 0] Parser state 'parse_ethernet': key is 86dd
[06:28:19.401] [bmv2] [T] [thread 2437] [12.0] [cxt 0] Bytes parsed: 14
[06:28:19.401] [bmv2] [D] [thread 2437] [12.0] [cxt 0] Parser 'parser': end
[06:28:19.401] [bmv2] [D] [thread 2437] [12.0] [cxt 0] Pipeline 'ingress': start
[06:28:19.401] [bmv2] [T] [thread 2437] [12.0] [cxt 0] simple_router_16.p4(248) Condition "hdr.ipv4.isValid() && hdr.ipv4.ttl > 8w0" (node_2) is false
[06:28:19.401] [bmv2] [D] [thread 2437] [12.0] [cxt 0] Pipeline 'ingress': end
[06:28:19.401] [bmv2] [D] [thread 2437] [12.0] [cxt 0] Egress port is 0
[06:28:19.401] [bmv2] [D] [thread 2438] [12.0] [cxt 0] Pipeline 'egress': start
[06:28:19.401] [bmv2] [T] [thread 2438] [12.0] [cxt 0] simple_router_16.p4(181) Condition "hdr.tcp.isValid() && meta.meta.natForward == 1w0" (node_13) is false
[06:28:19.401] [bmv2] [T] [thread 2438] [12.0] [cxt 0] Applying table 'send_frame'
[06:28:19.401] [bmv2] [D] [thread 2438] [12.0] [cxt 0] Looking up key:
* standard_metadata.egress_port: 0000

[06:28:19.401] [bmv2] [D] [thread 2438] [12.0] [cxt 0] Table 'send_frame': miss
[06:28:19.401] [bmv2] [D] [thread 2438] [12.0] [cxt 0] Action entry is NoAction - 
[06:28:19.401] [bmv2] [T] [thread 2438] [12.0] [cxt 0] Action NoAction
[06:28:19.401] [bmv2] [D] [thread 2438] [12.0] [cxt 0] Pipeline 'egress': end
[06:28:19.401] [bmv2] [D] [thread 2438] [12.0] [cxt 0] Deparser 'deparser': start
[06:28:19.401] [bmv2] [T] [thread 2438] [12.0] [cxt 0] Skipping checksum 'cksum' update because condition not met
[06:28:19.401] [bmv2] [T] [thread 2438] [12.0] [cxt 0] Skipping checksum 'cksum_0' update because condition not met
[06:28:19.401] [bmv2] [D] [thread 2438] [12.0] [cxt 0] Deparsing header 'ethernet'
[06:28:19.401] [bmv2] [D] [thread 2438] [12.0] [cxt 0] Deparser 'deparser': end
[06:28:19.401] [bmv2] [D] [thread 2442] [12.0] [cxt 0] Transmitting packet of size 70 out of port 0
[06:28:23.112] [bmv2] [D] [thread 2437] [13.0] [cxt 0] Processing packet received on port 3
[06:28:23.112] [bmv2] [D] [thread 2437] [13.0] [cxt 0] Parser 'parser': start
[06:28:23.112] [bmv2] [D] [thread 2437] [13.0] [cxt 0] Parser 'parser' entering state 'start'
[06:28:23.112] [bmv2] [D] [thread 2437] [13.0] [cxt 0] Parser state 'start' has no switch, going to default next state
[06:28:23.112] [bmv2] [T] [thread 2437] [13.0] [cxt 0] Bytes parsed: 0
[06:28:23.112] [bmv2] [D] [thread 2437] [13.0] [cxt 0] Parser 'parser' entering state 'parse_ethernet'
[06:28:23.112] [bmv2] [D] [thread 2437] [13.0] [cxt 0] Extracting header 'ethernet'
[06:28:23.112] [bmv2] [D] [thread 2437] [13.0] [cxt 0] Parser state 'parse_ethernet': key is 86dd
[06:28:23.112] [bmv2] [T] [thread 2437] [13.0] [cxt 0] Bytes parsed: 14
[06:28:23.112] [bmv2] [D] [thread 2437] [13.0] [cxt 0] Parser 'parser': end
[06:28:23.112] [bmv2] [D] [thread 2437] [13.0] [cxt 0] Pipeline 'ingress': start
[06:28:23.112] [bmv2] [T] [thread 2437] [13.0] [cxt 0] simple_router_16.p4(248) Condition "hdr.ipv4.isValid() && hdr.ipv4.ttl > 8w0" (node_2) is false
[06:28:23.112] [bmv2] [D] [thread 2437] [13.0] [cxt 0] Pipeline 'ingress': end
[06:28:23.112] [bmv2] [D] [thread 2437] [13.0] [cxt 0] Egress port is 0
[06:28:23.113] [bmv2] [D] [thread 2438] [13.0] [cxt 0] Pipeline 'egress': start
[06:28:23.113] [bmv2] [T] [thread 2438] [13.0] [cxt 0] simple_router_16.p4(181) Condition "hdr.tcp.isValid() && meta.meta.natForward == 1w0" (node_13) is false
[06:28:23.113] [bmv2] [T] [thread 2438] [13.0] [cxt 0] Applying table 'send_frame'
[06:28:23.113] [bmv2] [D] [thread 2438] [13.0] [cxt 0] Looking up key:
* standard_metadata.egress_port: 0000

[06:28:23.113] [bmv2] [D] [thread 2438] [13.0] [cxt 0] Table 'send_frame': miss
[06:28:23.113] [bmv2] [D] [thread 2438] [13.0] [cxt 0] Action entry is NoAction - 
[06:28:23.113] [bmv2] [T] [thread 2438] [13.0] [cxt 0] Action NoAction
[06:28:23.113] [bmv2] [D] [thread 2438] [13.0] [cxt 0] Pipeline 'egress': end
[06:28:23.113] [bmv2] [D] [thread 2438] [13.0] [cxt 0] Deparser 'deparser': start
[06:28:23.113] [bmv2] [T] [thread 2438] [13.0] [cxt 0] Skipping checksum 'cksum' update because condition not met
[06:28:23.113] [bmv2] [T] [thread 2438] [13.0] [cxt 0] Skipping checksum 'cksum_0' update because condition not met
[06:28:23.113] [bmv2] [D] [thread 2438] [13.0] [cxt 0] Deparsing header 'ethernet'
[06:28:23.113] [bmv2] [D] [thread 2438] [13.0] [cxt 0] Deparser 'deparser': end
[06:28:23.113] [bmv2] [D] [thread 2442] [13.0] [cxt 0] Transmitting packet of size 70 out of port 0
[06:28:23.367] [bmv2] [D] [thread 2437] [14.0] [cxt 0] Processing packet received on port 1
[06:28:23.367] [bmv2] [D] [thread 2437] [14.0] [cxt 0] Parser 'parser': start
[06:28:23.367] [bmv2] [D] [thread 2437] [14.0] [cxt 0] Parser 'parser' entering state 'start'
[06:28:23.367] [bmv2] [D] [thread 2437] [14.0] [cxt 0] Parser state 'start' has no switch, going to default next state
[06:28:23.367] [bmv2] [T] [thread 2437] [14.0] [cxt 0] Bytes parsed: 0
[06:28:23.367] [bmv2] [D] [thread 2437] [14.0] [cxt 0] Parser 'parser' entering state 'parse_ethernet'
[06:28:23.367] [bmv2] [D] [thread 2437] [14.0] [cxt 0] Extracting header 'ethernet'
[06:28:23.367] [bmv2] [D] [thread 2437] [14.0] [cxt 0] Parser state 'parse_ethernet': key is 86dd
[06:28:23.367] [bmv2] [T] [thread 2437] [14.0] [cxt 0] Bytes parsed: 14
[06:28:23.367] [bmv2] [D] [thread 2437] [14.0] [cxt 0] Parser 'parser': end
[06:28:23.367] [bmv2] [D] [thread 2437] [14.0] [cxt 0] Pipeline 'ingress': start
[06:28:23.367] [bmv2] [T] [thread 2437] [14.0] [cxt 0] simple_router_16.p4(248) Condition "hdr.ipv4.isValid() && hdr.ipv4.ttl > 8w0" (node_2) is false
[06:28:23.367] [bmv2] [D] [thread 2437] [14.0] [cxt 0] Pipeline 'ingress': end
[06:28:23.367] [bmv2] [D] [thread 2437] [14.0] [cxt 0] Egress port is 0
[06:28:23.367] [bmv2] [D] [thread 2438] [14.0] [cxt 0] Pipeline 'egress': start
[06:28:23.367] [bmv2] [T] [thread 2438] [14.0] [cxt 0] simple_router_16.p4(181) Condition "hdr.tcp.isValid() && meta.meta.natForward == 1w0" (node_13) is false
[06:28:23.367] [bmv2] [T] [thread 2438] [14.0] [cxt 0] Applying table 'send_frame'
[06:28:23.367] [bmv2] [D] [thread 2438] [14.0] [cxt 0] Looking up key:
* standard_metadata.egress_port: 0000

[06:28:23.367] [bmv2] [D] [thread 2438] [14.0] [cxt 0] Table 'send_frame': miss
[06:28:23.367] [bmv2] [D] [thread 2438] [14.0] [cxt 0] Action entry is NoAction - 
[06:28:23.367] [bmv2] [T] [thread 2438] [14.0] [cxt 0] Action NoAction
[06:28:23.367] [bmv2] [D] [thread 2438] [14.0] [cxt 0] Pipeline 'egress': end
[06:28:23.367] [bmv2] [D] [thread 2438] [14.0] [cxt 0] Deparser 'deparser': start
[06:28:23.367] [bmv2] [T] [thread 2438] [14.0] [cxt 0] Skipping checksum 'cksum' update because condition not met
[06:28:23.367] [bmv2] [T] [thread 2438] [14.0] [cxt 0] Skipping checksum 'cksum_0' update because condition not met
[06:28:23.367] [bmv2] [D] [thread 2438] [14.0] [cxt 0] Deparsing header 'ethernet'
[06:28:23.367] [bmv2] [D] [thread 2438] [14.0] [cxt 0] Deparser 'deparser': end
[06:28:23.367] [bmv2] [D] [thread 2442] [14.0] [cxt 0] Transmitting packet of size 70 out of port 0
[06:28:23.407] [bmv2] [D] [thread 2437] [15.0] [cxt 0] Processing packet received on port 2
[06:28:23.407] [bmv2] [D] [thread 2437] [15.0] [cxt 0] Parser 'parser': start
[06:28:23.407] [bmv2] [D] [thread 2437] [15.0] [cxt 0] Parser 'parser' entering state 'start'
[06:28:23.407] [bmv2] [D] [thread 2437] [15.0] [cxt 0] Parser state 'start' has no switch, going to default next state
[06:28:23.407] [bmv2] [T] [thread 2437] [15.0] [cxt 0] Bytes parsed: 0
[06:28:23.407] [bmv2] [D] [thread 2437] [15.0] [cxt 0] Parser 'parser' entering state 'parse_ethernet'
[06:28:23.407] [bmv2] [D] [thread 2437] [15.0] [cxt 0] Extracting header 'ethernet'
[06:28:23.407] [bmv2] [D] [thread 2437] [15.0] [cxt 0] Parser state 'parse_ethernet': key is 86dd
[06:28:23.407] [bmv2] [T] [thread 2437] [15.0] [cxt 0] Bytes parsed: 14
[06:28:23.407] [bmv2] [D] [thread 2437] [15.0] [cxt 0] Parser 'parser': end
[06:28:23.407] [bmv2] [D] [thread 2437] [15.0] [cxt 0] Pipeline 'ingress': start
[06:28:23.407] [bmv2] [T] [thread 2437] [15.0] [cxt 0] simple_router_16.p4(248) Condition "hdr.ipv4.isValid() && hdr.ipv4.ttl > 8w0" (node_2) is false
[06:28:23.407] [bmv2] [D] [thread 2437] [15.0] [cxt 0] Pipeline 'ingress': end
[06:28:23.407] [bmv2] [D] [thread 2437] [15.0] [cxt 0] Egress port is 0
[06:28:23.407] [bmv2] [D] [thread 2438] [15.0] [cxt 0] Pipeline 'egress': start
[06:28:23.407] [bmv2] [T] [thread 2438] [15.0] [cxt 0] simple_router_16.p4(181) Condition "hdr.tcp.isValid() && meta.meta.natForward == 1w0" (node_13) is false
[06:28:23.407] [bmv2] [T] [thread 2438] [15.0] [cxt 0] Applying table 'send_frame'
[06:28:23.407] [bmv2] [D] [thread 2438] [15.0] [cxt 0] Looking up key:
* standard_metadata.egress_port: 0000

[06:28:23.407] [bmv2] [D] [thread 2438] [15.0] [cxt 0] Table 'send_frame': miss
[06:28:23.407] [bmv2] [D] [thread 2438] [15.0] [cxt 0] Action entry is NoAction - 
[06:28:23.407] [bmv2] [T] [thread 2438] [15.0] [cxt 0] Action NoAction
[06:28:23.407] [bmv2] [D] [thread 2438] [15.0] [cxt 0] Pipeline 'egress': end
[06:28:23.407] [bmv2] [D] [thread 2438] [15.0] [cxt 0] Deparser 'deparser': start
[06:28:23.407] [bmv2] [T] [thread 2438] [15.0] [cxt 0] Skipping checksum 'cksum' update because condition not met
[06:28:23.407] [bmv2] [T] [thread 2438] [15.0] [cxt 0] Skipping checksum 'cksum_0' update because condition not met
[06:28:23.407] [bmv2] [D] [thread 2438] [15.0] [cxt 0] Deparsing header 'ethernet'
[06:28:23.407] [bmv2] [D] [thread 2438] [15.0] [cxt 0] Deparser 'deparser': end
[06:28:23.407] [bmv2] [D] [thread 2442] [15.0] [cxt 0] Transmitting packet of size 70 out of port 0
open: No such file or directory
open: No such file or directory
open: No such file or directory
