Tue May 18 19:03:44 2021 method1 Digest_CandidatePortDigest
Tue May 18 19:03:48 2021 method1 Digest_Method2Hit
Tue May 18 19:03:48 2021 method1 Digest_CandidatePortDigest
Tue May 18 19:03:52 2021 method1 Digest_Method2Hit
Tue May 18 19:03:52 2021 method1 Digest_CandidatePortDigest
Tue May 18 19:04:00 2021 method1 Digest_Method2Hit
Tue May 18 19:04:01 2021 method1 Digest_CandidatePortDigest
Tue May 18 19:04:05 2021 method1 Digest_Method2Hit
Tue May 18 19:04:05 2021 method1 Digest_CandidatePortDigest
Tue May 18 19:04:09 2021 method1 Digest_Method2Hit
Tue May 18 19:04:09 2021 method1 Digest_CandidatePortDigest
Tue May 18 19:04:13 2021 method1 Digest_Method2Hit
Tue May 18 19:04:14 2021 method1 Digest_CandidatePortDigest
Tue May 18 19:04:18 2021 method1 Digest_Method2Hit
Tue May 18 19:04:18 2021 method1 Digest_CandidatePortDigest
Tue May 18 19:04:22 2021 method1 Digest_Method2Hit
Tue May 18 19:04:22 2021 method1 Digest_CandidatePortDigest
Tue May 18 19:04:27 2021 method1 Digest_Method2Hit
Tue May 18 19:04:27 2021 method1 Digest_CandidatePortDigest
Tue May 18 19:04:31 2021 method1 Digest_Method2Hit
Wed May 19 09:06:55 2021 method1 Digest_CandidatePortDigest
Wed May 19 09:06:59 2021 method1 Digest_Method2Hit
Thu May 27 09:46:41 2021 method1 Digest_CandidatePortDigest
Thu May 27 09:46:45 2021 method1 Digest_Method2Hit
Thu May 27 09:50:06 2021 method1 Digest_CandidatePortDigest
Thu May 27 09:50:10 2021 method1 Digest_Method2Hit
Sat Jun 26 16:48:31 2021 method1 Digest_CandidatePortDigest
Sat Jun 26 16:48:35 2021 method1 Digest_Method2Hit
